INFO : Starting training...
INFO : batch_size=2, learning_rate=5e-05
INFO : class_names = ['accept_reservations', 'account_blocked', 'alarm', 'application_status', 'apr', 'are_you_a_bot', 'balance', 'bill_balance', 'bill_due', 'book_flight', 'book_hotel', 'calculator', 'calendar', 'calendar_update', 'calories', 'cancel', 'cancel_reservation', 'car_rental', 'card_declined', 'carry_on', 'change_accent', 'change_ai_name', 'change_language', 'change_speed', 'change_user_name', 'change_volume', 'confirm_reservation', 'cook_time', 'credit_limit', 'credit_limit_change', 'credit_score', 'current_location', 'damaged_card', 'date', 'definition', 'direct_deposit', 'directions', 'distance', 'do_you_have_pets', 'exchange_rate', 'expiration_date', 'find_phone', 'flight_status', 'flip_coin', 'food_last', 'freeze_account', 'fun_fact', 'gas', 'gas_type', 'goodbye', 'greeting', 'how_busy', 'how_old_are_you', 'improve_credit_score', 'income', 'ingredient_substitution', 'ingredients_list', 'insurance', 'insurance_change', 'interest_rate', 'international_fees', 'international_visa', 'jump_start', 'last_maintenance', 'lost_luggage', 'make_call', 'maybe', 'meal_suggestion', 'meaning_of_life', 'measurement_conversion', 'meeting_schedule', 'min_payment', 'mpg', 'new_card', 'next_holiday', 'next_song', 'no', 'nutrition_info', 'oil_change_how', 'oil_change_when', 'order', 'order_checks', 'order_status', 'pay_bill', 'payday', 'pin_change', 'play_music', 'plug_type', 'pto_balance', 'pto_request', 'pto_request_status', 'pto_used', 'recipe', 'redeem_rewards', 'reminder', 'reminder_update', 'repeat', 'replacement_card_duration', 'report_fraud', 'report_lost_card', 'reset_settings', 'restaurant_reservation', 'restaurant_reviews', 'restaurant_suggestion', 'rewards_balance', 'roll_dice', 'rollover_401k', 'routing', 'schedule_maintenance', 'schedule_meeting', 'share_location', 'shopping_list', 'shopping_list_update', 'smart_home', 'spelling', 'spending_history', 'sync_device', 'taxes', 'tell_joke', 'text', 'thank_you', 'time', 'timer', 'timezone', 'tire_change', 'tire_pressure', 'todo_list', 'todo_list_update', 'traffic', 'transactions', 'transfer', 'translate', 'travel_alert', 'travel_notification', 'travel_suggestion', 'uber', 'update_playlist', 'user_name', 'vaccines', 'w2', 'weather', 'what_are_your_hobbies', 'what_can_i_ask_you', 'what_is_your_name', 'what_song', 'where_are_you_from', 'whisper_mode', 'who_do_you_work_for', 'who_made_you', 'yes']
INFO :  ****** Current epoch: 1 ****** 
INFO : Training sample: 	 1500/ 15000 ...
INFO : Training sample: 	 3000/ 15000 ...
INFO : Training sample: 	 4500/ 15000 ...
INFO : Training sample: 	 6000/ 15000 ...
INFO : Training sample: 	 7500/ 15000 ...
INFO : Training sample: 	 9000/ 15000 ...
INFO : Training sample: 	 10500/ 15000 ...
INFO : Training sample: 	 12000/ 15000 ...
INFO : Training sample: 	 13500/ 15000 ...
INFO : Training sample: 	 15000/ 15000 ...
INFO : loss=4.92 ; accuracy=0.031
INFO : Average F1_score=0.02
INFO : Min F1_score=0.0# classes c | f1(c)<=min(f1_ls) + 0.1 = 141
INFO : Max F1_score=0.39# classes c | f1(c)>=max(f1_ls) - 0.1 = 3
INFO : Evaluation
INFO : Sample: 	 600/ 3000 ...
INFO : Sample: 	 1200/ 3000 ...
INFO : Sample: 	 1800/ 3000 ...
INFO : Sample: 	 2400/ 3000 ...
INFO : Sample: 	 3000/ 3000 ...
INFO : loss=4.73 ; accuracy=0.118
INFO : Average F1_score=0.11
INFO : Min F1_score=0.0# classes c | f1(c)<=min(f1_ls) + 0.1 = 82
INFO : Max F1_score=0.92# classes c | f1(c)>=max(f1_ls) - 0.1 = 2
INFO : validation_loss=4.733 ; best_validation_loss=inf
INFO :  ****** Current epoch: 2 ****** 
INFO : Training sample: 	 1500/ 15000 ...
INFO : Training sample: 	 3000/ 15000 ...
INFO : Training sample: 	 4500/ 15000 ...
INFO : Training sample: 	 6000/ 15000 ...
INFO : Training sample: 	 7500/ 15000 ...
INFO : Training sample: 	 9000/ 15000 ...
INFO : Training sample: 	 10500/ 15000 ...
INFO : Training sample: 	 12000/ 15000 ...
INFO : Training sample: 	 13500/ 15000 ...
INFO : Training sample: 	 15000/ 15000 ...
INFO : loss=4.26 ; accuracy=0.14
INFO : Average F1_score=0.12
INFO : Min F1_score=0.0# classes c | f1(c)<=min(f1_ls) + 0.1 = 89
INFO : Max F1_score=0.65# classes c | f1(c)>=max(f1_ls) - 0.1 = 2
INFO : Evaluation
INFO : Sample: 	 600/ 3000 ...
INFO : Sample: 	 1200/ 3000 ...
INFO : Sample: 	 1800/ 3000 ...
INFO : Sample: 	 2400/ 3000 ...
INFO : Sample: 	 3000/ 3000 ...
INFO : loss=4.41 ; accuracy=0.136
INFO : Average F1_score=0.11
INFO : Min F1_score=0.0# classes c | f1(c)<=min(f1_ls) + 0.1 = 95
INFO : Max F1_score=0.92# classes c | f1(c)>=max(f1_ls) - 0.1 = 5
INFO : validation_loss=4.406 ; best_validation_loss=4.733
INFO :  ****** Current epoch: 3 ****** 
INFO : Training sample: 	 1500/ 15000 ...
INFO : Training sample: 	 3000/ 15000 ...
INFO : Training sample: 	 4500/ 15000 ...
INFO : Training sample: 	 6000/ 15000 ...
INFO : Training sample: 	 7500/ 15000 ...
INFO : Training sample: 	 9000/ 15000 ...
INFO : Training sample: 	 10500/ 15000 ...
INFO : Training sample: 	 12000/ 15000 ...
INFO : Training sample: 	 13500/ 15000 ...
INFO : Training sample: 	 15000/ 15000 ...
INFO : loss=3.51 ; accuracy=0.385
INFO : Average F1_score=0.35
INFO : Min F1_score=0.0# classes c | f1(c)<=min(f1_ls) + 0.1 = 28
INFO : Max F1_score=0.86# classes c | f1(c)>=max(f1_ls) - 0.1 = 10
INFO : Evaluation
INFO : Sample: 	 600/ 3000 ...
INFO : Sample: 	 1200/ 3000 ...
INFO : Sample: 	 1800/ 3000 ...
INFO : Sample: 	 2400/ 3000 ...
INFO : Sample: 	 3000/ 3000 ...
INFO : loss=3.8 ; accuracy=0.257
INFO : Average F1_score=0.18
INFO : Min F1_score=0.0# classes c | f1(c)<=min(f1_ls) + 0.1 = 91
INFO : Max F1_score=1.0# classes c | f1(c)>=max(f1_ls) - 0.1 = 6
INFO : validation_loss=3.797 ; best_validation_loss=4.406
INFO :  ****** Current epoch: 4 ****** 
INFO : Training sample: 	 1500/ 15000 ...
INFO : Training sample: 	 3000/ 15000 ...
INFO : Training sample: 	 4500/ 15000 ...
INFO : Training sample: 	 6000/ 15000 ...
INFO : Training sample: 	 7500/ 15000 ...
INFO : Training sample: 	 9000/ 15000 ...
INFO : Training sample: 	 10500/ 15000 ...
INFO : Training sample: 	 12000/ 15000 ...
INFO : Training sample: 	 13500/ 15000 ...
INFO : Training sample: 	 15000/ 15000 ...
INFO : loss=2.79 ; accuracy=0.564
INFO : Average F1_score=0.53
INFO : Min F1_score=0.0# classes c | f1(c)<=min(f1_ls) + 0.1 = 10
INFO : Max F1_score=0.95# classes c | f1(c)>=max(f1_ls) - 0.1 = 12
INFO : Evaluation
INFO : Sample: 	 600/ 3000 ...
INFO : Sample: 	 1200/ 3000 ...
INFO : Sample: 	 1800/ 3000 ...
INFO : Sample: 	 2400/ 3000 ...
INFO : Sample: 	 3000/ 3000 ...
INFO : loss=3.17 ; accuracy=0.348
INFO : Average F1_score=0.23
INFO : Min F1_score=0.0# classes c | f1(c)<=min(f1_ls) + 0.1 = 85
INFO : Max F1_score=1.0# classes c | f1(c)>=max(f1_ls) - 0.1 = 14
INFO : validation_loss=3.17 ; best_validation_loss=3.797
INFO :  ****** Current epoch: 5 ****** 
INFO : Training sample: 	 1500/ 15000 ...
INFO : Training sample: 	 3000/ 15000 ...
INFO : Training sample: 	 4500/ 15000 ...
INFO : Training sample: 	 6000/ 15000 ...
INFO : Training sample: 	 7500/ 15000 ...
INFO : Training sample: 	 9000/ 15000 ...
INFO : Training sample: 	 10500/ 15000 ...
INFO : Training sample: 	 12000/ 15000 ...
INFO : Training sample: 	 13500/ 15000 ...
INFO : Training sample: 	 15000/ 15000 ...
INFO : loss=2.16 ; accuracy=0.68
INFO : Average F1_score=0.66
INFO : Min F1_score=0.0# classes c | f1(c)<=min(f1_ls) + 0.1 = 4
INFO : Max F1_score=0.99# classes c | f1(c)>=max(f1_ls) - 0.1 = 23
INFO : Evaluation
INFO : Sample: 	 600/ 3000 ...
INFO : Sample: 	 1200/ 3000 ...
INFO : Sample: 	 1800/ 3000 ...
INFO : Sample: 	 2400/ 3000 ...
INFO : Sample: 	 3000/ 3000 ...
INFO : loss=2.63 ; accuracy=0.439
INFO : Average F1_score=0.29
INFO : Min F1_score=0.0# classes c | f1(c)<=min(f1_ls) + 0.1 = 76
INFO : Max F1_score=1.0# classes c | f1(c)>=max(f1_ls) - 0.1 = 21
INFO : validation_loss=2.632 ; best_validation_loss=3.17
INFO :  ****** Current epoch: 6 ****** 
INFO : Training sample: 	 1500/ 15000 ...
INFO : Training sample: 	 3000/ 15000 ...
INFO : Training sample: 	 4500/ 15000 ...
INFO : Training sample: 	 6000/ 15000 ...
INFO : Training sample: 	 7500/ 15000 ...
INFO : Training sample: 	 9000/ 15000 ...
INFO : Training sample: 	 10500/ 15000 ...
INFO : Training sample: 	 12000/ 15000 ...
INFO : Training sample: 	 13500/ 15000 ...
INFO : Training sample: 	 15000/ 15000 ...
INFO : loss=1.67 ; accuracy=0.77
INFO : Average F1_score=0.75
INFO : Min F1_score=0.02# classes c | f1(c)<=min(f1_ls) + 0.1 = 3
INFO : Max F1_score=1.0# classes c | f1(c)>=max(f1_ls) - 0.1 = 38
INFO : Evaluation
INFO : Sample: 	 600/ 3000 ...
INFO : Sample: 	 1200/ 3000 ...
INFO : Sample: 	 1800/ 3000 ...
INFO : Sample: 	 2400/ 3000 ...
INFO : Sample: 	 3000/ 3000 ...
INFO : loss=2.2 ; accuracy=0.538
INFO : Average F1_score=0.35
INFO : Min F1_score=0.0# classes c | f1(c)<=min(f1_ls) + 0.1 = 70
INFO : Max F1_score=1.0# classes c | f1(c)>=max(f1_ls) - 0.1 = 23
INFO : validation_loss=2.199 ; best_validation_loss=2.632
INFO :  ****** Current epoch: 7 ****** 
INFO : Training sample: 	 1500/ 15000 ...
INFO : Training sample: 	 3000/ 15000 ...
INFO : Training sample: 	 4500/ 15000 ...
INFO : Training sample: 	 6000/ 15000 ...
INFO : Training sample: 	 7500/ 15000 ...
INFO : Training sample: 	 9000/ 15000 ...
INFO : Training sample: 	 10500/ 15000 ...
INFO : Training sample: 	 12000/ 15000 ...
INFO : Training sample: 	 13500/ 15000 ...
INFO : Training sample: 	 15000/ 15000 ...
INFO : loss=1.29 ; accuracy=0.832
INFO : Average F1_score=0.82
INFO : Min F1_score=0.08# classes c | f1(c)<=min(f1_ls) + 0.1 = 2
INFO : Max F1_score=1.0# classes c | f1(c)>=max(f1_ls) - 0.1 = 61
INFO : Evaluation
INFO : Sample: 	 600/ 3000 ...
INFO : Sample: 	 1200/ 3000 ...
INFO : Sample: 	 1800/ 3000 ...
INFO : Sample: 	 2400/ 3000 ...
INFO : Sample: 	 3000/ 3000 ...
INFO : loss=1.86 ; accuracy=0.613
INFO : Average F1_score=0.39
INFO : Min F1_score=0.0# classes c | f1(c)<=min(f1_ls) + 0.1 = 65
INFO : Max F1_score=1.0# classes c | f1(c)>=max(f1_ls) - 0.1 = 30
INFO : validation_loss=1.857 ; best_validation_loss=2.199
INFO :  ****** Current epoch: 8 ****** 
INFO : Training sample: 	 1500/ 15000 ...
INFO : Training sample: 	 3000/ 15000 ...
INFO : Training sample: 	 4500/ 15000 ...
INFO : Training sample: 	 6000/ 15000 ...
INFO : Training sample: 	 7500/ 15000 ...
INFO : Training sample: 	 9000/ 15000 ...
INFO : Training sample: 	 10500/ 15000 ...
INFO : Training sample: 	 12000/ 15000 ...
INFO : Training sample: 	 13500/ 15000 ...
INFO : Training sample: 	 15000/ 15000 ...
INFO : loss=1.01 ; accuracy=0.871
INFO : Average F1_score=0.87
INFO : Min F1_score=0.3# classes c | f1(c)<=min(f1_ls) + 0.1 = 3
INFO : Max F1_score=1.0# classes c | f1(c)>=max(f1_ls) - 0.1 = 79
INFO : Evaluation
INFO : Sample: 	 600/ 3000 ...
INFO : Sample: 	 1200/ 3000 ...
INFO : Sample: 	 1800/ 3000 ...
INFO : Sample: 	 2400/ 3000 ...
INFO : Sample: 	 3000/ 3000 ...
INFO : loss=1.59 ; accuracy=0.66
INFO : Average F1_score=0.43
INFO : Min F1_score=0.0# classes c | f1(c)<=min(f1_ls) + 0.1 = 58
INFO : Max F1_score=1.0# classes c | f1(c)>=max(f1_ls) - 0.1 = 35
INFO : validation_loss=1.586 ; best_validation_loss=1.857
INFO :  ****** Current epoch: 9 ****** 
INFO : Training sample: 	 1500/ 15000 ...
INFO : Training sample: 	 3000/ 15000 ...
INFO : Training sample: 	 4500/ 15000 ...
INFO : Training sample: 	 6000/ 15000 ...
INFO : Training sample: 	 7500/ 15000 ...
INFO : Training sample: 	 9000/ 15000 ...
INFO : Training sample: 	 10500/ 15000 ...
INFO : Training sample: 	 12000/ 15000 ...
INFO : Training sample: 	 13500/ 15000 ...
INFO : Training sample: 	 15000/ 15000 ...
INFO : loss=0.81 ; accuracy=0.9
INFO : Average F1_score=0.9
INFO : Min F1_score=0.51# classes c | f1(c)<=min(f1_ls) + 0.1 = 5
INFO : Max F1_score=1.0# classes c | f1(c)>=max(f1_ls) - 0.1 = 90
INFO : Evaluation
INFO : Sample: 	 600/ 3000 ...
INFO : Sample: 	 1200/ 3000 ...
INFO : Sample: 	 1800/ 3000 ...
INFO : Sample: 	 2400/ 3000 ...
INFO : Sample: 	 3000/ 3000 ...
INFO : loss=1.37 ; accuracy=0.701
INFO : Average F1_score=0.45
INFO : Min F1_score=0.0# classes c | f1(c)<=min(f1_ls) + 0.1 = 57
INFO : Max F1_score=1.0# classes c | f1(c)>=max(f1_ls) - 0.1 = 37
INFO : validation_loss=1.372 ; best_validation_loss=1.586
INFO :  ****** Current epoch: 10 ****** 
INFO : Training sample: 	 1500/ 15000 ...
INFO : Training sample: 	 3000/ 15000 ...
INFO : Training sample: 	 4500/ 15000 ...
INFO : Training sample: 	 6000/ 15000 ...
INFO : Training sample: 	 7500/ 15000 ...
INFO : Training sample: 	 9000/ 15000 ...
INFO : Training sample: 	 10500/ 15000 ...
INFO : Training sample: 	 12000/ 15000 ...
INFO : Training sample: 	 13500/ 15000 ...
INFO : Training sample: 	 15000/ 15000 ...
INFO : loss=0.66 ; accuracy=0.92
INFO : Average F1_score=0.92
INFO : Min F1_score=0.62# classes c | f1(c)<=min(f1_ls) + 0.1 = 4
INFO : Max F1_score=1.0# classes c | f1(c)>=max(f1_ls) - 0.1 = 108
INFO : Evaluation
INFO : Sample: 	 600/ 3000 ...
INFO : Sample: 	 1200/ 3000 ...
INFO : Sample: 	 1800/ 3000 ...
INFO : Sample: 	 2400/ 3000 ...
INFO : Sample: 	 3000/ 3000 ...
INFO : loss=1.2 ; accuracy=0.735
INFO : Average F1_score=0.47
INFO : Min F1_score=0.0# classes c | f1(c)<=min(f1_ls) + 0.1 = 57
INFO : Max F1_score=1.0# classes c | f1(c)>=max(f1_ls) - 0.1 = 39
INFO : validation_loss=1.2 ; best_validation_loss=1.372
INFO :  ****** Current epoch: 11 ****** 
INFO : Training sample: 	 1500/ 15000 ...
INFO : Training sample: 	 3000/ 15000 ...
INFO : Training sample: 	 4500/ 15000 ...
INFO : Training sample: 	 6000/ 15000 ...
INFO : Training sample: 	 7500/ 15000 ...
INFO : Training sample: 	 9000/ 15000 ...
INFO : Training sample: 	 10500/ 15000 ...
INFO : Training sample: 	 12000/ 15000 ...
INFO : Training sample: 	 13500/ 15000 ...
INFO : Training sample: 	 15000/ 15000 ...
INFO : loss=0.54 ; accuracy=0.933
INFO : Average F1_score=0.93
INFO : Min F1_score=0.69# classes c | f1(c)<=min(f1_ls) + 0.1 = 6
INFO : Max F1_score=1.0# classes c | f1(c)>=max(f1_ls) - 0.1 = 113
INFO : Evaluation
INFO : Sample: 	 600/ 3000 ...
INFO : Sample: 	 1200/ 3000 ...
INFO : Sample: 	 1800/ 3000 ...
INFO : Sample: 	 2400/ 3000 ...
INFO : Sample: 	 3000/ 3000 ...
INFO : loss=1.06 ; accuracy=0.76
INFO : Average F1_score=0.49
INFO : Min F1_score=0.0# classes c | f1(c)<=min(f1_ls) + 0.1 = 52
INFO : Max F1_score=1.0# classes c | f1(c)>=max(f1_ls) - 0.1 = 42
INFO : validation_loss=1.06 ; best_validation_loss=1.2
INFO :  ****** Current epoch: 12 ****** 
INFO : Training sample: 	 1500/ 15000 ...
INFO : Training sample: 	 3000/ 15000 ...
INFO : Training sample: 	 4500/ 15000 ...
INFO : Training sample: 	 6000/ 15000 ...
INFO : Training sample: 	 7500/ 15000 ...
INFO : Training sample: 	 9000/ 15000 ...
INFO : Training sample: 	 10500/ 15000 ...
INFO : Training sample: 	 12000/ 15000 ...
INFO : Training sample: 	 13500/ 15000 ...
INFO : Training sample: 	 15000/ 15000 ...
INFO : loss=0.46 ; accuracy=0.944
INFO : Average F1_score=0.94
INFO : Min F1_score=0.72# classes c | f1(c)<=min(f1_ls) + 0.1 = 6
INFO : Max F1_score=1.0# classes c | f1(c)>=max(f1_ls) - 0.1 = 124
INFO : Evaluation
INFO : Sample: 	 600/ 3000 ...
INFO : Sample: 	 1200/ 3000 ...
INFO : Sample: 	 1800/ 3000 ...
INFO : Sample: 	 2400/ 3000 ...
INFO : Sample: 	 3000/ 3000 ...
INFO : loss=0.94 ; accuracy=0.788
INFO : Average F1_score=0.51
INFO : Min F1_score=0.0# classes c | f1(c)<=min(f1_ls) + 0.1 = 50
INFO : Max F1_score=1.0# classes c | f1(c)>=max(f1_ls) - 0.1 = 48
INFO : validation_loss=0.945 ; best_validation_loss=1.06
INFO :  ****** Current epoch: 13 ****** 
INFO : Training sample: 	 1500/ 15000 ...
INFO : Training sample: 	 3000/ 15000 ...
INFO : Training sample: 	 4500/ 15000 ...
INFO : Training sample: 	 6000/ 15000 ...
INFO : Training sample: 	 7500/ 15000 ...
INFO : Training sample: 	 9000/ 15000 ...
INFO : Training sample: 	 10500/ 15000 ...
INFO : Training sample: 	 12000/ 15000 ...
INFO : Training sample: 	 13500/ 15000 ...
INFO : Training sample: 	 15000/ 15000 ...
INFO : loss=0.4 ; accuracy=0.95
INFO : Average F1_score=0.95
INFO : Min F1_score=0.76# classes c | f1(c)<=min(f1_ls) + 0.1 = 7
INFO : Max F1_score=1.0# classes c | f1(c)>=max(f1_ls) - 0.1 = 129
INFO : Evaluation
INFO : Sample: 	 600/ 3000 ...
INFO : Sample: 	 1200/ 3000 ...
INFO : Sample: 	 1800/ 3000 ...
INFO : Sample: 	 2400/ 3000 ...
INFO : Sample: 	 3000/ 3000 ...
INFO : loss=0.85 ; accuracy=0.81
INFO : Average F1_score=0.53
INFO : Min F1_score=0.0# classes c | f1(c)<=min(f1_ls) + 0.1 = 48
INFO : Max F1_score=1.0# classes c | f1(c)>=max(f1_ls) - 0.1 = 49
INFO : validation_loss=0.85 ; best_validation_loss=0.945
INFO :  ****** Current epoch: 14 ****** 
INFO : Training sample: 	 1500/ 15000 ...
INFO : Training sample: 	 3000/ 15000 ...
INFO : Training sample: 	 4500/ 15000 ...
INFO : Training sample: 	 6000/ 15000 ...
INFO : Training sample: 	 7500/ 15000 ...
INFO : Training sample: 	 9000/ 15000 ...
INFO : Training sample: 	 10500/ 15000 ...
INFO : Training sample: 	 12000/ 15000 ...
INFO : Training sample: 	 13500/ 15000 ...
INFO : Training sample: 	 15000/ 15000 ...
INFO : loss=0.35 ; accuracy=0.956
INFO : Average F1_score=0.96
INFO : Min F1_score=0.79# classes c | f1(c)<=min(f1_ls) + 0.1 = 13
INFO : Max F1_score=1.0# classes c | f1(c)>=max(f1_ls) - 0.1 = 134
INFO : Evaluation
INFO : Sample: 	 600/ 3000 ...
INFO : Sample: 	 1200/ 3000 ...
INFO : Sample: 	 1800/ 3000 ...
INFO : Sample: 	 2400/ 3000 ...
INFO : Sample: 	 3000/ 3000 ...
INFO : loss=0.77 ; accuracy=0.832
INFO : Average F1_score=0.56
INFO : Min F1_score=0.0# classes c | f1(c)<=min(f1_ls) + 0.1 = 43
INFO : Max F1_score=1.0# classes c | f1(c)>=max(f1_ls) - 0.1 = 51
INFO : validation_loss=0.771 ; best_validation_loss=0.85
INFO :  ****** Current epoch: 15 ****** 
INFO : Training sample: 	 1500/ 15000 ...
INFO : Training sample: 	 3000/ 15000 ...
INFO : Training sample: 	 4500/ 15000 ...
INFO : Training sample: 	 6000/ 15000 ...
INFO : Training sample: 	 7500/ 15000 ...
INFO : Training sample: 	 9000/ 15000 ...
INFO : Training sample: 	 10500/ 15000 ...
INFO : Training sample: 	 12000/ 15000 ...
INFO : Training sample: 	 13500/ 15000 ...
INFO : Training sample: 	 15000/ 15000 ...
INFO : loss=0.31 ; accuracy=0.96
INFO : Average F1_score=0.96
INFO : Min F1_score=0.8# classes c | f1(c)<=min(f1_ls) + 0.1 = 11
INFO : Max F1_score=1.0# classes c | f1(c)>=max(f1_ls) - 0.1 = 137
INFO : Evaluation
INFO : Sample: 	 600/ 3000 ...
INFO : Sample: 	 1200/ 3000 ...
INFO : Sample: 	 1800/ 3000 ...
INFO : Sample: 	 2400/ 3000 ...
INFO : Sample: 	 3000/ 3000 ...
INFO : loss=0.7 ; accuracy=0.847
INFO : Average F1_score=0.57
INFO : Min F1_score=0.0# classes c | f1(c)<=min(f1_ls) + 0.1 = 42
INFO : Max F1_score=1.0# classes c | f1(c)>=max(f1_ls) - 0.1 = 52
INFO : validation_loss=0.704 ; best_validation_loss=0.771
INFO :  ****** Current epoch: 16 ****** 
INFO : Training sample: 	 1500/ 15000 ...
INFO : Training sample: 	 3000/ 15000 ...
INFO : Training sample: 	 4500/ 15000 ...
INFO : Training sample: 	 6000/ 15000 ...
INFO : Training sample: 	 7500/ 15000 ...
INFO : Training sample: 	 9000/ 15000 ...
INFO : Training sample: 	 10500/ 15000 ...
INFO : Training sample: 	 12000/ 15000 ...
INFO : Training sample: 	 13500/ 15000 ...
INFO : Training sample: 	 15000/ 15000 ...
INFO : loss=0.27 ; accuracy=0.964
INFO : Average F1_score=0.96
INFO : Min F1_score=0.8# classes c | f1(c)<=min(f1_ls) + 0.1 = 10
INFO : Max F1_score=1.0# classes c | f1(c)>=max(f1_ls) - 0.1 = 140
INFO : Evaluation
INFO : Sample: 	 600/ 3000 ...
INFO : Sample: 	 1200/ 3000 ...
INFO : Sample: 	 1800/ 3000 ...
INFO : Sample: 	 2400/ 3000 ...
INFO : Sample: 	 3000/ 3000 ...
INFO : loss=0.65 ; accuracy=0.858
INFO : Average F1_score=0.59
INFO : Min F1_score=0.0# classes c | f1(c)<=min(f1_ls) + 0.1 = 40
INFO : Max F1_score=1.0# classes c | f1(c)>=max(f1_ls) - 0.1 = 53
INFO : validation_loss=0.648 ; best_validation_loss=0.704
INFO :  ****** Current epoch: 17 ****** 
INFO : Training sample: 	 1500/ 15000 ...
INFO : Training sample: 	 3000/ 15000 ...
INFO : Training sample: 	 4500/ 15000 ...
INFO : Training sample: 	 6000/ 15000 ...
INFO : Training sample: 	 7500/ 15000 ...
INFO : Training sample: 	 9000/ 15000 ...
INFO : Training sample: 	 10500/ 15000 ...
INFO : Training sample: 	 12000/ 15000 ...
INFO : Training sample: 	 13500/ 15000 ...
INFO : Training sample: 	 15000/ 15000 ...
INFO : loss=0.25 ; accuracy=0.967
INFO : Average F1_score=0.97
INFO : Min F1_score=0.81# classes c | f1(c)<=min(f1_ls) + 0.1 = 9
INFO : Max F1_score=1.0# classes c | f1(c)>=max(f1_ls) - 0.1 = 142
INFO : Evaluation
INFO : Sample: 	 600/ 3000 ...
INFO : Sample: 	 1200/ 3000 ...
INFO : Sample: 	 1800/ 3000 ...
INFO : Sample: 	 2400/ 3000 ...
INFO : Sample: 	 3000/ 3000 ...
INFO : loss=0.6 ; accuracy=0.869
INFO : Average F1_score=0.62
INFO : Min F1_score=0.0# classes c | f1(c)<=min(f1_ls) + 0.1 = 35
INFO : Max F1_score=1.0# classes c | f1(c)>=max(f1_ls) - 0.1 = 53
INFO : validation_loss=0.599 ; best_validation_loss=0.648
INFO :  ****** Current epoch: 18 ****** 
INFO : Training sample: 	 1500/ 15000 ...
INFO : Training sample: 	 3000/ 15000 ...
INFO : Training sample: 	 4500/ 15000 ...
INFO : Training sample: 	 6000/ 15000 ...
INFO : Training sample: 	 7500/ 15000 ...
INFO : Training sample: 	 9000/ 15000 ...
INFO : Training sample: 	 10500/ 15000 ...
INFO : Training sample: 	 12000/ 15000 ...
INFO : Training sample: 	 13500/ 15000 ...
INFO : Training sample: 	 15000/ 15000 ...
INFO : loss=0.22 ; accuracy=0.969
INFO : Average F1_score=0.97
INFO : Min F1_score=0.82# classes c | f1(c)<=min(f1_ls) + 0.1 = 9
INFO : Max F1_score=1.0# classes c | f1(c)>=max(f1_ls) - 0.1 = 144
INFO : Evaluation
INFO : Sample: 	 600/ 3000 ...
INFO : Sample: 	 1200/ 3000 ...
INFO : Sample: 	 1800/ 3000 ...
INFO : Sample: 	 2400/ 3000 ...
INFO : Sample: 	 3000/ 3000 ...
INFO : loss=0.56 ; accuracy=0.876
INFO : Average F1_score=0.62
INFO : Min F1_score=0.0# classes c | f1(c)<=min(f1_ls) + 0.1 = 35
INFO : Max F1_score=1.0# classes c | f1(c)>=max(f1_ls) - 0.1 = 53
INFO : validation_loss=0.558 ; best_validation_loss=0.599
INFO :  ****** Current epoch: 19 ****** 
INFO : Training sample: 	 1500/ 15000 ...
INFO : Training sample: 	 3000/ 15000 ...
INFO : Training sample: 	 4500/ 15000 ...
INFO : Training sample: 	 6000/ 15000 ...
INFO : Training sample: 	 7500/ 15000 ...
INFO : Training sample: 	 9000/ 15000 ...
INFO : Training sample: 	 10500/ 15000 ...
INFO : Training sample: 	 12000/ 15000 ...
INFO : Training sample: 	 13500/ 15000 ...
INFO : Training sample: 	 15000/ 15000 ...
INFO : loss=0.2 ; accuracy=0.971
INFO : Average F1_score=0.97
INFO : Min F1_score=0.83# classes c | f1(c)<=min(f1_ls) + 0.1 = 13
INFO : Max F1_score=1.0# classes c | f1(c)>=max(f1_ls) - 0.1 = 144
INFO : Evaluation
INFO : Sample: 	 600/ 3000 ...
INFO : Sample: 	 1200/ 3000 ...
INFO : Sample: 	 1800/ 3000 ...
INFO : Sample: 	 2400/ 3000 ...
INFO : Sample: 	 3000/ 3000 ...
INFO : loss=0.52 ; accuracy=0.881
INFO : Average F1_score=0.63
INFO : Min F1_score=0.0# classes c | f1(c)<=min(f1_ls) + 0.1 = 34
INFO : Max F1_score=1.0# classes c | f1(c)>=max(f1_ls) - 0.1 = 53
INFO : validation_loss=0.522 ; best_validation_loss=0.558
INFO :  ****** Current epoch: 20 ****** 
INFO : Training sample: 	 1500/ 15000 ...
INFO : Training sample: 	 3000/ 15000 ...
INFO : Training sample: 	 4500/ 15000 ...
INFO : Training sample: 	 6000/ 15000 ...
INFO : Training sample: 	 7500/ 15000 ...
INFO : Training sample: 	 9000/ 15000 ...
INFO : Training sample: 	 10500/ 15000 ...
INFO : Training sample: 	 12000/ 15000 ...
INFO : Training sample: 	 13500/ 15000 ...
INFO : Training sample: 	 15000/ 15000 ...
INFO : loss=0.19 ; accuracy=0.973
INFO : Average F1_score=0.97
INFO : Min F1_score=0.85# classes c | f1(c)<=min(f1_ls) + 0.1 = 25
INFO : Max F1_score=1.0# classes c | f1(c)>=max(f1_ls) - 0.1 = 144
INFO : Evaluation
INFO : Sample: 	 600/ 3000 ...
INFO : Sample: 	 1200/ 3000 ...
INFO : Sample: 	 1800/ 3000 ...
INFO : Sample: 	 2400/ 3000 ...
INFO : Sample: 	 3000/ 3000 ...
INFO : loss=0.49 ; accuracy=0.889
INFO : Average F1_score=0.63
INFO : Min F1_score=0.0# classes c | f1(c)<=min(f1_ls) + 0.1 = 34
INFO : Max F1_score=1.0# classes c | f1(c)>=max(f1_ls) - 0.1 = 56
INFO : validation_loss=0.49 ; best_validation_loss=0.522
INFO :  ****** Current epoch: 21 ****** 
INFO : Training sample: 	 1500/ 15000 ...
INFO : Training sample: 	 3000/ 15000 ...
INFO : Training sample: 	 4500/ 15000 ...
INFO : Training sample: 	 6000/ 15000 ...
INFO : Training sample: 	 7500/ 15000 ...
INFO : Training sample: 	 9000/ 15000 ...
INFO : Training sample: 	 10500/ 15000 ...
INFO : Training sample: 	 12000/ 15000 ...
INFO : Training sample: 	 13500/ 15000 ...
INFO : Training sample: 	 15000/ 15000 ...
INFO : loss=0.17 ; accuracy=0.975
INFO : Average F1_score=0.98
INFO : Min F1_score=0.85# classes c | f1(c)<=min(f1_ls) + 0.1 = 20
INFO : Max F1_score=1.0# classes c | f1(c)>=max(f1_ls) - 0.1 = 144
INFO : Evaluation
INFO : Sample: 	 600/ 3000 ...
INFO : Sample: 	 1200/ 3000 ...
INFO : Sample: 	 1800/ 3000 ...
INFO : Sample: 	 2400/ 3000 ...
INFO : Sample: 	 3000/ 3000 ...
INFO : loss=0.46 ; accuracy=0.896
INFO : Average F1_score=0.64
INFO : Min F1_score=0.0# classes c | f1(c)<=min(f1_ls) + 0.1 = 34
INFO : Max F1_score=1.0# classes c | f1(c)>=max(f1_ls) - 0.1 = 60
INFO : validation_loss=0.463 ; best_validation_loss=0.49
INFO :  ****** Current epoch: 22 ****** 
INFO : Training sample: 	 1500/ 15000 ...
INFO : Training sample: 	 3000/ 15000 ...
INFO : Training sample: 	 4500/ 15000 ...
INFO : Training sample: 	 6000/ 15000 ...
INFO : Training sample: 	 7500/ 15000 ...
INFO : Training sample: 	 9000/ 15000 ...
INFO : Training sample: 	 10500/ 15000 ...
INFO : Training sample: 	 12000/ 15000 ...
INFO : Training sample: 	 13500/ 15000 ...
INFO : Training sample: 	 15000/ 15000 ...
INFO : loss=0.16 ; accuracy=0.977
INFO : Average F1_score=0.98
INFO : Min F1_score=0.86# classes c | f1(c)<=min(f1_ls) + 0.1 = 29
INFO : Max F1_score=1.0# classes c | f1(c)>=max(f1_ls) - 0.1 = 145
INFO : Evaluation
INFO : Sample: 	 600/ 3000 ...
INFO : Sample: 	 1200/ 3000 ...
INFO : Sample: 	 1800/ 3000 ...
INFO : Sample: 	 2400/ 3000 ...
INFO : Sample: 	 3000/ 3000 ...
INFO : loss=0.44 ; accuracy=0.899
INFO : Average F1_score=0.64
INFO : Min F1_score=0.0# classes c | f1(c)<=min(f1_ls) + 0.1 = 34
INFO : Max F1_score=1.0# classes c | f1(c)>=max(f1_ls) - 0.1 = 60
INFO : validation_loss=0.438 ; best_validation_loss=0.463
INFO :  ****** Current epoch: 23 ****** 
INFO : Training sample: 	 1500/ 15000 ...
INFO : Training sample: 	 3000/ 15000 ...
INFO : Training sample: 	 4500/ 15000 ...
INFO : Training sample: 	 6000/ 15000 ...
INFO : Training sample: 	 7500/ 15000 ...
INFO : Training sample: 	 9000/ 15000 ...
INFO : Training sample: 	 10500/ 15000 ...
INFO : Training sample: 	 12000/ 15000 ...
INFO : Training sample: 	 13500/ 15000 ...
INFO : Training sample: 	 15000/ 15000 ...
INFO : loss=0.15 ; accuracy=0.979
INFO : Average F1_score=0.98
INFO : Min F1_score=0.87# classes c | f1(c)<=min(f1_ls) + 0.1 = 32
INFO : Max F1_score=1.0# classes c | f1(c)>=max(f1_ls) - 0.1 = 145
INFO : Evaluation
INFO : Sample: 	 600/ 3000 ...
INFO : Sample: 	 1200/ 3000 ...
INFO : Sample: 	 1800/ 3000 ...
INFO : Sample: 	 2400/ 3000 ...
INFO : Sample: 	 3000/ 3000 ...
INFO : loss=0.42 ; accuracy=0.903
INFO : Average F1_score=0.64
INFO : Min F1_score=0.0# classes c | f1(c)<=min(f1_ls) + 0.1 = 34
INFO : Max F1_score=1.0# classes c | f1(c)>=max(f1_ls) - 0.1 = 60
INFO : validation_loss=0.417 ; best_validation_loss=0.438
INFO :  ****** Current epoch: 24 ****** 
INFO : Training sample: 	 1500/ 15000 ...
INFO : Training sample: 	 3000/ 15000 ...
INFO : Training sample: 	 4500/ 15000 ...
INFO : Training sample: 	 6000/ 15000 ...
INFO : Training sample: 	 7500/ 15000 ...
INFO : Training sample: 	 9000/ 15000 ...
INFO : Training sample: 	 10500/ 15000 ...
INFO : Training sample: 	 12000/ 15000 ...
INFO : Training sample: 	 13500/ 15000 ...
INFO : Training sample: 	 15000/ 15000 ...
INFO : loss=0.14 ; accuracy=0.98
INFO : Average F1_score=0.98
INFO : Min F1_score=0.88# classes c | f1(c)<=min(f1_ls) + 0.1 = 53
INFO : Max F1_score=1.0# classes c | f1(c)>=max(f1_ls) - 0.1 = 147
INFO : Evaluation
INFO : Sample: 	 600/ 3000 ...
INFO : Sample: 	 1200/ 3000 ...
INFO : Sample: 	 1800/ 3000 ...
INFO : Sample: 	 2400/ 3000 ...
INFO : Sample: 	 3000/ 3000 ...
INFO : loss=0.4 ; accuracy=0.909
INFO : Average F1_score=0.65
INFO : Min F1_score=0.0# classes c | f1(c)<=min(f1_ls) + 0.1 = 33
INFO : Max F1_score=1.0# classes c | f1(c)>=max(f1_ls) - 0.1 = 61
INFO : validation_loss=0.398 ; best_validation_loss=0.417
INFO :  ****** Current epoch: 25 ****** 
INFO : Training sample: 	 1500/ 15000 ...
INFO : Training sample: 	 3000/ 15000 ...
INFO : Training sample: 	 4500/ 15000 ...
INFO : Training sample: 	 6000/ 15000 ...
INFO : Training sample: 	 7500/ 15000 ...
INFO : Training sample: 	 9000/ 15000 ...
INFO : Training sample: 	 10500/ 15000 ...
INFO : Training sample: 	 12000/ 15000 ...
INFO : Training sample: 	 13500/ 15000 ...
INFO : Training sample: 	 15000/ 15000 ...
INFO : loss=0.13 ; accuracy=0.982
INFO : Average F1_score=0.98
INFO : Min F1_score=0.89# classes c | f1(c)<=min(f1_ls) + 0.1 = 85
INFO : Max F1_score=1.0# classes c | f1(c)>=max(f1_ls) - 0.1 = 148
INFO : Evaluation
INFO : Sample: 	 600/ 3000 ...
INFO : Sample: 	 1200/ 3000 ...
INFO : Sample: 	 1800/ 3000 ...
INFO : Sample: 	 2400/ 3000 ...
INFO : Sample: 	 3000/ 3000 ...
INFO : loss=0.38 ; accuracy=0.91
INFO : Average F1_score=0.65
INFO : Min F1_score=0.0# classes c | f1(c)<=min(f1_ls) + 0.1 = 33
INFO : Max F1_score=1.0# classes c | f1(c)>=max(f1_ls) - 0.1 = 61
INFO : validation_loss=0.381 ; best_validation_loss=0.398
INFO :  ****** Current epoch: 26 ****** 
INFO : Training sample: 	 1500/ 15000 ...
INFO : Training sample: 	 3000/ 15000 ...
INFO : Training sample: 	 4500/ 15000 ...
INFO : Training sample: 	 6000/ 15000 ...
INFO : Training sample: 	 7500/ 15000 ...
INFO : Training sample: 	 9000/ 15000 ...
INFO : Training sample: 	 10500/ 15000 ...
INFO : Training sample: 	 12000/ 15000 ...
INFO : Training sample: 	 13500/ 15000 ...
INFO : Training sample: 	 15000/ 15000 ...
INFO : loss=0.12 ; accuracy=0.983
INFO : Average F1_score=0.98
INFO : Min F1_score=0.89# classes c | f1(c)<=min(f1_ls) + 0.1 = 83
INFO : Max F1_score=1.0# classes c | f1(c)>=max(f1_ls) - 0.1 = 148
INFO : Evaluation
INFO : Sample: 	 600/ 3000 ...
INFO : Sample: 	 1200/ 3000 ...
INFO : Sample: 	 1800/ 3000 ...
INFO : Sample: 	 2400/ 3000 ...
INFO : Sample: 	 3000/ 3000 ...
INFO : loss=0.37 ; accuracy=0.913
INFO : Average F1_score=0.66
INFO : Min F1_score=0.0# classes c | f1(c)<=min(f1_ls) + 0.1 = 32
INFO : Max F1_score=1.0# classes c | f1(c)>=max(f1_ls) - 0.1 = 62
INFO : validation_loss=0.365 ; best_validation_loss=0.381
INFO :  ****** Current epoch: 27 ****** 
INFO : Training sample: 	 1500/ 15000 ...
INFO : Training sample: 	 3000/ 15000 ...
INFO : Training sample: 	 4500/ 15000 ...
INFO : Training sample: 	 6000/ 15000 ...
INFO : Training sample: 	 7500/ 15000 ...
INFO : Training sample: 	 9000/ 15000 ...
INFO : Training sample: 	 10500/ 15000 ...
INFO : Training sample: 	 12000/ 15000 ...
INFO : Training sample: 	 13500/ 15000 ...
INFO : Training sample: 	 15000/ 15000 ...
INFO : loss=0.11 ; accuracy=0.983
INFO : Average F1_score=0.98
INFO : Min F1_score=0.89# classes c | f1(c)<=min(f1_ls) + 0.1 = 83
INFO : Max F1_score=1.0# classes c | f1(c)>=max(f1_ls) - 0.1 = 148
INFO : Evaluation
INFO : Sample: 	 600/ 3000 ...
INFO : Sample: 	 1200/ 3000 ...
INFO : Sample: 	 1800/ 3000 ...
INFO : Sample: 	 2400/ 3000 ...
INFO : Sample: 	 3000/ 3000 ...
INFO : loss=0.35 ; accuracy=0.916
INFO : Average F1_score=0.66
INFO : Min F1_score=0.0# classes c | f1(c)<=min(f1_ls) + 0.1 = 32
INFO : Max F1_score=1.0# classes c | f1(c)>=max(f1_ls) - 0.1 = 62
INFO : validation_loss=0.352 ; best_validation_loss=0.365
INFO :  ****** Current epoch: 28 ****** 
INFO : Training sample: 	 1500/ 15000 ...
INFO : Training sample: 	 3000/ 15000 ...
INFO : Training sample: 	 4500/ 15000 ...
INFO : Training sample: 	 6000/ 15000 ...
INFO : Training sample: 	 7500/ 15000 ...
INFO : Training sample: 	 9000/ 15000 ...
INFO : Training sample: 	 10500/ 15000 ...
INFO : Training sample: 	 12000/ 15000 ...
INFO : Training sample: 	 13500/ 15000 ...
INFO : Training sample: 	 15000/ 15000 ...
INFO : loss=0.11 ; accuracy=0.984
INFO : Average F1_score=0.98
INFO : Min F1_score=0.9# classes c | f1(c)<=min(f1_ls) + 0.1 = 112
INFO : Max F1_score=1.0# classes c | f1(c)>=max(f1_ls) - 0.1 = 149
INFO : Evaluation
INFO : Sample: 	 600/ 3000 ...
INFO : Sample: 	 1200/ 3000 ...
INFO : Sample: 	 1800/ 3000 ...
INFO : Sample: 	 2400/ 3000 ...
INFO : Sample: 	 3000/ 3000 ...
INFO : loss=0.34 ; accuracy=0.919
INFO : Average F1_score=0.66
INFO : Min F1_score=0.0# classes c | f1(c)<=min(f1_ls) + 0.1 = 32
INFO : Max F1_score=1.0# classes c | f1(c)>=max(f1_ls) - 0.1 = 62
INFO : validation_loss=0.339 ; best_validation_loss=0.352
INFO :  ****** Current epoch: 29 ****** 
INFO : Training sample: 	 1500/ 15000 ...
INFO : Training sample: 	 3000/ 15000 ...
INFO : Training sample: 	 4500/ 15000 ...
INFO : Training sample: 	 6000/ 15000 ...
INFO : Training sample: 	 7500/ 15000 ...
INFO : Training sample: 	 9000/ 15000 ...
INFO : Training sample: 	 10500/ 15000 ...
INFO : Training sample: 	 12000/ 15000 ...
INFO : Training sample: 	 13500/ 15000 ...
INFO : Training sample: 	 15000/ 15000 ...
INFO : loss=0.1 ; accuracy=0.986
INFO : Average F1_score=0.99
INFO : Min F1_score=0.91# classes c | f1(c)<=min(f1_ls) + 0.1 = 150
INFO : Max F1_score=1.0# classes c | f1(c)>=max(f1_ls) - 0.1 = 150
INFO : Evaluation
INFO : Sample: 	 600/ 3000 ...
INFO : Sample: 	 1200/ 3000 ...
INFO : Sample: 	 1800/ 3000 ...
INFO : Sample: 	 2400/ 3000 ...
INFO : Sample: 	 3000/ 3000 ...
INFO : loss=0.33 ; accuracy=0.92
INFO : Average F1_score=0.67
INFO : Min F1_score=0.0# classes c | f1(c)<=min(f1_ls) + 0.1 = 31
INFO : Max F1_score=1.0# classes c | f1(c)>=max(f1_ls) - 0.1 = 63
INFO : validation_loss=0.328 ; best_validation_loss=0.339
INFO :  ****** Current epoch: 30 ****** 
INFO : Training sample: 	 1500/ 15000 ...
INFO : Training sample: 	 3000/ 15000 ...
INFO : Training sample: 	 4500/ 15000 ...
INFO : Training sample: 	 6000/ 15000 ...
INFO : Training sample: 	 7500/ 15000 ...
INFO : Training sample: 	 9000/ 15000 ...
INFO : Training sample: 	 10500/ 15000 ...
INFO : Training sample: 	 12000/ 15000 ...
INFO : Training sample: 	 13500/ 15000 ...
INFO : Training sample: 	 15000/ 15000 ...
INFO : loss=0.09 ; accuracy=0.987
INFO : Average F1_score=0.99
INFO : Min F1_score=0.91# classes c | f1(c)<=min(f1_ls) + 0.1 = 150
INFO : Max F1_score=1.0# classes c | f1(c)>=max(f1_ls) - 0.1 = 150
INFO : Evaluation
INFO : Sample: 	 600/ 3000 ...
INFO : Sample: 	 1200/ 3000 ...
INFO : Sample: 	 1800/ 3000 ...
INFO : Sample: 	 2400/ 3000 ...
INFO : Sample: 	 3000/ 3000 ...
INFO : loss=0.32 ; accuracy=0.919
INFO : Average F1_score=0.67
INFO : Min F1_score=0.0# classes c | f1(c)<=min(f1_ls) + 0.1 = 31
INFO : Max F1_score=1.0# classes c | f1(c)>=max(f1_ls) - 0.1 = 63
INFO : validation_loss=0.318 ; best_validation_loss=0.328
INFO :  ****** Current epoch: 31 ****** 
INFO : Training sample: 	 1500/ 15000 ...
INFO : Training sample: 	 3000/ 15000 ...
INFO : Training sample: 	 4500/ 15000 ...
INFO : Training sample: 	 6000/ 15000 ...
INFO : Training sample: 	 7500/ 15000 ...
INFO : Training sample: 	 9000/ 15000 ...
INFO : Training sample: 	 10500/ 15000 ...
INFO : Training sample: 	 12000/ 15000 ...
INFO : Training sample: 	 13500/ 15000 ...
INFO : Training sample: 	 15000/ 15000 ...
INFO : loss=0.09 ; accuracy=0.987
INFO : Average F1_score=0.99
INFO : Min F1_score=0.91# classes c | f1(c)<=min(f1_ls) + 0.1 = 150
INFO : Max F1_score=1.0# classes c | f1(c)>=max(f1_ls) - 0.1 = 150
INFO : Evaluation
INFO : Sample: 	 600/ 3000 ...
INFO : Sample: 	 1200/ 3000 ...
INFO : Sample: 	 1800/ 3000 ...
INFO : Sample: 	 2400/ 3000 ...
INFO : Sample: 	 3000/ 3000 ...
INFO : loss=0.31 ; accuracy=0.919
INFO : Average F1_score=0.66
INFO : Min F1_score=0.0# classes c | f1(c)<=min(f1_ls) + 0.1 = 32
INFO : Max F1_score=1.0# classes c | f1(c)>=max(f1_ls) - 0.1 = 63
INFO : validation_loss=0.309 ; best_validation_loss=0.318
INFO :  ****** Current epoch: 32 ****** 
INFO : Training sample: 	 1500/ 15000 ...
INFO : Training sample: 	 3000/ 15000 ...
INFO : Training sample: 	 4500/ 15000 ...
INFO : Training sample: 	 6000/ 15000 ...
INFO : Training sample: 	 7500/ 15000 ...
INFO : Training sample: 	 9000/ 15000 ...
INFO : Training sample: 	 10500/ 15000 ...
INFO : Training sample: 	 12000/ 15000 ...
INFO : Training sample: 	 13500/ 15000 ...
INFO : Training sample: 	 15000/ 15000 ...
INFO : loss=0.08 ; accuracy=0.988
INFO : Average F1_score=0.99
INFO : Min F1_score=0.9# classes c | f1(c)<=min(f1_ls) + 0.1 = 150
INFO : Max F1_score=1.0# classes c | f1(c)>=max(f1_ls) - 0.1 = 150
INFO : Evaluation
INFO : Sample: 	 600/ 3000 ...
INFO : Sample: 	 1200/ 3000 ...
INFO : Sample: 	 1800/ 3000 ...
INFO : Sample: 	 2400/ 3000 ...
INFO : Sample: 	 3000/ 3000 ...
INFO : loss=0.3 ; accuracy=0.921
INFO : Average F1_score=0.66
INFO : Min F1_score=0.0# classes c | f1(c)<=min(f1_ls) + 0.1 = 32
INFO : Max F1_score=1.0# classes c | f1(c)>=max(f1_ls) - 0.1 = 63
INFO : validation_loss=0.3 ; best_validation_loss=0.309
INFO :  ****** Current epoch: 33 ****** 
INFO : Training sample: 	 1500/ 15000 ...
INFO : Training sample: 	 3000/ 15000 ...
INFO : Training sample: 	 4500/ 15000 ...
INFO : Training sample: 	 6000/ 15000 ...
INFO : Training sample: 	 7500/ 15000 ...
INFO : Training sample: 	 9000/ 15000 ...
INFO : Training sample: 	 10500/ 15000 ...
INFO : Training sample: 	 12000/ 15000 ...
INFO : Training sample: 	 13500/ 15000 ...
INFO : Training sample: 	 15000/ 15000 ...
INFO : loss=0.08 ; accuracy=0.989
INFO : Average F1_score=0.99
INFO : Min F1_score=0.9# classes c | f1(c)<=min(f1_ls) + 0.1 = 150
INFO : Max F1_score=1.0# classes c | f1(c)>=max(f1_ls) - 0.1 = 150
INFO : Evaluation
INFO : Sample: 	 600/ 3000 ...
INFO : Sample: 	 1200/ 3000 ...
INFO : Sample: 	 1800/ 3000 ...
INFO : Sample: 	 2400/ 3000 ...
INFO : Sample: 	 3000/ 3000 ...
INFO : loss=0.29 ; accuracy=0.924
INFO : Average F1_score=0.67
INFO : Min F1_score=0.0# classes c | f1(c)<=min(f1_ls) + 0.1 = 31
INFO : Max F1_score=1.0# classes c | f1(c)>=max(f1_ls) - 0.1 = 63
INFO : validation_loss=0.293 ; best_validation_loss=0.3
INFO :  ****** Current epoch: 34 ****** 
INFO : Training sample: 	 1500/ 15000 ...
INFO : Training sample: 	 3000/ 15000 ...
INFO : Training sample: 	 4500/ 15000 ...
INFO : Training sample: 	 6000/ 15000 ...
INFO : Training sample: 	 7500/ 15000 ...
INFO : Training sample: 	 9000/ 15000 ...
INFO : Training sample: 	 10500/ 15000 ...
INFO : Training sample: 	 12000/ 15000 ...
INFO : Training sample: 	 13500/ 15000 ...
INFO : Training sample: 	 15000/ 15000 ...
INFO : loss=0.08 ; accuracy=0.989
INFO : Average F1_score=0.99
INFO : Min F1_score=0.9# classes c | f1(c)<=min(f1_ls) + 0.1 = 150
INFO : Max F1_score=1.0# classes c | f1(c)>=max(f1_ls) - 0.1 = 150
INFO : Evaluation
INFO : Sample: 	 600/ 3000 ...
INFO : Sample: 	 1200/ 3000 ...
INFO : Sample: 	 1800/ 3000 ...
INFO : Sample: 	 2400/ 3000 ...
INFO : Sample: 	 3000/ 3000 ...
INFO : loss=0.29 ; accuracy=0.923
INFO : Average F1_score=0.67
INFO : Min F1_score=0.0# classes c | f1(c)<=min(f1_ls) + 0.1 = 31
INFO : Max F1_score=1.0# classes c | f1(c)>=max(f1_ls) - 0.1 = 62
INFO : validation_loss=0.286 ; best_validation_loss=0.293
INFO :  ****** Current epoch: 35 ****** 
INFO : Training sample: 	 1500/ 15000 ...
INFO : Training sample: 	 3000/ 15000 ...
INFO : Training sample: 	 4500/ 15000 ...
INFO : Training sample: 	 6000/ 15000 ...
INFO : Training sample: 	 7500/ 15000 ...
INFO : Training sample: 	 9000/ 15000 ...
INFO : Training sample: 	 10500/ 15000 ...
INFO : Training sample: 	 12000/ 15000 ...
INFO : Training sample: 	 13500/ 15000 ...
INFO : Training sample: 	 15000/ 15000 ...
INFO : loss=0.07 ; accuracy=0.99
INFO : Average F1_score=0.99
INFO : Min F1_score=0.9# classes c | f1(c)<=min(f1_ls) + 0.1 = 150
INFO : Max F1_score=1.0# classes c | f1(c)>=max(f1_ls) - 0.1 = 150
INFO : Evaluation
INFO : Sample: 	 600/ 3000 ...
INFO : Sample: 	 1200/ 3000 ...
INFO : Sample: 	 1800/ 3000 ...
INFO : Sample: 	 2400/ 3000 ...
INFO : Sample: 	 3000/ 3000 ...
INFO : loss=0.28 ; accuracy=0.926
INFO : Average F1_score=0.67
INFO : Min F1_score=0.0# classes c | f1(c)<=min(f1_ls) + 0.1 = 31
INFO : Max F1_score=1.0# classes c | f1(c)>=max(f1_ls) - 0.1 = 62
INFO : validation_loss=0.279 ; best_validation_loss=0.286
INFO :  ****** Current epoch: 36 ****** 
INFO : Training sample: 	 1500/ 15000 ...
INFO : Training sample: 	 3000/ 15000 ...
INFO : Training sample: 	 4500/ 15000 ...
INFO : Training sample: 	 6000/ 15000 ...
INFO : Training sample: 	 7500/ 15000 ...
INFO : Training sample: 	 9000/ 15000 ...
INFO : Training sample: 	 10500/ 15000 ...
INFO : Training sample: 	 12000/ 15000 ...
INFO : Training sample: 	 13500/ 15000 ...
INFO : Training sample: 	 15000/ 15000 ...
INFO : loss=0.07 ; accuracy=0.99
INFO : Average F1_score=0.99
INFO : Min F1_score=0.9# classes c | f1(c)<=min(f1_ls) + 0.1 = 150
INFO : Max F1_score=1.0# classes c | f1(c)>=max(f1_ls) - 0.1 = 150
INFO : Evaluation
INFO : Sample: 	 600/ 3000 ...
INFO : Sample: 	 1200/ 3000 ...
INFO : Sample: 	 1800/ 3000 ...
INFO : Sample: 	 2400/ 3000 ...
INFO : Sample: 	 3000/ 3000 ...
INFO : loss=0.27 ; accuracy=0.927
INFO : Average F1_score=0.67
INFO : Min F1_score=0.0# classes c | f1(c)<=min(f1_ls) + 0.1 = 31
INFO : Max F1_score=1.0# classes c | f1(c)>=max(f1_ls) - 0.1 = 62
INFO : validation_loss=0.273 ; best_validation_loss=0.279
INFO :  ****** Current epoch: 37 ****** 
INFO : Training sample: 	 1500/ 15000 ...
INFO : Training sample: 	 3000/ 15000 ...
INFO : Training sample: 	 4500/ 15000 ...
INFO : Training sample: 	 6000/ 15000 ...
INFO : Training sample: 	 7500/ 15000 ...
INFO : Training sample: 	 9000/ 15000 ...
INFO : Training sample: 	 10500/ 15000 ...
INFO : Training sample: 	 12000/ 15000 ...
INFO : Training sample: 	 13500/ 15000 ...
INFO : Training sample: 	 15000/ 15000 ...
INFO : loss=0.06 ; accuracy=0.991
INFO : Average F1_score=0.99
INFO : Min F1_score=0.9# classes c | f1(c)<=min(f1_ls) + 0.1 = 150
INFO : Max F1_score=1.0# classes c | f1(c)>=max(f1_ls) - 0.1 = 150
INFO : Evaluation
INFO : Sample: 	 600/ 3000 ...
INFO : Sample: 	 1200/ 3000 ...
INFO : Sample: 	 1800/ 3000 ...
INFO : Sample: 	 2400/ 3000 ...
INFO : Sample: 	 3000/ 3000 ...
INFO : loss=0.27 ; accuracy=0.928
INFO : Average F1_score=0.68
INFO : Min F1_score=0.0# classes c | f1(c)<=min(f1_ls) + 0.1 = 30
INFO : Max F1_score=1.0# classes c | f1(c)>=max(f1_ls) - 0.1 = 62
INFO : validation_loss=0.268 ; best_validation_loss=0.273
INFO :  ****** Current epoch: 38 ****** 
INFO : Training sample: 	 1500/ 15000 ...
INFO : Training sample: 	 3000/ 15000 ...
INFO : Training sample: 	 4500/ 15000 ...
INFO : Training sample: 	 6000/ 15000 ...
INFO : Training sample: 	 7500/ 15000 ...
INFO : Training sample: 	 9000/ 15000 ...
INFO : Training sample: 	 10500/ 15000 ...
INFO : Training sample: 	 12000/ 15000 ...
INFO : Training sample: 	 13500/ 15000 ...
INFO : Training sample: 	 15000/ 15000 ...
INFO : loss=0.06 ; accuracy=0.992
INFO : Average F1_score=0.99
INFO : Min F1_score=0.9# classes c | f1(c)<=min(f1_ls) + 0.1 = 150
INFO : Max F1_score=1.0# classes c | f1(c)>=max(f1_ls) - 0.1 = 150
INFO : Evaluation
INFO : Sample: 	 600/ 3000 ...
INFO : Sample: 	 1200/ 3000 ...
INFO : Sample: 	 1800/ 3000 ...
INFO : Sample: 	 2400/ 3000 ...
INFO : Sample: 	 3000/ 3000 ...
INFO : loss=0.26 ; accuracy=0.929
INFO : Average F1_score=0.68
INFO : Min F1_score=0.0# classes c | f1(c)<=min(f1_ls) + 0.1 = 30
INFO : Max F1_score=1.0# classes c | f1(c)>=max(f1_ls) - 0.1 = 62
INFO : validation_loss=0.263 ; best_validation_loss=0.268
INFO :  ****** Current epoch: 39 ****** 
INFO : Training sample: 	 1500/ 15000 ...
INFO : Training sample: 	 3000/ 15000 ...
INFO : Training sample: 	 4500/ 15000 ...
INFO : Training sample: 	 6000/ 15000 ...
INFO : Training sample: 	 7500/ 15000 ...
INFO : Training sample: 	 9000/ 15000 ...
INFO : Training sample: 	 10500/ 15000 ...
INFO : Training sample: 	 12000/ 15000 ...
INFO : Training sample: 	 13500/ 15000 ...
INFO : Training sample: 	 15000/ 15000 ...
INFO : loss=0.06 ; accuracy=0.992
INFO : Average F1_score=0.99
INFO : Min F1_score=0.9# classes c | f1(c)<=min(f1_ls) + 0.1 = 150
INFO : Max F1_score=1.0# classes c | f1(c)>=max(f1_ls) - 0.1 = 150
INFO : Evaluation
INFO : Sample: 	 600/ 3000 ...
INFO : Sample: 	 1200/ 3000 ...
INFO : Sample: 	 1800/ 3000 ...
INFO : Sample: 	 2400/ 3000 ...
INFO : Sample: 	 3000/ 3000 ...
INFO : loss=0.26 ; accuracy=0.931
INFO : Average F1_score=0.68
INFO : Min F1_score=0.0# classes c | f1(c)<=min(f1_ls) + 0.1 = 30
INFO : Max F1_score=1.0# classes c | f1(c)>=max(f1_ls) - 0.1 = 62
INFO : validation_loss=0.258 ; best_validation_loss=0.263
INFO :  ****** Current epoch: 40 ****** 
INFO : Training sample: 	 1500/ 15000 ...
INFO : Training sample: 	 3000/ 15000 ...
INFO : Training sample: 	 4500/ 15000 ...
INFO : Training sample: 	 6000/ 15000 ...
INFO : Training sample: 	 7500/ 15000 ...
INFO : Training sample: 	 9000/ 15000 ...
INFO : Training sample: 	 10500/ 15000 ...
INFO : Training sample: 	 12000/ 15000 ...
INFO : Training sample: 	 13500/ 15000 ...
INFO : Training sample: 	 15000/ 15000 ...
INFO : loss=0.06 ; accuracy=0.993
INFO : Average F1_score=0.99
INFO : Min F1_score=0.9# classes c | f1(c)<=min(f1_ls) + 0.1 = 150
INFO : Max F1_score=1.0# classes c | f1(c)>=max(f1_ls) - 0.1 = 150
INFO : Evaluation
INFO : Sample: 	 600/ 3000 ...
INFO : Sample: 	 1200/ 3000 ...
INFO : Sample: 	 1800/ 3000 ...
INFO : Sample: 	 2400/ 3000 ...
INFO : Sample: 	 3000/ 3000 ...
INFO : loss=0.25 ; accuracy=0.933
INFO : Average F1_score=0.69
INFO : Min F1_score=0.0# classes c | f1(c)<=min(f1_ls) + 0.1 = 29
INFO : Max F1_score=1.0# classes c | f1(c)>=max(f1_ls) - 0.1 = 62
INFO : validation_loss=0.254 ; best_validation_loss=0.258
INFO :  ****** Current epoch: 41 ****** 
INFO : Training sample: 	 1500/ 15000 ...
INFO : Training sample: 	 3000/ 15000 ...
INFO : Training sample: 	 4500/ 15000 ...
INFO : Training sample: 	 6000/ 15000 ...
INFO : Training sample: 	 7500/ 15000 ...
INFO : Training sample: 	 9000/ 15000 ...
INFO : Training sample: 	 10500/ 15000 ...
INFO : Training sample: 	 12000/ 15000 ...
INFO : Training sample: 	 13500/ 15000 ...
INFO : Training sample: 	 15000/ 15000 ...
INFO : loss=0.05 ; accuracy=0.993
INFO : Average F1_score=0.99
INFO : Min F1_score=0.9# classes c | f1(c)<=min(f1_ls) + 0.1 = 150
INFO : Max F1_score=1.0# classes c | f1(c)>=max(f1_ls) - 0.1 = 150
INFO : Evaluation
INFO : Sample: 	 600/ 3000 ...
INFO : Sample: 	 1200/ 3000 ...
INFO : Sample: 	 1800/ 3000 ...
INFO : Sample: 	 2400/ 3000 ...
INFO : Sample: 	 3000/ 3000 ...
INFO : loss=0.25 ; accuracy=0.933
INFO : Average F1_score=0.69
INFO : Min F1_score=0.0# classes c | f1(c)<=min(f1_ls) + 0.1 = 29
INFO : Max F1_score=1.0# classes c | f1(c)>=max(f1_ls) - 0.1 = 62
INFO : validation_loss=0.25 ; best_validation_loss=0.254
INFO :  ****** Current epoch: 42 ****** 
INFO : Training sample: 	 1500/ 15000 ...
INFO : Training sample: 	 3000/ 15000 ...
INFO : Training sample: 	 4500/ 15000 ...
INFO : Training sample: 	 6000/ 15000 ...
INFO : Training sample: 	 7500/ 15000 ...
INFO : Training sample: 	 9000/ 15000 ...
INFO : Training sample: 	 10500/ 15000 ...
INFO : Training sample: 	 12000/ 15000 ...
INFO : Training sample: 	 13500/ 15000 ...
INFO : Training sample: 	 15000/ 15000 ...
INFO : loss=0.05 ; accuracy=0.993
INFO : Average F1_score=0.99
INFO : Min F1_score=0.9# classes c | f1(c)<=min(f1_ls) + 0.1 = 150
INFO : Max F1_score=1.0# classes c | f1(c)>=max(f1_ls) - 0.1 = 150
INFO : Evaluation
INFO : Sample: 	 600/ 3000 ...
INFO : Sample: 	 1200/ 3000 ...
INFO : Sample: 	 1800/ 3000 ...
INFO : Sample: 	 2400/ 3000 ...
INFO : Sample: 	 3000/ 3000 ...
INFO : loss=0.25 ; accuracy=0.935
INFO : Average F1_score=0.69
INFO : Min F1_score=0.0# classes c | f1(c)<=min(f1_ls) + 0.1 = 29
INFO : Max F1_score=1.0# classes c | f1(c)>=max(f1_ls) - 0.1 = 62
INFO : validation_loss=0.246 ; best_validation_loss=0.25
INFO :  ****** Current epoch: 43 ****** 
INFO : Training sample: 	 1500/ 15000 ...
INFO : Training sample: 	 3000/ 15000 ...
INFO : Training sample: 	 4500/ 15000 ...
INFO : Training sample: 	 6000/ 15000 ...
INFO : Training sample: 	 7500/ 15000 ...
INFO : Training sample: 	 9000/ 15000 ...
INFO : Training sample: 	 10500/ 15000 ...
INFO : Training sample: 	 12000/ 15000 ...
INFO : Training sample: 	 13500/ 15000 ...
INFO : Training sample: 	 15000/ 15000 ...
INFO : loss=0.05 ; accuracy=0.994
INFO : Average F1_score=0.99
INFO : Min F1_score=0.91# classes c | f1(c)<=min(f1_ls) + 0.1 = 150
INFO : Max F1_score=1.0# classes c | f1(c)>=max(f1_ls) - 0.1 = 150
INFO : Evaluation
INFO : Sample: 	 600/ 3000 ...
INFO : Sample: 	 1200/ 3000 ...
INFO : Sample: 	 1800/ 3000 ...
INFO : Sample: 	 2400/ 3000 ...
INFO : Sample: 	 3000/ 3000 ...
INFO : loss=0.24 ; accuracy=0.937
INFO : Average F1_score=0.69
INFO : Min F1_score=0.0# classes c | f1(c)<=min(f1_ls) + 0.1 = 29
INFO : Max F1_score=1.0# classes c | f1(c)>=max(f1_ls) - 0.1 = 63
INFO : validation_loss=0.243 ; best_validation_loss=0.246
INFO :  ****** Current epoch: 44 ****** 
INFO : Training sample: 	 1500/ 15000 ...
INFO : Training sample: 	 3000/ 15000 ...
INFO : Training sample: 	 4500/ 15000 ...
INFO : Training sample: 	 6000/ 15000 ...
INFO : Training sample: 	 7500/ 15000 ...
INFO : Training sample: 	 9000/ 15000 ...
INFO : Training sample: 	 10500/ 15000 ...
INFO : Training sample: 	 12000/ 15000 ...
INFO : Training sample: 	 13500/ 15000 ...
INFO : Training sample: 	 15000/ 15000 ...
INFO : loss=0.05 ; accuracy=0.994
INFO : Average F1_score=0.99
INFO : Min F1_score=0.92# classes c | f1(c)<=min(f1_ls) + 0.1 = 150
INFO : Max F1_score=1.0# classes c | f1(c)>=max(f1_ls) - 0.1 = 150
INFO : Evaluation
INFO : Sample: 	 600/ 3000 ...
INFO : Sample: 	 1200/ 3000 ...
INFO : Sample: 	 1800/ 3000 ...
INFO : Sample: 	 2400/ 3000 ...
INFO : Sample: 	 3000/ 3000 ...
INFO : loss=0.24 ; accuracy=0.937
INFO : Average F1_score=0.69
INFO : Min F1_score=0.0# classes c | f1(c)<=min(f1_ls) + 0.1 = 29
INFO : Max F1_score=1.0# classes c | f1(c)>=max(f1_ls) - 0.1 = 63
INFO : validation_loss=0.24 ; best_validation_loss=0.243
INFO :  ****** Current epoch: 45 ****** 
INFO : Training sample: 	 1500/ 15000 ...
INFO : Training sample: 	 3000/ 15000 ...
INFO : Training sample: 	 4500/ 15000 ...
INFO : Training sample: 	 6000/ 15000 ...
INFO : Training sample: 	 7500/ 15000 ...
INFO : Training sample: 	 9000/ 15000 ...
INFO : Training sample: 	 10500/ 15000 ...
INFO : Training sample: 	 12000/ 15000 ...
INFO : Training sample: 	 13500/ 15000 ...
INFO : Training sample: 	 15000/ 15000 ...
INFO : loss=0.04 ; accuracy=0.994
INFO : Average F1_score=0.99
INFO : Min F1_score=0.92# classes c | f1(c)<=min(f1_ls) + 0.1 = 150
INFO : Max F1_score=1.0# classes c | f1(c)>=max(f1_ls) - 0.1 = 150
INFO : Evaluation
INFO : Sample: 	 600/ 3000 ...
INFO : Sample: 	 1200/ 3000 ...
INFO : Sample: 	 1800/ 3000 ...
INFO : Sample: 	 2400/ 3000 ...
INFO : Sample: 	 3000/ 3000 ...
INFO : loss=0.24 ; accuracy=0.939
INFO : Average F1_score=0.69
INFO : Min F1_score=0.0# classes c | f1(c)<=min(f1_ls) + 0.1 = 29
INFO : Max F1_score=1.0# classes c | f1(c)>=max(f1_ls) - 0.1 = 64
INFO : validation_loss=0.237 ; best_validation_loss=0.24
INFO :  ****** Current epoch: 46 ****** 
INFO : Training sample: 	 1500/ 15000 ...
INFO : Training sample: 	 3000/ 15000 ...
INFO : Training sample: 	 4500/ 15000 ...
INFO : Training sample: 	 6000/ 15000 ...
INFO : Training sample: 	 7500/ 15000 ...
INFO : Training sample: 	 9000/ 15000 ...
INFO : Training sample: 	 10500/ 15000 ...
INFO : Training sample: 	 12000/ 15000 ...
INFO : Training sample: 	 13500/ 15000 ...
INFO : Training sample: 	 15000/ 15000 ...
INFO : loss=0.04 ; accuracy=0.995
INFO : Average F1_score=0.99
INFO : Min F1_score=0.93# classes c | f1(c)<=min(f1_ls) + 0.1 = 150
INFO : Max F1_score=1.0# classes c | f1(c)>=max(f1_ls) - 0.1 = 150
INFO : Evaluation
INFO : Sample: 	 600/ 3000 ...
INFO : Sample: 	 1200/ 3000 ...
INFO : Sample: 	 1800/ 3000 ...
INFO : Sample: 	 2400/ 3000 ...
INFO : Sample: 	 3000/ 3000 ...
INFO : loss=0.23 ; accuracy=0.939
INFO : Average F1_score=0.69
INFO : Min F1_score=0.0# classes c | f1(c)<=min(f1_ls) + 0.1 = 29
INFO : Max F1_score=1.0# classes c | f1(c)>=max(f1_ls) - 0.1 = 64
INFO : validation_loss=0.234 ; best_validation_loss=0.237
INFO :  ****** Current epoch: 47 ****** 
INFO : Training sample: 	 1500/ 15000 ...
INFO : Training sample: 	 3000/ 15000 ...
INFO : Training sample: 	 4500/ 15000 ...
INFO : Training sample: 	 6000/ 15000 ...
INFO : Training sample: 	 7500/ 15000 ...
INFO : Training sample: 	 9000/ 15000 ...
INFO : Training sample: 	 10500/ 15000 ...
INFO : Training sample: 	 12000/ 15000 ...
INFO : Training sample: 	 13500/ 15000 ...
INFO : Training sample: 	 15000/ 15000 ...
INFO : loss=0.04 ; accuracy=0.995
INFO : Average F1_score=1.0
INFO : Min F1_score=0.93# classes c | f1(c)<=min(f1_ls) + 0.1 = 150
INFO : Max F1_score=1.0# classes c | f1(c)>=max(f1_ls) - 0.1 = 150
INFO : Evaluation
INFO : Sample: 	 600/ 3000 ...
INFO : Sample: 	 1200/ 3000 ...
INFO : Sample: 	 1800/ 3000 ...
INFO : Sample: 	 2400/ 3000 ...
INFO : Sample: 	 3000/ 3000 ...
INFO : loss=0.23 ; accuracy=0.939
INFO : Average F1_score=0.7
INFO : Min F1_score=0.0# classes c | f1(c)<=min(f1_ls) + 0.1 = 28
INFO : Max F1_score=1.0# classes c | f1(c)>=max(f1_ls) - 0.1 = 64
INFO : validation_loss=0.231 ; best_validation_loss=0.234
INFO :  ****** Current epoch: 48 ****** 
INFO : Training sample: 	 1500/ 15000 ...
INFO : Training sample: 	 3000/ 15000 ...
INFO : Training sample: 	 4500/ 15000 ...
INFO : Training sample: 	 6000/ 15000 ...
INFO : Training sample: 	 7500/ 15000 ...
INFO : Training sample: 	 9000/ 15000 ...
INFO : Training sample: 	 10500/ 15000 ...
INFO : Training sample: 	 12000/ 15000 ...
INFO : Training sample: 	 13500/ 15000 ...
INFO : Training sample: 	 15000/ 15000 ...
INFO : loss=0.04 ; accuracy=0.995
INFO : Average F1_score=1.0
INFO : Min F1_score=0.94# classes c | f1(c)<=min(f1_ls) + 0.1 = 150
INFO : Max F1_score=1.0# classes c | f1(c)>=max(f1_ls) - 0.1 = 150
INFO : Evaluation
INFO : Sample: 	 600/ 3000 ...
INFO : Sample: 	 1200/ 3000 ...
INFO : Sample: 	 1800/ 3000 ...
INFO : Sample: 	 2400/ 3000 ...
INFO : Sample: 	 3000/ 3000 ...
INFO : loss=0.23 ; accuracy=0.939
INFO : Average F1_score=0.7
INFO : Min F1_score=0.0# classes c | f1(c)<=min(f1_ls) + 0.1 = 28
INFO : Max F1_score=1.0# classes c | f1(c)>=max(f1_ls) - 0.1 = 64
INFO : validation_loss=0.229 ; best_validation_loss=0.231
INFO :  ****** Current epoch: 49 ****** 
INFO : Training sample: 	 1500/ 15000 ...
INFO : Training sample: 	 3000/ 15000 ...
INFO : Training sample: 	 4500/ 15000 ...
INFO : Training sample: 	 6000/ 15000 ...
INFO : Training sample: 	 7500/ 15000 ...
INFO : Training sample: 	 9000/ 15000 ...
INFO : Training sample: 	 10500/ 15000 ...
INFO : Training sample: 	 12000/ 15000 ...
INFO : Training sample: 	 13500/ 15000 ...
INFO : Training sample: 	 15000/ 15000 ...
INFO : loss=0.04 ; accuracy=0.995
INFO : Average F1_score=1.0
INFO : Min F1_score=0.94# classes c | f1(c)<=min(f1_ls) + 0.1 = 150
INFO : Max F1_score=1.0# classes c | f1(c)>=max(f1_ls) - 0.1 = 150
INFO : Evaluation
INFO : Sample: 	 600/ 3000 ...
INFO : Sample: 	 1200/ 3000 ...
INFO : Sample: 	 1800/ 3000 ...
INFO : Sample: 	 2400/ 3000 ...
INFO : Sample: 	 3000/ 3000 ...
INFO : loss=0.23 ; accuracy=0.939
INFO : Average F1_score=0.7
INFO : Min F1_score=0.0# classes c | f1(c)<=min(f1_ls) + 0.1 = 28
INFO : Max F1_score=1.0# classes c | f1(c)>=max(f1_ls) - 0.1 = 64
INFO : validation_loss=0.227 ; best_validation_loss=0.229
INFO :  ****** Current epoch: 50 ****** 
INFO : Training sample: 	 1500/ 15000 ...
INFO : Training sample: 	 3000/ 15000 ...
INFO : Training sample: 	 4500/ 15000 ...
INFO : Training sample: 	 6000/ 15000 ...
INFO : Training sample: 	 7500/ 15000 ...
INFO : Training sample: 	 9000/ 15000 ...
INFO : Training sample: 	 10500/ 15000 ...
INFO : Training sample: 	 12000/ 15000 ...
INFO : Training sample: 	 13500/ 15000 ...
INFO : Training sample: 	 15000/ 15000 ...
INFO : loss=0.04 ; accuracy=0.996
INFO : Average F1_score=1.0
INFO : Min F1_score=0.94# classes c | f1(c)<=min(f1_ls) + 0.1 = 150
INFO : Max F1_score=1.0# classes c | f1(c)>=max(f1_ls) - 0.1 = 150
INFO : Evaluation
INFO : Sample: 	 600/ 3000 ...
INFO : Sample: 	 1200/ 3000 ...
INFO : Sample: 	 1800/ 3000 ...
INFO : Sample: 	 2400/ 3000 ...
INFO : Sample: 	 3000/ 3000 ...
INFO : loss=0.22 ; accuracy=0.94
INFO : Average F1_score=0.7
INFO : Min F1_score=0.0# classes c | f1(c)<=min(f1_ls) + 0.1 = 28
INFO : Max F1_score=1.0# classes c | f1(c)>=max(f1_ls) - 0.1 = 64
INFO : validation_loss=0.224 ; best_validation_loss=0.227
INFO :  ****** Current epoch: 51 ****** 
INFO : Training sample: 	 1500/ 15000 ...
INFO : Training sample: 	 3000/ 15000 ...
INFO : Training sample: 	 4500/ 15000 ...
INFO : Training sample: 	 6000/ 15000 ...
INFO : Training sample: 	 7500/ 15000 ...
INFO : Training sample: 	 9000/ 15000 ...
INFO : Training sample: 	 10500/ 15000 ...
INFO : Training sample: 	 12000/ 15000 ...
INFO : Training sample: 	 13500/ 15000 ...
INFO : Training sample: 	 15000/ 15000 ...
INFO : loss=0.03 ; accuracy=0.996
INFO : Average F1_score=1.0
INFO : Min F1_score=0.94# classes c | f1(c)<=min(f1_ls) + 0.1 = 150
INFO : Max F1_score=1.0# classes c | f1(c)>=max(f1_ls) - 0.1 = 150
INFO : Evaluation
INFO : Sample: 	 600/ 3000 ...
INFO : Sample: 	 1200/ 3000 ...
INFO : Sample: 	 1800/ 3000 ...
INFO : Sample: 	 2400/ 3000 ...
INFO : Sample: 	 3000/ 3000 ...
INFO : loss=0.22 ; accuracy=0.941
INFO : Average F1_score=0.7
INFO : Min F1_score=0.0# classes c | f1(c)<=min(f1_ls) + 0.1 = 28
INFO : Max F1_score=1.0# classes c | f1(c)>=max(f1_ls) - 0.1 = 64
INFO : validation_loss=0.222 ; best_validation_loss=0.224
INFO :  ****** Current epoch: 52 ****** 
INFO : Training sample: 	 1500/ 15000 ...
INFO : Training sample: 	 3000/ 15000 ...
INFO : Training sample: 	 4500/ 15000 ...
INFO : Training sample: 	 6000/ 15000 ...
INFO : Training sample: 	 7500/ 15000 ...
INFO : Training sample: 	 9000/ 15000 ...
INFO : Training sample: 	 10500/ 15000 ...
INFO : Training sample: 	 12000/ 15000 ...
INFO : Training sample: 	 13500/ 15000 ...
INFO : Training sample: 	 15000/ 15000 ...
INFO : loss=0.03 ; accuracy=0.996
INFO : Average F1_score=1.0
INFO : Min F1_score=0.94# classes c | f1(c)<=min(f1_ls) + 0.1 = 150
INFO : Max F1_score=1.0# classes c | f1(c)>=max(f1_ls) - 0.1 = 150
INFO : Evaluation
INFO : Sample: 	 600/ 3000 ...
INFO : Sample: 	 1200/ 3000 ...
INFO : Sample: 	 1800/ 3000 ...
INFO : Sample: 	 2400/ 3000 ...
INFO : Sample: 	 3000/ 3000 ...
INFO : loss=0.22 ; accuracy=0.941
INFO : Average F1_score=0.7
INFO : Min F1_score=0.0# classes c | f1(c)<=min(f1_ls) + 0.1 = 28
INFO : Max F1_score=1.0# classes c | f1(c)>=max(f1_ls) - 0.1 = 64
INFO : validation_loss=0.221 ; best_validation_loss=0.222
INFO :  ****** Current epoch: 53 ****** 
INFO : Training sample: 	 1500/ 15000 ...
INFO : Training sample: 	 3000/ 15000 ...
INFO : Training sample: 	 4500/ 15000 ...
INFO : Training sample: 	 6000/ 15000 ...
INFO : Training sample: 	 7500/ 15000 ...
INFO : Training sample: 	 9000/ 15000 ...
INFO : Training sample: 	 10500/ 15000 ...
INFO : Training sample: 	 12000/ 15000 ...
INFO : Training sample: 	 13500/ 15000 ...
INFO : Training sample: 	 15000/ 15000 ...
INFO : loss=0.03 ; accuracy=0.996
INFO : Average F1_score=1.0
INFO : Min F1_score=0.94# classes c | f1(c)<=min(f1_ls) + 0.1 = 150
INFO : Max F1_score=1.0# classes c | f1(c)>=max(f1_ls) - 0.1 = 150
INFO : Evaluation
INFO : Sample: 	 600/ 3000 ...
INFO : Sample: 	 1200/ 3000 ...
INFO : Sample: 	 1800/ 3000 ...
INFO : Sample: 	 2400/ 3000 ...
INFO : Sample: 	 3000/ 3000 ...
INFO : loss=0.22 ; accuracy=0.941
INFO : Average F1_score=0.7
INFO : Min F1_score=0.0# classes c | f1(c)<=min(f1_ls) + 0.1 = 28
INFO : Max F1_score=1.0# classes c | f1(c)>=max(f1_ls) - 0.1 = 64
INFO : validation_loss=0.219 ; best_validation_loss=0.221
INFO :  ****** Current epoch: 54 ****** 
INFO : Training sample: 	 1500/ 15000 ...
INFO : Training sample: 	 3000/ 15000 ...
INFO : Training sample: 	 4500/ 15000 ...
INFO : Training sample: 	 6000/ 15000 ...
INFO : Training sample: 	 7500/ 15000 ...
INFO : Training sample: 	 9000/ 15000 ...
INFO : Training sample: 	 10500/ 15000 ...
INFO : Training sample: 	 12000/ 15000 ...
INFO : Training sample: 	 13500/ 15000 ...
INFO : Training sample: 	 15000/ 15000 ...
INFO : loss=0.03 ; accuracy=0.996
INFO : Average F1_score=1.0
INFO : Min F1_score=0.94# classes c | f1(c)<=min(f1_ls) + 0.1 = 150
INFO : Max F1_score=1.0# classes c | f1(c)>=max(f1_ls) - 0.1 = 150
INFO : Evaluation
INFO : Sample: 	 600/ 3000 ...
INFO : Sample: 	 1200/ 3000 ...
INFO : Sample: 	 1800/ 3000 ...
INFO : Sample: 	 2400/ 3000 ...
INFO : Sample: 	 3000/ 3000 ...
INFO : loss=0.22 ; accuracy=0.942
INFO : Average F1_score=0.71
INFO : Min F1_score=0.0# classes c | f1(c)<=min(f1_ls) + 0.1 = 27
INFO : Max F1_score=1.0# classes c | f1(c)>=max(f1_ls) - 0.1 = 63
INFO : validation_loss=0.217 ; best_validation_loss=0.219
INFO :  ****** Current epoch: 55 ****** 
INFO : Training sample: 	 1500/ 15000 ...
INFO : Training sample: 	 3000/ 15000 ...
INFO : Training sample: 	 4500/ 15000 ...
INFO : Training sample: 	 6000/ 15000 ...
INFO : Training sample: 	 7500/ 15000 ...
INFO : Training sample: 	 9000/ 15000 ...
INFO : Training sample: 	 10500/ 15000 ...
INFO : Training sample: 	 12000/ 15000 ...
INFO : Training sample: 	 13500/ 15000 ...
INFO : Training sample: 	 15000/ 15000 ...
INFO : loss=0.03 ; accuracy=0.996
INFO : Average F1_score=1.0
INFO : Min F1_score=0.94# classes c | f1(c)<=min(f1_ls) + 0.1 = 150
INFO : Max F1_score=1.0# classes c | f1(c)>=max(f1_ls) - 0.1 = 150
INFO : Evaluation
INFO : Sample: 	 600/ 3000 ...
INFO : Sample: 	 1200/ 3000 ...
INFO : Sample: 	 1800/ 3000 ...
INFO : Sample: 	 2400/ 3000 ...
INFO : Sample: 	 3000/ 3000 ...
INFO : loss=0.22 ; accuracy=0.943
INFO : Average F1_score=0.71
INFO : Min F1_score=0.0# classes c | f1(c)<=min(f1_ls) + 0.1 = 26
INFO : Max F1_score=1.0# classes c | f1(c)>=max(f1_ls) - 0.1 = 63
INFO : validation_loss=0.216 ; best_validation_loss=0.217
INFO :  ****** Current epoch: 56 ****** 
INFO : Training sample: 	 1500/ 15000 ...
INFO : Training sample: 	 3000/ 15000 ...
INFO : Training sample: 	 4500/ 15000 ...
INFO : Training sample: 	 6000/ 15000 ...
INFO : Training sample: 	 7500/ 15000 ...
INFO : Training sample: 	 9000/ 15000 ...
INFO : Training sample: 	 10500/ 15000 ...
INFO : Training sample: 	 12000/ 15000 ...
INFO : Training sample: 	 13500/ 15000 ...
INFO : Training sample: 	 15000/ 15000 ...
INFO : loss=0.03 ; accuracy=0.997
INFO : Average F1_score=1.0
INFO : Min F1_score=0.94# classes c | f1(c)<=min(f1_ls) + 0.1 = 150
INFO : Max F1_score=1.0# classes c | f1(c)>=max(f1_ls) - 0.1 = 150
INFO : Evaluation
INFO : Sample: 	 600/ 3000 ...
INFO : Sample: 	 1200/ 3000 ...
INFO : Sample: 	 1800/ 3000 ...
INFO : Sample: 	 2400/ 3000 ...
INFO : Sample: 	 3000/ 3000 ...
INFO : loss=0.21 ; accuracy=0.943
INFO : Average F1_score=0.71
INFO : Min F1_score=0.0# classes c | f1(c)<=min(f1_ls) + 0.1 = 26
INFO : Max F1_score=1.0# classes c | f1(c)>=max(f1_ls) - 0.1 = 63
INFO : validation_loss=0.215 ; best_validation_loss=0.216
INFO :  ****** Current epoch: 57 ****** 
INFO : Training sample: 	 1500/ 15000 ...
INFO : Training sample: 	 3000/ 15000 ...
INFO : Training sample: 	 4500/ 15000 ...
INFO : Training sample: 	 6000/ 15000 ...
INFO : Training sample: 	 7500/ 15000 ...
INFO : Training sample: 	 9000/ 15000 ...
INFO : Training sample: 	 10500/ 15000 ...
INFO : Training sample: 	 12000/ 15000 ...
INFO : Training sample: 	 13500/ 15000 ...
INFO : Training sample: 	 15000/ 15000 ...
INFO : loss=0.03 ; accuracy=0.997
INFO : Average F1_score=1.0
INFO : Min F1_score=0.94# classes c | f1(c)<=min(f1_ls) + 0.1 = 150
INFO : Max F1_score=1.0# classes c | f1(c)>=max(f1_ls) - 0.1 = 150
INFO : Evaluation
INFO : Sample: 	 600/ 3000 ...
INFO : Sample: 	 1200/ 3000 ...
INFO : Sample: 	 1800/ 3000 ...
INFO : Sample: 	 2400/ 3000 ...
INFO : Sample: 	 3000/ 3000 ...
INFO : loss=0.21 ; accuracy=0.943
INFO : Average F1_score=0.71
INFO : Min F1_score=0.0# classes c | f1(c)<=min(f1_ls) + 0.1 = 26
INFO : Max F1_score=1.0# classes c | f1(c)>=max(f1_ls) - 0.1 = 63
INFO : validation_loss=0.213 ; best_validation_loss=0.215
INFO :  ****** Current epoch: 58 ****** 
INFO : Training sample: 	 1500/ 15000 ...
INFO : Training sample: 	 3000/ 15000 ...
INFO : Training sample: 	 4500/ 15000 ...
INFO : Training sample: 	 6000/ 15000 ...
INFO : Training sample: 	 7500/ 15000 ...
INFO : Training sample: 	 9000/ 15000 ...
INFO : Training sample: 	 10500/ 15000 ...
INFO : Training sample: 	 12000/ 15000 ...
INFO : Training sample: 	 13500/ 15000 ...
INFO : Training sample: 	 15000/ 15000 ...
INFO : loss=0.03 ; accuracy=0.997
INFO : Average F1_score=1.0
INFO : Min F1_score=0.95# classes c | f1(c)<=min(f1_ls) + 0.1 = 150
INFO : Max F1_score=1.0# classes c | f1(c)>=max(f1_ls) - 0.1 = 150
INFO : Evaluation
INFO : Sample: 	 600/ 3000 ...
INFO : Sample: 	 1200/ 3000 ...
INFO : Sample: 	 1800/ 3000 ...
INFO : Sample: 	 2400/ 3000 ...
INFO : Sample: 	 3000/ 3000 ...
INFO : loss=0.21 ; accuracy=0.943
INFO : Average F1_score=0.72
INFO : Min F1_score=0.0# classes c | f1(c)<=min(f1_ls) + 0.1 = 25
INFO : Max F1_score=1.0# classes c | f1(c)>=max(f1_ls) - 0.1 = 63
INFO : validation_loss=0.212 ; best_validation_loss=0.213
INFO :  ****** Current epoch: 59 ****** 
INFO : Training sample: 	 1500/ 15000 ...
INFO : Training sample: 	 3000/ 15000 ...
INFO : Training sample: 	 4500/ 15000 ...
INFO : Training sample: 	 6000/ 15000 ...
INFO : Training sample: 	 7500/ 15000 ...
INFO : Training sample: 	 9000/ 15000 ...
INFO : Training sample: 	 10500/ 15000 ...
INFO : Training sample: 	 12000/ 15000 ...
INFO : Training sample: 	 13500/ 15000 ...
INFO : Training sample: 	 15000/ 15000 ...
INFO : loss=0.02 ; accuracy=0.997
INFO : Average F1_score=1.0
INFO : Min F1_score=0.95# classes c | f1(c)<=min(f1_ls) + 0.1 = 150
INFO : Max F1_score=1.0# classes c | f1(c)>=max(f1_ls) - 0.1 = 150
INFO : Evaluation
INFO : Sample: 	 600/ 3000 ...
INFO : Sample: 	 1200/ 3000 ...
INFO : Sample: 	 1800/ 3000 ...
INFO : Sample: 	 2400/ 3000 ...
INFO : Sample: 	 3000/ 3000 ...
INFO : loss=0.21 ; accuracy=0.943
INFO : Average F1_score=0.72
INFO : Min F1_score=0.0# classes c | f1(c)<=min(f1_ls) + 0.1 = 25
INFO : Max F1_score=1.0# classes c | f1(c)>=max(f1_ls) - 0.1 = 63
INFO : validation_loss=0.211 ; best_validation_loss=0.212
INFO :  ****** Current epoch: 60 ****** 
INFO : Training sample: 	 1500/ 15000 ...
INFO : Training sample: 	 3000/ 15000 ...
INFO : Training sample: 	 4500/ 15000 ...
INFO : Training sample: 	 6000/ 15000 ...
INFO : Training sample: 	 7500/ 15000 ...
INFO : Training sample: 	 9000/ 15000 ...
INFO : Training sample: 	 10500/ 15000 ...
INFO : Training sample: 	 12000/ 15000 ...
INFO : Training sample: 	 13500/ 15000 ...
INFO : Training sample: 	 15000/ 15000 ...
INFO : loss=0.02 ; accuracy=0.997
INFO : Average F1_score=1.0
INFO : Min F1_score=0.95# classes c | f1(c)<=min(f1_ls) + 0.1 = 150
INFO : Max F1_score=1.0# classes c | f1(c)>=max(f1_ls) - 0.1 = 150
INFO : Evaluation
INFO : Sample: 	 600/ 3000 ...
INFO : Sample: 	 1200/ 3000 ...
INFO : Sample: 	 1800/ 3000 ...
INFO : Sample: 	 2400/ 3000 ...
INFO : Sample: 	 3000/ 3000 ...
INFO : loss=0.21 ; accuracy=0.943
INFO : Average F1_score=0.72
INFO : Min F1_score=0.0# classes c | f1(c)<=min(f1_ls) + 0.1 = 25
INFO : Max F1_score=1.0# classes c | f1(c)>=max(f1_ls) - 0.1 = 63
INFO : validation_loss=0.21 ; best_validation_loss=0.211
INFO :  ****** Current epoch: 61 ****** 
INFO : Training sample: 	 1500/ 15000 ...
INFO : Training sample: 	 3000/ 15000 ...
INFO : Training sample: 	 4500/ 15000 ...
INFO : Training sample: 	 6000/ 15000 ...
INFO : Training sample: 	 7500/ 15000 ...
INFO : Training sample: 	 9000/ 15000 ...
INFO : Training sample: 	 10500/ 15000 ...
INFO : Training sample: 	 12000/ 15000 ...
INFO : Training sample: 	 13500/ 15000 ...
INFO : Training sample: 	 15000/ 15000 ...
INFO : loss=0.02 ; accuracy=0.997
INFO : Average F1_score=1.0
INFO : Min F1_score=0.95# classes c | f1(c)<=min(f1_ls) + 0.1 = 150
INFO : Max F1_score=1.0# classes c | f1(c)>=max(f1_ls) - 0.1 = 150
INFO : Evaluation
INFO : Sample: 	 600/ 3000 ...
INFO : Sample: 	 1200/ 3000 ...
INFO : Sample: 	 1800/ 3000 ...
INFO : Sample: 	 2400/ 3000 ...
INFO : Sample: 	 3000/ 3000 ...
INFO : loss=0.21 ; accuracy=0.943
INFO : Average F1_score=0.72
INFO : Min F1_score=0.0# classes c | f1(c)<=min(f1_ls) + 0.1 = 25
INFO : Max F1_score=1.0# classes c | f1(c)>=max(f1_ls) - 0.1 = 63
INFO : validation_loss=0.209 ; best_validation_loss=0.21
INFO :  ****** Current epoch: 62 ****** 
INFO : Training sample: 	 1500/ 15000 ...
INFO : Training sample: 	 3000/ 15000 ...
INFO : Training sample: 	 4500/ 15000 ...
INFO : Training sample: 	 6000/ 15000 ...
INFO : Training sample: 	 7500/ 15000 ...
INFO : Training sample: 	 9000/ 15000 ...
INFO : Training sample: 	 10500/ 15000 ...
INFO : Training sample: 	 12000/ 15000 ...
INFO : Training sample: 	 13500/ 15000 ...
INFO : Training sample: 	 15000/ 15000 ...
INFO : loss=0.02 ; accuracy=0.997
INFO : Average F1_score=1.0
INFO : Min F1_score=0.95# classes c | f1(c)<=min(f1_ls) + 0.1 = 150
INFO : Max F1_score=1.0# classes c | f1(c)>=max(f1_ls) - 0.1 = 150
INFO : Evaluation
INFO : Sample: 	 600/ 3000 ...
INFO : Sample: 	 1200/ 3000 ...
INFO : Sample: 	 1800/ 3000 ...
INFO : Sample: 	 2400/ 3000 ...
INFO : Sample: 	 3000/ 3000 ...
INFO : loss=0.21 ; accuracy=0.943
INFO : Average F1_score=0.72
INFO : Min F1_score=0.0# classes c | f1(c)<=min(f1_ls) + 0.1 = 25
INFO : Max F1_score=1.0# classes c | f1(c)>=max(f1_ls) - 0.1 = 63
INFO : validation_loss=0.208 ; best_validation_loss=0.209
INFO :  ****** Current epoch: 63 ****** 
INFO : Training sample: 	 1500/ 15000 ...
INFO : Training sample: 	 3000/ 15000 ...
INFO : Training sample: 	 4500/ 15000 ...
INFO : Training sample: 	 6000/ 15000 ...
INFO : Training sample: 	 7500/ 15000 ...
INFO : Training sample: 	 9000/ 15000 ...
INFO : Training sample: 	 10500/ 15000 ...
INFO : Training sample: 	 12000/ 15000 ...
INFO : Training sample: 	 13500/ 15000 ...
INFO : Training sample: 	 15000/ 15000 ...
INFO : loss=0.02 ; accuracy=0.997
INFO : Average F1_score=1.0
INFO : Min F1_score=0.95# classes c | f1(c)<=min(f1_ls) + 0.1 = 150
INFO : Max F1_score=1.0# classes c | f1(c)>=max(f1_ls) - 0.1 = 150
INFO : Evaluation
INFO : Sample: 	 600/ 3000 ...
INFO : Sample: 	 1200/ 3000 ...
INFO : Sample: 	 1800/ 3000 ...
INFO : Sample: 	 2400/ 3000 ...
INFO : Sample: 	 3000/ 3000 ...
INFO : loss=0.21 ; accuracy=0.943
INFO : Average F1_score=0.72
INFO : Min F1_score=0.0# classes c | f1(c)<=min(f1_ls) + 0.1 = 25
INFO : Max F1_score=1.0# classes c | f1(c)>=max(f1_ls) - 0.1 = 63
INFO : validation_loss=0.208 ; best_validation_loss=0.208
INFO :  ****** Current epoch: 64 ****** 
INFO : Training sample: 	 1500/ 15000 ...
INFO : Training sample: 	 3000/ 15000 ...
INFO : Training sample: 	 4500/ 15000 ...
INFO : Training sample: 	 6000/ 15000 ...
INFO : Training sample: 	 7500/ 15000 ...
INFO : Training sample: 	 9000/ 15000 ...
INFO : Training sample: 	 10500/ 15000 ...
INFO : Training sample: 	 12000/ 15000 ...
INFO : Training sample: 	 13500/ 15000 ...
INFO : Training sample: 	 15000/ 15000 ...
INFO : loss=0.02 ; accuracy=0.997
INFO : Average F1_score=1.0
INFO : Min F1_score=0.95# classes c | f1(c)<=min(f1_ls) + 0.1 = 150
INFO : Max F1_score=1.0# classes c | f1(c)>=max(f1_ls) - 0.1 = 150
INFO : Evaluation
INFO : Sample: 	 600/ 3000 ...
INFO : Sample: 	 1200/ 3000 ...
INFO : Sample: 	 1800/ 3000 ...
INFO : Sample: 	 2400/ 3000 ...
INFO : Sample: 	 3000/ 3000 ...
INFO : loss=0.21 ; accuracy=0.943
INFO : Average F1_score=0.72
INFO : Min F1_score=0.0# classes c | f1(c)<=min(f1_ls) + 0.1 = 25
INFO : Max F1_score=1.0# classes c | f1(c)>=max(f1_ls) - 0.1 = 63
INFO : validation_loss=0.207 ; best_validation_loss=0.208
INFO :  ****** Current epoch: 65 ****** 
INFO : Training sample: 	 1500/ 15000 ...
INFO : Training sample: 	 3000/ 15000 ...
INFO : Training sample: 	 4500/ 15000 ...
INFO : Training sample: 	 6000/ 15000 ...
INFO : Training sample: 	 7500/ 15000 ...
INFO : Training sample: 	 9000/ 15000 ...
INFO : Training sample: 	 10500/ 15000 ...
INFO : Training sample: 	 12000/ 15000 ...
INFO : Training sample: 	 13500/ 15000 ...
INFO : Training sample: 	 15000/ 15000 ...
INFO : loss=0.02 ; accuracy=0.998
INFO : Average F1_score=1.0
INFO : Min F1_score=0.95# classes c | f1(c)<=min(f1_ls) + 0.1 = 150
INFO : Max F1_score=1.0# classes c | f1(c)>=max(f1_ls) - 0.1 = 150
INFO : Evaluation
INFO : Sample: 	 600/ 3000 ...
INFO : Sample: 	 1200/ 3000 ...
INFO : Sample: 	 1800/ 3000 ...
INFO : Sample: 	 2400/ 3000 ...
INFO : Sample: 	 3000/ 3000 ...
INFO : loss=0.21 ; accuracy=0.942
INFO : Average F1_score=0.72
INFO : Min F1_score=0.0# classes c | f1(c)<=min(f1_ls) + 0.1 = 25
INFO : Max F1_score=1.0# classes c | f1(c)>=max(f1_ls) - 0.1 = 63
INFO : validation_loss=0.206 ; best_validation_loss=0.207
INFO :  ****** Current epoch: 66 ****** 
INFO : Training sample: 	 1500/ 15000 ...
INFO : Training sample: 	 3000/ 15000 ...
INFO : Training sample: 	 4500/ 15000 ...
INFO : Training sample: 	 6000/ 15000 ...
INFO : Training sample: 	 7500/ 15000 ...
INFO : Training sample: 	 9000/ 15000 ...
INFO : Training sample: 	 10500/ 15000 ...
INFO : Training sample: 	 12000/ 15000 ...
INFO : Training sample: 	 13500/ 15000 ...
INFO : Training sample: 	 15000/ 15000 ...
INFO : loss=0.02 ; accuracy=0.998
INFO : Average F1_score=1.0
INFO : Min F1_score=0.95# classes c | f1(c)<=min(f1_ls) + 0.1 = 150
INFO : Max F1_score=1.0# classes c | f1(c)>=max(f1_ls) - 0.1 = 150
INFO : Evaluation
INFO : Sample: 	 600/ 3000 ...
INFO : Sample: 	 1200/ 3000 ...
INFO : Sample: 	 1800/ 3000 ...
INFO : Sample: 	 2400/ 3000 ...
INFO : Sample: 	 3000/ 3000 ...
INFO : loss=0.21 ; accuracy=0.942
INFO : Average F1_score=0.72
INFO : Min F1_score=0.0# classes c | f1(c)<=min(f1_ls) + 0.1 = 25
INFO : Max F1_score=1.0# classes c | f1(c)>=max(f1_ls) - 0.1 = 63
INFO : validation_loss=0.206 ; best_validation_loss=0.206
INFO :  ****** Current epoch: 67 ****** 
INFO : Training sample: 	 1500/ 15000 ...
INFO : Training sample: 	 3000/ 15000 ...
INFO : Training sample: 	 4500/ 15000 ...
INFO : Training sample: 	 6000/ 15000 ...
INFO : Training sample: 	 7500/ 15000 ...
INFO : Training sample: 	 9000/ 15000 ...
INFO : Training sample: 	 10500/ 15000 ...
INFO : Training sample: 	 12000/ 15000 ...
INFO : Training sample: 	 13500/ 15000 ...
INFO : Training sample: 	 15000/ 15000 ...
INFO : loss=0.02 ; accuracy=0.998
INFO : Average F1_score=1.0
INFO : Min F1_score=0.95# classes c | f1(c)<=min(f1_ls) + 0.1 = 150
INFO : Max F1_score=1.0# classes c | f1(c)>=max(f1_ls) - 0.1 = 150
INFO : Evaluation
INFO : Sample: 	 600/ 3000 ...
INFO : Sample: 	 1200/ 3000 ...
INFO : Sample: 	 1800/ 3000 ...
INFO : Sample: 	 2400/ 3000 ...
INFO : Sample: 	 3000/ 3000 ...
INFO : loss=0.21 ; accuracy=0.943
INFO : Average F1_score=0.72
INFO : Min F1_score=0.0# classes c | f1(c)<=min(f1_ls) + 0.1 = 25
INFO : Max F1_score=1.0# classes c | f1(c)>=max(f1_ls) - 0.1 = 63
INFO : validation_loss=0.205 ; best_validation_loss=0.206
INFO :  ****** Current epoch: 68 ****** 
INFO : Training sample: 	 1500/ 15000 ...
INFO : Training sample: 	 3000/ 15000 ...
INFO : Training sample: 	 4500/ 15000 ...
INFO : Training sample: 	 6000/ 15000 ...
INFO : Training sample: 	 7500/ 15000 ...
INFO : Training sample: 	 9000/ 15000 ...
INFO : Training sample: 	 10500/ 15000 ...
INFO : Training sample: 	 12000/ 15000 ...
INFO : Training sample: 	 13500/ 15000 ...
INFO : Training sample: 	 15000/ 15000 ...
INFO : loss=0.02 ; accuracy=0.998
INFO : Average F1_score=1.0
INFO : Min F1_score=0.95# classes c | f1(c)<=min(f1_ls) + 0.1 = 150
INFO : Max F1_score=1.0# classes c | f1(c)>=max(f1_ls) - 0.1 = 150
INFO : Evaluation
INFO : Sample: 	 600/ 3000 ...
INFO : Sample: 	 1200/ 3000 ...
INFO : Sample: 	 1800/ 3000 ...
INFO : Sample: 	 2400/ 3000 ...
INFO : Sample: 	 3000/ 3000 ...
INFO : loss=0.2 ; accuracy=0.941
INFO : Average F1_score=0.72
INFO : Min F1_score=0.0# classes c | f1(c)<=min(f1_ls) + 0.1 = 25
INFO : Max F1_score=1.0# classes c | f1(c)>=max(f1_ls) - 0.1 = 63
INFO : validation_loss=0.205 ; best_validation_loss=0.205
INFO :  ****** Current epoch: 69 ****** 
INFO : Training sample: 	 1500/ 15000 ...
INFO : Training sample: 	 3000/ 15000 ...
INFO : Training sample: 	 4500/ 15000 ...
INFO : Training sample: 	 6000/ 15000 ...
INFO : Training sample: 	 7500/ 15000 ...
INFO : Training sample: 	 9000/ 15000 ...
INFO : Training sample: 	 10500/ 15000 ...
INFO : Training sample: 	 12000/ 15000 ...
INFO : Training sample: 	 13500/ 15000 ...
INFO : Training sample: 	 15000/ 15000 ...
INFO : loss=0.02 ; accuracy=0.998
INFO : Average F1_score=1.0
INFO : Min F1_score=0.95# classes c | f1(c)<=min(f1_ls) + 0.1 = 150
INFO : Max F1_score=1.0# classes c | f1(c)>=max(f1_ls) - 0.1 = 150
INFO : Evaluation
INFO : Sample: 	 600/ 3000 ...
INFO : Sample: 	 1200/ 3000 ...
INFO : Sample: 	 1800/ 3000 ...
INFO : Sample: 	 2400/ 3000 ...
INFO : Sample: 	 3000/ 3000 ...
INFO : loss=0.2 ; accuracy=0.942
INFO : Average F1_score=0.73
INFO : Min F1_score=0.0# classes c | f1(c)<=min(f1_ls) + 0.1 = 24
INFO : Max F1_score=1.0# classes c | f1(c)>=max(f1_ls) - 0.1 = 63
INFO : validation_loss=0.204 ; best_validation_loss=0.205
INFO :  ****** Current epoch: 70 ****** 
INFO : Training sample: 	 1500/ 15000 ...
INFO : Training sample: 	 3000/ 15000 ...
INFO : Training sample: 	 4500/ 15000 ...
INFO : Training sample: 	 6000/ 15000 ...
INFO : Training sample: 	 7500/ 15000 ...
INFO : Training sample: 	 9000/ 15000 ...
INFO : Training sample: 	 10500/ 15000 ...
INFO : Training sample: 	 12000/ 15000 ...
INFO : Training sample: 	 13500/ 15000 ...
INFO : Training sample: 	 15000/ 15000 ...
INFO : loss=0.02 ; accuracy=0.998
INFO : Average F1_score=1.0
INFO : Min F1_score=0.95# classes c | f1(c)<=min(f1_ls) + 0.1 = 150
INFO : Max F1_score=1.0# classes c | f1(c)>=max(f1_ls) - 0.1 = 150
INFO : Evaluation
INFO : Sample: 	 600/ 3000 ...
INFO : Sample: 	 1200/ 3000 ...
INFO : Sample: 	 1800/ 3000 ...
INFO : Sample: 	 2400/ 3000 ...
INFO : Sample: 	 3000/ 3000 ...
INFO : loss=0.2 ; accuracy=0.942
INFO : Average F1_score=0.73
INFO : Min F1_score=0.0# classes c | f1(c)<=min(f1_ls) + 0.1 = 24
INFO : Max F1_score=1.0# classes c | f1(c)>=max(f1_ls) - 0.1 = 63
INFO : validation_loss=0.204 ; best_validation_loss=0.204
INFO :  ****** Current epoch: 71 ****** 
INFO : Training sample: 	 1500/ 15000 ...
INFO : Training sample: 	 3000/ 15000 ...
INFO : Training sample: 	 4500/ 15000 ...
INFO : Training sample: 	 6000/ 15000 ...
INFO : Training sample: 	 7500/ 15000 ...
INFO : Training sample: 	 9000/ 15000 ...
INFO : Training sample: 	 10500/ 15000 ...
INFO : Training sample: 	 12000/ 15000 ...
INFO : Training sample: 	 13500/ 15000 ...
INFO : Training sample: 	 15000/ 15000 ...
INFO : loss=0.02 ; accuracy=0.998
INFO : Average F1_score=1.0
INFO : Min F1_score=0.95# classes c | f1(c)<=min(f1_ls) + 0.1 = 150
INFO : Max F1_score=1.0# classes c | f1(c)>=max(f1_ls) - 0.1 = 150
INFO : Evaluation
INFO : Sample: 	 600/ 3000 ...
INFO : Sample: 	 1200/ 3000 ...
INFO : Sample: 	 1800/ 3000 ...
INFO : Sample: 	 2400/ 3000 ...
INFO : Sample: 	 3000/ 3000 ...
INFO : loss=0.2 ; accuracy=0.943
INFO : Average F1_score=0.73
INFO : Min F1_score=0.0# classes c | f1(c)<=min(f1_ls) + 0.1 = 23
INFO : Max F1_score=1.0# classes c | f1(c)>=max(f1_ls) - 0.1 = 63
INFO : validation_loss=0.204 ; best_validation_loss=0.204
INFO :  ****** Current epoch: 72 ****** 
INFO : Training sample: 	 1500/ 15000 ...
INFO : Training sample: 	 3000/ 15000 ...
INFO : Training sample: 	 4500/ 15000 ...
INFO : Training sample: 	 6000/ 15000 ...
INFO : Training sample: 	 7500/ 15000 ...
INFO : Training sample: 	 9000/ 15000 ...
INFO : Training sample: 	 10500/ 15000 ...
INFO : Training sample: 	 12000/ 15000 ...
INFO : Training sample: 	 13500/ 15000 ...
INFO : Training sample: 	 15000/ 15000 ...
INFO : loss=0.02 ; accuracy=0.998
INFO : Average F1_score=1.0
INFO : Min F1_score=0.95# classes c | f1(c)<=min(f1_ls) + 0.1 = 150
INFO : Max F1_score=1.0# classes c | f1(c)>=max(f1_ls) - 0.1 = 150
INFO : Evaluation
INFO : Sample: 	 600/ 3000 ...
INFO : Sample: 	 1200/ 3000 ...
INFO : Sample: 	 1800/ 3000 ...
INFO : Sample: 	 2400/ 3000 ...
INFO : Sample: 	 3000/ 3000 ...
INFO : loss=0.2 ; accuracy=0.943
INFO : Average F1_score=0.73
INFO : Min F1_score=0.0# classes c | f1(c)<=min(f1_ls) + 0.1 = 23
INFO : Max F1_score=1.0# classes c | f1(c)>=max(f1_ls) - 0.1 = 64
INFO : validation_loss=0.203 ; best_validation_loss=0.204
INFO :  ****** Current epoch: 73 ****** 
INFO : Training sample: 	 1500/ 15000 ...
INFO : Training sample: 	 3000/ 15000 ...
INFO : Training sample: 	 4500/ 15000 ...
INFO : Training sample: 	 6000/ 15000 ...
INFO : Training sample: 	 7500/ 15000 ...
INFO : Training sample: 	 9000/ 15000 ...
INFO : Training sample: 	 10500/ 15000 ...
INFO : Training sample: 	 12000/ 15000 ...
INFO : Training sample: 	 13500/ 15000 ...
INFO : Training sample: 	 15000/ 15000 ...
INFO : loss=0.02 ; accuracy=0.998
INFO : Average F1_score=1.0
INFO : Min F1_score=0.95# classes c | f1(c)<=min(f1_ls) + 0.1 = 150
INFO : Max F1_score=1.0# classes c | f1(c)>=max(f1_ls) - 0.1 = 150
INFO : Evaluation
INFO : Sample: 	 600/ 3000 ...
INFO : Sample: 	 1200/ 3000 ...
INFO : Sample: 	 1800/ 3000 ...
INFO : Sample: 	 2400/ 3000 ...
INFO : Sample: 	 3000/ 3000 ...
INFO : loss=0.2 ; accuracy=0.944
INFO : Average F1_score=0.73
INFO : Min F1_score=0.0# classes c | f1(c)<=min(f1_ls) + 0.1 = 23
INFO : Max F1_score=1.0# classes c | f1(c)>=max(f1_ls) - 0.1 = 64
INFO : validation_loss=0.203 ; best_validation_loss=0.203
INFO :  ****** Current epoch: 74 ****** 
INFO : Training sample: 	 1500/ 15000 ...
INFO : Training sample: 	 3000/ 15000 ...
INFO : Training sample: 	 4500/ 15000 ...
INFO : Training sample: 	 6000/ 15000 ...
INFO : Training sample: 	 7500/ 15000 ...
INFO : Training sample: 	 9000/ 15000 ...
INFO : Training sample: 	 10500/ 15000 ...
INFO : Training sample: 	 12000/ 15000 ...
INFO : Training sample: 	 13500/ 15000 ...
INFO : Training sample: 	 15000/ 15000 ...
INFO : loss=0.01 ; accuracy=0.998
INFO : Average F1_score=1.0
INFO : Min F1_score=0.96# classes c | f1(c)<=min(f1_ls) + 0.1 = 150
INFO : Max F1_score=1.0# classes c | f1(c)>=max(f1_ls) - 0.1 = 150
INFO : Evaluation
INFO : Sample: 	 600/ 3000 ...
INFO : Sample: 	 1200/ 3000 ...
INFO : Sample: 	 1800/ 3000 ...
INFO : Sample: 	 2400/ 3000 ...
INFO : Sample: 	 3000/ 3000 ...
INFO : loss=0.2 ; accuracy=0.944
INFO : Average F1_score=0.73
INFO : Min F1_score=0.0# classes c | f1(c)<=min(f1_ls) + 0.1 = 23
INFO : Max F1_score=1.0# classes c | f1(c)>=max(f1_ls) - 0.1 = 64
INFO : validation_loss=0.203 ; best_validation_loss=0.203
INFO :  ****** Current epoch: 75 ****** 
INFO : Training sample: 	 1500/ 15000 ...
INFO : Training sample: 	 3000/ 15000 ...
INFO : Training sample: 	 4500/ 15000 ...
INFO : Training sample: 	 6000/ 15000 ...
INFO : Training sample: 	 7500/ 15000 ...
INFO : Training sample: 	 9000/ 15000 ...
INFO : Training sample: 	 10500/ 15000 ...
INFO : Training sample: 	 12000/ 15000 ...
INFO : Training sample: 	 13500/ 15000 ...
INFO : Training sample: 	 15000/ 15000 ...
INFO : loss=0.01 ; accuracy=0.998
INFO : Average F1_score=1.0
INFO : Min F1_score=0.96# classes c | f1(c)<=min(f1_ls) + 0.1 = 150
INFO : Max F1_score=1.0# classes c | f1(c)>=max(f1_ls) - 0.1 = 150
INFO : Evaluation
INFO : Sample: 	 600/ 3000 ...
INFO : Sample: 	 1200/ 3000 ...
INFO : Sample: 	 1800/ 3000 ...
INFO : Sample: 	 2400/ 3000 ...
INFO : Sample: 	 3000/ 3000 ...
INFO : loss=0.2 ; accuracy=0.944
INFO : Average F1_score=0.73
INFO : Min F1_score=0.0# classes c | f1(c)<=min(f1_ls) + 0.1 = 23
INFO : Max F1_score=1.0# classes c | f1(c)>=max(f1_ls) - 0.1 = 64
INFO : validation_loss=0.203 ; best_validation_loss=0.203
INFO :  ****** Current epoch: 76 ****** 
INFO : Training sample: 	 1500/ 15000 ...
INFO : Training sample: 	 3000/ 15000 ...
INFO : Training sample: 	 4500/ 15000 ...
INFO : Training sample: 	 6000/ 15000 ...
INFO : Training sample: 	 7500/ 15000 ...
INFO : Training sample: 	 9000/ 15000 ...
INFO : Training sample: 	 10500/ 15000 ...
INFO : Training sample: 	 12000/ 15000 ...
INFO : Training sample: 	 13500/ 15000 ...
INFO : Training sample: 	 15000/ 15000 ...
INFO : loss=0.01 ; accuracy=0.998
INFO : Average F1_score=1.0
INFO : Min F1_score=0.96# classes c | f1(c)<=min(f1_ls) + 0.1 = 150
INFO : Max F1_score=1.0# classes c | f1(c)>=max(f1_ls) - 0.1 = 150
INFO : Evaluation
INFO : Sample: 	 600/ 3000 ...
INFO : Sample: 	 1200/ 3000 ...
INFO : Sample: 	 1800/ 3000 ...
INFO : Sample: 	 2400/ 3000 ...
INFO : Sample: 	 3000/ 3000 ...
INFO : loss=0.2 ; accuracy=0.944
INFO : Average F1_score=0.73
INFO : Min F1_score=0.0# classes c | f1(c)<=min(f1_ls) + 0.1 = 23
INFO : Max F1_score=1.0# classes c | f1(c)>=max(f1_ls) - 0.1 = 64
INFO : validation_loss=0.203 ; best_validation_loss=0.203
INFO :  ****** Current epoch: 77 ****** 
INFO : Training sample: 	 1500/ 15000 ...
INFO : Training sample: 	 3000/ 15000 ...
INFO : Training sample: 	 4500/ 15000 ...
INFO : Training sample: 	 6000/ 15000 ...
INFO : Training sample: 	 7500/ 15000 ...
INFO : Training sample: 	 9000/ 15000 ...
INFO : Training sample: 	 10500/ 15000 ...
INFO : Training sample: 	 12000/ 15000 ...
INFO : Training sample: 	 13500/ 15000 ...
INFO : Training sample: 	 15000/ 15000 ...
INFO : loss=0.01 ; accuracy=0.998
INFO : Average F1_score=1.0
INFO : Min F1_score=0.96# classes c | f1(c)<=min(f1_ls) + 0.1 = 150
INFO : Max F1_score=1.0# classes c | f1(c)>=max(f1_ls) - 0.1 = 150
INFO : Evaluation
INFO : Sample: 	 600/ 3000 ...
INFO : Sample: 	 1200/ 3000 ...
INFO : Sample: 	 1800/ 3000 ...
INFO : Sample: 	 2400/ 3000 ...
INFO : Sample: 	 3000/ 3000 ...
INFO : loss=0.2 ; accuracy=0.944
INFO : Average F1_score=0.73
INFO : Min F1_score=0.0# classes c | f1(c)<=min(f1_ls) + 0.1 = 23
INFO : Max F1_score=1.0# classes c | f1(c)>=max(f1_ls) - 0.1 = 64
INFO : validation_loss=0.203 ; best_validation_loss=0.203
INFO :  ****** Current epoch: 78 ****** 
INFO : Training sample: 	 1500/ 15000 ...
INFO : Training sample: 	 3000/ 15000 ...
INFO : Training sample: 	 4500/ 15000 ...
INFO : Training sample: 	 6000/ 15000 ...
INFO : Training sample: 	 7500/ 15000 ...
INFO : Training sample: 	 9000/ 15000 ...
INFO : Training sample: 	 10500/ 15000 ...
INFO : Training sample: 	 12000/ 15000 ...
INFO : Training sample: 	 13500/ 15000 ...
INFO : Training sample: 	 15000/ 15000 ...
INFO : loss=0.01 ; accuracy=0.998
INFO : Average F1_score=1.0
INFO : Min F1_score=0.96# classes c | f1(c)<=min(f1_ls) + 0.1 = 150
INFO : Max F1_score=1.0# classes c | f1(c)>=max(f1_ls) - 0.1 = 150
INFO : Evaluation
INFO : Sample: 	 600/ 3000 ...
INFO : Sample: 	 1200/ 3000 ...
INFO : Sample: 	 1800/ 3000 ...
INFO : Sample: 	 2400/ 3000 ...
INFO : Sample: 	 3000/ 3000 ...
INFO : loss=0.2 ; accuracy=0.944
INFO : Average F1_score=0.73
INFO : Min F1_score=0.0# classes c | f1(c)<=min(f1_ls) + 0.1 = 23
INFO : Max F1_score=1.0# classes c | f1(c)>=max(f1_ls) - 0.1 = 64
INFO : validation_loss=0.203 ; best_validation_loss=0.203
INFO :  ****** Current epoch: 79 ****** 
INFO : Training sample: 	 1500/ 15000 ...
INFO : Training sample: 	 3000/ 15000 ...
INFO : Training sample: 	 4500/ 15000 ...
INFO : Training sample: 	 6000/ 15000 ...
INFO : Training sample: 	 7500/ 15000 ...
INFO : Training sample: 	 9000/ 15000 ...
INFO : Training sample: 	 10500/ 15000 ...
INFO : Training sample: 	 12000/ 15000 ...
INFO : Training sample: 	 13500/ 15000 ...
INFO : Training sample: 	 15000/ 15000 ...
INFO : loss=0.01 ; accuracy=0.998
INFO : Average F1_score=1.0
INFO : Min F1_score=0.96# classes c | f1(c)<=min(f1_ls) + 0.1 = 150
INFO : Max F1_score=1.0# classes c | f1(c)>=max(f1_ls) - 0.1 = 150
INFO : Evaluation
INFO : Sample: 	 600/ 3000 ...
INFO : Sample: 	 1200/ 3000 ...
INFO : Sample: 	 1800/ 3000 ...
INFO : Sample: 	 2400/ 3000 ...
INFO : Sample: 	 3000/ 3000 ...
INFO : loss=0.2 ; accuracy=0.944
INFO : Average F1_score=0.73
INFO : Min F1_score=0.0# classes c | f1(c)<=min(f1_ls) + 0.1 = 23
INFO : Max F1_score=1.0# classes c | f1(c)>=max(f1_ls) - 0.1 = 64
INFO : validation_loss=0.203 ; best_validation_loss=0.203
INFO :  ****** Current epoch: 80 ****** 
INFO : Training sample: 	 1500/ 15000 ...
INFO : Training sample: 	 3000/ 15000 ...
INFO : Training sample: 	 4500/ 15000 ...
INFO : Training sample: 	 6000/ 15000 ...
INFO : Training sample: 	 7500/ 15000 ...
INFO : Training sample: 	 9000/ 15000 ...
INFO : Training sample: 	 10500/ 15000 ...
INFO : Training sample: 	 12000/ 15000 ...
INFO : Training sample: 	 13500/ 15000 ...
INFO : Training sample: 	 15000/ 15000 ...
INFO : loss=0.01 ; accuracy=0.998
INFO : Average F1_score=1.0
INFO : Min F1_score=0.96# classes c | f1(c)<=min(f1_ls) + 0.1 = 150
INFO : Max F1_score=1.0# classes c | f1(c)>=max(f1_ls) - 0.1 = 150
INFO : Evaluation
INFO : Sample: 	 600/ 3000 ...
INFO : Sample: 	 1200/ 3000 ...
INFO : Sample: 	 1800/ 3000 ...
INFO : Sample: 	 2400/ 3000 ...
INFO : Sample: 	 3000/ 3000 ...
INFO : loss=0.2 ; accuracy=0.945
INFO : Average F1_score=0.73
INFO : Min F1_score=0.0# classes c | f1(c)<=min(f1_ls) + 0.1 = 23
INFO : Max F1_score=1.0# classes c | f1(c)>=max(f1_ls) - 0.1 = 65
INFO : validation_loss=0.203 ; best_validation_loss=0.203
INFO :  ****** Current epoch: 81 ****** 
INFO : Training sample: 	 1500/ 15000 ...
INFO : Training sample: 	 3000/ 15000 ...
INFO : Training sample: 	 4500/ 15000 ...
INFO : Training sample: 	 6000/ 15000 ...
INFO : Training sample: 	 7500/ 15000 ...
INFO : Training sample: 	 9000/ 15000 ...
INFO : Training sample: 	 10500/ 15000 ...
INFO : Training sample: 	 12000/ 15000 ...
INFO : Training sample: 	 13500/ 15000 ...
INFO : Training sample: 	 15000/ 15000 ...
INFO : loss=0.01 ; accuracy=0.998
INFO : Average F1_score=1.0
INFO : Min F1_score=0.96# classes c | f1(c)<=min(f1_ls) + 0.1 = 150
INFO : Max F1_score=1.0# classes c | f1(c)>=max(f1_ls) - 0.1 = 150
INFO : Evaluation
INFO : Sample: 	 600/ 3000 ...
INFO : Sample: 	 1200/ 3000 ...
INFO : Sample: 	 1800/ 3000 ...
INFO : Sample: 	 2400/ 3000 ...
INFO : Sample: 	 3000/ 3000 ...
INFO : loss=0.2 ; accuracy=0.945
INFO : Average F1_score=0.73
INFO : Min F1_score=0.0# classes c | f1(c)<=min(f1_ls) + 0.1 = 23
INFO : Max F1_score=1.0# classes c | f1(c)>=max(f1_ls) - 0.1 = 66
INFO : validation_loss=0.203 ; best_validation_loss=0.203
INFO : Early stopping
INFO : Evaluation
INFO : Sample: 	 900/ 4500 ...
INFO : Sample: 	 1800/ 4500 ...
INFO : Sample: 	 2700/ 4500 ...
INFO : Sample: 	 3600/ 4500 ...
INFO : Sample: 	 4500/ 4500 ...
INFO : loss=0.18 ; accuracy=0.947
INFO : Average F1_score=0.67
INFO : Min F1_score=0.0# classes c | f1(c)<=min(f1_ls) + 0.1 = 33
INFO : Max F1_score=1.0# classes c | f1(c)>=max(f1_ls) - 0.1 = 68
