INFO : Starting training...
INFO : batch_size=4, learning_rate=0.0005
INFO : class_names = ['accept_reservations', 'account_blocked', 'alarm', 'application_status', 'apr', 'are_you_a_bot', 'balance', 'bill_balance', 'bill_due', 'book_flight', 'book_hotel', 'calculator', 'calendar', 'calendar_update', 'calories', 'cancel', 'cancel_reservation', 'car_rental', 'card_declined', 'carry_on', 'change_accent', 'change_ai_name', 'change_language', 'change_speed', 'change_user_name', 'change_volume', 'confirm_reservation', 'cook_time', 'credit_limit', 'credit_limit_change', 'credit_score', 'current_location', 'damaged_card', 'date', 'definition', 'direct_deposit', 'directions', 'distance', 'do_you_have_pets', 'exchange_rate', 'expiration_date', 'find_phone', 'flight_status', 'flip_coin', 'food_last', 'freeze_account', 'fun_fact', 'gas', 'gas_type', 'goodbye', 'greeting', 'how_busy', 'how_old_are_you', 'improve_credit_score', 'income', 'ingredient_substitution', 'ingredients_list', 'insurance', 'insurance_change', 'interest_rate', 'international_fees', 'international_visa', 'jump_start', 'last_maintenance', 'lost_luggage', 'make_call', 'maybe', 'meal_suggestion', 'meaning_of_life', 'measurement_conversion', 'meeting_schedule', 'min_payment', 'mpg', 'new_card', 'next_holiday', 'next_song', 'no', 'nutrition_info', 'oil_change_how', 'oil_change_when', 'order', 'order_checks', 'order_status', 'pay_bill', 'payday', 'pin_change', 'play_music', 'plug_type', 'pto_balance', 'pto_request', 'pto_request_status', 'pto_used', 'recipe', 'redeem_rewards', 'reminder', 'reminder_update', 'repeat', 'replacement_card_duration', 'report_fraud', 'report_lost_card', 'reset_settings', 'restaurant_reservation', 'restaurant_reviews', 'restaurant_suggestion', 'rewards_balance', 'roll_dice', 'rollover_401k', 'routing', 'schedule_maintenance', 'schedule_meeting', 'share_location', 'shopping_list', 'shopping_list_update', 'smart_home', 'spelling', 'spending_history', 'sync_device', 'taxes', 'tell_joke', 'text', 'thank_you', 'time', 'timer', 'timezone', 'tire_change', 'tire_pressure', 'todo_list', 'todo_list_update', 'traffic', 'transactions', 'transfer', 'translate', 'travel_alert', 'travel_notification', 'travel_suggestion', 'uber', 'update_playlist', 'user_name', 'vaccines', 'w2', 'weather', 'what_are_your_hobbies', 'what_can_i_ask_you', 'what_is_your_name', 'what_song', 'where_are_you_from', 'whisper_mode', 'who_do_you_work_for', 'who_made_you', 'yes']
INFO :  ****** Current epoch: 1 ****** 
INFO : Training sample: 	 1500/ 15000 ...
INFO : Training sample: 	 3000/ 15000 ...
INFO : Training sample: 	 4500/ 15000 ...
INFO : Training sample: 	 6000/ 15000 ...
INFO : Training sample: 	 7500/ 15000 ...
INFO : Training sample: 	 9000/ 15000 ...
INFO : Training sample: 	 10500/ 15000 ...
INFO : Training sample: 	 12000/ 15000 ...
INFO : Training sample: 	 13500/ 15000 ...
INFO : Training sample: 	 15000/ 15000 ...
INFO : loss=4.07 ; accuracy=0.171
INFO : Average F1_score=0.17
INFO : Min F1_score=0.0# classes c | f1(c)<=min(f1_ls) + 0.1 = 39
INFO : Max F1_score=0.43# classes c | f1(c)>=max(f1_ls) - 0.1 = 8
INFO : Evaluation
INFO : Sample: 	 600/ 3000 ...
INFO : Sample: 	 1200/ 3000 ...
INFO : Sample: 	 1800/ 3000 ...
INFO : Sample: 	 2400/ 3000 ...
INFO : Sample: 	 3000/ 3000 ...
INFO : loss=3.75 ; accuracy=0.103
INFO : Average F1_score=0.07
INFO : Min F1_score=0.0# classes c | f1(c)<=min(f1_ls) + 0.1 = 95
INFO : Max F1_score=0.92# classes c | f1(c)>=max(f1_ls) - 0.1 = 4
INFO : validation_loss=3.753 ; best_validation_loss=inf
INFO :  ****** Current epoch: 2 ****** 
INFO : Training sample: 	 1500/ 15000 ...
INFO : Training sample: 	 3000/ 15000 ...
INFO : Training sample: 	 4500/ 15000 ...
INFO : Training sample: 	 6000/ 15000 ...
INFO : Training sample: 	 7500/ 15000 ...
INFO : Training sample: 	 9000/ 15000 ...
INFO : Training sample: 	 10500/ 15000 ...
INFO : Training sample: 	 12000/ 15000 ...
INFO : Training sample: 	 13500/ 15000 ...
INFO : Training sample: 	 15000/ 15000 ...
INFO : loss=1.28 ; accuracy=0.68
INFO : Average F1_score=0.68
INFO : Min F1_score=0.38# classes c | f1(c)<=min(f1_ls) + 0.1 = 6
INFO : Max F1_score=0.98# classes c | f1(c)>=max(f1_ls) - 0.1 = 10
INFO : Evaluation
INFO : Sample: 	 600/ 3000 ...
INFO : Sample: 	 1200/ 3000 ...
INFO : Sample: 	 1800/ 3000 ...
INFO : Sample: 	 2400/ 3000 ...
INFO : Sample: 	 3000/ 3000 ...
INFO : loss=3.17 ; accuracy=0.199
INFO : Average F1_score=0.14
INFO : Min F1_score=0.0# classes c | f1(c)<=min(f1_ls) + 0.1 = 97
INFO : Max F1_score=1.0# classes c | f1(c)>=max(f1_ls) - 0.1 = 5
INFO : validation_loss=3.173 ; best_validation_loss=3.753
INFO :  ****** Current epoch: 3 ****** 
INFO : Training sample: 	 1500/ 15000 ...
INFO : Training sample: 	 3000/ 15000 ...
INFO : Training sample: 	 4500/ 15000 ...
INFO : Training sample: 	 6000/ 15000 ...
INFO : Training sample: 	 7500/ 15000 ...
INFO : Training sample: 	 9000/ 15000 ...
INFO : Training sample: 	 10500/ 15000 ...
INFO : Training sample: 	 12000/ 15000 ...
INFO : Training sample: 	 13500/ 15000 ...
INFO : Training sample: 	 15000/ 15000 ...
INFO : loss=0.53 ; accuracy=0.86
INFO : Average F1_score=0.86
INFO : Min F1_score=0.65# classes c | f1(c)<=min(f1_ls) + 0.1 = 25
INFO : Max F1_score=1.0# classes c | f1(c)>=max(f1_ls) - 0.1 = 58
INFO : Evaluation
INFO : Sample: 	 600/ 3000 ...
INFO : Sample: 	 1200/ 3000 ...
INFO : Sample: 	 1800/ 3000 ...
INFO : Sample: 	 2400/ 3000 ...
INFO : Sample: 	 3000/ 3000 ...
INFO : loss=2.48 ; accuracy=0.333
INFO : Average F1_score=0.23
INFO : Min F1_score=0.0# classes c | f1(c)<=min(f1_ls) + 0.1 = 83
INFO : Max F1_score=1.0# classes c | f1(c)>=max(f1_ls) - 0.1 = 11
INFO : validation_loss=2.475 ; best_validation_loss=3.173
INFO :  ****** Current epoch: 4 ****** 
INFO : Training sample: 	 1500/ 15000 ...
INFO : Training sample: 	 3000/ 15000 ...
INFO : Training sample: 	 4500/ 15000 ...
INFO : Training sample: 	 6000/ 15000 ...
INFO : Training sample: 	 7500/ 15000 ...
INFO : Training sample: 	 9000/ 15000 ...
INFO : Training sample: 	 10500/ 15000 ...
INFO : Training sample: 	 12000/ 15000 ...
INFO : Training sample: 	 13500/ 15000 ...
INFO : Training sample: 	 15000/ 15000 ...
INFO : loss=0.31 ; accuracy=0.92
INFO : Average F1_score=0.92
INFO : Min F1_score=0.74# classes c | f1(c)<=min(f1_ls) + 0.1 = 21
INFO : Max F1_score=1.0# classes c | f1(c)>=max(f1_ls) - 0.1 = 102
INFO : Evaluation
INFO : Sample: 	 600/ 3000 ...
INFO : Sample: 	 1200/ 3000 ...
INFO : Sample: 	 1800/ 3000 ...
INFO : Sample: 	 2400/ 3000 ...
INFO : Sample: 	 3000/ 3000 ...
INFO : loss=1.95 ; accuracy=0.462
INFO : Average F1_score=0.31
INFO : Min F1_score=0.0# classes c | f1(c)<=min(f1_ls) + 0.1 = 70
INFO : Max F1_score=1.0# classes c | f1(c)>=max(f1_ls) - 0.1 = 16
INFO : validation_loss=1.948 ; best_validation_loss=2.475
INFO :  ****** Current epoch: 5 ****** 
INFO : Training sample: 	 1500/ 15000 ...
INFO : Training sample: 	 3000/ 15000 ...
INFO : Training sample: 	 4500/ 15000 ...
INFO : Training sample: 	 6000/ 15000 ...
INFO : Training sample: 	 7500/ 15000 ...
INFO : Training sample: 	 9000/ 15000 ...
INFO : Training sample: 	 10500/ 15000 ...
INFO : Training sample: 	 12000/ 15000 ...
INFO : Training sample: 	 13500/ 15000 ...
INFO : Training sample: 	 15000/ 15000 ...
INFO : loss=0.21 ; accuracy=0.947
INFO : Average F1_score=0.95
INFO : Min F1_score=0.77# classes c | f1(c)<=min(f1_ls) + 0.1 = 16
INFO : Max F1_score=1.0# classes c | f1(c)>=max(f1_ls) - 0.1 = 125
INFO : Evaluation
INFO : Sample: 	 600/ 3000 ...
INFO : Sample: 	 1200/ 3000 ...
INFO : Sample: 	 1800/ 3000 ...
INFO : Sample: 	 2400/ 3000 ...
INFO : Sample: 	 3000/ 3000 ...
INFO : loss=1.62 ; accuracy=0.559
INFO : Average F1_score=0.36
INFO : Min F1_score=0.0# classes c | f1(c)<=min(f1_ls) + 0.1 = 67
INFO : Max F1_score=1.0# classes c | f1(c)>=max(f1_ls) - 0.1 = 27
INFO : validation_loss=1.618 ; best_validation_loss=1.948
INFO :  ****** Current epoch: 6 ****** 
INFO : Training sample: 	 1500/ 15000 ...
INFO : Training sample: 	 3000/ 15000 ...
INFO : Training sample: 	 4500/ 15000 ...
INFO : Training sample: 	 6000/ 15000 ...
INFO : Training sample: 	 7500/ 15000 ...
INFO : Training sample: 	 9000/ 15000 ...
INFO : Training sample: 	 10500/ 15000 ...
INFO : Training sample: 	 12000/ 15000 ...
INFO : Training sample: 	 13500/ 15000 ...
INFO : Training sample: 	 15000/ 15000 ...
INFO : loss=0.15 ; accuracy=0.962
INFO : Average F1_score=0.96
INFO : Min F1_score=0.81# classes c | f1(c)<=min(f1_ls) + 0.1 = 18
INFO : Max F1_score=1.0# classes c | f1(c)>=max(f1_ls) - 0.1 = 138
INFO : Evaluation
INFO : Sample: 	 600/ 3000 ...
INFO : Sample: 	 1200/ 3000 ...
INFO : Sample: 	 1800/ 3000 ...
INFO : Sample: 	 2400/ 3000 ...
INFO : Sample: 	 3000/ 3000 ...
INFO : loss=1.42 ; accuracy=0.627
INFO : Average F1_score=0.42
INFO : Min F1_score=0.0# classes c | f1(c)<=min(f1_ls) + 0.1 = 56
INFO : Max F1_score=1.0# classes c | f1(c)>=max(f1_ls) - 0.1 = 31
INFO : validation_loss=1.423 ; best_validation_loss=1.618
INFO :  ****** Current epoch: 7 ****** 
INFO : Training sample: 	 1500/ 15000 ...
INFO : Training sample: 	 3000/ 15000 ...
INFO : Training sample: 	 4500/ 15000 ...
INFO : Training sample: 	 6000/ 15000 ...
INFO : Training sample: 	 7500/ 15000 ...
INFO : Training sample: 	 9000/ 15000 ...
INFO : Training sample: 	 10500/ 15000 ...
INFO : Training sample: 	 12000/ 15000 ...
INFO : Training sample: 	 13500/ 15000 ...
INFO : Training sample: 	 15000/ 15000 ...
INFO : loss=0.12 ; accuracy=0.97
INFO : Average F1_score=0.97
INFO : Min F1_score=0.82# classes c | f1(c)<=min(f1_ls) + 0.1 = 13
INFO : Max F1_score=1.0# classes c | f1(c)>=max(f1_ls) - 0.1 = 141
INFO : Evaluation
INFO : Sample: 	 600/ 3000 ...
INFO : Sample: 	 1200/ 3000 ...
INFO : Sample: 	 1800/ 3000 ...
INFO : Sample: 	 2400/ 3000 ...
INFO : Sample: 	 3000/ 3000 ...
INFO : loss=1.29 ; accuracy=0.663
INFO : Average F1_score=0.45
INFO : Min F1_score=0.0# classes c | f1(c)<=min(f1_ls) + 0.1 = 54
INFO : Max F1_score=1.0# classes c | f1(c)>=max(f1_ls) - 0.1 = 34
INFO : validation_loss=1.292 ; best_validation_loss=1.423
INFO :  ****** Current epoch: 8 ****** 
INFO : Training sample: 	 1500/ 15000 ...
INFO : Training sample: 	 3000/ 15000 ...
INFO : Training sample: 	 4500/ 15000 ...
INFO : Training sample: 	 6000/ 15000 ...
INFO : Training sample: 	 7500/ 15000 ...
INFO : Training sample: 	 9000/ 15000 ...
INFO : Training sample: 	 10500/ 15000 ...
INFO : Training sample: 	 12000/ 15000 ...
INFO : Training sample: 	 13500/ 15000 ...
INFO : Training sample: 	 15000/ 15000 ...
INFO : loss=0.1 ; accuracy=0.977
INFO : Average F1_score=0.98
INFO : Min F1_score=0.82# classes c | f1(c)<=min(f1_ls) + 0.1 = 9
INFO : Max F1_score=1.0# classes c | f1(c)>=max(f1_ls) - 0.1 = 142
INFO : Evaluation
INFO : Sample: 	 600/ 3000 ...
INFO : Sample: 	 1200/ 3000 ...
INFO : Sample: 	 1800/ 3000 ...
INFO : Sample: 	 2400/ 3000 ...
INFO : Sample: 	 3000/ 3000 ...
INFO : loss=1.18 ; accuracy=0.703
INFO : Average F1_score=0.48
INFO : Min F1_score=0.0# classes c | f1(c)<=min(f1_ls) + 0.1 = 48
INFO : Max F1_score=1.0# classes c | f1(c)>=max(f1_ls) - 0.1 = 37
INFO : validation_loss=1.181 ; best_validation_loss=1.292
INFO :  ****** Current epoch: 9 ****** 
INFO : Training sample: 	 1500/ 15000 ...
INFO : Training sample: 	 3000/ 15000 ...
INFO : Training sample: 	 4500/ 15000 ...
INFO : Training sample: 	 6000/ 15000 ...
INFO : Training sample: 	 7500/ 15000 ...
INFO : Training sample: 	 9000/ 15000 ...
INFO : Training sample: 	 10500/ 15000 ...
INFO : Training sample: 	 12000/ 15000 ...
INFO : Training sample: 	 13500/ 15000 ...
INFO : Training sample: 	 15000/ 15000 ...
INFO : loss=0.09 ; accuracy=0.98
INFO : Average F1_score=0.98
INFO : Min F1_score=0.78# classes c | f1(c)<=min(f1_ls) + 0.1 = 6
INFO : Max F1_score=1.0# classes c | f1(c)>=max(f1_ls) - 0.1 = 144
INFO : Evaluation
INFO : Sample: 	 600/ 3000 ...
INFO : Sample: 	 1200/ 3000 ...
INFO : Sample: 	 1800/ 3000 ...
INFO : Sample: 	 2400/ 3000 ...
INFO : Sample: 	 3000/ 3000 ...
INFO : loss=1.08 ; accuracy=0.735
INFO : Average F1_score=0.5
INFO : Min F1_score=0.0# classes c | f1(c)<=min(f1_ls) + 0.1 = 47
INFO : Max F1_score=1.0# classes c | f1(c)>=max(f1_ls) - 0.1 = 39
INFO : validation_loss=1.078 ; best_validation_loss=1.181
INFO :  ****** Current epoch: 10 ****** 
INFO : Training sample: 	 1500/ 15000 ...
INFO : Training sample: 	 3000/ 15000 ...
INFO : Training sample: 	 4500/ 15000 ...
INFO : Training sample: 	 6000/ 15000 ...
INFO : Training sample: 	 7500/ 15000 ...
INFO : Training sample: 	 9000/ 15000 ...
INFO : Training sample: 	 10500/ 15000 ...
INFO : Training sample: 	 12000/ 15000 ...
INFO : Training sample: 	 13500/ 15000 ...
INFO : Training sample: 	 15000/ 15000 ...
INFO : loss=0.08 ; accuracy=0.983
INFO : Average F1_score=0.98
INFO : Min F1_score=0.71# classes c | f1(c)<=min(f1_ls) + 0.1 = 2
INFO : Max F1_score=1.0# classes c | f1(c)>=max(f1_ls) - 0.1 = 145
INFO : Evaluation
INFO : Sample: 	 600/ 3000 ...
INFO : Sample: 	 1200/ 3000 ...
INFO : Sample: 	 1800/ 3000 ...
INFO : Sample: 	 2400/ 3000 ...
INFO : Sample: 	 3000/ 3000 ...
INFO : loss=0.97 ; accuracy=0.763
INFO : Average F1_score=0.53
INFO : Min F1_score=0.0# classes c | f1(c)<=min(f1_ls) + 0.1 = 42
INFO : Max F1_score=1.0# classes c | f1(c)>=max(f1_ls) - 0.1 = 40
INFO : validation_loss=0.974 ; best_validation_loss=1.078
INFO :  ****** Current epoch: 11 ****** 
INFO : Training sample: 	 1500/ 15000 ...
INFO : Training sample: 	 3000/ 15000 ...
INFO : Training sample: 	 4500/ 15000 ...
INFO : Training sample: 	 6000/ 15000 ...
INFO : Training sample: 	 7500/ 15000 ...
INFO : Training sample: 	 9000/ 15000 ...
INFO : Training sample: 	 10500/ 15000 ...
INFO : Training sample: 	 12000/ 15000 ...
INFO : Training sample: 	 13500/ 15000 ...
INFO : Training sample: 	 15000/ 15000 ...
INFO : loss=0.07 ; accuracy=0.985
INFO : Average F1_score=0.98
INFO : Min F1_score=0.7# classes c | f1(c)<=min(f1_ls) + 0.1 = 2
INFO : Max F1_score=1.0# classes c | f1(c)>=max(f1_ls) - 0.1 = 146
INFO : Evaluation
INFO : Sample: 	 600/ 3000 ...
INFO : Sample: 	 1200/ 3000 ...
INFO : Sample: 	 1800/ 3000 ...
INFO : Sample: 	 2400/ 3000 ...
INFO : Sample: 	 3000/ 3000 ...
INFO : loss=0.87 ; accuracy=0.783
INFO : Average F1_score=0.53
INFO : Min F1_score=0.0# classes c | f1(c)<=min(f1_ls) + 0.1 = 44
INFO : Max F1_score=1.0# classes c | f1(c)>=max(f1_ls) - 0.1 = 41
INFO : validation_loss=0.872 ; best_validation_loss=0.974
INFO :  ****** Current epoch: 12 ****** 
INFO : Training sample: 	 1500/ 15000 ...
INFO : Training sample: 	 3000/ 15000 ...
INFO : Training sample: 	 4500/ 15000 ...
INFO : Training sample: 	 6000/ 15000 ...
INFO : Training sample: 	 7500/ 15000 ...
INFO : Training sample: 	 9000/ 15000 ...
INFO : Training sample: 	 10500/ 15000 ...
INFO : Training sample: 	 12000/ 15000 ...
INFO : Training sample: 	 13500/ 15000 ...
INFO : Training sample: 	 15000/ 15000 ...
INFO : loss=0.06 ; accuracy=0.986
INFO : Average F1_score=0.99
INFO : Min F1_score=0.72# classes c | f1(c)<=min(f1_ls) + 0.1 = 2
INFO : Max F1_score=1.0# classes c | f1(c)>=max(f1_ls) - 0.1 = 146
INFO : Evaluation
INFO : Sample: 	 600/ 3000 ...
INFO : Sample: 	 1200/ 3000 ...
INFO : Sample: 	 1800/ 3000 ...
INFO : Sample: 	 2400/ 3000 ...
INFO : Sample: 	 3000/ 3000 ...
INFO : loss=0.78 ; accuracy=0.804
INFO : Average F1_score=0.53
INFO : Min F1_score=0.0# classes c | f1(c)<=min(f1_ls) + 0.1 = 46
INFO : Max F1_score=1.0# classes c | f1(c)>=max(f1_ls) - 0.1 = 44
INFO : validation_loss=0.78 ; best_validation_loss=0.872
INFO :  ****** Current epoch: 13 ****** 
INFO : Training sample: 	 1500/ 15000 ...
INFO : Training sample: 	 3000/ 15000 ...
INFO : Training sample: 	 4500/ 15000 ...
INFO : Training sample: 	 6000/ 15000 ...
INFO : Training sample: 	 7500/ 15000 ...
INFO : Training sample: 	 9000/ 15000 ...
INFO : Training sample: 	 10500/ 15000 ...
INFO : Training sample: 	 12000/ 15000 ...
INFO : Training sample: 	 13500/ 15000 ...
INFO : Training sample: 	 15000/ 15000 ...
INFO : loss=0.06 ; accuracy=0.989
INFO : Average F1_score=0.99
INFO : Min F1_score=0.75# classes c | f1(c)<=min(f1_ls) + 0.1 = 2
INFO : Max F1_score=1.0# classes c | f1(c)>=max(f1_ls) - 0.1 = 146
INFO : Evaluation
INFO : Sample: 	 600/ 3000 ...
INFO : Sample: 	 1200/ 3000 ...
INFO : Sample: 	 1800/ 3000 ...
INFO : Sample: 	 2400/ 3000 ...
INFO : Sample: 	 3000/ 3000 ...
INFO : loss=0.71 ; accuracy=0.821
INFO : Average F1_score=0.55
INFO : Min F1_score=0.0# classes c | f1(c)<=min(f1_ls) + 0.1 = 45
INFO : Max F1_score=1.0# classes c | f1(c)>=max(f1_ls) - 0.1 = 45
INFO : validation_loss=0.71 ; best_validation_loss=0.78
INFO :  ****** Current epoch: 14 ****** 
INFO : Training sample: 	 1500/ 15000 ...
INFO : Training sample: 	 3000/ 15000 ...
INFO : Training sample: 	 4500/ 15000 ...
INFO : Training sample: 	 6000/ 15000 ...
INFO : Training sample: 	 7500/ 15000 ...
INFO : Training sample: 	 9000/ 15000 ...
INFO : Training sample: 	 10500/ 15000 ...
INFO : Training sample: 	 12000/ 15000 ...
INFO : Training sample: 	 13500/ 15000 ...
INFO : Training sample: 	 15000/ 15000 ...
INFO : loss=0.05 ; accuracy=0.99
INFO : Average F1_score=0.99
INFO : Min F1_score=0.78# classes c | f1(c)<=min(f1_ls) + 0.1 = 3
INFO : Max F1_score=1.0# classes c | f1(c)>=max(f1_ls) - 0.1 = 146
INFO : Evaluation
INFO : Sample: 	 600/ 3000 ...
INFO : Sample: 	 1200/ 3000 ...
INFO : Sample: 	 1800/ 3000 ...
INFO : Sample: 	 2400/ 3000 ...
INFO : Sample: 	 3000/ 3000 ...
INFO : loss=0.65 ; accuracy=0.837
INFO : Average F1_score=0.57
INFO : Min F1_score=0.0# classes c | f1(c)<=min(f1_ls) + 0.1 = 42
INFO : Max F1_score=1.0# classes c | f1(c)>=max(f1_ls) - 0.1 = 48
INFO : validation_loss=0.649 ; best_validation_loss=0.71
INFO :  ****** Current epoch: 15 ****** 
INFO : Training sample: 	 1500/ 15000 ...
INFO : Training sample: 	 3000/ 15000 ...
INFO : Training sample: 	 4500/ 15000 ...
INFO : Training sample: 	 6000/ 15000 ...
INFO : Training sample: 	 7500/ 15000 ...
INFO : Training sample: 	 9000/ 15000 ...
INFO : Training sample: 	 10500/ 15000 ...
INFO : Training sample: 	 12000/ 15000 ...
INFO : Training sample: 	 13500/ 15000 ...
INFO : Training sample: 	 15000/ 15000 ...
INFO : loss=0.04 ; accuracy=0.991
INFO : Average F1_score=0.99
INFO : Min F1_score=0.79# classes c | f1(c)<=min(f1_ls) + 0.1 = 4
INFO : Max F1_score=1.0# classes c | f1(c)>=max(f1_ls) - 0.1 = 146
INFO : Evaluation
INFO : Sample: 	 600/ 3000 ...
INFO : Sample: 	 1200/ 3000 ...
INFO : Sample: 	 1800/ 3000 ...
INFO : Sample: 	 2400/ 3000 ...
INFO : Sample: 	 3000/ 3000 ...
INFO : loss=0.59 ; accuracy=0.85
INFO : Average F1_score=0.58
INFO : Min F1_score=0.0# classes c | f1(c)<=min(f1_ls) + 0.1 = 40
INFO : Max F1_score=1.0# classes c | f1(c)>=max(f1_ls) - 0.1 = 49
INFO : validation_loss=0.593 ; best_validation_loss=0.649
INFO :  ****** Current epoch: 16 ****** 
INFO : Training sample: 	 1500/ 15000 ...
INFO : Training sample: 	 3000/ 15000 ...
INFO : Training sample: 	 4500/ 15000 ...
INFO : Training sample: 	 6000/ 15000 ...
INFO : Training sample: 	 7500/ 15000 ...
INFO : Training sample: 	 9000/ 15000 ...
INFO : Training sample: 	 10500/ 15000 ...
INFO : Training sample: 	 12000/ 15000 ...
INFO : Training sample: 	 13500/ 15000 ...
INFO : Training sample: 	 15000/ 15000 ...
INFO : loss=0.04 ; accuracy=0.992
INFO : Average F1_score=0.99
INFO : Min F1_score=0.81# classes c | f1(c)<=min(f1_ls) + 0.1 = 4
INFO : Max F1_score=1.0# classes c | f1(c)>=max(f1_ls) - 0.1 = 146
INFO : Evaluation
INFO : Sample: 	 600/ 3000 ...
INFO : Sample: 	 1200/ 3000 ...
INFO : Sample: 	 1800/ 3000 ...
INFO : Sample: 	 2400/ 3000 ...
INFO : Sample: 	 3000/ 3000 ...
INFO : loss=0.55 ; accuracy=0.862
INFO : Average F1_score=0.58
INFO : Min F1_score=0.0# classes c | f1(c)<=min(f1_ls) + 0.1 = 41
INFO : Max F1_score=1.0# classes c | f1(c)>=max(f1_ls) - 0.1 = 52
INFO : validation_loss=0.55 ; best_validation_loss=0.593
INFO :  ****** Current epoch: 17 ****** 
INFO : Training sample: 	 1500/ 15000 ...
INFO : Training sample: 	 3000/ 15000 ...
INFO : Training sample: 	 4500/ 15000 ...
INFO : Training sample: 	 6000/ 15000 ...
INFO : Training sample: 	 7500/ 15000 ...
INFO : Training sample: 	 9000/ 15000 ...
INFO : Training sample: 	 10500/ 15000 ...
INFO : Training sample: 	 12000/ 15000 ...
INFO : Training sample: 	 13500/ 15000 ...
INFO : Training sample: 	 15000/ 15000 ...
INFO : loss=0.03 ; accuracy=0.993
INFO : Average F1_score=0.99
INFO : Min F1_score=0.83# classes c | f1(c)<=min(f1_ls) + 0.1 = 4
INFO : Max F1_score=1.0# classes c | f1(c)>=max(f1_ls) - 0.1 = 146
INFO : Evaluation
INFO : Sample: 	 600/ 3000 ...
INFO : Sample: 	 1200/ 3000 ...
INFO : Sample: 	 1800/ 3000 ...
INFO : Sample: 	 2400/ 3000 ...
INFO : Sample: 	 3000/ 3000 ...
INFO : loss=0.52 ; accuracy=0.873
INFO : Average F1_score=0.59
INFO : Min F1_score=0.0# classes c | f1(c)<=min(f1_ls) + 0.1 = 40
INFO : Max F1_score=1.0# classes c | f1(c)>=max(f1_ls) - 0.1 = 52
INFO : validation_loss=0.517 ; best_validation_loss=0.55
INFO :  ****** Current epoch: 18 ****** 
INFO : Training sample: 	 1500/ 15000 ...
INFO : Training sample: 	 3000/ 15000 ...
INFO : Training sample: 	 4500/ 15000 ...
INFO : Training sample: 	 6000/ 15000 ...
INFO : Training sample: 	 7500/ 15000 ...
INFO : Training sample: 	 9000/ 15000 ...
INFO : Training sample: 	 10500/ 15000 ...
INFO : Training sample: 	 12000/ 15000 ...
INFO : Training sample: 	 13500/ 15000 ...
INFO : Training sample: 	 15000/ 15000 ...
INFO : loss=0.03 ; accuracy=0.994
INFO : Average F1_score=0.99
INFO : Min F1_score=0.85# classes c | f1(c)<=min(f1_ls) + 0.1 = 4
INFO : Max F1_score=1.0# classes c | f1(c)>=max(f1_ls) - 0.1 = 147
INFO : Evaluation
INFO : Sample: 	 600/ 3000 ...
INFO : Sample: 	 1200/ 3000 ...
INFO : Sample: 	 1800/ 3000 ...
INFO : Sample: 	 2400/ 3000 ...
INFO : Sample: 	 3000/ 3000 ...
INFO : loss=0.49 ; accuracy=0.879
INFO : Average F1_score=0.61
INFO : Min F1_score=0.0# classes c | f1(c)<=min(f1_ls) + 0.1 = 37
INFO : Max F1_score=1.0# classes c | f1(c)>=max(f1_ls) - 0.1 = 53
INFO : validation_loss=0.491 ; best_validation_loss=0.517
INFO :  ****** Current epoch: 19 ****** 
INFO : Training sample: 	 1500/ 15000 ...
INFO : Training sample: 	 3000/ 15000 ...
INFO : Training sample: 	 4500/ 15000 ...
INFO : Training sample: 	 6000/ 15000 ...
INFO : Training sample: 	 7500/ 15000 ...
INFO : Training sample: 	 9000/ 15000 ...
INFO : Training sample: 	 10500/ 15000 ...
INFO : Training sample: 	 12000/ 15000 ...
INFO : Training sample: 	 13500/ 15000 ...
INFO : Training sample: 	 15000/ 15000 ...
INFO : loss=0.03 ; accuracy=0.995
INFO : Average F1_score=0.99
INFO : Min F1_score=0.86# classes c | f1(c)<=min(f1_ls) + 0.1 = 4
INFO : Max F1_score=1.0# classes c | f1(c)>=max(f1_ls) - 0.1 = 148
INFO : Evaluation
INFO : Sample: 	 600/ 3000 ...
INFO : Sample: 	 1200/ 3000 ...
INFO : Sample: 	 1800/ 3000 ...
INFO : Sample: 	 2400/ 3000 ...
INFO : Sample: 	 3000/ 3000 ...
INFO : loss=0.47 ; accuracy=0.885
INFO : Average F1_score=0.61
INFO : Min F1_score=0.0# classes c | f1(c)<=min(f1_ls) + 0.1 = 37
INFO : Max F1_score=1.0# classes c | f1(c)>=max(f1_ls) - 0.1 = 53
INFO : validation_loss=0.469 ; best_validation_loss=0.491
INFO :  ****** Current epoch: 20 ****** 
INFO : Training sample: 	 1500/ 15000 ...
INFO : Training sample: 	 3000/ 15000 ...
INFO : Training sample: 	 4500/ 15000 ...
INFO : Training sample: 	 6000/ 15000 ...
INFO : Training sample: 	 7500/ 15000 ...
INFO : Training sample: 	 9000/ 15000 ...
INFO : Training sample: 	 10500/ 15000 ...
INFO : Training sample: 	 12000/ 15000 ...
INFO : Training sample: 	 13500/ 15000 ...
INFO : Training sample: 	 15000/ 15000 ...
INFO : loss=0.03 ; accuracy=0.995
INFO : Average F1_score=0.99
INFO : Min F1_score=0.87# classes c | f1(c)<=min(f1_ls) + 0.1 = 6
INFO : Max F1_score=1.0# classes c | f1(c)>=max(f1_ls) - 0.1 = 148
INFO : Evaluation
INFO : Sample: 	 600/ 3000 ...
INFO : Sample: 	 1200/ 3000 ...
INFO : Sample: 	 1800/ 3000 ...
INFO : Sample: 	 2400/ 3000 ...
INFO : Sample: 	 3000/ 3000 ...
INFO : loss=0.45 ; accuracy=0.895
INFO : Average F1_score=0.63
INFO : Min F1_score=0.0# classes c | f1(c)<=min(f1_ls) + 0.1 = 36
INFO : Max F1_score=1.0# classes c | f1(c)>=max(f1_ls) - 0.1 = 54
INFO : validation_loss=0.45 ; best_validation_loss=0.469
INFO :  ****** Current epoch: 21 ****** 
INFO : Training sample: 	 1500/ 15000 ...
INFO : Training sample: 	 3000/ 15000 ...
INFO : Training sample: 	 4500/ 15000 ...
INFO : Training sample: 	 6000/ 15000 ...
INFO : Training sample: 	 7500/ 15000 ...
INFO : Training sample: 	 9000/ 15000 ...
INFO : Training sample: 	 10500/ 15000 ...
INFO : Training sample: 	 12000/ 15000 ...
INFO : Training sample: 	 13500/ 15000 ...
INFO : Training sample: 	 15000/ 15000 ...
INFO : loss=0.02 ; accuracy=0.995
INFO : Average F1_score=1.0
INFO : Min F1_score=0.88# classes c | f1(c)<=min(f1_ls) + 0.1 = 7
INFO : Max F1_score=1.0# classes c | f1(c)>=max(f1_ls) - 0.1 = 148
INFO : Evaluation
INFO : Sample: 	 600/ 3000 ...
INFO : Sample: 	 1200/ 3000 ...
INFO : Sample: 	 1800/ 3000 ...
INFO : Sample: 	 2400/ 3000 ...
INFO : Sample: 	 3000/ 3000 ...
INFO : loss=0.44 ; accuracy=0.901
INFO : Average F1_score=0.63
INFO : Min F1_score=0.0# classes c | f1(c)<=min(f1_ls) + 0.1 = 35
INFO : Max F1_score=1.0# classes c | f1(c)>=max(f1_ls) - 0.1 = 54
INFO : validation_loss=0.435 ; best_validation_loss=0.45
INFO :  ****** Current epoch: 22 ****** 
INFO : Training sample: 	 1500/ 15000 ...
INFO : Training sample: 	 3000/ 15000 ...
INFO : Training sample: 	 4500/ 15000 ...
INFO : Training sample: 	 6000/ 15000 ...
INFO : Training sample: 	 7500/ 15000 ...
INFO : Training sample: 	 9000/ 15000 ...
INFO : Training sample: 	 10500/ 15000 ...
INFO : Training sample: 	 12000/ 15000 ...
INFO : Training sample: 	 13500/ 15000 ...
INFO : Training sample: 	 15000/ 15000 ...
INFO : loss=0.02 ; accuracy=0.996
INFO : Average F1_score=1.0
INFO : Min F1_score=0.88# classes c | f1(c)<=min(f1_ls) + 0.1 = 7
INFO : Max F1_score=1.0# classes c | f1(c)>=max(f1_ls) - 0.1 = 148
INFO : Evaluation
INFO : Sample: 	 600/ 3000 ...
INFO : Sample: 	 1200/ 3000 ...
INFO : Sample: 	 1800/ 3000 ...
INFO : Sample: 	 2400/ 3000 ...
INFO : Sample: 	 3000/ 3000 ...
INFO : loss=0.42 ; accuracy=0.904
INFO : Average F1_score=0.64
INFO : Min F1_score=0.0# classes c | f1(c)<=min(f1_ls) + 0.1 = 34
INFO : Max F1_score=1.0# classes c | f1(c)>=max(f1_ls) - 0.1 = 55
INFO : validation_loss=0.421 ; best_validation_loss=0.435
INFO :  ****** Current epoch: 23 ****** 
INFO : Training sample: 	 1500/ 15000 ...
INFO : Training sample: 	 3000/ 15000 ...
INFO : Training sample: 	 4500/ 15000 ...
INFO : Training sample: 	 6000/ 15000 ...
INFO : Training sample: 	 7500/ 15000 ...
INFO : Training sample: 	 9000/ 15000 ...
INFO : Training sample: 	 10500/ 15000 ...
INFO : Training sample: 	 12000/ 15000 ...
INFO : Training sample: 	 13500/ 15000 ...
INFO : Training sample: 	 15000/ 15000 ...
INFO : loss=0.02 ; accuracy=0.996
INFO : Average F1_score=1.0
INFO : Min F1_score=0.88# classes c | f1(c)<=min(f1_ls) + 0.1 = 7
INFO : Max F1_score=1.0# classes c | f1(c)>=max(f1_ls) - 0.1 = 148
INFO : Evaluation
INFO : Sample: 	 600/ 3000 ...
INFO : Sample: 	 1200/ 3000 ...
INFO : Sample: 	 1800/ 3000 ...
INFO : Sample: 	 2400/ 3000 ...
INFO : Sample: 	 3000/ 3000 ...
INFO : loss=0.41 ; accuracy=0.907
INFO : Average F1_score=0.65
INFO : Min F1_score=0.0# classes c | f1(c)<=min(f1_ls) + 0.1 = 33
INFO : Max F1_score=1.0# classes c | f1(c)>=max(f1_ls) - 0.1 = 57
INFO : validation_loss=0.411 ; best_validation_loss=0.421
INFO :  ****** Current epoch: 24 ****** 
INFO : Training sample: 	 1500/ 15000 ...
INFO : Training sample: 	 3000/ 15000 ...
INFO : Training sample: 	 4500/ 15000 ...
INFO : Training sample: 	 6000/ 15000 ...
INFO : Training sample: 	 7500/ 15000 ...
INFO : Training sample: 	 9000/ 15000 ...
INFO : Training sample: 	 10500/ 15000 ...
INFO : Training sample: 	 12000/ 15000 ...
INFO : Training sample: 	 13500/ 15000 ...
INFO : Training sample: 	 15000/ 15000 ...
INFO : loss=0.02 ; accuracy=0.996
INFO : Average F1_score=1.0
INFO : Min F1_score=0.89# classes c | f1(c)<=min(f1_ls) + 0.1 = 17
INFO : Max F1_score=1.0# classes c | f1(c)>=max(f1_ls) - 0.1 = 149
INFO : Evaluation
INFO : Sample: 	 600/ 3000 ...
INFO : Sample: 	 1200/ 3000 ...
INFO : Sample: 	 1800/ 3000 ...
INFO : Sample: 	 2400/ 3000 ...
INFO : Sample: 	 3000/ 3000 ...
INFO : loss=0.4 ; accuracy=0.91
INFO : Average F1_score=0.66
INFO : Min F1_score=0.0# classes c | f1(c)<=min(f1_ls) + 0.1 = 32
INFO : Max F1_score=1.0# classes c | f1(c)>=max(f1_ls) - 0.1 = 57
INFO : validation_loss=0.403 ; best_validation_loss=0.411
INFO :  ****** Current epoch: 25 ****** 
INFO : Training sample: 	 1500/ 15000 ...
INFO : Training sample: 	 3000/ 15000 ...
INFO : Training sample: 	 4500/ 15000 ...
INFO : Training sample: 	 6000/ 15000 ...
INFO : Training sample: 	 7500/ 15000 ...
INFO : Training sample: 	 9000/ 15000 ...
INFO : Training sample: 	 10500/ 15000 ...
INFO : Training sample: 	 12000/ 15000 ...
INFO : Training sample: 	 13500/ 15000 ...
INFO : Training sample: 	 15000/ 15000 ...
INFO : loss=0.02 ; accuracy=0.996
INFO : Average F1_score=1.0
INFO : Min F1_score=0.9# classes c | f1(c)<=min(f1_ls) + 0.1 = 30
INFO : Max F1_score=1.0# classes c | f1(c)>=max(f1_ls) - 0.1 = 149
INFO : Evaluation
INFO : Sample: 	 600/ 3000 ...
INFO : Sample: 	 1200/ 3000 ...
INFO : Sample: 	 1800/ 3000 ...
INFO : Sample: 	 2400/ 3000 ...
INFO : Sample: 	 3000/ 3000 ...
INFO : loss=0.4 ; accuracy=0.915
INFO : Average F1_score=0.66
INFO : Min F1_score=0.0# classes c | f1(c)<=min(f1_ls) + 0.1 = 32
INFO : Max F1_score=1.0# classes c | f1(c)>=max(f1_ls) - 0.1 = 59
INFO : validation_loss=0.398 ; best_validation_loss=0.403
INFO :  ****** Current epoch: 26 ****** 
INFO : Training sample: 	 1500/ 15000 ...
INFO : Training sample: 	 3000/ 15000 ...
INFO : Training sample: 	 4500/ 15000 ...
INFO : Training sample: 	 6000/ 15000 ...
INFO : Training sample: 	 7500/ 15000 ...
INFO : Training sample: 	 9000/ 15000 ...
INFO : Training sample: 	 10500/ 15000 ...
INFO : Training sample: 	 12000/ 15000 ...
INFO : Training sample: 	 13500/ 15000 ...
INFO : Training sample: 	 15000/ 15000 ...
INFO : loss=0.01 ; accuracy=0.997
INFO : Average F1_score=1.0
INFO : Min F1_score=0.9# classes c | f1(c)<=min(f1_ls) + 0.1 = 150
INFO : Max F1_score=1.0# classes c | f1(c)>=max(f1_ls) - 0.1 = 150
INFO : Evaluation
INFO : Sample: 	 600/ 3000 ...
INFO : Sample: 	 1200/ 3000 ...
INFO : Sample: 	 1800/ 3000 ...
INFO : Sample: 	 2400/ 3000 ...
INFO : Sample: 	 3000/ 3000 ...
INFO : loss=0.39 ; accuracy=0.916
INFO : Average F1_score=0.67
INFO : Min F1_score=0.0# classes c | f1(c)<=min(f1_ls) + 0.1 = 31
INFO : Max F1_score=1.0# classes c | f1(c)>=max(f1_ls) - 0.1 = 59
INFO : validation_loss=0.394 ; best_validation_loss=0.398
INFO :  ****** Current epoch: 27 ****** 
INFO : Training sample: 	 1500/ 15000 ...
INFO : Training sample: 	 3000/ 15000 ...
INFO : Training sample: 	 4500/ 15000 ...
INFO : Training sample: 	 6000/ 15000 ...
INFO : Training sample: 	 7500/ 15000 ...
INFO : Training sample: 	 9000/ 15000 ...
INFO : Training sample: 	 10500/ 15000 ...
INFO : Training sample: 	 12000/ 15000 ...
INFO : Training sample: 	 13500/ 15000 ...
INFO : Training sample: 	 15000/ 15000 ...
INFO : loss=0.01 ; accuracy=0.997
INFO : Average F1_score=1.0
INFO : Min F1_score=0.91# classes c | f1(c)<=min(f1_ls) + 0.1 = 150
INFO : Max F1_score=1.0# classes c | f1(c)>=max(f1_ls) - 0.1 = 150
INFO : Evaluation
INFO : Sample: 	 600/ 3000 ...
INFO : Sample: 	 1200/ 3000 ...
INFO : Sample: 	 1800/ 3000 ...
INFO : Sample: 	 2400/ 3000 ...
INFO : Sample: 	 3000/ 3000 ...
INFO : loss=0.39 ; accuracy=0.921
INFO : Average F1_score=0.67
INFO : Min F1_score=0.0# classes c | f1(c)<=min(f1_ls) + 0.1 = 31
INFO : Max F1_score=1.0# classes c | f1(c)>=max(f1_ls) - 0.1 = 60
INFO : validation_loss=0.393 ; best_validation_loss=0.394
INFO :  ****** Current epoch: 28 ****** 
INFO : Training sample: 	 1500/ 15000 ...
INFO : Training sample: 	 3000/ 15000 ...
INFO : Training sample: 	 4500/ 15000 ...
INFO : Training sample: 	 6000/ 15000 ...
INFO : Training sample: 	 7500/ 15000 ...
INFO : Training sample: 	 9000/ 15000 ...
INFO : Training sample: 	 10500/ 15000 ...
INFO : Training sample: 	 12000/ 15000 ...
INFO : Training sample: 	 13500/ 15000 ...
INFO : Training sample: 	 15000/ 15000 ...
INFO : loss=0.01 ; accuracy=0.997
INFO : Average F1_score=1.0
INFO : Min F1_score=0.91# classes c | f1(c)<=min(f1_ls) + 0.1 = 150
INFO : Max F1_score=1.0# classes c | f1(c)>=max(f1_ls) - 0.1 = 150
INFO : Evaluation
INFO : Sample: 	 600/ 3000 ...
INFO : Sample: 	 1200/ 3000 ...
INFO : Sample: 	 1800/ 3000 ...
INFO : Sample: 	 2400/ 3000 ...
INFO : Sample: 	 3000/ 3000 ...
INFO : loss=0.39 ; accuracy=0.922
INFO : Average F1_score=0.68
INFO : Min F1_score=0.0# classes c | f1(c)<=min(f1_ls) + 0.1 = 30
INFO : Max F1_score=1.0# classes c | f1(c)>=max(f1_ls) - 0.1 = 60
INFO : validation_loss=0.388 ; best_validation_loss=0.393
INFO :  ****** Current epoch: 29 ****** 
INFO : Training sample: 	 1500/ 15000 ...
INFO : Training sample: 	 3000/ 15000 ...
INFO : Training sample: 	 4500/ 15000 ...
INFO : Training sample: 	 6000/ 15000 ...
INFO : Training sample: 	 7500/ 15000 ...
INFO : Training sample: 	 9000/ 15000 ...
INFO : Training sample: 	 10500/ 15000 ...
INFO : Training sample: 	 12000/ 15000 ...
INFO : Training sample: 	 13500/ 15000 ...
INFO : Training sample: 	 15000/ 15000 ...
INFO : loss=0.01 ; accuracy=0.998
INFO : Average F1_score=1.0
INFO : Min F1_score=0.93# classes c | f1(c)<=min(f1_ls) + 0.1 = 150
INFO : Max F1_score=1.0# classes c | f1(c)>=max(f1_ls) - 0.1 = 150
INFO : Evaluation
INFO : Sample: 	 600/ 3000 ...
INFO : Sample: 	 1200/ 3000 ...
INFO : Sample: 	 1800/ 3000 ...
INFO : Sample: 	 2400/ 3000 ...
INFO : Sample: 	 3000/ 3000 ...
INFO : loss=0.39 ; accuracy=0.924
INFO : Average F1_score=0.67
INFO : Min F1_score=0.0# classes c | f1(c)<=min(f1_ls) + 0.1 = 31
INFO : Max F1_score=1.0# classes c | f1(c)>=max(f1_ls) - 0.1 = 59
INFO : validation_loss=0.387 ; best_validation_loss=0.388
INFO :  ****** Current epoch: 30 ****** 
INFO : Training sample: 	 1500/ 15000 ...
INFO : Training sample: 	 3000/ 15000 ...
INFO : Training sample: 	 4500/ 15000 ...
INFO : Training sample: 	 6000/ 15000 ...
INFO : Training sample: 	 7500/ 15000 ...
INFO : Training sample: 	 9000/ 15000 ...
INFO : Training sample: 	 10500/ 15000 ...
INFO : Training sample: 	 12000/ 15000 ...
INFO : Training sample: 	 13500/ 15000 ...
INFO : Training sample: 	 15000/ 15000 ...
INFO : loss=0.01 ; accuracy=0.998
INFO : Average F1_score=1.0
INFO : Min F1_score=0.92# classes c | f1(c)<=min(f1_ls) + 0.1 = 150
INFO : Max F1_score=1.0# classes c | f1(c)>=max(f1_ls) - 0.1 = 150
INFO : Evaluation
INFO : Sample: 	 600/ 3000 ...
INFO : Sample: 	 1200/ 3000 ...
INFO : Sample: 	 1800/ 3000 ...
INFO : Sample: 	 2400/ 3000 ...
INFO : Sample: 	 3000/ 3000 ...
INFO : loss=0.38 ; accuracy=0.928
INFO : Average F1_score=0.68
INFO : Min F1_score=0.0# classes c | f1(c)<=min(f1_ls) + 0.1 = 30
INFO : Max F1_score=1.0# classes c | f1(c)>=max(f1_ls) - 0.1 = 61
INFO : validation_loss=0.378 ; best_validation_loss=0.387
INFO :  ****** Current epoch: 31 ****** 
INFO : Training sample: 	 1500/ 15000 ...
INFO : Training sample: 	 3000/ 15000 ...
INFO : Training sample: 	 4500/ 15000 ...
INFO : Training sample: 	 6000/ 15000 ...
INFO : Training sample: 	 7500/ 15000 ...
INFO : Training sample: 	 9000/ 15000 ...
INFO : Training sample: 	 10500/ 15000 ...
INFO : Training sample: 	 12000/ 15000 ...
INFO : Training sample: 	 13500/ 15000 ...
INFO : Training sample: 	 15000/ 15000 ...
INFO : loss=0.01 ; accuracy=0.998
INFO : Average F1_score=1.0
INFO : Min F1_score=0.93# classes c | f1(c)<=min(f1_ls) + 0.1 = 150
INFO : Max F1_score=1.0# classes c | f1(c)>=max(f1_ls) - 0.1 = 150
INFO : Evaluation
INFO : Sample: 	 600/ 3000 ...
INFO : Sample: 	 1200/ 3000 ...
INFO : Sample: 	 1800/ 3000 ...
INFO : Sample: 	 2400/ 3000 ...
INFO : Sample: 	 3000/ 3000 ...
INFO : loss=0.37 ; accuracy=0.928
INFO : Average F1_score=0.69
INFO : Min F1_score=0.0# classes c | f1(c)<=min(f1_ls) + 0.1 = 28
INFO : Max F1_score=1.0# classes c | f1(c)>=max(f1_ls) - 0.1 = 60
INFO : validation_loss=0.375 ; best_validation_loss=0.378
INFO :  ****** Current epoch: 32 ****** 
INFO : Training sample: 	 1500/ 15000 ...
INFO : Training sample: 	 3000/ 15000 ...
INFO : Training sample: 	 4500/ 15000 ...
INFO : Training sample: 	 6000/ 15000 ...
INFO : Training sample: 	 7500/ 15000 ...
INFO : Training sample: 	 9000/ 15000 ...
INFO : Training sample: 	 10500/ 15000 ...
INFO : Training sample: 	 12000/ 15000 ...
INFO : Training sample: 	 13500/ 15000 ...
INFO : Training sample: 	 15000/ 15000 ...
INFO : loss=0.01 ; accuracy=0.998
INFO : Average F1_score=1.0
INFO : Min F1_score=0.92# classes c | f1(c)<=min(f1_ls) + 0.1 = 150
INFO : Max F1_score=1.0# classes c | f1(c)>=max(f1_ls) - 0.1 = 150
INFO : Evaluation
INFO : Sample: 	 600/ 3000 ...
INFO : Sample: 	 1200/ 3000 ...
INFO : Sample: 	 1800/ 3000 ...
INFO : Sample: 	 2400/ 3000 ...
INFO : Sample: 	 3000/ 3000 ...
INFO : loss=0.37 ; accuracy=0.932
INFO : Average F1_score=0.69
INFO : Min F1_score=0.0# classes c | f1(c)<=min(f1_ls) + 0.1 = 28
INFO : Max F1_score=1.0# classes c | f1(c)>=max(f1_ls) - 0.1 = 60
INFO : validation_loss=0.372 ; best_validation_loss=0.375
INFO :  ****** Current epoch: 33 ****** 
INFO : Training sample: 	 1500/ 15000 ...
INFO : Training sample: 	 3000/ 15000 ...
INFO : Training sample: 	 4500/ 15000 ...
INFO : Training sample: 	 6000/ 15000 ...
INFO : Training sample: 	 7500/ 15000 ...
INFO : Training sample: 	 9000/ 15000 ...
INFO : Training sample: 	 10500/ 15000 ...
INFO : Training sample: 	 12000/ 15000 ...
INFO : Training sample: 	 13500/ 15000 ...
INFO : Training sample: 	 15000/ 15000 ...
INFO : loss=0.01 ; accuracy=0.998
INFO : Average F1_score=1.0
INFO : Min F1_score=0.93# classes c | f1(c)<=min(f1_ls) + 0.1 = 150
INFO : Max F1_score=1.0# classes c | f1(c)>=max(f1_ls) - 0.1 = 150
INFO : Evaluation
INFO : Sample: 	 600/ 3000 ...
INFO : Sample: 	 1200/ 3000 ...
INFO : Sample: 	 1800/ 3000 ...
INFO : Sample: 	 2400/ 3000 ...
INFO : Sample: 	 3000/ 3000 ...
INFO : loss=0.37 ; accuracy=0.932
INFO : Average F1_score=0.7
INFO : Min F1_score=0.0# classes c | f1(c)<=min(f1_ls) + 0.1 = 27
INFO : Max F1_score=1.0# classes c | f1(c)>=max(f1_ls) - 0.1 = 60
INFO : validation_loss=0.373 ; best_validation_loss=0.372
INFO : Early stopping
INFO : Evaluation
INFO : Sample: 	 900/ 4500 ...
INFO : Sample: 	 1800/ 4500 ...
INFO : Sample: 	 2700/ 4500 ...
INFO : Sample: 	 3600/ 4500 ...
INFO : Sample: 	 4500/ 4500 ...
INFO : loss=0.34 ; accuracy=0.936
INFO : Average F1_score=0.66
INFO : Min F1_score=0.0# classes c | f1(c)<=min(f1_ls) + 0.1 = 34
INFO : Max F1_score=1.0# classes c | f1(c)>=max(f1_ls) - 0.1 = 67
