INFO : Starting training...
INFO : batch_size=8, learning_rate=0.0001
INFO : class_names = ['accept_reservations', 'account_blocked', 'alarm', 'application_status', 'apr', 'are_you_a_bot', 'balance', 'bill_balance', 'bill_due', 'book_flight', 'book_hotel', 'calculator', 'calendar', 'calendar_update', 'calories', 'cancel', 'cancel_reservation', 'car_rental', 'card_declined', 'carry_on', 'change_accent', 'change_ai_name', 'change_language', 'change_speed', 'change_user_name', 'change_volume', 'confirm_reservation', 'cook_time', 'credit_limit', 'credit_limit_change', 'credit_score', 'current_location', 'damaged_card', 'date', 'definition', 'direct_deposit', 'directions', 'distance', 'do_you_have_pets', 'exchange_rate', 'expiration_date', 'find_phone', 'flight_status', 'flip_coin', 'food_last', 'freeze_account', 'fun_fact', 'gas', 'gas_type', 'goodbye', 'greeting', 'how_busy', 'how_old_are_you', 'improve_credit_score', 'income', 'ingredient_substitution', 'ingredients_list', 'insurance', 'insurance_change', 'interest_rate', 'international_fees', 'international_visa', 'jump_start', 'last_maintenance', 'lost_luggage', 'make_call', 'maybe', 'meal_suggestion', 'meaning_of_life', 'measurement_conversion', 'meeting_schedule', 'min_payment', 'mpg', 'new_card', 'next_holiday', 'next_song', 'no', 'nutrition_info', 'oil_change_how', 'oil_change_when', 'order', 'order_checks', 'order_status', 'pay_bill', 'payday', 'pin_change', 'play_music', 'plug_type', 'pto_balance', 'pto_request', 'pto_request_status', 'pto_used', 'recipe', 'redeem_rewards', 'reminder', 'reminder_update', 'repeat', 'replacement_card_duration', 'report_fraud', 'report_lost_card', 'reset_settings', 'restaurant_reservation', 'restaurant_reviews', 'restaurant_suggestion', 'rewards_balance', 'roll_dice', 'rollover_401k', 'routing', 'schedule_maintenance', 'schedule_meeting', 'share_location', 'shopping_list', 'shopping_list_update', 'smart_home', 'spelling', 'spending_history', 'sync_device', 'taxes', 'tell_joke', 'text', 'thank_you', 'time', 'timer', 'timezone', 'tire_change', 'tire_pressure', 'todo_list', 'todo_list_update', 'traffic', 'transactions', 'transfer', 'translate', 'travel_alert', 'travel_notification', 'travel_suggestion', 'uber', 'update_playlist', 'user_name', 'vaccines', 'w2', 'weather', 'what_are_your_hobbies', 'what_can_i_ask_you', 'what_is_your_name', 'what_song', 'where_are_you_from', 'whisper_mode', 'who_do_you_work_for', 'who_made_you', 'yes']
INFO :  ****** Current epoch: 1 ****** 
INFO : Training sample: 	 3000/ 15000 ...
INFO : Training sample: 	 6000/ 15000 ...
INFO : Training sample: 	 9000/ 15000 ...
INFO : Training sample: 	 12000/ 15000 ...
INFO : Training sample: 	 15000/ 15000 ...
INFO : loss=5.02 ; accuracy=0.003
INFO : Average F1_score=0.0
INFO : Min F1_score=0.0# classes c | f1(c)<=min(f1_ls) + 0.1 = 150
INFO : Max F1_score=0.08# classes c | f1(c)>=max(f1_ls) - 0.1 = 150
INFO : Evaluation
INFO : Sample: 	 600/ 3000 ...
INFO : Sample: 	 1200/ 3000 ...
INFO : Sample: 	 1800/ 3000 ...
INFO : Sample: 	 2400/ 3000 ...
INFO : Sample: 	 3000/ 3000 ...
INFO : loss=4.86 ; accuracy=0.235
INFO : Average F1_score=0.18
INFO : Min F1_score=0.0# classes c | f1(c)<=min(f1_ls) + 0.1 = 67
INFO : Max F1_score=1.0# classes c | f1(c)>=max(f1_ls) - 0.1 = 3
INFO : validation_loss=4.857 ; best_validation_loss=inf
INFO :  ****** Current epoch: 2 ****** 
INFO : Training sample: 	 3000/ 15000 ...
INFO : Training sample: 	 6000/ 15000 ...
INFO : Training sample: 	 9000/ 15000 ...
INFO : Training sample: 	 12000/ 15000 ...
INFO : Training sample: 	 15000/ 15000 ...
INFO : loss=4.75 ; accuracy=0.064
INFO : Average F1_score=0.05
INFO : Min F1_score=0.0# classes c | f1(c)<=min(f1_ls) + 0.1 = 131
INFO : Max F1_score=0.83# classes c | f1(c)>=max(f1_ls) - 0.1 = 1
INFO : Evaluation
INFO : Sample: 	 600/ 3000 ...
INFO : Sample: 	 1200/ 3000 ...
INFO : Sample: 	 1800/ 3000 ...
INFO : Sample: 	 2400/ 3000 ...
INFO : Sample: 	 3000/ 3000 ...
INFO : loss=4.64 ; accuracy=0.304
INFO : Average F1_score=0.21
INFO : Min F1_score=0.0# classes c | f1(c)<=min(f1_ls) + 0.1 = 84
INFO : Max F1_score=1.0# classes c | f1(c)>=max(f1_ls) - 0.1 = 8
INFO : validation_loss=4.636 ; best_validation_loss=4.857
INFO :  ****** Current epoch: 3 ****** 
INFO : Training sample: 	 3000/ 15000 ...
INFO : Training sample: 	 6000/ 15000 ...
INFO : Training sample: 	 9000/ 15000 ...
INFO : Training sample: 	 12000/ 15000 ...
INFO : Training sample: 	 15000/ 15000 ...
INFO : loss=4.39 ; accuracy=0.279
INFO : Average F1_score=0.23
INFO : Min F1_score=0.0# classes c | f1(c)<=min(f1_ls) + 0.1 = 71
INFO : Max F1_score=0.95# classes c | f1(c)>=max(f1_ls) - 0.1 = 1
INFO : Evaluation
INFO : Sample: 	 600/ 3000 ...
INFO : Sample: 	 1200/ 3000 ...
INFO : Sample: 	 1800/ 3000 ...
INFO : Sample: 	 2400/ 3000 ...
INFO : Sample: 	 3000/ 3000 ...
INFO : loss=4.22 ; accuracy=0.377
INFO : Average F1_score=0.25
INFO : Min F1_score=0.0# classes c | f1(c)<=min(f1_ls) + 0.1 = 81
INFO : Max F1_score=1.0# classes c | f1(c)>=max(f1_ls) - 0.1 = 11
INFO : validation_loss=4.223 ; best_validation_loss=4.636
INFO :  ****** Current epoch: 4 ****** 
INFO : Training sample: 	 3000/ 15000 ...
INFO : Training sample: 	 6000/ 15000 ...
INFO : Training sample: 	 9000/ 15000 ...
INFO : Training sample: 	 12000/ 15000 ...
INFO : Training sample: 	 15000/ 15000 ...
INFO : loss=3.89 ; accuracy=0.467
INFO : Average F1_score=0.42
INFO : Min F1_score=0.0# classes c | f1(c)<=min(f1_ls) + 0.1 = 35
INFO : Max F1_score=0.94# classes c | f1(c)>=max(f1_ls) - 0.1 = 12
INFO : Evaluation
INFO : Sample: 	 600/ 3000 ...
INFO : Sample: 	 1200/ 3000 ...
INFO : Sample: 	 1800/ 3000 ...
INFO : Sample: 	 2400/ 3000 ...
INFO : Sample: 	 3000/ 3000 ...
INFO : loss=3.67 ; accuracy=0.509
INFO : Average F1_score=0.33
INFO : Min F1_score=0.0# classes c | f1(c)<=min(f1_ls) + 0.1 = 71
INFO : Max F1_score=1.0# classes c | f1(c)>=max(f1_ls) - 0.1 = 19
INFO : validation_loss=3.673 ; best_validation_loss=4.223
INFO :  ****** Current epoch: 5 ****** 
INFO : Training sample: 	 3000/ 15000 ...
INFO : Training sample: 	 6000/ 15000 ...
INFO : Training sample: 	 9000/ 15000 ...
INFO : Training sample: 	 12000/ 15000 ...
INFO : Training sample: 	 15000/ 15000 ...
INFO : loss=3.3 ; accuracy=0.599
INFO : Average F1_score=0.56
INFO : Min F1_score=0.0# classes c | f1(c)<=min(f1_ls) + 0.1 = 16
INFO : Max F1_score=0.99# classes c | f1(c)>=max(f1_ls) - 0.1 = 14
INFO : Evaluation
INFO : Sample: 	 600/ 3000 ...
INFO : Sample: 	 1200/ 3000 ...
INFO : Sample: 	 1800/ 3000 ...
INFO : Sample: 	 2400/ 3000 ...
INFO : Sample: 	 3000/ 3000 ...
INFO : loss=3.09 ; accuracy=0.599
INFO : Average F1_score=0.39
INFO : Min F1_score=0.0# classes c | f1(c)<=min(f1_ls) + 0.1 = 59
INFO : Max F1_score=1.0# classes c | f1(c)>=max(f1_ls) - 0.1 = 23
INFO : validation_loss=3.086 ; best_validation_loss=3.673
INFO :  ****** Current epoch: 6 ****** 
INFO : Training sample: 	 3000/ 15000 ...
INFO : Training sample: 	 6000/ 15000 ...
INFO : Training sample: 	 9000/ 15000 ...
INFO : Training sample: 	 12000/ 15000 ...
INFO : Training sample: 	 15000/ 15000 ...
INFO : loss=2.71 ; accuracy=0.689
INFO : Average F1_score=0.66
INFO : Min F1_score=0.0# classes c | f1(c)<=min(f1_ls) + 0.1 = 5
INFO : Max F1_score=0.99# classes c | f1(c)>=max(f1_ls) - 0.1 = 20
INFO : Evaluation
INFO : Sample: 	 600/ 3000 ...
INFO : Sample: 	 1200/ 3000 ...
INFO : Sample: 	 1800/ 3000 ...
INFO : Sample: 	 2400/ 3000 ...
INFO : Sample: 	 3000/ 3000 ...
INFO : loss=2.53 ; accuracy=0.671
INFO : Average F1_score=0.41
INFO : Min F1_score=0.0# classes c | f1(c)<=min(f1_ls) + 0.1 = 63
INFO : Max F1_score=1.0# classes c | f1(c)>=max(f1_ls) - 0.1 = 32
INFO : validation_loss=2.533 ; best_validation_loss=3.086
INFO :  ****** Current epoch: 7 ****** 
INFO : Training sample: 	 3000/ 15000 ...
INFO : Training sample: 	 6000/ 15000 ...
INFO : Training sample: 	 9000/ 15000 ...
INFO : Training sample: 	 12000/ 15000 ...
INFO : Training sample: 	 15000/ 15000 ...
INFO : loss=2.17 ; accuracy=0.766
INFO : Average F1_score=0.75
INFO : Min F1_score=0.0# classes c | f1(c)<=min(f1_ls) + 0.1 = 2
INFO : Max F1_score=0.99# classes c | f1(c)>=max(f1_ls) - 0.1 = 40
INFO : Evaluation
INFO : Sample: 	 600/ 3000 ...
INFO : Sample: 	 1200/ 3000 ...
INFO : Sample: 	 1800/ 3000 ...
INFO : Sample: 	 2400/ 3000 ...
INFO : Sample: 	 3000/ 3000 ...
INFO : loss=2.06 ; accuracy=0.731
INFO : Average F1_score=0.45
INFO : Min F1_score=0.0# classes c | f1(c)<=min(f1_ls) + 0.1 = 61
INFO : Max F1_score=1.0# classes c | f1(c)>=max(f1_ls) - 0.1 = 37
INFO : validation_loss=2.058 ; best_validation_loss=2.533
INFO :  ****** Current epoch: 8 ****** 
INFO : Training sample: 	 3000/ 15000 ...
INFO : Training sample: 	 6000/ 15000 ...
INFO : Training sample: 	 9000/ 15000 ...
INFO : Training sample: 	 12000/ 15000 ...
INFO : Training sample: 	 15000/ 15000 ...
INFO : loss=1.71 ; accuracy=0.82
INFO : Average F1_score=0.81
INFO : Min F1_score=0.04# classes c | f1(c)<=min(f1_ls) + 0.1 = 2
INFO : Max F1_score=1.0# classes c | f1(c)>=max(f1_ls) - 0.1 = 54
INFO : Evaluation
INFO : Sample: 	 600/ 3000 ...
INFO : Sample: 	 1200/ 3000 ...
INFO : Sample: 	 1800/ 3000 ...
INFO : Sample: 	 2400/ 3000 ...
INFO : Sample: 	 3000/ 3000 ...
INFO : loss=1.67 ; accuracy=0.777
INFO : Average F1_score=0.48
INFO : Min F1_score=0.0# classes c | f1(c)<=min(f1_ls) + 0.1 = 58
INFO : Max F1_score=1.0# classes c | f1(c)>=max(f1_ls) - 0.1 = 42
INFO : validation_loss=1.672 ; best_validation_loss=2.058
INFO :  ****** Current epoch: 9 ****** 
INFO : Training sample: 	 3000/ 15000 ...
INFO : Training sample: 	 6000/ 15000 ...
INFO : Training sample: 	 9000/ 15000 ...
INFO : Training sample: 	 12000/ 15000 ...
INFO : Training sample: 	 15000/ 15000 ...
INFO : loss=1.34 ; accuracy=0.86
INFO : Average F1_score=0.85
INFO : Min F1_score=0.17# classes c | f1(c)<=min(f1_ls) + 0.1 = 2
INFO : Max F1_score=1.0# classes c | f1(c)>=max(f1_ls) - 0.1 = 68
INFO : Evaluation
INFO : Sample: 	 600/ 3000 ...
INFO : Sample: 	 1200/ 3000 ...
INFO : Sample: 	 1800/ 3000 ...
INFO : Sample: 	 2400/ 3000 ...
INFO : Sample: 	 3000/ 3000 ...
INFO : loss=1.37 ; accuracy=0.805
INFO : Average F1_score=0.5
INFO : Min F1_score=0.0# classes c | f1(c)<=min(f1_ls) + 0.1 = 56
INFO : Max F1_score=1.0# classes c | f1(c)>=max(f1_ls) - 0.1 = 44
INFO : validation_loss=1.366 ; best_validation_loss=1.672
INFO :  ****** Current epoch: 10 ****** 
INFO : Training sample: 	 3000/ 15000 ...
INFO : Training sample: 	 6000/ 15000 ...
INFO : Training sample: 	 9000/ 15000 ...
INFO : Training sample: 	 12000/ 15000 ...
INFO : Training sample: 	 15000/ 15000 ...
INFO : loss=1.06 ; accuracy=0.885
INFO : Average F1_score=0.88
INFO : Min F1_score=0.29# classes c | f1(c)<=min(f1_ls) + 0.1 = 2
INFO : Max F1_score=1.0# classes c | f1(c)>=max(f1_ls) - 0.1 = 79
INFO : Evaluation
INFO : Sample: 	 600/ 3000 ...
INFO : Sample: 	 1200/ 3000 ...
INFO : Sample: 	 1800/ 3000 ...
INFO : Sample: 	 2400/ 3000 ...
INFO : Sample: 	 3000/ 3000 ...
INFO : loss=1.13 ; accuracy=0.827
INFO : Average F1_score=0.53
INFO : Min F1_score=0.0# classes c | f1(c)<=min(f1_ls) + 0.1 = 50
INFO : Max F1_score=1.0# classes c | f1(c)>=max(f1_ls) - 0.1 = 49
INFO : validation_loss=1.128 ; best_validation_loss=1.366
INFO :  ****** Current epoch: 11 ****** 
INFO : Training sample: 	 3000/ 15000 ...
INFO : Training sample: 	 6000/ 15000 ...
INFO : Training sample: 	 9000/ 15000 ...
INFO : Training sample: 	 12000/ 15000 ...
INFO : Training sample: 	 15000/ 15000 ...
INFO : loss=0.84 ; accuracy=0.903
INFO : Average F1_score=0.9
INFO : Min F1_score=0.4# classes c | f1(c)<=min(f1_ls) + 0.1 = 2
INFO : Max F1_score=1.0# classes c | f1(c)>=max(f1_ls) - 0.1 = 97
INFO : Evaluation
INFO : Sample: 	 600/ 3000 ...
INFO : Sample: 	 1200/ 3000 ...
INFO : Sample: 	 1800/ 3000 ...
INFO : Sample: 	 2400/ 3000 ...
INFO : Sample: 	 3000/ 3000 ...
INFO : loss=0.94 ; accuracy=0.852
INFO : Average F1_score=0.55
INFO : Min F1_score=0.0# classes c | f1(c)<=min(f1_ls) + 0.1 = 48
INFO : Max F1_score=1.0# classes c | f1(c)>=max(f1_ls) - 0.1 = 52
INFO : validation_loss=0.944 ; best_validation_loss=1.128
INFO :  ****** Current epoch: 12 ****** 
INFO : Training sample: 	 3000/ 15000 ...
INFO : Training sample: 	 6000/ 15000 ...
INFO : Training sample: 	 9000/ 15000 ...
INFO : Training sample: 	 12000/ 15000 ...
INFO : Training sample: 	 15000/ 15000 ...
INFO : loss=0.68 ; accuracy=0.916
INFO : Average F1_score=0.92
INFO : Min F1_score=0.53# classes c | f1(c)<=min(f1_ls) + 0.1 = 3
INFO : Max F1_score=1.0# classes c | f1(c)>=max(f1_ls) - 0.1 = 108
INFO : Evaluation
INFO : Sample: 	 600/ 3000 ...
INFO : Sample: 	 1200/ 3000 ...
INFO : Sample: 	 1800/ 3000 ...
INFO : Sample: 	 2400/ 3000 ...
INFO : Sample: 	 3000/ 3000 ...
INFO : loss=0.8 ; accuracy=0.869
INFO : Average F1_score=0.58
INFO : Min F1_score=0.0# classes c | f1(c)<=min(f1_ls) + 0.1 = 41
INFO : Max F1_score=1.0# classes c | f1(c)>=max(f1_ls) - 0.1 = 56
INFO : validation_loss=0.802 ; best_validation_loss=0.944
INFO :  ****** Current epoch: 13 ****** 
INFO : Training sample: 	 3000/ 15000 ...
INFO : Training sample: 	 6000/ 15000 ...
INFO : Training sample: 	 9000/ 15000 ...
INFO : Training sample: 	 12000/ 15000 ...
INFO : Training sample: 	 15000/ 15000 ...
INFO : loss=0.56 ; accuracy=0.927
INFO : Average F1_score=0.93
INFO : Min F1_score=0.58# classes c | f1(c)<=min(f1_ls) + 0.1 = 4
INFO : Max F1_score=1.0# classes c | f1(c)>=max(f1_ls) - 0.1 = 119
INFO : Evaluation
INFO : Sample: 	 600/ 3000 ...
INFO : Sample: 	 1200/ 3000 ...
INFO : Sample: 	 1800/ 3000 ...
INFO : Sample: 	 2400/ 3000 ...
INFO : Sample: 	 3000/ 3000 ...
INFO : loss=0.69 ; accuracy=0.883
INFO : Average F1_score=0.6
INFO : Min F1_score=0.0# classes c | f1(c)<=min(f1_ls) + 0.1 = 40
INFO : Max F1_score=1.0# classes c | f1(c)>=max(f1_ls) - 0.1 = 59
INFO : validation_loss=0.691 ; best_validation_loss=0.802
INFO :  ****** Current epoch: 14 ****** 
INFO : Training sample: 	 3000/ 15000 ...
INFO : Training sample: 	 6000/ 15000 ...
INFO : Training sample: 	 9000/ 15000 ...
INFO : Training sample: 	 12000/ 15000 ...
INFO : Training sample: 	 15000/ 15000 ...
INFO : loss=0.46 ; accuracy=0.935
INFO : Average F1_score=0.93
INFO : Min F1_score=0.63# classes c | f1(c)<=min(f1_ls) + 0.1 = 5
INFO : Max F1_score=1.0# classes c | f1(c)>=max(f1_ls) - 0.1 = 128
INFO : Evaluation
INFO : Sample: 	 600/ 3000 ...
INFO : Sample: 	 1200/ 3000 ...
INFO : Sample: 	 1800/ 3000 ...
INFO : Sample: 	 2400/ 3000 ...
INFO : Sample: 	 3000/ 3000 ...
INFO : loss=0.6 ; accuracy=0.889
INFO : Average F1_score=0.61
INFO : Min F1_score=0.0# classes c | f1(c)<=min(f1_ls) + 0.1 = 39
INFO : Max F1_score=1.0# classes c | f1(c)>=max(f1_ls) - 0.1 = 59
INFO : validation_loss=0.605 ; best_validation_loss=0.691
INFO :  ****** Current epoch: 15 ****** 
INFO : Training sample: 	 3000/ 15000 ...
INFO : Training sample: 	 6000/ 15000 ...
INFO : Training sample: 	 9000/ 15000 ...
INFO : Training sample: 	 12000/ 15000 ...
INFO : Training sample: 	 15000/ 15000 ...
INFO : loss=0.39 ; accuracy=0.942
INFO : Average F1_score=0.94
INFO : Min F1_score=0.66# classes c | f1(c)<=min(f1_ls) + 0.1 = 6
INFO : Max F1_score=1.0# classes c | f1(c)>=max(f1_ls) - 0.1 = 130
INFO : Evaluation
INFO : Sample: 	 600/ 3000 ...
INFO : Sample: 	 1200/ 3000 ...
INFO : Sample: 	 1800/ 3000 ...
INFO : Sample: 	 2400/ 3000 ...
INFO : Sample: 	 3000/ 3000 ...
INFO : loss=0.54 ; accuracy=0.9
INFO : Average F1_score=0.62
INFO : Min F1_score=0.0# classes c | f1(c)<=min(f1_ls) + 0.1 = 38
INFO : Max F1_score=1.0# classes c | f1(c)>=max(f1_ls) - 0.1 = 59
INFO : validation_loss=0.536 ; best_validation_loss=0.605
INFO :  ****** Current epoch: 16 ****** 
INFO : Training sample: 	 3000/ 15000 ...
INFO : Training sample: 	 6000/ 15000 ...
INFO : Training sample: 	 9000/ 15000 ...
INFO : Training sample: 	 12000/ 15000 ...
INFO : Training sample: 	 15000/ 15000 ...
INFO : loss=0.34 ; accuracy=0.947
INFO : Average F1_score=0.95
INFO : Min F1_score=0.69# classes c | f1(c)<=min(f1_ls) + 0.1 = 7
INFO : Max F1_score=1.0# classes c | f1(c)>=max(f1_ls) - 0.1 = 134
INFO : Evaluation
INFO : Sample: 	 600/ 3000 ...
INFO : Sample: 	 1200/ 3000 ...
INFO : Sample: 	 1800/ 3000 ...
INFO : Sample: 	 2400/ 3000 ...
INFO : Sample: 	 3000/ 3000 ...
INFO : loss=0.48 ; accuracy=0.906
INFO : Average F1_score=0.62
INFO : Min F1_score=0.0# classes c | f1(c)<=min(f1_ls) + 0.1 = 38
INFO : Max F1_score=1.0# classes c | f1(c)>=max(f1_ls) - 0.1 = 61
INFO : validation_loss=0.482 ; best_validation_loss=0.536
INFO :  ****** Current epoch: 17 ****** 
INFO : Training sample: 	 3000/ 15000 ...
INFO : Training sample: 	 6000/ 15000 ...
INFO : Training sample: 	 9000/ 15000 ...
INFO : Training sample: 	 12000/ 15000 ...
INFO : Training sample: 	 15000/ 15000 ...
INFO : loss=0.3 ; accuracy=0.952
INFO : Average F1_score=0.95
INFO : Min F1_score=0.71# classes c | f1(c)<=min(f1_ls) + 0.1 = 7
INFO : Max F1_score=1.0# classes c | f1(c)>=max(f1_ls) - 0.1 = 135
INFO : Evaluation
INFO : Sample: 	 600/ 3000 ...
INFO : Sample: 	 1200/ 3000 ...
INFO : Sample: 	 1800/ 3000 ...
INFO : Sample: 	 2400/ 3000 ...
INFO : Sample: 	 3000/ 3000 ...
INFO : loss=0.44 ; accuracy=0.909
INFO : Average F1_score=0.62
INFO : Min F1_score=0.0# classes c | f1(c)<=min(f1_ls) + 0.1 = 38
INFO : Max F1_score=1.0# classes c | f1(c)>=max(f1_ls) - 0.1 = 61
INFO : validation_loss=0.438 ; best_validation_loss=0.482
INFO :  ****** Current epoch: 18 ****** 
INFO : Training sample: 	 3000/ 15000 ...
INFO : Training sample: 	 6000/ 15000 ...
INFO : Training sample: 	 9000/ 15000 ...
INFO : Training sample: 	 12000/ 15000 ...
INFO : Training sample: 	 15000/ 15000 ...
INFO : loss=0.26 ; accuracy=0.956
INFO : Average F1_score=0.96
INFO : Min F1_score=0.72# classes c | f1(c)<=min(f1_ls) + 0.1 = 7
INFO : Max F1_score=1.0# classes c | f1(c)>=max(f1_ls) - 0.1 = 137
INFO : Evaluation
INFO : Sample: 	 600/ 3000 ...
INFO : Sample: 	 1200/ 3000 ...
INFO : Sample: 	 1800/ 3000 ...
INFO : Sample: 	 2400/ 3000 ...
INFO : Sample: 	 3000/ 3000 ...
INFO : loss=0.4 ; accuracy=0.915
INFO : Average F1_score=0.65
INFO : Min F1_score=0.0# classes c | f1(c)<=min(f1_ls) + 0.1 = 34
INFO : Max F1_score=1.0# classes c | f1(c)>=max(f1_ls) - 0.1 = 62
INFO : validation_loss=0.402 ; best_validation_loss=0.438
INFO :  ****** Current epoch: 19 ****** 
INFO : Training sample: 	 3000/ 15000 ...
INFO : Training sample: 	 6000/ 15000 ...
INFO : Training sample: 	 9000/ 15000 ...
INFO : Training sample: 	 12000/ 15000 ...
INFO : Training sample: 	 15000/ 15000 ...
INFO : loss=0.23 ; accuracy=0.96
INFO : Average F1_score=0.96
INFO : Min F1_score=0.73# classes c | f1(c)<=min(f1_ls) + 0.1 = 7
INFO : Max F1_score=1.0# classes c | f1(c)>=max(f1_ls) - 0.1 = 141
INFO : Evaluation
INFO : Sample: 	 600/ 3000 ...
INFO : Sample: 	 1200/ 3000 ...
INFO : Sample: 	 1800/ 3000 ...
INFO : Sample: 	 2400/ 3000 ...
INFO : Sample: 	 3000/ 3000 ...
INFO : loss=0.37 ; accuracy=0.919
INFO : Average F1_score=0.65
INFO : Min F1_score=0.0# classes c | f1(c)<=min(f1_ls) + 0.1 = 33
INFO : Max F1_score=1.0# classes c | f1(c)>=max(f1_ls) - 0.1 = 63
INFO : validation_loss=0.372 ; best_validation_loss=0.402
INFO :  ****** Current epoch: 20 ****** 
INFO : Training sample: 	 3000/ 15000 ...
INFO : Training sample: 	 6000/ 15000 ...
INFO : Training sample: 	 9000/ 15000 ...
INFO : Training sample: 	 12000/ 15000 ...
INFO : Training sample: 	 15000/ 15000 ...
INFO : loss=0.21 ; accuracy=0.962
INFO : Average F1_score=0.96
INFO : Min F1_score=0.75# classes c | f1(c)<=min(f1_ls) + 0.1 = 8
INFO : Max F1_score=1.0# classes c | f1(c)>=max(f1_ls) - 0.1 = 142
INFO : Evaluation
INFO : Sample: 	 600/ 3000 ...
INFO : Sample: 	 1200/ 3000 ...
INFO : Sample: 	 1800/ 3000 ...
INFO : Sample: 	 2400/ 3000 ...
INFO : Sample: 	 3000/ 3000 ...
INFO : loss=0.35 ; accuracy=0.923
INFO : Average F1_score=0.66
INFO : Min F1_score=0.0# classes c | f1(c)<=min(f1_ls) + 0.1 = 32
INFO : Max F1_score=1.0# classes c | f1(c)>=max(f1_ls) - 0.1 = 63
INFO : validation_loss=0.348 ; best_validation_loss=0.372
INFO :  ****** Current epoch: 21 ****** 
INFO : Training sample: 	 3000/ 15000 ...
INFO : Training sample: 	 6000/ 15000 ...
INFO : Training sample: 	 9000/ 15000 ...
INFO : Training sample: 	 12000/ 15000 ...
INFO : Training sample: 	 15000/ 15000 ...
INFO : loss=0.19 ; accuracy=0.965
INFO : Average F1_score=0.97
INFO : Min F1_score=0.77# classes c | f1(c)<=min(f1_ls) + 0.1 = 8
INFO : Max F1_score=1.0# classes c | f1(c)>=max(f1_ls) - 0.1 = 142
INFO : Evaluation
INFO : Sample: 	 600/ 3000 ...
INFO : Sample: 	 1200/ 3000 ...
INFO : Sample: 	 1800/ 3000 ...
INFO : Sample: 	 2400/ 3000 ...
INFO : Sample: 	 3000/ 3000 ...
INFO : loss=0.33 ; accuracy=0.927
INFO : Average F1_score=0.68
INFO : Min F1_score=0.0# classes c | f1(c)<=min(f1_ls) + 0.1 = 30
INFO : Max F1_score=1.0# classes c | f1(c)>=max(f1_ls) - 0.1 = 63
INFO : validation_loss=0.328 ; best_validation_loss=0.348
INFO :  ****** Current epoch: 22 ****** 
INFO : Training sample: 	 3000/ 15000 ...
INFO : Training sample: 	 6000/ 15000 ...
INFO : Training sample: 	 9000/ 15000 ...
INFO : Training sample: 	 12000/ 15000 ...
INFO : Training sample: 	 15000/ 15000 ...
INFO : loss=0.17 ; accuracy=0.968
INFO : Average F1_score=0.97
INFO : Min F1_score=0.77# classes c | f1(c)<=min(f1_ls) + 0.1 = 7
INFO : Max F1_score=1.0# classes c | f1(c)>=max(f1_ls) - 0.1 = 142
INFO : Evaluation
INFO : Sample: 	 600/ 3000 ...
INFO : Sample: 	 1200/ 3000 ...
INFO : Sample: 	 1800/ 3000 ...
INFO : Sample: 	 2400/ 3000 ...
INFO : Sample: 	 3000/ 3000 ...
INFO : loss=0.31 ; accuracy=0.931
INFO : Average F1_score=0.69
INFO : Min F1_score=0.0# classes c | f1(c)<=min(f1_ls) + 0.1 = 29
INFO : Max F1_score=1.0# classes c | f1(c)>=max(f1_ls) - 0.1 = 64
INFO : validation_loss=0.311 ; best_validation_loss=0.328
INFO :  ****** Current epoch: 23 ****** 
INFO : Training sample: 	 3000/ 15000 ...
INFO : Training sample: 	 6000/ 15000 ...
INFO : Training sample: 	 9000/ 15000 ...
INFO : Training sample: 	 12000/ 15000 ...
INFO : Training sample: 	 15000/ 15000 ...
INFO : loss=0.16 ; accuracy=0.97
INFO : Average F1_score=0.97
INFO : Min F1_score=0.79# classes c | f1(c)<=min(f1_ls) + 0.1 = 8
INFO : Max F1_score=1.0# classes c | f1(c)>=max(f1_ls) - 0.1 = 142
INFO : Evaluation
INFO : Sample: 	 600/ 3000 ...
INFO : Sample: 	 1200/ 3000 ...
INFO : Sample: 	 1800/ 3000 ...
INFO : Sample: 	 2400/ 3000 ...
INFO : Sample: 	 3000/ 3000 ...
INFO : loss=0.3 ; accuracy=0.935
INFO : Average F1_score=0.69
INFO : Min F1_score=0.0# classes c | f1(c)<=min(f1_ls) + 0.1 = 28
INFO : Max F1_score=1.0# classes c | f1(c)>=max(f1_ls) - 0.1 = 64
INFO : validation_loss=0.296 ; best_validation_loss=0.311
INFO :  ****** Current epoch: 24 ****** 
INFO : Training sample: 	 3000/ 15000 ...
INFO : Training sample: 	 6000/ 15000 ...
INFO : Training sample: 	 9000/ 15000 ...
INFO : Training sample: 	 12000/ 15000 ...
INFO : Training sample: 	 15000/ 15000 ...
INFO : loss=0.15 ; accuracy=0.972
INFO : Average F1_score=0.97
INFO : Min F1_score=0.8# classes c | f1(c)<=min(f1_ls) + 0.1 = 8
INFO : Max F1_score=1.0# classes c | f1(c)>=max(f1_ls) - 0.1 = 142
INFO : Evaluation
INFO : Sample: 	 600/ 3000 ...
INFO : Sample: 	 1200/ 3000 ...
INFO : Sample: 	 1800/ 3000 ...
INFO : Sample: 	 2400/ 3000 ...
INFO : Sample: 	 3000/ 3000 ...
INFO : loss=0.28 ; accuracy=0.937
INFO : Average F1_score=0.7
INFO : Min F1_score=0.0# classes c | f1(c)<=min(f1_ls) + 0.1 = 28
INFO : Max F1_score=1.0# classes c | f1(c)>=max(f1_ls) - 0.1 = 64
INFO : validation_loss=0.283 ; best_validation_loss=0.296
INFO :  ****** Current epoch: 25 ****** 
INFO : Training sample: 	 3000/ 15000 ...
INFO : Training sample: 	 6000/ 15000 ...
INFO : Training sample: 	 9000/ 15000 ...
INFO : Training sample: 	 12000/ 15000 ...
INFO : Training sample: 	 15000/ 15000 ...
INFO : loss=0.13 ; accuracy=0.974
INFO : Average F1_score=0.97
INFO : Min F1_score=0.8# classes c | f1(c)<=min(f1_ls) + 0.1 = 8
INFO : Max F1_score=1.0# classes c | f1(c)>=max(f1_ls) - 0.1 = 142
INFO : Evaluation
INFO : Sample: 	 600/ 3000 ...
INFO : Sample: 	 1200/ 3000 ...
INFO : Sample: 	 1800/ 3000 ...
INFO : Sample: 	 2400/ 3000 ...
INFO : Sample: 	 3000/ 3000 ...
INFO : loss=0.27 ; accuracy=0.939
INFO : Average F1_score=0.7
INFO : Min F1_score=0.0# classes c | f1(c)<=min(f1_ls) + 0.1 = 28
INFO : Max F1_score=1.0# classes c | f1(c)>=max(f1_ls) - 0.1 = 64
INFO : validation_loss=0.272 ; best_validation_loss=0.283
INFO :  ****** Current epoch: 26 ****** 
INFO : Training sample: 	 3000/ 15000 ...
INFO : Training sample: 	 6000/ 15000 ...
INFO : Training sample: 	 9000/ 15000 ...
INFO : Training sample: 	 12000/ 15000 ...
INFO : Training sample: 	 15000/ 15000 ...
INFO : loss=0.12 ; accuracy=0.976
INFO : Average F1_score=0.98
INFO : Min F1_score=0.81# classes c | f1(c)<=min(f1_ls) + 0.1 = 8
INFO : Max F1_score=1.0# classes c | f1(c)>=max(f1_ls) - 0.1 = 143
INFO : Evaluation
INFO : Sample: 	 600/ 3000 ...
INFO : Sample: 	 1200/ 3000 ...
INFO : Sample: 	 1800/ 3000 ...
INFO : Sample: 	 2400/ 3000 ...
INFO : Sample: 	 3000/ 3000 ...
INFO : loss=0.26 ; accuracy=0.941
INFO : Average F1_score=0.71
INFO : Min F1_score=0.0# classes c | f1(c)<=min(f1_ls) + 0.1 = 27
INFO : Max F1_score=1.0# classes c | f1(c)>=max(f1_ls) - 0.1 = 64
INFO : validation_loss=0.263 ; best_validation_loss=0.272
INFO :  ****** Current epoch: 27 ****** 
INFO : Training sample: 	 3000/ 15000 ...
INFO : Training sample: 	 6000/ 15000 ...
INFO : Training sample: 	 9000/ 15000 ...
INFO : Training sample: 	 12000/ 15000 ...
INFO : Training sample: 	 15000/ 15000 ...
INFO : loss=0.12 ; accuracy=0.978
INFO : Average F1_score=0.98
INFO : Min F1_score=0.83# classes c | f1(c)<=min(f1_ls) + 0.1 = 9
INFO : Max F1_score=1.0# classes c | f1(c)>=max(f1_ls) - 0.1 = 144
INFO : Evaluation
INFO : Sample: 	 600/ 3000 ...
INFO : Sample: 	 1200/ 3000 ...
INFO : Sample: 	 1800/ 3000 ...
INFO : Sample: 	 2400/ 3000 ...
INFO : Sample: 	 3000/ 3000 ...
INFO : loss=0.25 ; accuracy=0.942
INFO : Average F1_score=0.71
INFO : Min F1_score=0.0# classes c | f1(c)<=min(f1_ls) + 0.1 = 27
INFO : Max F1_score=1.0# classes c | f1(c)>=max(f1_ls) - 0.1 = 64
INFO : validation_loss=0.255 ; best_validation_loss=0.263
INFO :  ****** Current epoch: 28 ****** 
INFO : Training sample: 	 3000/ 15000 ...
INFO : Training sample: 	 6000/ 15000 ...
INFO : Training sample: 	 9000/ 15000 ...
INFO : Training sample: 	 12000/ 15000 ...
INFO : Training sample: 	 15000/ 15000 ...
INFO : loss=0.11 ; accuracy=0.978
INFO : Average F1_score=0.98
INFO : Min F1_score=0.84# classes c | f1(c)<=min(f1_ls) + 0.1 = 10
INFO : Max F1_score=1.0# classes c | f1(c)>=max(f1_ls) - 0.1 = 144
INFO : Evaluation
INFO : Sample: 	 600/ 3000 ...
INFO : Sample: 	 1200/ 3000 ...
INFO : Sample: 	 1800/ 3000 ...
INFO : Sample: 	 2400/ 3000 ...
INFO : Sample: 	 3000/ 3000 ...
INFO : loss=0.25 ; accuracy=0.943
INFO : Average F1_score=0.71
INFO : Min F1_score=0.0# classes c | f1(c)<=min(f1_ls) + 0.1 = 27
INFO : Max F1_score=1.0# classes c | f1(c)>=max(f1_ls) - 0.1 = 64
INFO : validation_loss=0.247 ; best_validation_loss=0.255
INFO :  ****** Current epoch: 29 ****** 
INFO : Training sample: 	 3000/ 15000 ...
INFO : Training sample: 	 6000/ 15000 ...
INFO : Training sample: 	 9000/ 15000 ...
INFO : Training sample: 	 12000/ 15000 ...
INFO : Training sample: 	 15000/ 15000 ...
INFO : loss=0.1 ; accuracy=0.98
INFO : Average F1_score=0.98
INFO : Min F1_score=0.84# classes c | f1(c)<=min(f1_ls) + 0.1 = 10
INFO : Max F1_score=1.0# classes c | f1(c)>=max(f1_ls) - 0.1 = 145
INFO : Evaluation
INFO : Sample: 	 600/ 3000 ...
INFO : Sample: 	 1200/ 3000 ...
INFO : Sample: 	 1800/ 3000 ...
INFO : Sample: 	 2400/ 3000 ...
INFO : Sample: 	 3000/ 3000 ...
INFO : loss=0.24 ; accuracy=0.945
INFO : Average F1_score=0.71
INFO : Min F1_score=0.0# classes c | f1(c)<=min(f1_ls) + 0.1 = 26
INFO : Max F1_score=1.0# classes c | f1(c)>=max(f1_ls) - 0.1 = 64
INFO : validation_loss=0.24 ; best_validation_loss=0.247
INFO :  ****** Current epoch: 30 ****** 
INFO : Training sample: 	 3000/ 15000 ...
INFO : Training sample: 	 6000/ 15000 ...
INFO : Training sample: 	 9000/ 15000 ...
INFO : Training sample: 	 12000/ 15000 ...
INFO : Training sample: 	 15000/ 15000 ...
INFO : loss=0.09 ; accuracy=0.981
INFO : Average F1_score=0.98
INFO : Min F1_score=0.85# classes c | f1(c)<=min(f1_ls) + 0.1 = 10
INFO : Max F1_score=1.0# classes c | f1(c)>=max(f1_ls) - 0.1 = 145
INFO : Evaluation
INFO : Sample: 	 600/ 3000 ...
INFO : Sample: 	 1200/ 3000 ...
INFO : Sample: 	 1800/ 3000 ...
INFO : Sample: 	 2400/ 3000 ...
INFO : Sample: 	 3000/ 3000 ...
INFO : loss=0.23 ; accuracy=0.945
INFO : Average F1_score=0.71
INFO : Min F1_score=0.0# classes c | f1(c)<=min(f1_ls) + 0.1 = 26
INFO : Max F1_score=1.0# classes c | f1(c)>=max(f1_ls) - 0.1 = 64
INFO : validation_loss=0.235 ; best_validation_loss=0.24
INFO :  ****** Current epoch: 31 ****** 
INFO : Training sample: 	 3000/ 15000 ...
INFO : Training sample: 	 6000/ 15000 ...
INFO : Training sample: 	 9000/ 15000 ...
INFO : Training sample: 	 12000/ 15000 ...
INFO : Training sample: 	 15000/ 15000 ...
INFO : loss=0.09 ; accuracy=0.983
INFO : Average F1_score=0.98
INFO : Min F1_score=0.86# classes c | f1(c)<=min(f1_ls) + 0.1 = 15
INFO : Max F1_score=1.0# classes c | f1(c)>=max(f1_ls) - 0.1 = 146
INFO : Evaluation
INFO : Sample: 	 600/ 3000 ...
INFO : Sample: 	 1200/ 3000 ...
INFO : Sample: 	 1800/ 3000 ...
INFO : Sample: 	 2400/ 3000 ...
INFO : Sample: 	 3000/ 3000 ...
INFO : loss=0.23 ; accuracy=0.946
INFO : Average F1_score=0.71
INFO : Min F1_score=0.0# classes c | f1(c)<=min(f1_ls) + 0.1 = 27
INFO : Max F1_score=1.0# classes c | f1(c)>=max(f1_ls) - 0.1 = 64
INFO : validation_loss=0.229 ; best_validation_loss=0.235
INFO :  ****** Current epoch: 32 ****** 
INFO : Training sample: 	 3000/ 15000 ...
INFO : Training sample: 	 6000/ 15000 ...
INFO : Training sample: 	 9000/ 15000 ...
INFO : Training sample: 	 12000/ 15000 ...
INFO : Training sample: 	 15000/ 15000 ...
INFO : loss=0.08 ; accuracy=0.984
INFO : Average F1_score=0.98
INFO : Min F1_score=0.87# classes c | f1(c)<=min(f1_ls) + 0.1 = 20
INFO : Max F1_score=1.0# classes c | f1(c)>=max(f1_ls) - 0.1 = 146
INFO : Evaluation
INFO : Sample: 	 600/ 3000 ...
INFO : Sample: 	 1200/ 3000 ...
INFO : Sample: 	 1800/ 3000 ...
INFO : Sample: 	 2400/ 3000 ...
INFO : Sample: 	 3000/ 3000 ...
INFO : loss=0.22 ; accuracy=0.947
INFO : Average F1_score=0.71
INFO : Min F1_score=0.0# classes c | f1(c)<=min(f1_ls) + 0.1 = 27
INFO : Max F1_score=1.0# classes c | f1(c)>=max(f1_ls) - 0.1 = 64
INFO : validation_loss=0.224 ; best_validation_loss=0.229
INFO :  ****** Current epoch: 33 ****** 
INFO : Training sample: 	 3000/ 15000 ...
INFO : Training sample: 	 6000/ 15000 ...
INFO : Training sample: 	 9000/ 15000 ...
INFO : Training sample: 	 12000/ 15000 ...
INFO : Training sample: 	 15000/ 15000 ...
INFO : loss=0.08 ; accuracy=0.985
INFO : Average F1_score=0.99
INFO : Min F1_score=0.87# classes c | f1(c)<=min(f1_ls) + 0.1 = 16
INFO : Max F1_score=1.0# classes c | f1(c)>=max(f1_ls) - 0.1 = 146
INFO : Evaluation
INFO : Sample: 	 600/ 3000 ...
INFO : Sample: 	 1200/ 3000 ...
INFO : Sample: 	 1800/ 3000 ...
INFO : Sample: 	 2400/ 3000 ...
INFO : Sample: 	 3000/ 3000 ...
INFO : loss=0.22 ; accuracy=0.947
INFO : Average F1_score=0.71
INFO : Min F1_score=0.0# classes c | f1(c)<=min(f1_ls) + 0.1 = 27
INFO : Max F1_score=1.0# classes c | f1(c)>=max(f1_ls) - 0.1 = 64
INFO : validation_loss=0.22 ; best_validation_loss=0.224
INFO :  ****** Current epoch: 34 ****** 
INFO : Training sample: 	 3000/ 15000 ...
INFO : Training sample: 	 6000/ 15000 ...
INFO : Training sample: 	 9000/ 15000 ...
INFO : Training sample: 	 12000/ 15000 ...
INFO : Training sample: 	 15000/ 15000 ...
INFO : loss=0.07 ; accuracy=0.986
INFO : Average F1_score=0.99
INFO : Min F1_score=0.88# classes c | f1(c)<=min(f1_ls) + 0.1 = 26
INFO : Max F1_score=1.0# classes c | f1(c)>=max(f1_ls) - 0.1 = 147
INFO : Evaluation
INFO : Sample: 	 600/ 3000 ...
INFO : Sample: 	 1200/ 3000 ...
INFO : Sample: 	 1800/ 3000 ...
INFO : Sample: 	 2400/ 3000 ...
INFO : Sample: 	 3000/ 3000 ...
INFO : loss=0.22 ; accuracy=0.948
INFO : Average F1_score=0.71
INFO : Min F1_score=0.0# classes c | f1(c)<=min(f1_ls) + 0.1 = 27
INFO : Max F1_score=1.0# classes c | f1(c)>=max(f1_ls) - 0.1 = 64
INFO : validation_loss=0.216 ; best_validation_loss=0.22
INFO :  ****** Current epoch: 35 ****** 
INFO : Training sample: 	 3000/ 15000 ...
INFO : Training sample: 	 6000/ 15000 ...
INFO : Training sample: 	 9000/ 15000 ...
INFO : Training sample: 	 12000/ 15000 ...
INFO : Training sample: 	 15000/ 15000 ...
INFO : loss=0.07 ; accuracy=0.988
INFO : Average F1_score=0.99
INFO : Min F1_score=0.89# classes c | f1(c)<=min(f1_ls) + 0.1 = 60
INFO : Max F1_score=1.0# classes c | f1(c)>=max(f1_ls) - 0.1 = 147
INFO : Evaluation
INFO : Sample: 	 600/ 3000 ...
INFO : Sample: 	 1200/ 3000 ...
INFO : Sample: 	 1800/ 3000 ...
INFO : Sample: 	 2400/ 3000 ...
INFO : Sample: 	 3000/ 3000 ...
INFO : loss=0.21 ; accuracy=0.949
INFO : Average F1_score=0.72
INFO : Min F1_score=0.0# classes c | f1(c)<=min(f1_ls) + 0.1 = 26
INFO : Max F1_score=1.0# classes c | f1(c)>=max(f1_ls) - 0.1 = 64
INFO : validation_loss=0.213 ; best_validation_loss=0.216
INFO :  ****** Current epoch: 36 ****** 
INFO : Training sample: 	 3000/ 15000 ...
INFO : Training sample: 	 6000/ 15000 ...
INFO : Training sample: 	 9000/ 15000 ...
INFO : Training sample: 	 12000/ 15000 ...
INFO : Training sample: 	 15000/ 15000 ...
INFO : loss=0.07 ; accuracy=0.988
INFO : Average F1_score=0.99
INFO : Min F1_score=0.9# classes c | f1(c)<=min(f1_ls) + 0.1 = 90
INFO : Max F1_score=1.0# classes c | f1(c)>=max(f1_ls) - 0.1 = 148
INFO : Evaluation
INFO : Sample: 	 600/ 3000 ...
INFO : Sample: 	 1200/ 3000 ...
INFO : Sample: 	 1800/ 3000 ...
INFO : Sample: 	 2400/ 3000 ...
INFO : Sample: 	 3000/ 3000 ...
INFO : loss=0.21 ; accuracy=0.95
INFO : Average F1_score=0.72
INFO : Min F1_score=0.0# classes c | f1(c)<=min(f1_ls) + 0.1 = 25
INFO : Max F1_score=1.0# classes c | f1(c)>=max(f1_ls) - 0.1 = 66
INFO : validation_loss=0.209 ; best_validation_loss=0.213
INFO :  ****** Current epoch: 37 ****** 
INFO : Training sample: 	 3000/ 15000 ...
INFO : Training sample: 	 6000/ 15000 ...
INFO : Training sample: 	 9000/ 15000 ...
INFO : Training sample: 	 12000/ 15000 ...
INFO : Training sample: 	 15000/ 15000 ...
INFO : loss=0.06 ; accuracy=0.989
INFO : Average F1_score=0.99
INFO : Min F1_score=0.9# classes c | f1(c)<=min(f1_ls) + 0.1 = 150
INFO : Max F1_score=1.0# classes c | f1(c)>=max(f1_ls) - 0.1 = 150
INFO : Evaluation
INFO : Sample: 	 600/ 3000 ...
INFO : Sample: 	 1200/ 3000 ...
INFO : Sample: 	 1800/ 3000 ...
INFO : Sample: 	 2400/ 3000 ...
INFO : Sample: 	 3000/ 3000 ...
INFO : loss=0.21 ; accuracy=0.95
INFO : Average F1_score=0.72
INFO : Min F1_score=0.0# classes c | f1(c)<=min(f1_ls) + 0.1 = 25
INFO : Max F1_score=1.0# classes c | f1(c)>=max(f1_ls) - 0.1 = 66
INFO : validation_loss=0.206 ; best_validation_loss=0.209
INFO :  ****** Current epoch: 38 ****** 
INFO : Training sample: 	 3000/ 15000 ...
INFO : Training sample: 	 6000/ 15000 ...
INFO : Training sample: 	 9000/ 15000 ...
INFO : Training sample: 	 12000/ 15000 ...
INFO : Training sample: 	 15000/ 15000 ...
INFO : loss=0.06 ; accuracy=0.99
INFO : Average F1_score=0.99
INFO : Min F1_score=0.91# classes c | f1(c)<=min(f1_ls) + 0.1 = 150
INFO : Max F1_score=1.0# classes c | f1(c)>=max(f1_ls) - 0.1 = 150
INFO : Evaluation
INFO : Sample: 	 600/ 3000 ...
INFO : Sample: 	 1200/ 3000 ...
INFO : Sample: 	 1800/ 3000 ...
INFO : Sample: 	 2400/ 3000 ...
INFO : Sample: 	 3000/ 3000 ...
INFO : loss=0.2 ; accuracy=0.951
INFO : Average F1_score=0.72
INFO : Min F1_score=0.0# classes c | f1(c)<=min(f1_ls) + 0.1 = 25
INFO : Max F1_score=1.0# classes c | f1(c)>=max(f1_ls) - 0.1 = 67
INFO : validation_loss=0.204 ; best_validation_loss=0.206
INFO :  ****** Current epoch: 39 ****** 
INFO : Training sample: 	 3000/ 15000 ...
INFO : Training sample: 	 6000/ 15000 ...
INFO : Training sample: 	 9000/ 15000 ...
INFO : Training sample: 	 12000/ 15000 ...
INFO : Training sample: 	 15000/ 15000 ...
INFO : loss=0.06 ; accuracy=0.991
INFO : Average F1_score=0.99
INFO : Min F1_score=0.91# classes c | f1(c)<=min(f1_ls) + 0.1 = 150
INFO : Max F1_score=1.0# classes c | f1(c)>=max(f1_ls) - 0.1 = 150
INFO : Evaluation
INFO : Sample: 	 600/ 3000 ...
INFO : Sample: 	 1200/ 3000 ...
INFO : Sample: 	 1800/ 3000 ...
INFO : Sample: 	 2400/ 3000 ...
INFO : Sample: 	 3000/ 3000 ...
INFO : loss=0.2 ; accuracy=0.953
INFO : Average F1_score=0.72
INFO : Min F1_score=0.0# classes c | f1(c)<=min(f1_ls) + 0.1 = 25
INFO : Max F1_score=1.0# classes c | f1(c)>=max(f1_ls) - 0.1 = 67
INFO : validation_loss=0.201 ; best_validation_loss=0.204
INFO :  ****** Current epoch: 40 ****** 
INFO : Training sample: 	 3000/ 15000 ...
INFO : Training sample: 	 6000/ 15000 ...
INFO : Training sample: 	 9000/ 15000 ...
INFO : Training sample: 	 12000/ 15000 ...
INFO : Training sample: 	 15000/ 15000 ...
INFO : loss=0.05 ; accuracy=0.991
INFO : Average F1_score=0.99
INFO : Min F1_score=0.91# classes c | f1(c)<=min(f1_ls) + 0.1 = 150
INFO : Max F1_score=1.0# classes c | f1(c)>=max(f1_ls) - 0.1 = 150
INFO : Evaluation
INFO : Sample: 	 600/ 3000 ...
INFO : Sample: 	 1200/ 3000 ...
INFO : Sample: 	 1800/ 3000 ...
INFO : Sample: 	 2400/ 3000 ...
INFO : Sample: 	 3000/ 3000 ...
INFO : loss=0.2 ; accuracy=0.952
INFO : Average F1_score=0.72
INFO : Min F1_score=0.0# classes c | f1(c)<=min(f1_ls) + 0.1 = 25
INFO : Max F1_score=1.0# classes c | f1(c)>=max(f1_ls) - 0.1 = 67
INFO : validation_loss=0.199 ; best_validation_loss=0.201
INFO :  ****** Current epoch: 41 ****** 
INFO : Training sample: 	 3000/ 15000 ...
INFO : Training sample: 	 6000/ 15000 ...
INFO : Training sample: 	 9000/ 15000 ...
INFO : Training sample: 	 12000/ 15000 ...
INFO : Training sample: 	 15000/ 15000 ...
INFO : loss=0.05 ; accuracy=0.992
INFO : Average F1_score=0.99
INFO : Min F1_score=0.91# classes c | f1(c)<=min(f1_ls) + 0.1 = 150
INFO : Max F1_score=1.0# classes c | f1(c)>=max(f1_ls) - 0.1 = 150
INFO : Evaluation
INFO : Sample: 	 600/ 3000 ...
INFO : Sample: 	 1200/ 3000 ...
INFO : Sample: 	 1800/ 3000 ...
INFO : Sample: 	 2400/ 3000 ...
INFO : Sample: 	 3000/ 3000 ...
INFO : loss=0.2 ; accuracy=0.953
INFO : Average F1_score=0.72
INFO : Min F1_score=0.0# classes c | f1(c)<=min(f1_ls) + 0.1 = 25
INFO : Max F1_score=1.0# classes c | f1(c)>=max(f1_ls) - 0.1 = 68
INFO : validation_loss=0.197 ; best_validation_loss=0.199
INFO :  ****** Current epoch: 42 ****** 
INFO : Training sample: 	 3000/ 15000 ...
INFO : Training sample: 	 6000/ 15000 ...
INFO : Training sample: 	 9000/ 15000 ...
INFO : Training sample: 	 12000/ 15000 ...
INFO : Training sample: 	 15000/ 15000 ...
INFO : loss=0.05 ; accuracy=0.993
INFO : Average F1_score=0.99
INFO : Min F1_score=0.92# classes c | f1(c)<=min(f1_ls) + 0.1 = 150
INFO : Max F1_score=1.0# classes c | f1(c)>=max(f1_ls) - 0.1 = 150
INFO : Evaluation
INFO : Sample: 	 600/ 3000 ...
INFO : Sample: 	 1200/ 3000 ...
INFO : Sample: 	 1800/ 3000 ...
INFO : Sample: 	 2400/ 3000 ...
INFO : Sample: 	 3000/ 3000 ...
INFO : loss=0.19 ; accuracy=0.953
INFO : Average F1_score=0.73
INFO : Min F1_score=0.0# classes c | f1(c)<=min(f1_ls) + 0.1 = 25
INFO : Max F1_score=1.0# classes c | f1(c)>=max(f1_ls) - 0.1 = 68
INFO : validation_loss=0.195 ; best_validation_loss=0.197
INFO :  ****** Current epoch: 43 ****** 
INFO : Training sample: 	 3000/ 15000 ...
INFO : Training sample: 	 6000/ 15000 ...
INFO : Training sample: 	 9000/ 15000 ...
INFO : Training sample: 	 12000/ 15000 ...
INFO : Training sample: 	 15000/ 15000 ...
INFO : loss=0.04 ; accuracy=0.993
INFO : Average F1_score=0.99
INFO : Min F1_score=0.92# classes c | f1(c)<=min(f1_ls) + 0.1 = 150
INFO : Max F1_score=1.0# classes c | f1(c)>=max(f1_ls) - 0.1 = 150
INFO : Evaluation
INFO : Sample: 	 600/ 3000 ...
INFO : Sample: 	 1200/ 3000 ...
INFO : Sample: 	 1800/ 3000 ...
INFO : Sample: 	 2400/ 3000 ...
INFO : Sample: 	 3000/ 3000 ...
INFO : loss=0.19 ; accuracy=0.953
INFO : Average F1_score=0.73
INFO : Min F1_score=0.0# classes c | f1(c)<=min(f1_ls) + 0.1 = 25
INFO : Max F1_score=1.0# classes c | f1(c)>=max(f1_ls) - 0.1 = 68
INFO : validation_loss=0.193 ; best_validation_loss=0.195
INFO :  ****** Current epoch: 44 ****** 
INFO : Training sample: 	 3000/ 15000 ...
INFO : Training sample: 	 6000/ 15000 ...
INFO : Training sample: 	 9000/ 15000 ...
INFO : Training sample: 	 12000/ 15000 ...
INFO : Training sample: 	 15000/ 15000 ...
INFO : loss=0.04 ; accuracy=0.994
INFO : Average F1_score=0.99
INFO : Min F1_score=0.92# classes c | f1(c)<=min(f1_ls) + 0.1 = 150
INFO : Max F1_score=1.0# classes c | f1(c)>=max(f1_ls) - 0.1 = 150
INFO : Evaluation
INFO : Sample: 	 600/ 3000 ...
INFO : Sample: 	 1200/ 3000 ...
INFO : Sample: 	 1800/ 3000 ...
INFO : Sample: 	 2400/ 3000 ...
INFO : Sample: 	 3000/ 3000 ...
INFO : loss=0.19 ; accuracy=0.953
INFO : Average F1_score=0.73
INFO : Min F1_score=0.0# classes c | f1(c)<=min(f1_ls) + 0.1 = 25
INFO : Max F1_score=1.0# classes c | f1(c)>=max(f1_ls) - 0.1 = 68
INFO : validation_loss=0.191 ; best_validation_loss=0.193
INFO :  ****** Current epoch: 45 ****** 
INFO : Training sample: 	 3000/ 15000 ...
INFO : Training sample: 	 6000/ 15000 ...
INFO : Training sample: 	 9000/ 15000 ...
INFO : Training sample: 	 12000/ 15000 ...
INFO : Training sample: 	 15000/ 15000 ...
INFO : loss=0.04 ; accuracy=0.994
INFO : Average F1_score=0.99
INFO : Min F1_score=0.92# classes c | f1(c)<=min(f1_ls) + 0.1 = 150
INFO : Max F1_score=1.0# classes c | f1(c)>=max(f1_ls) - 0.1 = 150
INFO : Evaluation
INFO : Sample: 	 600/ 3000 ...
INFO : Sample: 	 1200/ 3000 ...
INFO : Sample: 	 1800/ 3000 ...
INFO : Sample: 	 2400/ 3000 ...
INFO : Sample: 	 3000/ 3000 ...
INFO : loss=0.19 ; accuracy=0.953
INFO : Average F1_score=0.72
INFO : Min F1_score=0.0# classes c | f1(c)<=min(f1_ls) + 0.1 = 25
INFO : Max F1_score=1.0# classes c | f1(c)>=max(f1_ls) - 0.1 = 68
INFO : validation_loss=0.19 ; best_validation_loss=0.191
INFO :  ****** Current epoch: 46 ****** 
INFO : Training sample: 	 3000/ 15000 ...
INFO : Training sample: 	 6000/ 15000 ...
INFO : Training sample: 	 9000/ 15000 ...
INFO : Training sample: 	 12000/ 15000 ...
INFO : Training sample: 	 15000/ 15000 ...
INFO : loss=0.04 ; accuracy=0.995
INFO : Average F1_score=0.99
INFO : Min F1_score=0.92# classes c | f1(c)<=min(f1_ls) + 0.1 = 150
INFO : Max F1_score=1.0# classes c | f1(c)>=max(f1_ls) - 0.1 = 150
INFO : Evaluation
INFO : Sample: 	 600/ 3000 ...
INFO : Sample: 	 1200/ 3000 ...
INFO : Sample: 	 1800/ 3000 ...
INFO : Sample: 	 2400/ 3000 ...
INFO : Sample: 	 3000/ 3000 ...
INFO : loss=0.19 ; accuracy=0.954
INFO : Average F1_score=0.73
INFO : Min F1_score=0.0# classes c | f1(c)<=min(f1_ls) + 0.1 = 24
INFO : Max F1_score=1.0# classes c | f1(c)>=max(f1_ls) - 0.1 = 68
INFO : validation_loss=0.188 ; best_validation_loss=0.19
INFO :  ****** Current epoch: 47 ****** 
INFO : Training sample: 	 3000/ 15000 ...
INFO : Training sample: 	 6000/ 15000 ...
INFO : Training sample: 	 9000/ 15000 ...
INFO : Training sample: 	 12000/ 15000 ...
INFO : Training sample: 	 15000/ 15000 ...
INFO : loss=0.04 ; accuracy=0.995
INFO : Average F1_score=0.99
INFO : Min F1_score=0.92# classes c | f1(c)<=min(f1_ls) + 0.1 = 150
INFO : Max F1_score=1.0# classes c | f1(c)>=max(f1_ls) - 0.1 = 150
INFO : Evaluation
INFO : Sample: 	 600/ 3000 ...
INFO : Sample: 	 1200/ 3000 ...
INFO : Sample: 	 1800/ 3000 ...
INFO : Sample: 	 2400/ 3000 ...
INFO : Sample: 	 3000/ 3000 ...
INFO : loss=0.19 ; accuracy=0.955
INFO : Average F1_score=0.74
INFO : Min F1_score=0.0# classes c | f1(c)<=min(f1_ls) + 0.1 = 23
INFO : Max F1_score=1.0# classes c | f1(c)>=max(f1_ls) - 0.1 = 68
INFO : validation_loss=0.187 ; best_validation_loss=0.188
INFO :  ****** Current epoch: 48 ****** 
INFO : Training sample: 	 3000/ 15000 ...
INFO : Training sample: 	 6000/ 15000 ...
INFO : Training sample: 	 9000/ 15000 ...
INFO : Training sample: 	 12000/ 15000 ...
INFO : Training sample: 	 15000/ 15000 ...
INFO : loss=0.03 ; accuracy=0.995
INFO : Average F1_score=1.0
INFO : Min F1_score=0.92# classes c | f1(c)<=min(f1_ls) + 0.1 = 150
INFO : Max F1_score=1.0# classes c | f1(c)>=max(f1_ls) - 0.1 = 150
INFO : Evaluation
INFO : Sample: 	 600/ 3000 ...
INFO : Sample: 	 1200/ 3000 ...
INFO : Sample: 	 1800/ 3000 ...
INFO : Sample: 	 2400/ 3000 ...
INFO : Sample: 	 3000/ 3000 ...
INFO : loss=0.19 ; accuracy=0.955
INFO : Average F1_score=0.74
INFO : Min F1_score=0.0# classes c | f1(c)<=min(f1_ls) + 0.1 = 23
INFO : Max F1_score=1.0# classes c | f1(c)>=max(f1_ls) - 0.1 = 68
INFO : validation_loss=0.186 ; best_validation_loss=0.187
INFO :  ****** Current epoch: 49 ****** 
INFO : Training sample: 	 3000/ 15000 ...
INFO : Training sample: 	 6000/ 15000 ...
INFO : Training sample: 	 9000/ 15000 ...
INFO : Training sample: 	 12000/ 15000 ...
INFO : Training sample: 	 15000/ 15000 ...
INFO : loss=0.03 ; accuracy=0.996
INFO : Average F1_score=1.0
INFO : Min F1_score=0.93# classes c | f1(c)<=min(f1_ls) + 0.1 = 150
INFO : Max F1_score=1.0# classes c | f1(c)>=max(f1_ls) - 0.1 = 150
INFO : Evaluation
INFO : Sample: 	 600/ 3000 ...
INFO : Sample: 	 1200/ 3000 ...
INFO : Sample: 	 1800/ 3000 ...
INFO : Sample: 	 2400/ 3000 ...
INFO : Sample: 	 3000/ 3000 ...
INFO : loss=0.18 ; accuracy=0.956
INFO : Average F1_score=0.74
INFO : Min F1_score=0.0# classes c | f1(c)<=min(f1_ls) + 0.1 = 23
INFO : Max F1_score=1.0# classes c | f1(c)>=max(f1_ls) - 0.1 = 69
INFO : validation_loss=0.185 ; best_validation_loss=0.186
INFO :  ****** Current epoch: 50 ****** 
INFO : Training sample: 	 3000/ 15000 ...
INFO : Training sample: 	 6000/ 15000 ...
INFO : Training sample: 	 9000/ 15000 ...
INFO : Training sample: 	 12000/ 15000 ...
INFO : Training sample: 	 15000/ 15000 ...
INFO : loss=0.03 ; accuracy=0.997
INFO : Average F1_score=1.0
INFO : Min F1_score=0.93# classes c | f1(c)<=min(f1_ls) + 0.1 = 150
INFO : Max F1_score=1.0# classes c | f1(c)>=max(f1_ls) - 0.1 = 150
INFO : Evaluation
INFO : Sample: 	 600/ 3000 ...
INFO : Sample: 	 1200/ 3000 ...
INFO : Sample: 	 1800/ 3000 ...
INFO : Sample: 	 2400/ 3000 ...
INFO : Sample: 	 3000/ 3000 ...
INFO : loss=0.18 ; accuracy=0.955
INFO : Average F1_score=0.74
INFO : Min F1_score=0.0# classes c | f1(c)<=min(f1_ls) + 0.1 = 23
INFO : Max F1_score=1.0# classes c | f1(c)>=max(f1_ls) - 0.1 = 69
INFO : validation_loss=0.184 ; best_validation_loss=0.185
INFO :  ****** Current epoch: 51 ****** 
INFO : Training sample: 	 3000/ 15000 ...
INFO : Training sample: 	 6000/ 15000 ...
INFO : Training sample: 	 9000/ 15000 ...
INFO : Training sample: 	 12000/ 15000 ...
INFO : Training sample: 	 15000/ 15000 ...
INFO : loss=0.03 ; accuracy=0.997
INFO : Average F1_score=1.0
INFO : Min F1_score=0.94# classes c | f1(c)<=min(f1_ls) + 0.1 = 150
INFO : Max F1_score=1.0# classes c | f1(c)>=max(f1_ls) - 0.1 = 150
INFO : Evaluation
INFO : Sample: 	 600/ 3000 ...
INFO : Sample: 	 1200/ 3000 ...
INFO : Sample: 	 1800/ 3000 ...
INFO : Sample: 	 2400/ 3000 ...
INFO : Sample: 	 3000/ 3000 ...
INFO : loss=0.18 ; accuracy=0.956
INFO : Average F1_score=0.74
INFO : Min F1_score=0.0# classes c | f1(c)<=min(f1_ls) + 0.1 = 23
INFO : Max F1_score=1.0# classes c | f1(c)>=max(f1_ls) - 0.1 = 69
INFO : validation_loss=0.183 ; best_validation_loss=0.184
INFO :  ****** Current epoch: 52 ****** 
INFO : Training sample: 	 3000/ 15000 ...
INFO : Training sample: 	 6000/ 15000 ...
INFO : Training sample: 	 9000/ 15000 ...
INFO : Training sample: 	 12000/ 15000 ...
INFO : Training sample: 	 15000/ 15000 ...
INFO : loss=0.03 ; accuracy=0.997
INFO : Average F1_score=1.0
INFO : Min F1_score=0.94# classes c | f1(c)<=min(f1_ls) + 0.1 = 150
INFO : Max F1_score=1.0# classes c | f1(c)>=max(f1_ls) - 0.1 = 150
INFO : Evaluation
INFO : Sample: 	 600/ 3000 ...
INFO : Sample: 	 1200/ 3000 ...
INFO : Sample: 	 1800/ 3000 ...
INFO : Sample: 	 2400/ 3000 ...
INFO : Sample: 	 3000/ 3000 ...
INFO : loss=0.18 ; accuracy=0.955
INFO : Average F1_score=0.74
INFO : Min F1_score=0.0# classes c | f1(c)<=min(f1_ls) + 0.1 = 23
INFO : Max F1_score=1.0# classes c | f1(c)>=max(f1_ls) - 0.1 = 69
INFO : validation_loss=0.182 ; best_validation_loss=0.183
INFO :  ****** Current epoch: 53 ****** 
INFO : Training sample: 	 3000/ 15000 ...
INFO : Training sample: 	 6000/ 15000 ...
INFO : Training sample: 	 9000/ 15000 ...
INFO : Training sample: 	 12000/ 15000 ...
INFO : Training sample: 	 15000/ 15000 ...
INFO : loss=0.03 ; accuracy=0.997
INFO : Average F1_score=1.0
INFO : Min F1_score=0.94# classes c | f1(c)<=min(f1_ls) + 0.1 = 150
INFO : Max F1_score=1.0# classes c | f1(c)>=max(f1_ls) - 0.1 = 150
INFO : Evaluation
INFO : Sample: 	 600/ 3000 ...
INFO : Sample: 	 1200/ 3000 ...
INFO : Sample: 	 1800/ 3000 ...
INFO : Sample: 	 2400/ 3000 ...
INFO : Sample: 	 3000/ 3000 ...
INFO : loss=0.18 ; accuracy=0.955
INFO : Average F1_score=0.74
INFO : Min F1_score=0.0# classes c | f1(c)<=min(f1_ls) + 0.1 = 23
INFO : Max F1_score=1.0# classes c | f1(c)>=max(f1_ls) - 0.1 = 69
INFO : validation_loss=0.181 ; best_validation_loss=0.182
INFO :  ****** Current epoch: 54 ****** 
INFO : Training sample: 	 3000/ 15000 ...
INFO : Training sample: 	 6000/ 15000 ...
INFO : Training sample: 	 9000/ 15000 ...
INFO : Training sample: 	 12000/ 15000 ...
INFO : Training sample: 	 15000/ 15000 ...
INFO : loss=0.03 ; accuracy=0.997
INFO : Average F1_score=1.0
INFO : Min F1_score=0.94# classes c | f1(c)<=min(f1_ls) + 0.1 = 150
INFO : Max F1_score=1.0# classes c | f1(c)>=max(f1_ls) - 0.1 = 150
INFO : Evaluation
INFO : Sample: 	 600/ 3000 ...
INFO : Sample: 	 1200/ 3000 ...
INFO : Sample: 	 1800/ 3000 ...
INFO : Sample: 	 2400/ 3000 ...
INFO : Sample: 	 3000/ 3000 ...
INFO : loss=0.18 ; accuracy=0.955
INFO : Average F1_score=0.74
INFO : Min F1_score=0.0# classes c | f1(c)<=min(f1_ls) + 0.1 = 23
INFO : Max F1_score=1.0# classes c | f1(c)>=max(f1_ls) - 0.1 = 69
INFO : validation_loss=0.181 ; best_validation_loss=0.181
INFO :  ****** Current epoch: 55 ****** 
INFO : Training sample: 	 3000/ 15000 ...
INFO : Training sample: 	 6000/ 15000 ...
INFO : Training sample: 	 9000/ 15000 ...
INFO : Training sample: 	 12000/ 15000 ...
INFO : Training sample: 	 15000/ 15000 ...
INFO : loss=0.02 ; accuracy=0.997
INFO : Average F1_score=1.0
INFO : Min F1_score=0.94# classes c | f1(c)<=min(f1_ls) + 0.1 = 150
INFO : Max F1_score=1.0# classes c | f1(c)>=max(f1_ls) - 0.1 = 150
INFO : Evaluation
INFO : Sample: 	 600/ 3000 ...
INFO : Sample: 	 1200/ 3000 ...
INFO : Sample: 	 1800/ 3000 ...
INFO : Sample: 	 2400/ 3000 ...
INFO : Sample: 	 3000/ 3000 ...
INFO : loss=0.18 ; accuracy=0.955
INFO : Average F1_score=0.74
INFO : Min F1_score=0.0# classes c | f1(c)<=min(f1_ls) + 0.1 = 23
INFO : Max F1_score=1.0# classes c | f1(c)>=max(f1_ls) - 0.1 = 69
INFO : validation_loss=0.18 ; best_validation_loss=0.181
INFO :  ****** Current epoch: 56 ****** 
INFO : Training sample: 	 3000/ 15000 ...
INFO : Training sample: 	 6000/ 15000 ...
INFO : Training sample: 	 9000/ 15000 ...
INFO : Training sample: 	 12000/ 15000 ...
INFO : Training sample: 	 15000/ 15000 ...
INFO : loss=0.02 ; accuracy=0.997
INFO : Average F1_score=1.0
INFO : Min F1_score=0.94# classes c | f1(c)<=min(f1_ls) + 0.1 = 150
INFO : Max F1_score=1.0# classes c | f1(c)>=max(f1_ls) - 0.1 = 150
INFO : Evaluation
INFO : Sample: 	 600/ 3000 ...
INFO : Sample: 	 1200/ 3000 ...
INFO : Sample: 	 1800/ 3000 ...
INFO : Sample: 	 2400/ 3000 ...
INFO : Sample: 	 3000/ 3000 ...
INFO : loss=0.18 ; accuracy=0.956
INFO : Average F1_score=0.75
INFO : Min F1_score=0.0# classes c | f1(c)<=min(f1_ls) + 0.1 = 22
INFO : Max F1_score=1.0# classes c | f1(c)>=max(f1_ls) - 0.1 = 69
INFO : validation_loss=0.179 ; best_validation_loss=0.18
INFO :  ****** Current epoch: 57 ****** 
INFO : Training sample: 	 3000/ 15000 ...
INFO : Training sample: 	 6000/ 15000 ...
INFO : Training sample: 	 9000/ 15000 ...
INFO : Training sample: 	 12000/ 15000 ...
INFO : Training sample: 	 15000/ 15000 ...
INFO : loss=0.02 ; accuracy=0.997
INFO : Average F1_score=1.0
INFO : Min F1_score=0.94# classes c | f1(c)<=min(f1_ls) + 0.1 = 150
INFO : Max F1_score=1.0# classes c | f1(c)>=max(f1_ls) - 0.1 = 150
INFO : Evaluation
INFO : Sample: 	 600/ 3000 ...
INFO : Sample: 	 1200/ 3000 ...
INFO : Sample: 	 1800/ 3000 ...
INFO : Sample: 	 2400/ 3000 ...
INFO : Sample: 	 3000/ 3000 ...
INFO : loss=0.18 ; accuracy=0.956
INFO : Average F1_score=0.75
INFO : Min F1_score=0.0# classes c | f1(c)<=min(f1_ls) + 0.1 = 22
INFO : Max F1_score=1.0# classes c | f1(c)>=max(f1_ls) - 0.1 = 69
INFO : validation_loss=0.179 ; best_validation_loss=0.179
INFO :  ****** Current epoch: 58 ****** 
INFO : Training sample: 	 3000/ 15000 ...
INFO : Training sample: 	 6000/ 15000 ...
INFO : Training sample: 	 9000/ 15000 ...
INFO : Training sample: 	 12000/ 15000 ...
INFO : Training sample: 	 15000/ 15000 ...
INFO : loss=0.02 ; accuracy=0.997
INFO : Average F1_score=1.0
INFO : Min F1_score=0.94# classes c | f1(c)<=min(f1_ls) + 0.1 = 150
INFO : Max F1_score=1.0# classes c | f1(c)>=max(f1_ls) - 0.1 = 150
INFO : Evaluation
INFO : Sample: 	 600/ 3000 ...
INFO : Sample: 	 1200/ 3000 ...
INFO : Sample: 	 1800/ 3000 ...
INFO : Sample: 	 2400/ 3000 ...
INFO : Sample: 	 3000/ 3000 ...
INFO : loss=0.18 ; accuracy=0.956
INFO : Average F1_score=0.75
INFO : Min F1_score=0.0# classes c | f1(c)<=min(f1_ls) + 0.1 = 22
INFO : Max F1_score=1.0# classes c | f1(c)>=max(f1_ls) - 0.1 = 69
INFO : validation_loss=0.179 ; best_validation_loss=0.179
INFO :  ****** Current epoch: 59 ****** 
INFO : Training sample: 	 3000/ 15000 ...
INFO : Training sample: 	 6000/ 15000 ...
INFO : Training sample: 	 9000/ 15000 ...
INFO : Training sample: 	 12000/ 15000 ...
INFO : Training sample: 	 15000/ 15000 ...
INFO : loss=0.02 ; accuracy=0.997
INFO : Average F1_score=1.0
INFO : Min F1_score=0.94# classes c | f1(c)<=min(f1_ls) + 0.1 = 150
INFO : Max F1_score=1.0# classes c | f1(c)>=max(f1_ls) - 0.1 = 150
INFO : Evaluation
INFO : Sample: 	 600/ 3000 ...
INFO : Sample: 	 1200/ 3000 ...
INFO : Sample: 	 1800/ 3000 ...
INFO : Sample: 	 2400/ 3000 ...
INFO : Sample: 	 3000/ 3000 ...
INFO : loss=0.18 ; accuracy=0.957
INFO : Average F1_score=0.75
INFO : Min F1_score=0.0# classes c | f1(c)<=min(f1_ls) + 0.1 = 22
INFO : Max F1_score=1.0# classes c | f1(c)>=max(f1_ls) - 0.1 = 69
INFO : validation_loss=0.178 ; best_validation_loss=0.179
INFO :  ****** Current epoch: 60 ****** 
INFO : Training sample: 	 3000/ 15000 ...
INFO : Training sample: 	 6000/ 15000 ...
INFO : Training sample: 	 9000/ 15000 ...
INFO : Training sample: 	 12000/ 15000 ...
INFO : Training sample: 	 15000/ 15000 ...
INFO : loss=0.02 ; accuracy=0.997
INFO : Average F1_score=1.0
INFO : Min F1_score=0.94# classes c | f1(c)<=min(f1_ls) + 0.1 = 150
INFO : Max F1_score=1.0# classes c | f1(c)>=max(f1_ls) - 0.1 = 150
INFO : Evaluation
INFO : Sample: 	 600/ 3000 ...
INFO : Sample: 	 1200/ 3000 ...
INFO : Sample: 	 1800/ 3000 ...
INFO : Sample: 	 2400/ 3000 ...
INFO : Sample: 	 3000/ 3000 ...
INFO : loss=0.18 ; accuracy=0.958
INFO : Average F1_score=0.76
INFO : Min F1_score=0.0# classes c | f1(c)<=min(f1_ls) + 0.1 = 21
INFO : Max F1_score=1.0# classes c | f1(c)>=max(f1_ls) - 0.1 = 70
INFO : validation_loss=0.178 ; best_validation_loss=0.178
INFO :  ****** Current epoch: 61 ****** 
INFO : Training sample: 	 3000/ 15000 ...
INFO : Training sample: 	 6000/ 15000 ...
INFO : Training sample: 	 9000/ 15000 ...
INFO : Training sample: 	 12000/ 15000 ...
INFO : Training sample: 	 15000/ 15000 ...
INFO : loss=0.02 ; accuracy=0.998
INFO : Average F1_score=1.0
INFO : Min F1_score=0.94# classes c | f1(c)<=min(f1_ls) + 0.1 = 150
INFO : Max F1_score=1.0# classes c | f1(c)>=max(f1_ls) - 0.1 = 150
INFO : Evaluation
INFO : Sample: 	 600/ 3000 ...
INFO : Sample: 	 1200/ 3000 ...
INFO : Sample: 	 1800/ 3000 ...
INFO : Sample: 	 2400/ 3000 ...
INFO : Sample: 	 3000/ 3000 ...
INFO : loss=0.18 ; accuracy=0.959
INFO : Average F1_score=0.76
INFO : Min F1_score=0.0# classes c | f1(c)<=min(f1_ls) + 0.1 = 21
INFO : Max F1_score=1.0# classes c | f1(c)>=max(f1_ls) - 0.1 = 70
INFO : validation_loss=0.178 ; best_validation_loss=0.178
INFO :  ****** Current epoch: 62 ****** 
INFO : Training sample: 	 3000/ 15000 ...
INFO : Training sample: 	 6000/ 15000 ...
INFO : Training sample: 	 9000/ 15000 ...
INFO : Training sample: 	 12000/ 15000 ...
INFO : Training sample: 	 15000/ 15000 ...
INFO : loss=0.02 ; accuracy=0.998
INFO : Average F1_score=1.0
INFO : Min F1_score=0.94# classes c | f1(c)<=min(f1_ls) + 0.1 = 150
INFO : Max F1_score=1.0# classes c | f1(c)>=max(f1_ls) - 0.1 = 150
INFO : Evaluation
INFO : Sample: 	 600/ 3000 ...
INFO : Sample: 	 1200/ 3000 ...
INFO : Sample: 	 1800/ 3000 ...
INFO : Sample: 	 2400/ 3000 ...
INFO : Sample: 	 3000/ 3000 ...
INFO : loss=0.18 ; accuracy=0.959
INFO : Average F1_score=0.76
INFO : Min F1_score=0.0# classes c | f1(c)<=min(f1_ls) + 0.1 = 21
INFO : Max F1_score=1.0# classes c | f1(c)>=max(f1_ls) - 0.1 = 70
INFO : validation_loss=0.177 ; best_validation_loss=0.178
INFO :  ****** Current epoch: 63 ****** 
INFO : Training sample: 	 3000/ 15000 ...
INFO : Training sample: 	 6000/ 15000 ...
INFO : Training sample: 	 9000/ 15000 ...
INFO : Training sample: 	 12000/ 15000 ...
INFO : Training sample: 	 15000/ 15000 ...
INFO : loss=0.02 ; accuracy=0.998
INFO : Average F1_score=1.0
INFO : Min F1_score=0.94# classes c | f1(c)<=min(f1_ls) + 0.1 = 150
INFO : Max F1_score=1.0# classes c | f1(c)>=max(f1_ls) - 0.1 = 150
INFO : Evaluation
INFO : Sample: 	 600/ 3000 ...
INFO : Sample: 	 1200/ 3000 ...
INFO : Sample: 	 1800/ 3000 ...
INFO : Sample: 	 2400/ 3000 ...
INFO : Sample: 	 3000/ 3000 ...
INFO : loss=0.18 ; accuracy=0.959
INFO : Average F1_score=0.76
INFO : Min F1_score=0.0# classes c | f1(c)<=min(f1_ls) + 0.1 = 21
INFO : Max F1_score=1.0# classes c | f1(c)>=max(f1_ls) - 0.1 = 70
INFO : validation_loss=0.177 ; best_validation_loss=0.177
INFO :  ****** Current epoch: 64 ****** 
INFO : Training sample: 	 3000/ 15000 ...
INFO : Training sample: 	 6000/ 15000 ...
INFO : Training sample: 	 9000/ 15000 ...
INFO : Training sample: 	 12000/ 15000 ...
INFO : Training sample: 	 15000/ 15000 ...
INFO : loss=0.02 ; accuracy=0.998
INFO : Average F1_score=1.0
INFO : Min F1_score=0.94# classes c | f1(c)<=min(f1_ls) + 0.1 = 150
INFO : Max F1_score=1.0# classes c | f1(c)>=max(f1_ls) - 0.1 = 150
INFO : Evaluation
INFO : Sample: 	 600/ 3000 ...
INFO : Sample: 	 1200/ 3000 ...
INFO : Sample: 	 1800/ 3000 ...
INFO : Sample: 	 2400/ 3000 ...
INFO : Sample: 	 3000/ 3000 ...
INFO : loss=0.18 ; accuracy=0.959
INFO : Average F1_score=0.76
INFO : Min F1_score=0.0# classes c | f1(c)<=min(f1_ls) + 0.1 = 21
INFO : Max F1_score=1.0# classes c | f1(c)>=max(f1_ls) - 0.1 = 70
INFO : validation_loss=0.177 ; best_validation_loss=0.177
INFO :  ****** Current epoch: 65 ****** 
INFO : Training sample: 	 3000/ 15000 ...
INFO : Training sample: 	 6000/ 15000 ...
INFO : Training sample: 	 9000/ 15000 ...
INFO : Training sample: 	 12000/ 15000 ...
INFO : Training sample: 	 15000/ 15000 ...
INFO : loss=0.02 ; accuracy=0.998
INFO : Average F1_score=1.0
INFO : Min F1_score=0.95# classes c | f1(c)<=min(f1_ls) + 0.1 = 150
INFO : Max F1_score=1.0# classes c | f1(c)>=max(f1_ls) - 0.1 = 150
INFO : Evaluation
INFO : Sample: 	 600/ 3000 ...
INFO : Sample: 	 1200/ 3000 ...
INFO : Sample: 	 1800/ 3000 ...
INFO : Sample: 	 2400/ 3000 ...
INFO : Sample: 	 3000/ 3000 ...
INFO : loss=0.18 ; accuracy=0.959
INFO : Average F1_score=0.76
INFO : Min F1_score=0.0# classes c | f1(c)<=min(f1_ls) + 0.1 = 21
INFO : Max F1_score=1.0# classes c | f1(c)>=max(f1_ls) - 0.1 = 70
INFO : validation_loss=0.177 ; best_validation_loss=0.177
INFO :  ****** Current epoch: 66 ****** 
INFO : Training sample: 	 3000/ 15000 ...
INFO : Training sample: 	 6000/ 15000 ...
INFO : Training sample: 	 9000/ 15000 ...
INFO : Training sample: 	 12000/ 15000 ...
INFO : Training sample: 	 15000/ 15000 ...
INFO : loss=0.01 ; accuracy=0.998
INFO : Average F1_score=1.0
INFO : Min F1_score=0.95# classes c | f1(c)<=min(f1_ls) + 0.1 = 150
INFO : Max F1_score=1.0# classes c | f1(c)>=max(f1_ls) - 0.1 = 150
INFO : Evaluation
INFO : Sample: 	 600/ 3000 ...
INFO : Sample: 	 1200/ 3000 ...
INFO : Sample: 	 1800/ 3000 ...
INFO : Sample: 	 2400/ 3000 ...
INFO : Sample: 	 3000/ 3000 ...
INFO : loss=0.18 ; accuracy=0.959
INFO : Average F1_score=0.76
INFO : Min F1_score=0.0# classes c | f1(c)<=min(f1_ls) + 0.1 = 21
INFO : Max F1_score=1.0# classes c | f1(c)>=max(f1_ls) - 0.1 = 70
INFO : validation_loss=0.177 ; best_validation_loss=0.177
INFO :  ****** Current epoch: 67 ****** 
INFO : Training sample: 	 3000/ 15000 ...
INFO : Training sample: 	 6000/ 15000 ...
INFO : Training sample: 	 9000/ 15000 ...
INFO : Training sample: 	 12000/ 15000 ...
INFO : Training sample: 	 15000/ 15000 ...
INFO : loss=0.01 ; accuracy=0.998
INFO : Average F1_score=1.0
INFO : Min F1_score=0.95# classes c | f1(c)<=min(f1_ls) + 0.1 = 150
INFO : Max F1_score=1.0# classes c | f1(c)>=max(f1_ls) - 0.1 = 150
INFO : Evaluation
INFO : Sample: 	 600/ 3000 ...
INFO : Sample: 	 1200/ 3000 ...
INFO : Sample: 	 1800/ 3000 ...
INFO : Sample: 	 2400/ 3000 ...
INFO : Sample: 	 3000/ 3000 ...
INFO : loss=0.18 ; accuracy=0.959
INFO : Average F1_score=0.77
INFO : Min F1_score=0.0# classes c | f1(c)<=min(f1_ls) + 0.1 = 20
INFO : Max F1_score=1.0# classes c | f1(c)>=max(f1_ls) - 0.1 = 70
INFO : validation_loss=0.177 ; best_validation_loss=0.177
INFO :  ****** Current epoch: 68 ****** 
INFO : Training sample: 	 3000/ 15000 ...
INFO : Training sample: 	 6000/ 15000 ...
INFO : Training sample: 	 9000/ 15000 ...
INFO : Training sample: 	 12000/ 15000 ...
INFO : Training sample: 	 15000/ 15000 ...
INFO : loss=0.01 ; accuracy=0.998
INFO : Average F1_score=1.0
INFO : Min F1_score=0.95# classes c | f1(c)<=min(f1_ls) + 0.1 = 150
INFO : Max F1_score=1.0# classes c | f1(c)>=max(f1_ls) - 0.1 = 150
INFO : Evaluation
INFO : Sample: 	 600/ 3000 ...
INFO : Sample: 	 1200/ 3000 ...
INFO : Sample: 	 1800/ 3000 ...
INFO : Sample: 	 2400/ 3000 ...
INFO : Sample: 	 3000/ 3000 ...
INFO : loss=0.18 ; accuracy=0.959
INFO : Average F1_score=0.77
INFO : Min F1_score=0.0# classes c | f1(c)<=min(f1_ls) + 0.1 = 20
INFO : Max F1_score=1.0# classes c | f1(c)>=max(f1_ls) - 0.1 = 70
INFO : validation_loss=0.177 ; best_validation_loss=0.177
INFO :  ****** Current epoch: 69 ****** 
INFO : Training sample: 	 3000/ 15000 ...
INFO : Training sample: 	 6000/ 15000 ...
INFO : Training sample: 	 9000/ 15000 ...
INFO : Training sample: 	 12000/ 15000 ...
INFO : Training sample: 	 15000/ 15000 ...
INFO : loss=0.01 ; accuracy=0.998
INFO : Average F1_score=1.0
INFO : Min F1_score=0.95# classes c | f1(c)<=min(f1_ls) + 0.1 = 150
INFO : Max F1_score=1.0# classes c | f1(c)>=max(f1_ls) - 0.1 = 150
INFO : Evaluation
INFO : Sample: 	 600/ 3000 ...
INFO : Sample: 	 1200/ 3000 ...
INFO : Sample: 	 1800/ 3000 ...
INFO : Sample: 	 2400/ 3000 ...
INFO : Sample: 	 3000/ 3000 ...
INFO : loss=0.18 ; accuracy=0.96
INFO : Average F1_score=0.77
INFO : Min F1_score=0.0# classes c | f1(c)<=min(f1_ls) + 0.1 = 20
INFO : Max F1_score=1.0# classes c | f1(c)>=max(f1_ls) - 0.1 = 70
INFO : validation_loss=0.177 ; best_validation_loss=0.177
INFO :  ****** Current epoch: 70 ****** 
INFO : Training sample: 	 3000/ 15000 ...
INFO : Training sample: 	 6000/ 15000 ...
INFO : Training sample: 	 9000/ 15000 ...
INFO : Training sample: 	 12000/ 15000 ...
INFO : Training sample: 	 15000/ 15000 ...
INFO : loss=0.01 ; accuracy=0.998
INFO : Average F1_score=1.0
INFO : Min F1_score=0.95# classes c | f1(c)<=min(f1_ls) + 0.1 = 150
INFO : Max F1_score=1.0# classes c | f1(c)>=max(f1_ls) - 0.1 = 150
INFO : Evaluation
INFO : Sample: 	 600/ 3000 ...
INFO : Sample: 	 1200/ 3000 ...
INFO : Sample: 	 1800/ 3000 ...
INFO : Sample: 	 2400/ 3000 ...
INFO : Sample: 	 3000/ 3000 ...
INFO : loss=0.18 ; accuracy=0.96
INFO : Average F1_score=0.77
INFO : Min F1_score=0.0# classes c | f1(c)<=min(f1_ls) + 0.1 = 20
INFO : Max F1_score=1.0# classes c | f1(c)>=max(f1_ls) - 0.1 = 70
INFO : validation_loss=0.177 ; best_validation_loss=0.177
INFO : Early stopping
INFO : Evaluation
INFO : Sample: 	 900/ 4500 ...
INFO : Sample: 	 1800/ 4500 ...
INFO : Sample: 	 2700/ 4500 ...
INFO : Sample: 	 3600/ 4500 ...
INFO : Sample: 	 4500/ 4500 ...
INFO : loss=0.16 ; accuracy=0.958
INFO : Average F1_score=0.71
INFO : Min F1_score=0.0# classes c | f1(c)<=min(f1_ls) + 0.1 = 28
INFO : Max F1_score=1.0# classes c | f1(c)>=max(f1_ls) - 0.1 = 69
