INFO : Starting training...
INFO : batch_size=4, learning_rate=0.0001
INFO : class_names = ['accept_reservations', 'account_blocked', 'alarm', 'application_status', 'apr', 'are_you_a_bot', 'balance', 'bill_balance', 'bill_due', 'book_flight', 'book_hotel', 'calculator', 'calendar', 'calendar_update', 'calories', 'cancel', 'cancel_reservation', 'car_rental', 'card_declined', 'carry_on', 'change_accent', 'change_ai_name', 'change_language', 'change_speed', 'change_user_name', 'change_volume', 'confirm_reservation', 'cook_time', 'credit_limit', 'credit_limit_change', 'credit_score', 'current_location', 'damaged_card', 'date', 'definition', 'direct_deposit', 'directions', 'distance', 'do_you_have_pets', 'exchange_rate', 'expiration_date', 'find_phone', 'flight_status', 'flip_coin', 'food_last', 'freeze_account', 'fun_fact', 'gas', 'gas_type', 'goodbye', 'greeting', 'how_busy', 'how_old_are_you', 'improve_credit_score', 'income', 'ingredient_substitution', 'ingredients_list', 'insurance', 'insurance_change', 'interest_rate', 'international_fees', 'international_visa', 'jump_start', 'last_maintenance', 'lost_luggage', 'make_call', 'maybe', 'meal_suggestion', 'meaning_of_life', 'measurement_conversion', 'meeting_schedule', 'min_payment', 'mpg', 'new_card', 'next_holiday', 'next_song', 'no', 'nutrition_info', 'oil_change_how', 'oil_change_when', 'order', 'order_checks', 'order_status', 'pay_bill', 'payday', 'pin_change', 'play_music', 'plug_type', 'pto_balance', 'pto_request', 'pto_request_status', 'pto_used', 'recipe', 'redeem_rewards', 'reminder', 'reminder_update', 'repeat', 'replacement_card_duration', 'report_fraud', 'report_lost_card', 'reset_settings', 'restaurant_reservation', 'restaurant_reviews', 'restaurant_suggestion', 'rewards_balance', 'roll_dice', 'rollover_401k', 'routing', 'schedule_maintenance', 'schedule_meeting', 'share_location', 'shopping_list', 'shopping_list_update', 'smart_home', 'spelling', 'spending_history', 'sync_device', 'taxes', 'tell_joke', 'text', 'thank_you', 'time', 'timer', 'timezone', 'tire_change', 'tire_pressure', 'todo_list', 'todo_list_update', 'traffic', 'transactions', 'transfer', 'translate', 'travel_alert', 'travel_notification', 'travel_suggestion', 'uber', 'update_playlist', 'user_name', 'vaccines', 'w2', 'weather', 'what_are_your_hobbies', 'what_can_i_ask_you', 'what_is_your_name', 'what_song', 'where_are_you_from', 'whisper_mode', 'who_do_you_work_for', 'who_made_you', 'yes']
INFO :  ****** Current epoch: 1 ****** 
INFO : Training sample: 	 1500/ 15000 ...
INFO : Training sample: 	 3000/ 15000 ...
INFO : Training sample: 	 4500/ 15000 ...
INFO : Training sample: 	 6000/ 15000 ...
INFO : Training sample: 	 7500/ 15000 ...
INFO : Training sample: 	 9000/ 15000 ...
INFO : Training sample: 	 10500/ 15000 ...
INFO : Training sample: 	 12000/ 15000 ...
INFO : Training sample: 	 13500/ 15000 ...
INFO : Training sample: 	 15000/ 15000 ...
INFO : loss=4.96 ; accuracy=0.024
INFO : Average F1_score=0.01
INFO : Min F1_score=0.0# classes c | f1(c)<=min(f1_ls) + 0.1 = 143
INFO : Max F1_score=0.26# classes c | f1(c)>=max(f1_ls) - 0.1 = 6
INFO : Evaluation
INFO : Sample: 	 600/ 3000 ...
INFO : Sample: 	 1200/ 3000 ...
INFO : Sample: 	 1800/ 3000 ...
INFO : Sample: 	 2400/ 3000 ...
INFO : Sample: 	 3000/ 3000 ...
INFO : loss=4.62 ; accuracy=0.204
INFO : Average F1_score=0.19
INFO : Min F1_score=0.0# classes c | f1(c)<=min(f1_ls) + 0.1 = 67
INFO : Max F1_score=0.97# classes c | f1(c)>=max(f1_ls) - 0.1 = 6
INFO : validation_loss=4.62 ; best_validation_loss=inf
INFO :  ****** Current epoch: 2 ****** 
INFO : Training sample: 	 1500/ 15000 ...
INFO : Training sample: 	 3000/ 15000 ...
INFO : Training sample: 	 4500/ 15000 ...
INFO : Training sample: 	 6000/ 15000 ...
INFO : Training sample: 	 7500/ 15000 ...
INFO : Training sample: 	 9000/ 15000 ...
INFO : Training sample: 	 10500/ 15000 ...
INFO : Training sample: 	 12000/ 15000 ...
INFO : Training sample: 	 13500/ 15000 ...
INFO : Training sample: 	 15000/ 15000 ...
INFO : loss=4.26 ; accuracy=0.131
INFO : Average F1_score=0.11
INFO : Min F1_score=0.0# classes c | f1(c)<=min(f1_ls) + 0.1 = 96
INFO : Max F1_score=0.6# classes c | f1(c)>=max(f1_ls) - 0.1 = 2
INFO : Evaluation
INFO : Sample: 	 600/ 3000 ...
INFO : Sample: 	 1200/ 3000 ...
INFO : Sample: 	 1800/ 3000 ...
INFO : Sample: 	 2400/ 3000 ...
INFO : Sample: 	 3000/ 3000 ...
INFO : loss=4.11 ; accuracy=0.249
INFO : Average F1_score=0.19
INFO : Min F1_score=0.0# classes c | f1(c)<=min(f1_ls) + 0.1 = 82
INFO : Max F1_score=1.0# classes c | f1(c)>=max(f1_ls) - 0.1 = 7
INFO : validation_loss=4.11 ; best_validation_loss=4.62
INFO :  ****** Current epoch: 3 ****** 
INFO : Training sample: 	 1500/ 15000 ...
INFO : Training sample: 	 3000/ 15000 ...
INFO : Training sample: 	 4500/ 15000 ...
INFO : Training sample: 	 6000/ 15000 ...
INFO : Training sample: 	 7500/ 15000 ...
INFO : Training sample: 	 9000/ 15000 ...
INFO : Training sample: 	 10500/ 15000 ...
INFO : Training sample: 	 12000/ 15000 ...
INFO : Training sample: 	 13500/ 15000 ...
INFO : Training sample: 	 15000/ 15000 ...
INFO : loss=3.39 ; accuracy=0.411
INFO : Average F1_score=0.38
INFO : Min F1_score=0.0# classes c | f1(c)<=min(f1_ls) + 0.1 = 27
INFO : Max F1_score=0.95# classes c | f1(c)>=max(f1_ls) - 0.1 = 3
INFO : Evaluation
INFO : Sample: 	 600/ 3000 ...
INFO : Sample: 	 1200/ 3000 ...
INFO : Sample: 	 1800/ 3000 ...
INFO : Sample: 	 2400/ 3000 ...
INFO : Sample: 	 3000/ 3000 ...
INFO : loss=3.31 ; accuracy=0.369
INFO : Average F1_score=0.25
INFO : Min F1_score=0.0# classes c | f1(c)<=min(f1_ls) + 0.1 = 80
INFO : Max F1_score=1.0# classes c | f1(c)>=max(f1_ls) - 0.1 = 16
INFO : validation_loss=3.31 ; best_validation_loss=4.11
INFO :  ****** Current epoch: 4 ****** 
INFO : Training sample: 	 1500/ 15000 ...
INFO : Training sample: 	 3000/ 15000 ...
INFO : Training sample: 	 4500/ 15000 ...
INFO : Training sample: 	 6000/ 15000 ...
INFO : Training sample: 	 7500/ 15000 ...
INFO : Training sample: 	 9000/ 15000 ...
INFO : Training sample: 	 10500/ 15000 ...
INFO : Training sample: 	 12000/ 15000 ...
INFO : Training sample: 	 13500/ 15000 ...
INFO : Training sample: 	 15000/ 15000 ...
INFO : loss=2.49 ; accuracy=0.624
INFO : Average F1_score=0.6
INFO : Min F1_score=0.0# classes c | f1(c)<=min(f1_ls) + 0.1 = 8
INFO : Max F1_score=0.98# classes c | f1(c)>=max(f1_ls) - 0.1 = 16
INFO : Evaluation
INFO : Sample: 	 600/ 3000 ...
INFO : Sample: 	 1200/ 3000 ...
INFO : Sample: 	 1800/ 3000 ...
INFO : Sample: 	 2400/ 3000 ...
INFO : Sample: 	 3000/ 3000 ...
INFO : loss=2.55 ; accuracy=0.465
INFO : Average F1_score=0.3
INFO : Min F1_score=0.0# classes c | f1(c)<=min(f1_ls) + 0.1 = 73
INFO : Max F1_score=1.0# classes c | f1(c)>=max(f1_ls) - 0.1 = 21
INFO : validation_loss=2.55 ; best_validation_loss=3.31
INFO :  ****** Current epoch: 5 ****** 
INFO : Training sample: 	 1500/ 15000 ...
INFO : Training sample: 	 3000/ 15000 ...
INFO : Training sample: 	 4500/ 15000 ...
INFO : Training sample: 	 6000/ 15000 ...
INFO : Training sample: 	 7500/ 15000 ...
INFO : Training sample: 	 9000/ 15000 ...
INFO : Training sample: 	 10500/ 15000 ...
INFO : Training sample: 	 12000/ 15000 ...
INFO : Training sample: 	 13500/ 15000 ...
INFO : Training sample: 	 15000/ 15000 ...
INFO : loss=1.73 ; accuracy=0.751
INFO : Average F1_score=0.74
INFO : Min F1_score=0.01# classes c | f1(c)<=min(f1_ls) + 0.1 = 3
INFO : Max F1_score=0.99# classes c | f1(c)>=max(f1_ls) - 0.1 = 36
INFO : Evaluation
INFO : Sample: 	 600/ 3000 ...
INFO : Sample: 	 1200/ 3000 ...
INFO : Sample: 	 1800/ 3000 ...
INFO : Sample: 	 2400/ 3000 ...
INFO : Sample: 	 3000/ 3000 ...
INFO : loss=1.97 ; accuracy=0.551
INFO : Average F1_score=0.35
INFO : Min F1_score=0.0# classes c | f1(c)<=min(f1_ls) + 0.1 = 70
INFO : Max F1_score=1.0# classes c | f1(c)>=max(f1_ls) - 0.1 = 24
INFO : validation_loss=1.966 ; best_validation_loss=2.55
INFO :  ****** Current epoch: 6 ****** 
INFO : Training sample: 	 1500/ 15000 ...
INFO : Training sample: 	 3000/ 15000 ...
INFO : Training sample: 	 4500/ 15000 ...
INFO : Training sample: 	 6000/ 15000 ...
INFO : Training sample: 	 7500/ 15000 ...
INFO : Training sample: 	 9000/ 15000 ...
INFO : Training sample: 	 10500/ 15000 ...
INFO : Training sample: 	 12000/ 15000 ...
INFO : Training sample: 	 13500/ 15000 ...
INFO : Training sample: 	 15000/ 15000 ...
INFO : loss=1.2 ; accuracy=0.83
INFO : Average F1_score=0.82
INFO : Min F1_score=0.11# classes c | f1(c)<=min(f1_ls) + 0.1 = 1
INFO : Max F1_score=1.0# classes c | f1(c)>=max(f1_ls) - 0.1 = 59
INFO : Evaluation
INFO : Sample: 	 600/ 3000 ...
INFO : Sample: 	 1200/ 3000 ...
INFO : Sample: 	 1800/ 3000 ...
INFO : Sample: 	 2400/ 3000 ...
INFO : Sample: 	 3000/ 3000 ...
INFO : loss=1.55 ; accuracy=0.628
INFO : Average F1_score=0.41
INFO : Min F1_score=0.0# classes c | f1(c)<=min(f1_ls) + 0.1 = 60
INFO : Max F1_score=1.0# classes c | f1(c)>=max(f1_ls) - 0.1 = 30
INFO : validation_loss=1.546 ; best_validation_loss=1.966
INFO :  ****** Current epoch: 7 ****** 
INFO : Training sample: 	 1500/ 15000 ...
INFO : Training sample: 	 3000/ 15000 ...
INFO : Training sample: 	 4500/ 15000 ...
INFO : Training sample: 	 6000/ 15000 ...
INFO : Training sample: 	 7500/ 15000 ...
INFO : Training sample: 	 9000/ 15000 ...
INFO : Training sample: 	 10500/ 15000 ...
INFO : Training sample: 	 12000/ 15000 ...
INFO : Training sample: 	 13500/ 15000 ...
INFO : Training sample: 	 15000/ 15000 ...
INFO : loss=0.85 ; accuracy=0.878
INFO : Average F1_score=0.87
INFO : Min F1_score=0.32# classes c | f1(c)<=min(f1_ls) + 0.1 = 1
INFO : Max F1_score=1.0# classes c | f1(c)>=max(f1_ls) - 0.1 = 77
INFO : Evaluation
INFO : Sample: 	 600/ 3000 ...
INFO : Sample: 	 1200/ 3000 ...
INFO : Sample: 	 1800/ 3000 ...
INFO : Sample: 	 2400/ 3000 ...
INFO : Sample: 	 3000/ 3000 ...
INFO : loss=1.25 ; accuracy=0.68
INFO : Average F1_score=0.45
INFO : Min F1_score=0.0# classes c | f1(c)<=min(f1_ls) + 0.1 = 53
INFO : Max F1_score=1.0# classes c | f1(c)>=max(f1_ls) - 0.1 = 33
INFO : validation_loss=1.246 ; best_validation_loss=1.546
INFO :  ****** Current epoch: 8 ****** 
INFO : Training sample: 	 1500/ 15000 ...
INFO : Training sample: 	 3000/ 15000 ...
INFO : Training sample: 	 4500/ 15000 ...
INFO : Training sample: 	 6000/ 15000 ...
INFO : Training sample: 	 7500/ 15000 ...
INFO : Training sample: 	 9000/ 15000 ...
INFO : Training sample: 	 10500/ 15000 ...
INFO : Training sample: 	 12000/ 15000 ...
INFO : Training sample: 	 13500/ 15000 ...
INFO : Training sample: 	 15000/ 15000 ...
INFO : loss=0.63 ; accuracy=0.905
INFO : Average F1_score=0.9
INFO : Min F1_score=0.47# classes c | f1(c)<=min(f1_ls) + 0.1 = 2
INFO : Max F1_score=1.0# classes c | f1(c)>=max(f1_ls) - 0.1 = 97
INFO : Evaluation
INFO : Sample: 	 600/ 3000 ...
INFO : Sample: 	 1200/ 3000 ...
INFO : Sample: 	 1800/ 3000 ...
INFO : Sample: 	 2400/ 3000 ...
INFO : Sample: 	 3000/ 3000 ...
INFO : loss=1.03 ; accuracy=0.734
INFO : Average F1_score=0.49
INFO : Min F1_score=0.0# classes c | f1(c)<=min(f1_ls) + 0.1 = 49
INFO : Max F1_score=1.0# classes c | f1(c)>=max(f1_ls) - 0.1 = 35
INFO : validation_loss=1.027 ; best_validation_loss=1.246
INFO :  ****** Current epoch: 9 ****** 
INFO : Training sample: 	 1500/ 15000 ...
INFO : Training sample: 	 3000/ 15000 ...
INFO : Training sample: 	 4500/ 15000 ...
INFO : Training sample: 	 6000/ 15000 ...
INFO : Training sample: 	 7500/ 15000 ...
INFO : Training sample: 	 9000/ 15000 ...
INFO : Training sample: 	 10500/ 15000 ...
INFO : Training sample: 	 12000/ 15000 ...
INFO : Training sample: 	 13500/ 15000 ...
INFO : Training sample: 	 15000/ 15000 ...
INFO : loss=0.48 ; accuracy=0.924
INFO : Average F1_score=0.92
INFO : Min F1_score=0.58# classes c | f1(c)<=min(f1_ls) + 0.1 = 4
INFO : Max F1_score=1.0# classes c | f1(c)>=max(f1_ls) - 0.1 = 111
INFO : Evaluation
INFO : Sample: 	 600/ 3000 ...
INFO : Sample: 	 1200/ 3000 ...
INFO : Sample: 	 1800/ 3000 ...
INFO : Sample: 	 2400/ 3000 ...
INFO : Sample: 	 3000/ 3000 ...
INFO : loss=0.87 ; accuracy=0.773
INFO : Average F1_score=0.52
INFO : Min F1_score=0.0# classes c | f1(c)<=min(f1_ls) + 0.1 = 46
INFO : Max F1_score=1.0# classes c | f1(c)>=max(f1_ls) - 0.1 = 42
INFO : validation_loss=0.865 ; best_validation_loss=1.027
INFO :  ****** Current epoch: 10 ****** 
INFO : Training sample: 	 1500/ 15000 ...
INFO : Training sample: 	 3000/ 15000 ...
INFO : Training sample: 	 4500/ 15000 ...
INFO : Training sample: 	 6000/ 15000 ...
INFO : Training sample: 	 7500/ 15000 ...
INFO : Training sample: 	 9000/ 15000 ...
INFO : Training sample: 	 10500/ 15000 ...
INFO : Training sample: 	 12000/ 15000 ...
INFO : Training sample: 	 13500/ 15000 ...
INFO : Training sample: 	 15000/ 15000 ...
INFO : loss=0.38 ; accuracy=0.937
INFO : Average F1_score=0.94
INFO : Min F1_score=0.66# classes c | f1(c)<=min(f1_ls) + 0.1 = 5
INFO : Max F1_score=1.0# classes c | f1(c)>=max(f1_ls) - 0.1 = 126
INFO : Evaluation
INFO : Sample: 	 600/ 3000 ...
INFO : Sample: 	 1200/ 3000 ...
INFO : Sample: 	 1800/ 3000 ...
INFO : Sample: 	 2400/ 3000 ...
INFO : Sample: 	 3000/ 3000 ...
INFO : loss=0.74 ; accuracy=0.809
INFO : Average F1_score=0.54
INFO : Min F1_score=0.0# classes c | f1(c)<=min(f1_ls) + 0.1 = 46
INFO : Max F1_score=1.0# classes c | f1(c)>=max(f1_ls) - 0.1 = 46
INFO : validation_loss=0.743 ; best_validation_loss=0.865
INFO :  ****** Current epoch: 11 ****** 
INFO : Training sample: 	 1500/ 15000 ...
INFO : Training sample: 	 3000/ 15000 ...
INFO : Training sample: 	 4500/ 15000 ...
INFO : Training sample: 	 6000/ 15000 ...
INFO : Training sample: 	 7500/ 15000 ...
INFO : Training sample: 	 9000/ 15000 ...
INFO : Training sample: 	 10500/ 15000 ...
INFO : Training sample: 	 12000/ 15000 ...
INFO : Training sample: 	 13500/ 15000 ...
INFO : Training sample: 	 15000/ 15000 ...
INFO : loss=0.32 ; accuracy=0.946
INFO : Average F1_score=0.95
INFO : Min F1_score=0.69# classes c | f1(c)<=min(f1_ls) + 0.1 = 4
INFO : Max F1_score=1.0# classes c | f1(c)>=max(f1_ls) - 0.1 = 130
INFO : Evaluation
INFO : Sample: 	 600/ 3000 ...
INFO : Sample: 	 1200/ 3000 ...
INFO : Sample: 	 1800/ 3000 ...
INFO : Sample: 	 2400/ 3000 ...
INFO : Sample: 	 3000/ 3000 ...
INFO : loss=0.65 ; accuracy=0.84
INFO : Average F1_score=0.57
INFO : Min F1_score=0.0# classes c | f1(c)<=min(f1_ls) + 0.1 = 43
INFO : Max F1_score=1.0# classes c | f1(c)>=max(f1_ls) - 0.1 = 53
INFO : validation_loss=0.65 ; best_validation_loss=0.743
INFO :  ****** Current epoch: 12 ****** 
INFO : Training sample: 	 1500/ 15000 ...
INFO : Training sample: 	 3000/ 15000 ...
INFO : Training sample: 	 4500/ 15000 ...
INFO : Training sample: 	 6000/ 15000 ...
INFO : Training sample: 	 7500/ 15000 ...
INFO : Training sample: 	 9000/ 15000 ...
INFO : Training sample: 	 10500/ 15000 ...
INFO : Training sample: 	 12000/ 15000 ...
INFO : Training sample: 	 13500/ 15000 ...
INFO : Training sample: 	 15000/ 15000 ...
INFO : loss=0.27 ; accuracy=0.953
INFO : Average F1_score=0.95
INFO : Min F1_score=0.71# classes c | f1(c)<=min(f1_ls) + 0.1 = 4
INFO : Max F1_score=1.0# classes c | f1(c)>=max(f1_ls) - 0.1 = 134
INFO : Evaluation
INFO : Sample: 	 600/ 3000 ...
INFO : Sample: 	 1200/ 3000 ...
INFO : Sample: 	 1800/ 3000 ...
INFO : Sample: 	 2400/ 3000 ...
INFO : Sample: 	 3000/ 3000 ...
INFO : loss=0.58 ; accuracy=0.857
INFO : Average F1_score=0.58
INFO : Min F1_score=0.0# classes c | f1(c)<=min(f1_ls) + 0.1 = 41
INFO : Max F1_score=1.0# classes c | f1(c)>=max(f1_ls) - 0.1 = 53
INFO : validation_loss=0.578 ; best_validation_loss=0.65
INFO :  ****** Current epoch: 13 ****** 
INFO : Training sample: 	 1500/ 15000 ...
INFO : Training sample: 	 3000/ 15000 ...
INFO : Training sample: 	 4500/ 15000 ...
INFO : Training sample: 	 6000/ 15000 ...
INFO : Training sample: 	 7500/ 15000 ...
INFO : Training sample: 	 9000/ 15000 ...
INFO : Training sample: 	 10500/ 15000 ...
INFO : Training sample: 	 12000/ 15000 ...
INFO : Training sample: 	 13500/ 15000 ...
INFO : Training sample: 	 15000/ 15000 ...
INFO : loss=0.23 ; accuracy=0.959
INFO : Average F1_score=0.96
INFO : Min F1_score=0.74# classes c | f1(c)<=min(f1_ls) + 0.1 = 6
INFO : Max F1_score=1.0# classes c | f1(c)>=max(f1_ls) - 0.1 = 138
INFO : Evaluation
INFO : Sample: 	 600/ 3000 ...
INFO : Sample: 	 1200/ 3000 ...
INFO : Sample: 	 1800/ 3000 ...
INFO : Sample: 	 2400/ 3000 ...
INFO : Sample: 	 3000/ 3000 ...
INFO : loss=0.52 ; accuracy=0.874
INFO : Average F1_score=0.61
INFO : Min F1_score=0.0# classes c | f1(c)<=min(f1_ls) + 0.1 = 37
INFO : Max F1_score=1.0# classes c | f1(c)>=max(f1_ls) - 0.1 = 56
INFO : validation_loss=0.521 ; best_validation_loss=0.578
INFO :  ****** Current epoch: 14 ****** 
INFO : Training sample: 	 1500/ 15000 ...
INFO : Training sample: 	 3000/ 15000 ...
INFO : Training sample: 	 4500/ 15000 ...
INFO : Training sample: 	 6000/ 15000 ...
INFO : Training sample: 	 7500/ 15000 ...
INFO : Training sample: 	 9000/ 15000 ...
INFO : Training sample: 	 10500/ 15000 ...
INFO : Training sample: 	 12000/ 15000 ...
INFO : Training sample: 	 13500/ 15000 ...
INFO : Training sample: 	 15000/ 15000 ...
INFO : loss=0.2 ; accuracy=0.963
INFO : Average F1_score=0.96
INFO : Min F1_score=0.74# classes c | f1(c)<=min(f1_ls) + 0.1 = 4
INFO : Max F1_score=1.0# classes c | f1(c)>=max(f1_ls) - 0.1 = 141
INFO : Evaluation
INFO : Sample: 	 600/ 3000 ...
INFO : Sample: 	 1200/ 3000 ...
INFO : Sample: 	 1800/ 3000 ...
INFO : Sample: 	 2400/ 3000 ...
INFO : Sample: 	 3000/ 3000 ...
INFO : loss=0.48 ; accuracy=0.889
INFO : Average F1_score=0.62
INFO : Min F1_score=0.0# classes c | f1(c)<=min(f1_ls) + 0.1 = 36
INFO : Max F1_score=1.0# classes c | f1(c)>=max(f1_ls) - 0.1 = 58
INFO : validation_loss=0.476 ; best_validation_loss=0.521
INFO :  ****** Current epoch: 15 ****** 
INFO : Training sample: 	 1500/ 15000 ...
INFO : Training sample: 	 3000/ 15000 ...
INFO : Training sample: 	 4500/ 15000 ...
INFO : Training sample: 	 6000/ 15000 ...
INFO : Training sample: 	 7500/ 15000 ...
INFO : Training sample: 	 9000/ 15000 ...
INFO : Training sample: 	 10500/ 15000 ...
INFO : Training sample: 	 12000/ 15000 ...
INFO : Training sample: 	 13500/ 15000 ...
INFO : Training sample: 	 15000/ 15000 ...
INFO : loss=0.18 ; accuracy=0.967
INFO : Average F1_score=0.97
INFO : Min F1_score=0.76# classes c | f1(c)<=min(f1_ls) + 0.1 = 6
INFO : Max F1_score=1.0# classes c | f1(c)>=max(f1_ls) - 0.1 = 142
INFO : Evaluation
INFO : Sample: 	 600/ 3000 ...
INFO : Sample: 	 1200/ 3000 ...
INFO : Sample: 	 1800/ 3000 ...
INFO : Sample: 	 2400/ 3000 ...
INFO : Sample: 	 3000/ 3000 ...
INFO : loss=0.44 ; accuracy=0.901
INFO : Average F1_score=0.63
INFO : Min F1_score=0.0# classes c | f1(c)<=min(f1_ls) + 0.1 = 35
INFO : Max F1_score=1.0# classes c | f1(c)>=max(f1_ls) - 0.1 = 62
INFO : validation_loss=0.44 ; best_validation_loss=0.476
INFO :  ****** Current epoch: 16 ****** 
INFO : Training sample: 	 1500/ 15000 ...
INFO : Training sample: 	 3000/ 15000 ...
INFO : Training sample: 	 4500/ 15000 ...
INFO : Training sample: 	 6000/ 15000 ...
INFO : Training sample: 	 7500/ 15000 ...
INFO : Training sample: 	 9000/ 15000 ...
INFO : Training sample: 	 10500/ 15000 ...
INFO : Training sample: 	 12000/ 15000 ...
INFO : Training sample: 	 13500/ 15000 ...
INFO : Training sample: 	 15000/ 15000 ...
INFO : loss=0.16 ; accuracy=0.97
INFO : Average F1_score=0.97
INFO : Min F1_score=0.8# classes c | f1(c)<=min(f1_ls) + 0.1 = 8
INFO : Max F1_score=1.0# classes c | f1(c)>=max(f1_ls) - 0.1 = 142
INFO : Evaluation
INFO : Sample: 	 600/ 3000 ...
INFO : Sample: 	 1200/ 3000 ...
INFO : Sample: 	 1800/ 3000 ...
INFO : Sample: 	 2400/ 3000 ...
INFO : Sample: 	 3000/ 3000 ...
INFO : loss=0.41 ; accuracy=0.903
INFO : Average F1_score=0.64
INFO : Min F1_score=0.0# classes c | f1(c)<=min(f1_ls) + 0.1 = 34
INFO : Max F1_score=1.0# classes c | f1(c)>=max(f1_ls) - 0.1 = 62
INFO : validation_loss=0.41 ; best_validation_loss=0.44
INFO :  ****** Current epoch: 17 ****** 
INFO : Training sample: 	 1500/ 15000 ...
INFO : Training sample: 	 3000/ 15000 ...
INFO : Training sample: 	 4500/ 15000 ...
INFO : Training sample: 	 6000/ 15000 ...
INFO : Training sample: 	 7500/ 15000 ...
INFO : Training sample: 	 9000/ 15000 ...
INFO : Training sample: 	 10500/ 15000 ...
INFO : Training sample: 	 12000/ 15000 ...
INFO : Training sample: 	 13500/ 15000 ...
INFO : Training sample: 	 15000/ 15000 ...
INFO : loss=0.14 ; accuracy=0.974
INFO : Average F1_score=0.97
INFO : Min F1_score=0.81# classes c | f1(c)<=min(f1_ls) + 0.1 = 8
INFO : Max F1_score=1.0# classes c | f1(c)>=max(f1_ls) - 0.1 = 143
INFO : Evaluation
INFO : Sample: 	 600/ 3000 ...
INFO : Sample: 	 1200/ 3000 ...
INFO : Sample: 	 1800/ 3000 ...
INFO : Sample: 	 2400/ 3000 ...
INFO : Sample: 	 3000/ 3000 ...
INFO : loss=0.38 ; accuracy=0.909
INFO : Average F1_score=0.65
INFO : Min F1_score=0.0# classes c | f1(c)<=min(f1_ls) + 0.1 = 33
INFO : Max F1_score=1.0# classes c | f1(c)>=max(f1_ls) - 0.1 = 62
INFO : validation_loss=0.385 ; best_validation_loss=0.41
INFO :  ****** Current epoch: 18 ****** 
INFO : Training sample: 	 1500/ 15000 ...
INFO : Training sample: 	 3000/ 15000 ...
INFO : Training sample: 	 4500/ 15000 ...
INFO : Training sample: 	 6000/ 15000 ...
INFO : Training sample: 	 7500/ 15000 ...
INFO : Training sample: 	 9000/ 15000 ...
INFO : Training sample: 	 10500/ 15000 ...
INFO : Training sample: 	 12000/ 15000 ...
INFO : Training sample: 	 13500/ 15000 ...
INFO : Training sample: 	 15000/ 15000 ...
INFO : loss=0.13 ; accuracy=0.976
INFO : Average F1_score=0.98
INFO : Min F1_score=0.83# classes c | f1(c)<=min(f1_ls) + 0.1 = 8
INFO : Max F1_score=1.0# classes c | f1(c)>=max(f1_ls) - 0.1 = 143
INFO : Evaluation
INFO : Sample: 	 600/ 3000 ...
INFO : Sample: 	 1200/ 3000 ...
INFO : Sample: 	 1800/ 3000 ...
INFO : Sample: 	 2400/ 3000 ...
INFO : Sample: 	 3000/ 3000 ...
INFO : loss=0.36 ; accuracy=0.914
INFO : Average F1_score=0.66
INFO : Min F1_score=0.0# classes c | f1(c)<=min(f1_ls) + 0.1 = 32
INFO : Max F1_score=1.0# classes c | f1(c)>=max(f1_ls) - 0.1 = 63
INFO : validation_loss=0.364 ; best_validation_loss=0.385
INFO :  ****** Current epoch: 19 ****** 
INFO : Training sample: 	 1500/ 15000 ...
INFO : Training sample: 	 3000/ 15000 ...
INFO : Training sample: 	 4500/ 15000 ...
INFO : Training sample: 	 6000/ 15000 ...
INFO : Training sample: 	 7500/ 15000 ...
INFO : Training sample: 	 9000/ 15000 ...
INFO : Training sample: 	 10500/ 15000 ...
INFO : Training sample: 	 12000/ 15000 ...
INFO : Training sample: 	 13500/ 15000 ...
INFO : Training sample: 	 15000/ 15000 ...
INFO : loss=0.12 ; accuracy=0.978
INFO : Average F1_score=0.98
INFO : Min F1_score=0.83# classes c | f1(c)<=min(f1_ls) + 0.1 = 9
INFO : Max F1_score=1.0# classes c | f1(c)>=max(f1_ls) - 0.1 = 143
INFO : Evaluation
INFO : Sample: 	 600/ 3000 ...
INFO : Sample: 	 1200/ 3000 ...
INFO : Sample: 	 1800/ 3000 ...
INFO : Sample: 	 2400/ 3000 ...
INFO : Sample: 	 3000/ 3000 ...
INFO : loss=0.35 ; accuracy=0.919
INFO : Average F1_score=0.67
INFO : Min F1_score=0.0# classes c | f1(c)<=min(f1_ls) + 0.1 = 31
INFO : Max F1_score=1.0# classes c | f1(c)>=max(f1_ls) - 0.1 = 63
INFO : validation_loss=0.346 ; best_validation_loss=0.364
INFO :  ****** Current epoch: 20 ****** 
INFO : Training sample: 	 1500/ 15000 ...
INFO : Training sample: 	 3000/ 15000 ...
INFO : Training sample: 	 4500/ 15000 ...
INFO : Training sample: 	 6000/ 15000 ...
INFO : Training sample: 	 7500/ 15000 ...
INFO : Training sample: 	 9000/ 15000 ...
INFO : Training sample: 	 10500/ 15000 ...
INFO : Training sample: 	 12000/ 15000 ...
INFO : Training sample: 	 13500/ 15000 ...
INFO : Training sample: 	 15000/ 15000 ...
INFO : loss=0.11 ; accuracy=0.98
INFO : Average F1_score=0.98
INFO : Min F1_score=0.84# classes c | f1(c)<=min(f1_ls) + 0.1 = 10
INFO : Max F1_score=1.0# classes c | f1(c)>=max(f1_ls) - 0.1 = 145
INFO : Evaluation
INFO : Sample: 	 600/ 3000 ...
INFO : Sample: 	 1200/ 3000 ...
INFO : Sample: 	 1800/ 3000 ...
INFO : Sample: 	 2400/ 3000 ...
INFO : Sample: 	 3000/ 3000 ...
INFO : loss=0.33 ; accuracy=0.921
INFO : Average F1_score=0.67
INFO : Min F1_score=0.0# classes c | f1(c)<=min(f1_ls) + 0.1 = 30
INFO : Max F1_score=1.0# classes c | f1(c)>=max(f1_ls) - 0.1 = 63
INFO : validation_loss=0.331 ; best_validation_loss=0.346
INFO :  ****** Current epoch: 21 ****** 
INFO : Training sample: 	 1500/ 15000 ...
INFO : Training sample: 	 3000/ 15000 ...
INFO : Training sample: 	 4500/ 15000 ...
INFO : Training sample: 	 6000/ 15000 ...
INFO : Training sample: 	 7500/ 15000 ...
INFO : Training sample: 	 9000/ 15000 ...
INFO : Training sample: 	 10500/ 15000 ...
INFO : Training sample: 	 12000/ 15000 ...
INFO : Training sample: 	 13500/ 15000 ...
INFO : Training sample: 	 15000/ 15000 ...
INFO : loss=0.1 ; accuracy=0.982
INFO : Average F1_score=0.98
INFO : Min F1_score=0.85# classes c | f1(c)<=min(f1_ls) + 0.1 = 13
INFO : Max F1_score=1.0# classes c | f1(c)>=max(f1_ls) - 0.1 = 145
INFO : Evaluation
INFO : Sample: 	 600/ 3000 ...
INFO : Sample: 	 1200/ 3000 ...
INFO : Sample: 	 1800/ 3000 ...
INFO : Sample: 	 2400/ 3000 ...
INFO : Sample: 	 3000/ 3000 ...
INFO : loss=0.32 ; accuracy=0.923
INFO : Average F1_score=0.67
INFO : Min F1_score=0.0# classes c | f1(c)<=min(f1_ls) + 0.1 = 30
INFO : Max F1_score=1.0# classes c | f1(c)>=max(f1_ls) - 0.1 = 63
INFO : validation_loss=0.317 ; best_validation_loss=0.331
INFO :  ****** Current epoch: 22 ****** 
INFO : Training sample: 	 1500/ 15000 ...
INFO : Training sample: 	 3000/ 15000 ...
INFO : Training sample: 	 4500/ 15000 ...
INFO : Training sample: 	 6000/ 15000 ...
INFO : Training sample: 	 7500/ 15000 ...
INFO : Training sample: 	 9000/ 15000 ...
INFO : Training sample: 	 10500/ 15000 ...
INFO : Training sample: 	 12000/ 15000 ...
INFO : Training sample: 	 13500/ 15000 ...
INFO : Training sample: 	 15000/ 15000 ...
INFO : loss=0.09 ; accuracy=0.984
INFO : Average F1_score=0.98
INFO : Min F1_score=0.87# classes c | f1(c)<=min(f1_ls) + 0.1 = 28
INFO : Max F1_score=1.0# classes c | f1(c)>=max(f1_ls) - 0.1 = 146
INFO : Evaluation
INFO : Sample: 	 600/ 3000 ...
INFO : Sample: 	 1200/ 3000 ...
INFO : Sample: 	 1800/ 3000 ...
INFO : Sample: 	 2400/ 3000 ...
INFO : Sample: 	 3000/ 3000 ...
INFO : loss=0.31 ; accuracy=0.925
INFO : Average F1_score=0.68
INFO : Min F1_score=0.0# classes c | f1(c)<=min(f1_ls) + 0.1 = 30
INFO : Max F1_score=1.0# classes c | f1(c)>=max(f1_ls) - 0.1 = 63
INFO : validation_loss=0.306 ; best_validation_loss=0.317
INFO :  ****** Current epoch: 23 ****** 
INFO : Training sample: 	 1500/ 15000 ...
INFO : Training sample: 	 3000/ 15000 ...
INFO : Training sample: 	 4500/ 15000 ...
INFO : Training sample: 	 6000/ 15000 ...
INFO : Training sample: 	 7500/ 15000 ...
INFO : Training sample: 	 9000/ 15000 ...
INFO : Training sample: 	 10500/ 15000 ...
INFO : Training sample: 	 12000/ 15000 ...
INFO : Training sample: 	 13500/ 15000 ...
INFO : Training sample: 	 15000/ 15000 ...
INFO : loss=0.09 ; accuracy=0.985
INFO : Average F1_score=0.99
INFO : Min F1_score=0.87# classes c | f1(c)<=min(f1_ls) + 0.1 = 20
INFO : Max F1_score=1.0# classes c | f1(c)>=max(f1_ls) - 0.1 = 147
INFO : Evaluation
INFO : Sample: 	 600/ 3000 ...
INFO : Sample: 	 1200/ 3000 ...
INFO : Sample: 	 1800/ 3000 ...
INFO : Sample: 	 2400/ 3000 ...
INFO : Sample: 	 3000/ 3000 ...
INFO : loss=0.3 ; accuracy=0.928
INFO : Average F1_score=0.68
INFO : Min F1_score=0.0# classes c | f1(c)<=min(f1_ls) + 0.1 = 29
INFO : Max F1_score=1.0# classes c | f1(c)>=max(f1_ls) - 0.1 = 64
INFO : validation_loss=0.295 ; best_validation_loss=0.306
INFO :  ****** Current epoch: 24 ****** 
INFO : Training sample: 	 1500/ 15000 ...
INFO : Training sample: 	 3000/ 15000 ...
INFO : Training sample: 	 4500/ 15000 ...
INFO : Training sample: 	 6000/ 15000 ...
INFO : Training sample: 	 7500/ 15000 ...
INFO : Training sample: 	 9000/ 15000 ...
INFO : Training sample: 	 10500/ 15000 ...
INFO : Training sample: 	 12000/ 15000 ...
INFO : Training sample: 	 13500/ 15000 ...
INFO : Training sample: 	 15000/ 15000 ...
INFO : loss=0.08 ; accuracy=0.986
INFO : Average F1_score=0.99
INFO : Min F1_score=0.87# classes c | f1(c)<=min(f1_ls) + 0.1 = 19
INFO : Max F1_score=1.0# classes c | f1(c)>=max(f1_ls) - 0.1 = 148
INFO : Evaluation
INFO : Sample: 	 600/ 3000 ...
INFO : Sample: 	 1200/ 3000 ...
INFO : Sample: 	 1800/ 3000 ...
INFO : Sample: 	 2400/ 3000 ...
INFO : Sample: 	 3000/ 3000 ...
INFO : loss=0.29 ; accuracy=0.928
INFO : Average F1_score=0.68
INFO : Min F1_score=0.0# classes c | f1(c)<=min(f1_ls) + 0.1 = 29
INFO : Max F1_score=1.0# classes c | f1(c)>=max(f1_ls) - 0.1 = 64
INFO : validation_loss=0.286 ; best_validation_loss=0.295
INFO :  ****** Current epoch: 25 ****** 
INFO : Training sample: 	 1500/ 15000 ...
INFO : Training sample: 	 3000/ 15000 ...
INFO : Training sample: 	 4500/ 15000 ...
INFO : Training sample: 	 6000/ 15000 ...
INFO : Training sample: 	 7500/ 15000 ...
INFO : Training sample: 	 9000/ 15000 ...
INFO : Training sample: 	 10500/ 15000 ...
INFO : Training sample: 	 12000/ 15000 ...
INFO : Training sample: 	 13500/ 15000 ...
INFO : Training sample: 	 15000/ 15000 ...
INFO : loss=0.07 ; accuracy=0.987
INFO : Average F1_score=0.99
INFO : Min F1_score=0.88# classes c | f1(c)<=min(f1_ls) + 0.1 = 23
INFO : Max F1_score=1.0# classes c | f1(c)>=max(f1_ls) - 0.1 = 148
INFO : Evaluation
INFO : Sample: 	 600/ 3000 ...
INFO : Sample: 	 1200/ 3000 ...
INFO : Sample: 	 1800/ 3000 ...
INFO : Sample: 	 2400/ 3000 ...
INFO : Sample: 	 3000/ 3000 ...
INFO : loss=0.28 ; accuracy=0.931
INFO : Average F1_score=0.69
INFO : Min F1_score=0.0# classes c | f1(c)<=min(f1_ls) + 0.1 = 28
INFO : Max F1_score=1.0# classes c | f1(c)>=max(f1_ls) - 0.1 = 64
INFO : validation_loss=0.278 ; best_validation_loss=0.286
INFO :  ****** Current epoch: 26 ****** 
INFO : Training sample: 	 1500/ 15000 ...
INFO : Training sample: 	 3000/ 15000 ...
INFO : Training sample: 	 4500/ 15000 ...
INFO : Training sample: 	 6000/ 15000 ...
INFO : Training sample: 	 7500/ 15000 ...
INFO : Training sample: 	 9000/ 15000 ...
INFO : Training sample: 	 10500/ 15000 ...
INFO : Training sample: 	 12000/ 15000 ...
INFO : Training sample: 	 13500/ 15000 ...
INFO : Training sample: 	 15000/ 15000 ...
INFO : loss=0.07 ; accuracy=0.988
INFO : Average F1_score=0.99
INFO : Min F1_score=0.88# classes c | f1(c)<=min(f1_ls) + 0.1 = 21
INFO : Max F1_score=1.0# classes c | f1(c)>=max(f1_ls) - 0.1 = 148
INFO : Evaluation
INFO : Sample: 	 600/ 3000 ...
INFO : Sample: 	 1200/ 3000 ...
INFO : Sample: 	 1800/ 3000 ...
INFO : Sample: 	 2400/ 3000 ...
INFO : Sample: 	 3000/ 3000 ...
INFO : loss=0.27 ; accuracy=0.933
INFO : Average F1_score=0.7
INFO : Min F1_score=0.0# classes c | f1(c)<=min(f1_ls) + 0.1 = 27
INFO : Max F1_score=1.0# classes c | f1(c)>=max(f1_ls) - 0.1 = 64
INFO : validation_loss=0.27 ; best_validation_loss=0.278
INFO :  ****** Current epoch: 27 ****** 
INFO : Training sample: 	 1500/ 15000 ...
INFO : Training sample: 	 3000/ 15000 ...
INFO : Training sample: 	 4500/ 15000 ...
INFO : Training sample: 	 6000/ 15000 ...
INFO : Training sample: 	 7500/ 15000 ...
INFO : Training sample: 	 9000/ 15000 ...
INFO : Training sample: 	 10500/ 15000 ...
INFO : Training sample: 	 12000/ 15000 ...
INFO : Training sample: 	 13500/ 15000 ...
INFO : Training sample: 	 15000/ 15000 ...
INFO : loss=0.06 ; accuracy=0.989
INFO : Average F1_score=0.99
INFO : Min F1_score=0.89# classes c | f1(c)<=min(f1_ls) + 0.1 = 37
INFO : Max F1_score=1.0# classes c | f1(c)>=max(f1_ls) - 0.1 = 149
INFO : Evaluation
INFO : Sample: 	 600/ 3000 ...
INFO : Sample: 	 1200/ 3000 ...
INFO : Sample: 	 1800/ 3000 ...
INFO : Sample: 	 2400/ 3000 ...
INFO : Sample: 	 3000/ 3000 ...
INFO : loss=0.26 ; accuracy=0.934
INFO : Average F1_score=0.71
INFO : Min F1_score=0.0# classes c | f1(c)<=min(f1_ls) + 0.1 = 26
INFO : Max F1_score=1.0# classes c | f1(c)>=max(f1_ls) - 0.1 = 64
INFO : validation_loss=0.264 ; best_validation_loss=0.27
INFO :  ****** Current epoch: 28 ****** 
INFO : Training sample: 	 1500/ 15000 ...
INFO : Training sample: 	 3000/ 15000 ...
INFO : Training sample: 	 4500/ 15000 ...
INFO : Training sample: 	 6000/ 15000 ...
INFO : Training sample: 	 7500/ 15000 ...
INFO : Training sample: 	 9000/ 15000 ...
INFO : Training sample: 	 10500/ 15000 ...
INFO : Training sample: 	 12000/ 15000 ...
INFO : Training sample: 	 13500/ 15000 ...
INFO : Training sample: 	 15000/ 15000 ...
INFO : loss=0.06 ; accuracy=0.99
INFO : Average F1_score=0.99
INFO : Min F1_score=0.89# classes c | f1(c)<=min(f1_ls) + 0.1 = 32
INFO : Max F1_score=1.0# classes c | f1(c)>=max(f1_ls) - 0.1 = 149
INFO : Evaluation
INFO : Sample: 	 600/ 3000 ...
INFO : Sample: 	 1200/ 3000 ...
INFO : Sample: 	 1800/ 3000 ...
INFO : Sample: 	 2400/ 3000 ...
INFO : Sample: 	 3000/ 3000 ...
INFO : loss=0.26 ; accuracy=0.935
INFO : Average F1_score=0.71
INFO : Min F1_score=0.0# classes c | f1(c)<=min(f1_ls) + 0.1 = 26
INFO : Max F1_score=1.0# classes c | f1(c)>=max(f1_ls) - 0.1 = 64
INFO : validation_loss=0.257 ; best_validation_loss=0.264
INFO :  ****** Current epoch: 29 ****** 
INFO : Training sample: 	 1500/ 15000 ...
INFO : Training sample: 	 3000/ 15000 ...
INFO : Training sample: 	 4500/ 15000 ...
INFO : Training sample: 	 6000/ 15000 ...
INFO : Training sample: 	 7500/ 15000 ...
INFO : Training sample: 	 9000/ 15000 ...
INFO : Training sample: 	 10500/ 15000 ...
INFO : Training sample: 	 12000/ 15000 ...
INFO : Training sample: 	 13500/ 15000 ...
INFO : Training sample: 	 15000/ 15000 ...
INFO : loss=0.06 ; accuracy=0.991
INFO : Average F1_score=0.99
INFO : Min F1_score=0.9# classes c | f1(c)<=min(f1_ls) + 0.1 = 83
INFO : Max F1_score=1.0# classes c | f1(c)>=max(f1_ls) - 0.1 = 149
INFO : Evaluation
INFO : Sample: 	 600/ 3000 ...
INFO : Sample: 	 1200/ 3000 ...
INFO : Sample: 	 1800/ 3000 ...
INFO : Sample: 	 2400/ 3000 ...
INFO : Sample: 	 3000/ 3000 ...
INFO : loss=0.25 ; accuracy=0.937
INFO : Average F1_score=0.71
INFO : Min F1_score=0.0# classes c | f1(c)<=min(f1_ls) + 0.1 = 26
INFO : Max F1_score=1.0# classes c | f1(c)>=max(f1_ls) - 0.1 = 64
INFO : validation_loss=0.252 ; best_validation_loss=0.257
INFO :  ****** Current epoch: 30 ****** 
INFO : Training sample: 	 1500/ 15000 ...
INFO : Training sample: 	 3000/ 15000 ...
INFO : Training sample: 	 4500/ 15000 ...
INFO : Training sample: 	 6000/ 15000 ...
INFO : Training sample: 	 7500/ 15000 ...
INFO : Training sample: 	 9000/ 15000 ...
INFO : Training sample: 	 10500/ 15000 ...
INFO : Training sample: 	 12000/ 15000 ...
INFO : Training sample: 	 13500/ 15000 ...
INFO : Training sample: 	 15000/ 15000 ...
INFO : loss=0.05 ; accuracy=0.992
INFO : Average F1_score=0.99
INFO : Min F1_score=0.9# classes c | f1(c)<=min(f1_ls) + 0.1 = 81
INFO : Max F1_score=1.0# classes c | f1(c)>=max(f1_ls) - 0.1 = 149
INFO : Evaluation
INFO : Sample: 	 600/ 3000 ...
INFO : Sample: 	 1200/ 3000 ...
INFO : Sample: 	 1800/ 3000 ...
INFO : Sample: 	 2400/ 3000 ...
INFO : Sample: 	 3000/ 3000 ...
INFO : loss=0.25 ; accuracy=0.939
INFO : Average F1_score=0.71
INFO : Min F1_score=0.0# classes c | f1(c)<=min(f1_ls) + 0.1 = 26
INFO : Max F1_score=1.0# classes c | f1(c)>=max(f1_ls) - 0.1 = 64
INFO : validation_loss=0.247 ; best_validation_loss=0.252
INFO :  ****** Current epoch: 31 ****** 
INFO : Training sample: 	 1500/ 15000 ...
INFO : Training sample: 	 3000/ 15000 ...
INFO : Training sample: 	 4500/ 15000 ...
INFO : Training sample: 	 6000/ 15000 ...
INFO : Training sample: 	 7500/ 15000 ...
INFO : Training sample: 	 9000/ 15000 ...
INFO : Training sample: 	 10500/ 15000 ...
INFO : Training sample: 	 12000/ 15000 ...
INFO : Training sample: 	 13500/ 15000 ...
INFO : Training sample: 	 15000/ 15000 ...
INFO : loss=0.05 ; accuracy=0.993
INFO : Average F1_score=0.99
INFO : Min F1_score=0.9# classes c | f1(c)<=min(f1_ls) + 0.1 = 150
INFO : Max F1_score=1.0# classes c | f1(c)>=max(f1_ls) - 0.1 = 150
INFO : Evaluation
INFO : Sample: 	 600/ 3000 ...
INFO : Sample: 	 1200/ 3000 ...
INFO : Sample: 	 1800/ 3000 ...
INFO : Sample: 	 2400/ 3000 ...
INFO : Sample: 	 3000/ 3000 ...
INFO : loss=0.24 ; accuracy=0.94
INFO : Average F1_score=0.71
INFO : Min F1_score=0.0# classes c | f1(c)<=min(f1_ls) + 0.1 = 26
INFO : Max F1_score=1.0# classes c | f1(c)>=max(f1_ls) - 0.1 = 64
INFO : validation_loss=0.242 ; best_validation_loss=0.247
INFO :  ****** Current epoch: 32 ****** 
INFO : Training sample: 	 1500/ 15000 ...
INFO : Training sample: 	 3000/ 15000 ...
INFO : Training sample: 	 4500/ 15000 ...
INFO : Training sample: 	 6000/ 15000 ...
INFO : Training sample: 	 7500/ 15000 ...
INFO : Training sample: 	 9000/ 15000 ...
INFO : Training sample: 	 10500/ 15000 ...
INFO : Training sample: 	 12000/ 15000 ...
INFO : Training sample: 	 13500/ 15000 ...
INFO : Training sample: 	 15000/ 15000 ...
INFO : loss=0.05 ; accuracy=0.993
INFO : Average F1_score=0.99
INFO : Min F1_score=0.9# classes c | f1(c)<=min(f1_ls) + 0.1 = 150
INFO : Max F1_score=1.0# classes c | f1(c)>=max(f1_ls) - 0.1 = 150
INFO : Evaluation
INFO : Sample: 	 600/ 3000 ...
INFO : Sample: 	 1200/ 3000 ...
INFO : Sample: 	 1800/ 3000 ...
INFO : Sample: 	 2400/ 3000 ...
INFO : Sample: 	 3000/ 3000 ...
INFO : loss=0.24 ; accuracy=0.94
INFO : Average F1_score=0.71
INFO : Min F1_score=0.0# classes c | f1(c)<=min(f1_ls) + 0.1 = 26
INFO : Max F1_score=1.0# classes c | f1(c)>=max(f1_ls) - 0.1 = 64
INFO : validation_loss=0.238 ; best_validation_loss=0.242
INFO :  ****** Current epoch: 33 ****** 
INFO : Training sample: 	 1500/ 15000 ...
INFO : Training sample: 	 3000/ 15000 ...
INFO : Training sample: 	 4500/ 15000 ...
INFO : Training sample: 	 6000/ 15000 ...
INFO : Training sample: 	 7500/ 15000 ...
INFO : Training sample: 	 9000/ 15000 ...
INFO : Training sample: 	 10500/ 15000 ...
INFO : Training sample: 	 12000/ 15000 ...
INFO : Training sample: 	 13500/ 15000 ...
INFO : Training sample: 	 15000/ 15000 ...
INFO : loss=0.04 ; accuracy=0.994
INFO : Average F1_score=0.99
INFO : Min F1_score=0.91# classes c | f1(c)<=min(f1_ls) + 0.1 = 150
INFO : Max F1_score=1.0# classes c | f1(c)>=max(f1_ls) - 0.1 = 150
INFO : Evaluation
INFO : Sample: 	 600/ 3000 ...
INFO : Sample: 	 1200/ 3000 ...
INFO : Sample: 	 1800/ 3000 ...
INFO : Sample: 	 2400/ 3000 ...
INFO : Sample: 	 3000/ 3000 ...
INFO : loss=0.23 ; accuracy=0.941
INFO : Average F1_score=0.71
INFO : Min F1_score=0.0# classes c | f1(c)<=min(f1_ls) + 0.1 = 26
INFO : Max F1_score=1.0# classes c | f1(c)>=max(f1_ls) - 0.1 = 64
INFO : validation_loss=0.234 ; best_validation_loss=0.238
INFO :  ****** Current epoch: 34 ****** 
INFO : Training sample: 	 1500/ 15000 ...
INFO : Training sample: 	 3000/ 15000 ...
INFO : Training sample: 	 4500/ 15000 ...
INFO : Training sample: 	 6000/ 15000 ...
INFO : Training sample: 	 7500/ 15000 ...
INFO : Training sample: 	 9000/ 15000 ...
INFO : Training sample: 	 10500/ 15000 ...
INFO : Training sample: 	 12000/ 15000 ...
INFO : Training sample: 	 13500/ 15000 ...
INFO : Training sample: 	 15000/ 15000 ...
INFO : loss=0.04 ; accuracy=0.994
INFO : Average F1_score=0.99
INFO : Min F1_score=0.91# classes c | f1(c)<=min(f1_ls) + 0.1 = 150
INFO : Max F1_score=1.0# classes c | f1(c)>=max(f1_ls) - 0.1 = 150
INFO : Evaluation
INFO : Sample: 	 600/ 3000 ...
INFO : Sample: 	 1200/ 3000 ...
INFO : Sample: 	 1800/ 3000 ...
INFO : Sample: 	 2400/ 3000 ...
INFO : Sample: 	 3000/ 3000 ...
INFO : loss=0.23 ; accuracy=0.941
INFO : Average F1_score=0.71
INFO : Min F1_score=0.0# classes c | f1(c)<=min(f1_ls) + 0.1 = 26
INFO : Max F1_score=1.0# classes c | f1(c)>=max(f1_ls) - 0.1 = 64
INFO : validation_loss=0.23 ; best_validation_loss=0.234
INFO :  ****** Current epoch: 35 ****** 
INFO : Training sample: 	 1500/ 15000 ...
INFO : Training sample: 	 3000/ 15000 ...
INFO : Training sample: 	 4500/ 15000 ...
INFO : Training sample: 	 6000/ 15000 ...
INFO : Training sample: 	 7500/ 15000 ...
INFO : Training sample: 	 9000/ 15000 ...
INFO : Training sample: 	 10500/ 15000 ...
INFO : Training sample: 	 12000/ 15000 ...
INFO : Training sample: 	 13500/ 15000 ...
INFO : Training sample: 	 15000/ 15000 ...
INFO : loss=0.04 ; accuracy=0.995
INFO : Average F1_score=0.99
INFO : Min F1_score=0.92# classes c | f1(c)<=min(f1_ls) + 0.1 = 150
INFO : Max F1_score=1.0# classes c | f1(c)>=max(f1_ls) - 0.1 = 150
INFO : Evaluation
INFO : Sample: 	 600/ 3000 ...
INFO : Sample: 	 1200/ 3000 ...
INFO : Sample: 	 1800/ 3000 ...
INFO : Sample: 	 2400/ 3000 ...
INFO : Sample: 	 3000/ 3000 ...
INFO : loss=0.23 ; accuracy=0.943
INFO : Average F1_score=0.71
INFO : Min F1_score=0.0# classes c | f1(c)<=min(f1_ls) + 0.1 = 26
INFO : Max F1_score=1.0# classes c | f1(c)>=max(f1_ls) - 0.1 = 64
INFO : validation_loss=0.227 ; best_validation_loss=0.23
INFO :  ****** Current epoch: 36 ****** 
INFO : Training sample: 	 1500/ 15000 ...
INFO : Training sample: 	 3000/ 15000 ...
INFO : Training sample: 	 4500/ 15000 ...
INFO : Training sample: 	 6000/ 15000 ...
INFO : Training sample: 	 7500/ 15000 ...
INFO : Training sample: 	 9000/ 15000 ...
INFO : Training sample: 	 10500/ 15000 ...
INFO : Training sample: 	 12000/ 15000 ...
INFO : Training sample: 	 13500/ 15000 ...
INFO : Training sample: 	 15000/ 15000 ...
INFO : loss=0.04 ; accuracy=0.995
INFO : Average F1_score=1.0
INFO : Min F1_score=0.92# classes c | f1(c)<=min(f1_ls) + 0.1 = 150
INFO : Max F1_score=1.0# classes c | f1(c)>=max(f1_ls) - 0.1 = 150
INFO : Evaluation
INFO : Sample: 	 600/ 3000 ...
INFO : Sample: 	 1200/ 3000 ...
INFO : Sample: 	 1800/ 3000 ...
INFO : Sample: 	 2400/ 3000 ...
INFO : Sample: 	 3000/ 3000 ...
INFO : loss=0.22 ; accuracy=0.943
INFO : Average F1_score=0.71
INFO : Min F1_score=0.0# classes c | f1(c)<=min(f1_ls) + 0.1 = 26
INFO : Max F1_score=1.0# classes c | f1(c)>=max(f1_ls) - 0.1 = 64
INFO : validation_loss=0.224 ; best_validation_loss=0.227
INFO :  ****** Current epoch: 37 ****** 
INFO : Training sample: 	 1500/ 15000 ...
INFO : Training sample: 	 3000/ 15000 ...
INFO : Training sample: 	 4500/ 15000 ...
INFO : Training sample: 	 6000/ 15000 ...
INFO : Training sample: 	 7500/ 15000 ...
INFO : Training sample: 	 9000/ 15000 ...
INFO : Training sample: 	 10500/ 15000 ...
INFO : Training sample: 	 12000/ 15000 ...
INFO : Training sample: 	 13500/ 15000 ...
INFO : Training sample: 	 15000/ 15000 ...
INFO : loss=0.03 ; accuracy=0.996
INFO : Average F1_score=1.0
INFO : Min F1_score=0.92# classes c | f1(c)<=min(f1_ls) + 0.1 = 150
INFO : Max F1_score=1.0# classes c | f1(c)>=max(f1_ls) - 0.1 = 150
INFO : Evaluation
INFO : Sample: 	 600/ 3000 ...
INFO : Sample: 	 1200/ 3000 ...
INFO : Sample: 	 1800/ 3000 ...
INFO : Sample: 	 2400/ 3000 ...
INFO : Sample: 	 3000/ 3000 ...
INFO : loss=0.22 ; accuracy=0.943
INFO : Average F1_score=0.71
INFO : Min F1_score=0.0# classes c | f1(c)<=min(f1_ls) + 0.1 = 26
INFO : Max F1_score=1.0# classes c | f1(c)>=max(f1_ls) - 0.1 = 64
INFO : validation_loss=0.221 ; best_validation_loss=0.224
INFO :  ****** Current epoch: 38 ****** 
INFO : Training sample: 	 1500/ 15000 ...
INFO : Training sample: 	 3000/ 15000 ...
INFO : Training sample: 	 4500/ 15000 ...
INFO : Training sample: 	 6000/ 15000 ...
INFO : Training sample: 	 7500/ 15000 ...
INFO : Training sample: 	 9000/ 15000 ...
INFO : Training sample: 	 10500/ 15000 ...
INFO : Training sample: 	 12000/ 15000 ...
INFO : Training sample: 	 13500/ 15000 ...
INFO : Training sample: 	 15000/ 15000 ...
INFO : loss=0.03 ; accuracy=0.996
INFO : Average F1_score=1.0
INFO : Min F1_score=0.92# classes c | f1(c)<=min(f1_ls) + 0.1 = 150
INFO : Max F1_score=1.0# classes c | f1(c)>=max(f1_ls) - 0.1 = 150
INFO : Evaluation
INFO : Sample: 	 600/ 3000 ...
INFO : Sample: 	 1200/ 3000 ...
INFO : Sample: 	 1800/ 3000 ...
INFO : Sample: 	 2400/ 3000 ...
INFO : Sample: 	 3000/ 3000 ...
INFO : loss=0.22 ; accuracy=0.943
INFO : Average F1_score=0.71
INFO : Min F1_score=0.0# classes c | f1(c)<=min(f1_ls) + 0.1 = 26
INFO : Max F1_score=1.0# classes c | f1(c)>=max(f1_ls) - 0.1 = 64
INFO : validation_loss=0.218 ; best_validation_loss=0.221
INFO :  ****** Current epoch: 39 ****** 
INFO : Training sample: 	 1500/ 15000 ...
INFO : Training sample: 	 3000/ 15000 ...
INFO : Training sample: 	 4500/ 15000 ...
INFO : Training sample: 	 6000/ 15000 ...
INFO : Training sample: 	 7500/ 15000 ...
INFO : Training sample: 	 9000/ 15000 ...
INFO : Training sample: 	 10500/ 15000 ...
INFO : Training sample: 	 12000/ 15000 ...
INFO : Training sample: 	 13500/ 15000 ...
INFO : Training sample: 	 15000/ 15000 ...
INFO : loss=0.03 ; accuracy=0.996
INFO : Average F1_score=1.0
INFO : Min F1_score=0.92# classes c | f1(c)<=min(f1_ls) + 0.1 = 150
INFO : Max F1_score=1.0# classes c | f1(c)>=max(f1_ls) - 0.1 = 150
INFO : Evaluation
INFO : Sample: 	 600/ 3000 ...
INFO : Sample: 	 1200/ 3000 ...
INFO : Sample: 	 1800/ 3000 ...
INFO : Sample: 	 2400/ 3000 ...
INFO : Sample: 	 3000/ 3000 ...
INFO : loss=0.22 ; accuracy=0.944
INFO : Average F1_score=0.72
INFO : Min F1_score=0.0# classes c | f1(c)<=min(f1_ls) + 0.1 = 25
INFO : Max F1_score=1.0# classes c | f1(c)>=max(f1_ls) - 0.1 = 64
INFO : validation_loss=0.216 ; best_validation_loss=0.218
INFO :  ****** Current epoch: 40 ****** 
INFO : Training sample: 	 1500/ 15000 ...
INFO : Training sample: 	 3000/ 15000 ...
INFO : Training sample: 	 4500/ 15000 ...
INFO : Training sample: 	 6000/ 15000 ...
INFO : Training sample: 	 7500/ 15000 ...
INFO : Training sample: 	 9000/ 15000 ...
INFO : Training sample: 	 10500/ 15000 ...
INFO : Training sample: 	 12000/ 15000 ...
INFO : Training sample: 	 13500/ 15000 ...
INFO : Training sample: 	 15000/ 15000 ...
INFO : loss=0.03 ; accuracy=0.996
INFO : Average F1_score=1.0
INFO : Min F1_score=0.92# classes c | f1(c)<=min(f1_ls) + 0.1 = 150
INFO : Max F1_score=1.0# classes c | f1(c)>=max(f1_ls) - 0.1 = 150
INFO : Evaluation
INFO : Sample: 	 600/ 3000 ...
INFO : Sample: 	 1200/ 3000 ...
INFO : Sample: 	 1800/ 3000 ...
INFO : Sample: 	 2400/ 3000 ...
INFO : Sample: 	 3000/ 3000 ...
INFO : loss=0.21 ; accuracy=0.945
INFO : Average F1_score=0.72
INFO : Min F1_score=0.0# classes c | f1(c)<=min(f1_ls) + 0.1 = 25
INFO : Max F1_score=1.0# classes c | f1(c)>=max(f1_ls) - 0.1 = 64
INFO : validation_loss=0.214 ; best_validation_loss=0.216
INFO :  ****** Current epoch: 41 ****** 
INFO : Training sample: 	 1500/ 15000 ...
INFO : Training sample: 	 3000/ 15000 ...
INFO : Training sample: 	 4500/ 15000 ...
INFO : Training sample: 	 6000/ 15000 ...
INFO : Training sample: 	 7500/ 15000 ...
INFO : Training sample: 	 9000/ 15000 ...
INFO : Training sample: 	 10500/ 15000 ...
INFO : Training sample: 	 12000/ 15000 ...
INFO : Training sample: 	 13500/ 15000 ...
INFO : Training sample: 	 15000/ 15000 ...
INFO : loss=0.03 ; accuracy=0.996
INFO : Average F1_score=1.0
INFO : Min F1_score=0.92# classes c | f1(c)<=min(f1_ls) + 0.1 = 150
INFO : Max F1_score=1.0# classes c | f1(c)>=max(f1_ls) - 0.1 = 150
INFO : Evaluation
INFO : Sample: 	 600/ 3000 ...
INFO : Sample: 	 1200/ 3000 ...
INFO : Sample: 	 1800/ 3000 ...
INFO : Sample: 	 2400/ 3000 ...
INFO : Sample: 	 3000/ 3000 ...
INFO : loss=0.21 ; accuracy=0.946
INFO : Average F1_score=0.72
INFO : Min F1_score=0.0# classes c | f1(c)<=min(f1_ls) + 0.1 = 25
INFO : Max F1_score=1.0# classes c | f1(c)>=max(f1_ls) - 0.1 = 64
INFO : validation_loss=0.211 ; best_validation_loss=0.214
INFO :  ****** Current epoch: 42 ****** 
INFO : Training sample: 	 1500/ 15000 ...
INFO : Training sample: 	 3000/ 15000 ...
INFO : Training sample: 	 4500/ 15000 ...
INFO : Training sample: 	 6000/ 15000 ...
INFO : Training sample: 	 7500/ 15000 ...
INFO : Training sample: 	 9000/ 15000 ...
INFO : Training sample: 	 10500/ 15000 ...
INFO : Training sample: 	 12000/ 15000 ...
INFO : Training sample: 	 13500/ 15000 ...
INFO : Training sample: 	 15000/ 15000 ...
INFO : loss=0.03 ; accuracy=0.997
INFO : Average F1_score=1.0
INFO : Min F1_score=0.92# classes c | f1(c)<=min(f1_ls) + 0.1 = 150
INFO : Max F1_score=1.0# classes c | f1(c)>=max(f1_ls) - 0.1 = 150
INFO : Evaluation
INFO : Sample: 	 600/ 3000 ...
INFO : Sample: 	 1200/ 3000 ...
INFO : Sample: 	 1800/ 3000 ...
INFO : Sample: 	 2400/ 3000 ...
INFO : Sample: 	 3000/ 3000 ...
INFO : loss=0.21 ; accuracy=0.949
INFO : Average F1_score=0.73
INFO : Min F1_score=0.0# classes c | f1(c)<=min(f1_ls) + 0.1 = 24
INFO : Max F1_score=1.0# classes c | f1(c)>=max(f1_ls) - 0.1 = 64
INFO : validation_loss=0.21 ; best_validation_loss=0.211
INFO :  ****** Current epoch: 43 ****** 
INFO : Training sample: 	 1500/ 15000 ...
INFO : Training sample: 	 3000/ 15000 ...
INFO : Training sample: 	 4500/ 15000 ...
INFO : Training sample: 	 6000/ 15000 ...
INFO : Training sample: 	 7500/ 15000 ...
INFO : Training sample: 	 9000/ 15000 ...
INFO : Training sample: 	 10500/ 15000 ...
INFO : Training sample: 	 12000/ 15000 ...
INFO : Training sample: 	 13500/ 15000 ...
INFO : Training sample: 	 15000/ 15000 ...
INFO : loss=0.02 ; accuracy=0.997
INFO : Average F1_score=1.0
INFO : Min F1_score=0.92# classes c | f1(c)<=min(f1_ls) + 0.1 = 150
INFO : Max F1_score=1.0# classes c | f1(c)>=max(f1_ls) - 0.1 = 150
INFO : Evaluation
INFO : Sample: 	 600/ 3000 ...
INFO : Sample: 	 1200/ 3000 ...
INFO : Sample: 	 1800/ 3000 ...
INFO : Sample: 	 2400/ 3000 ...
INFO : Sample: 	 3000/ 3000 ...
INFO : loss=0.21 ; accuracy=0.949
INFO : Average F1_score=0.73
INFO : Min F1_score=0.0# classes c | f1(c)<=min(f1_ls) + 0.1 = 24
INFO : Max F1_score=1.0# classes c | f1(c)>=max(f1_ls) - 0.1 = 64
INFO : validation_loss=0.208 ; best_validation_loss=0.21
INFO :  ****** Current epoch: 44 ****** 
INFO : Training sample: 	 1500/ 15000 ...
INFO : Training sample: 	 3000/ 15000 ...
INFO : Training sample: 	 4500/ 15000 ...
INFO : Training sample: 	 6000/ 15000 ...
INFO : Training sample: 	 7500/ 15000 ...
INFO : Training sample: 	 9000/ 15000 ...
INFO : Training sample: 	 10500/ 15000 ...
INFO : Training sample: 	 12000/ 15000 ...
INFO : Training sample: 	 13500/ 15000 ...
INFO : Training sample: 	 15000/ 15000 ...
INFO : loss=0.02 ; accuracy=0.997
INFO : Average F1_score=1.0
INFO : Min F1_score=0.92# classes c | f1(c)<=min(f1_ls) + 0.1 = 150
INFO : Max F1_score=1.0# classes c | f1(c)>=max(f1_ls) - 0.1 = 150
INFO : Evaluation
INFO : Sample: 	 600/ 3000 ...
INFO : Sample: 	 1200/ 3000 ...
INFO : Sample: 	 1800/ 3000 ...
INFO : Sample: 	 2400/ 3000 ...
INFO : Sample: 	 3000/ 3000 ...
INFO : loss=0.21 ; accuracy=0.949
INFO : Average F1_score=0.73
INFO : Min F1_score=0.0# classes c | f1(c)<=min(f1_ls) + 0.1 = 24
INFO : Max F1_score=1.0# classes c | f1(c)>=max(f1_ls) - 0.1 = 65
INFO : validation_loss=0.206 ; best_validation_loss=0.208
INFO :  ****** Current epoch: 45 ****** 
INFO : Training sample: 	 1500/ 15000 ...
INFO : Training sample: 	 3000/ 15000 ...
INFO : Training sample: 	 4500/ 15000 ...
INFO : Training sample: 	 6000/ 15000 ...
INFO : Training sample: 	 7500/ 15000 ...
INFO : Training sample: 	 9000/ 15000 ...
INFO : Training sample: 	 10500/ 15000 ...
INFO : Training sample: 	 12000/ 15000 ...
INFO : Training sample: 	 13500/ 15000 ...
INFO : Training sample: 	 15000/ 15000 ...
INFO : loss=0.02 ; accuracy=0.997
INFO : Average F1_score=1.0
INFO : Min F1_score=0.93# classes c | f1(c)<=min(f1_ls) + 0.1 = 150
INFO : Max F1_score=1.0# classes c | f1(c)>=max(f1_ls) - 0.1 = 150
INFO : Evaluation
INFO : Sample: 	 600/ 3000 ...
INFO : Sample: 	 1200/ 3000 ...
INFO : Sample: 	 1800/ 3000 ...
INFO : Sample: 	 2400/ 3000 ...
INFO : Sample: 	 3000/ 3000 ...
INFO : loss=0.2 ; accuracy=0.949
INFO : Average F1_score=0.73
INFO : Min F1_score=0.0# classes c | f1(c)<=min(f1_ls) + 0.1 = 24
INFO : Max F1_score=1.0# classes c | f1(c)>=max(f1_ls) - 0.1 = 65
INFO : validation_loss=0.205 ; best_validation_loss=0.206
INFO :  ****** Current epoch: 46 ****** 
INFO : Training sample: 	 1500/ 15000 ...
INFO : Training sample: 	 3000/ 15000 ...
INFO : Training sample: 	 4500/ 15000 ...
INFO : Training sample: 	 6000/ 15000 ...
INFO : Training sample: 	 7500/ 15000 ...
INFO : Training sample: 	 9000/ 15000 ...
INFO : Training sample: 	 10500/ 15000 ...
INFO : Training sample: 	 12000/ 15000 ...
INFO : Training sample: 	 13500/ 15000 ...
INFO : Training sample: 	 15000/ 15000 ...
INFO : loss=0.02 ; accuracy=0.997
INFO : Average F1_score=1.0
INFO : Min F1_score=0.93# classes c | f1(c)<=min(f1_ls) + 0.1 = 150
INFO : Max F1_score=1.0# classes c | f1(c)>=max(f1_ls) - 0.1 = 150
INFO : Evaluation
INFO : Sample: 	 600/ 3000 ...
INFO : Sample: 	 1200/ 3000 ...
INFO : Sample: 	 1800/ 3000 ...
INFO : Sample: 	 2400/ 3000 ...
INFO : Sample: 	 3000/ 3000 ...
INFO : loss=0.2 ; accuracy=0.949
INFO : Average F1_score=0.73
INFO : Min F1_score=0.0# classes c | f1(c)<=min(f1_ls) + 0.1 = 24
INFO : Max F1_score=1.0# classes c | f1(c)>=max(f1_ls) - 0.1 = 65
INFO : validation_loss=0.204 ; best_validation_loss=0.205
INFO :  ****** Current epoch: 47 ****** 
INFO : Training sample: 	 1500/ 15000 ...
INFO : Training sample: 	 3000/ 15000 ...
INFO : Training sample: 	 4500/ 15000 ...
INFO : Training sample: 	 6000/ 15000 ...
INFO : Training sample: 	 7500/ 15000 ...
INFO : Training sample: 	 9000/ 15000 ...
INFO : Training sample: 	 10500/ 15000 ...
INFO : Training sample: 	 12000/ 15000 ...
INFO : Training sample: 	 13500/ 15000 ...
INFO : Training sample: 	 15000/ 15000 ...
INFO : loss=0.02 ; accuracy=0.997
INFO : Average F1_score=1.0
INFO : Min F1_score=0.93# classes c | f1(c)<=min(f1_ls) + 0.1 = 150
INFO : Max F1_score=1.0# classes c | f1(c)>=max(f1_ls) - 0.1 = 150
INFO : Evaluation
INFO : Sample: 	 600/ 3000 ...
INFO : Sample: 	 1200/ 3000 ...
INFO : Sample: 	 1800/ 3000 ...
INFO : Sample: 	 2400/ 3000 ...
INFO : Sample: 	 3000/ 3000 ...
INFO : loss=0.2 ; accuracy=0.951
INFO : Average F1_score=0.73
INFO : Min F1_score=0.0# classes c | f1(c)<=min(f1_ls) + 0.1 = 24
INFO : Max F1_score=1.0# classes c | f1(c)>=max(f1_ls) - 0.1 = 66
INFO : validation_loss=0.202 ; best_validation_loss=0.204
INFO :  ****** Current epoch: 48 ****** 
INFO : Training sample: 	 1500/ 15000 ...
INFO : Training sample: 	 3000/ 15000 ...
INFO : Training sample: 	 4500/ 15000 ...
INFO : Training sample: 	 6000/ 15000 ...
INFO : Training sample: 	 7500/ 15000 ...
INFO : Training sample: 	 9000/ 15000 ...
INFO : Training sample: 	 10500/ 15000 ...
INFO : Training sample: 	 12000/ 15000 ...
INFO : Training sample: 	 13500/ 15000 ...
INFO : Training sample: 	 15000/ 15000 ...
INFO : loss=0.02 ; accuracy=0.997
INFO : Average F1_score=1.0
INFO : Min F1_score=0.93# classes c | f1(c)<=min(f1_ls) + 0.1 = 150
INFO : Max F1_score=1.0# classes c | f1(c)>=max(f1_ls) - 0.1 = 150
INFO : Evaluation
INFO : Sample: 	 600/ 3000 ...
INFO : Sample: 	 1200/ 3000 ...
INFO : Sample: 	 1800/ 3000 ...
INFO : Sample: 	 2400/ 3000 ...
INFO : Sample: 	 3000/ 3000 ...
INFO : loss=0.2 ; accuracy=0.951
INFO : Average F1_score=0.73
INFO : Min F1_score=0.0# classes c | f1(c)<=min(f1_ls) + 0.1 = 24
INFO : Max F1_score=1.0# classes c | f1(c)>=max(f1_ls) - 0.1 = 66
INFO : validation_loss=0.201 ; best_validation_loss=0.202
INFO :  ****** Current epoch: 49 ****** 
INFO : Training sample: 	 1500/ 15000 ...
INFO : Training sample: 	 3000/ 15000 ...
INFO : Training sample: 	 4500/ 15000 ...
INFO : Training sample: 	 6000/ 15000 ...
INFO : Training sample: 	 7500/ 15000 ...
INFO : Training sample: 	 9000/ 15000 ...
INFO : Training sample: 	 10500/ 15000 ...
INFO : Training sample: 	 12000/ 15000 ...
INFO : Training sample: 	 13500/ 15000 ...
INFO : Training sample: 	 15000/ 15000 ...
INFO : loss=0.02 ; accuracy=0.997
INFO : Average F1_score=1.0
INFO : Min F1_score=0.93# classes c | f1(c)<=min(f1_ls) + 0.1 = 150
INFO : Max F1_score=1.0# classes c | f1(c)>=max(f1_ls) - 0.1 = 150
INFO : Evaluation
INFO : Sample: 	 600/ 3000 ...
INFO : Sample: 	 1200/ 3000 ...
INFO : Sample: 	 1800/ 3000 ...
INFO : Sample: 	 2400/ 3000 ...
INFO : Sample: 	 3000/ 3000 ...
INFO : loss=0.2 ; accuracy=0.952
INFO : Average F1_score=0.73
INFO : Min F1_score=0.0# classes c | f1(c)<=min(f1_ls) + 0.1 = 24
INFO : Max F1_score=1.0# classes c | f1(c)>=max(f1_ls) - 0.1 = 68
INFO : validation_loss=0.2 ; best_validation_loss=0.201
INFO :  ****** Current epoch: 50 ****** 
INFO : Training sample: 	 1500/ 15000 ...
INFO : Training sample: 	 3000/ 15000 ...
INFO : Training sample: 	 4500/ 15000 ...
INFO : Training sample: 	 6000/ 15000 ...
INFO : Training sample: 	 7500/ 15000 ...
INFO : Training sample: 	 9000/ 15000 ...
INFO : Training sample: 	 10500/ 15000 ...
INFO : Training sample: 	 12000/ 15000 ...
INFO : Training sample: 	 13500/ 15000 ...
INFO : Training sample: 	 15000/ 15000 ...
INFO : loss=0.02 ; accuracy=0.997
INFO : Average F1_score=1.0
INFO : Min F1_score=0.93# classes c | f1(c)<=min(f1_ls) + 0.1 = 150
INFO : Max F1_score=1.0# classes c | f1(c)>=max(f1_ls) - 0.1 = 150
INFO : Evaluation
INFO : Sample: 	 600/ 3000 ...
INFO : Sample: 	 1200/ 3000 ...
INFO : Sample: 	 1800/ 3000 ...
INFO : Sample: 	 2400/ 3000 ...
INFO : Sample: 	 3000/ 3000 ...
INFO : loss=0.2 ; accuracy=0.952
INFO : Average F1_score=0.73
INFO : Min F1_score=0.0# classes c | f1(c)<=min(f1_ls) + 0.1 = 25
INFO : Max F1_score=1.0# classes c | f1(c)>=max(f1_ls) - 0.1 = 68
INFO : validation_loss=0.199 ; best_validation_loss=0.2
INFO :  ****** Current epoch: 51 ****** 
INFO : Training sample: 	 1500/ 15000 ...
INFO : Training sample: 	 3000/ 15000 ...
INFO : Training sample: 	 4500/ 15000 ...
INFO : Training sample: 	 6000/ 15000 ...
INFO : Training sample: 	 7500/ 15000 ...
INFO : Training sample: 	 9000/ 15000 ...
INFO : Training sample: 	 10500/ 15000 ...
INFO : Training sample: 	 12000/ 15000 ...
INFO : Training sample: 	 13500/ 15000 ...
INFO : Training sample: 	 15000/ 15000 ...
INFO : loss=0.02 ; accuracy=0.997
INFO : Average F1_score=1.0
INFO : Min F1_score=0.93# classes c | f1(c)<=min(f1_ls) + 0.1 = 150
INFO : Max F1_score=1.0# classes c | f1(c)>=max(f1_ls) - 0.1 = 150
INFO : Evaluation
INFO : Sample: 	 600/ 3000 ...
INFO : Sample: 	 1200/ 3000 ...
INFO : Sample: 	 1800/ 3000 ...
INFO : Sample: 	 2400/ 3000 ...
INFO : Sample: 	 3000/ 3000 ...
INFO : loss=0.2 ; accuracy=0.952
INFO : Average F1_score=0.73
INFO : Min F1_score=0.0# classes c | f1(c)<=min(f1_ls) + 0.1 = 25
INFO : Max F1_score=1.0# classes c | f1(c)>=max(f1_ls) - 0.1 = 68
INFO : validation_loss=0.199 ; best_validation_loss=0.199
INFO :  ****** Current epoch: 52 ****** 
INFO : Training sample: 	 1500/ 15000 ...
INFO : Training sample: 	 3000/ 15000 ...
INFO : Training sample: 	 4500/ 15000 ...
INFO : Training sample: 	 6000/ 15000 ...
INFO : Training sample: 	 7500/ 15000 ...
INFO : Training sample: 	 9000/ 15000 ...
INFO : Training sample: 	 10500/ 15000 ...
INFO : Training sample: 	 12000/ 15000 ...
INFO : Training sample: 	 13500/ 15000 ...
INFO : Training sample: 	 15000/ 15000 ...
INFO : loss=0.02 ; accuracy=0.997
INFO : Average F1_score=1.0
INFO : Min F1_score=0.93# classes c | f1(c)<=min(f1_ls) + 0.1 = 150
INFO : Max F1_score=1.0# classes c | f1(c)>=max(f1_ls) - 0.1 = 150
INFO : Evaluation
INFO : Sample: 	 600/ 3000 ...
INFO : Sample: 	 1200/ 3000 ...
INFO : Sample: 	 1800/ 3000 ...
INFO : Sample: 	 2400/ 3000 ...
INFO : Sample: 	 3000/ 3000 ...
INFO : loss=0.2 ; accuracy=0.953
INFO : Average F1_score=0.73
INFO : Min F1_score=0.0# classes c | f1(c)<=min(f1_ls) + 0.1 = 25
INFO : Max F1_score=1.0# classes c | f1(c)>=max(f1_ls) - 0.1 = 68
INFO : validation_loss=0.198 ; best_validation_loss=0.199
INFO :  ****** Current epoch: 53 ****** 
INFO : Training sample: 	 1500/ 15000 ...
INFO : Training sample: 	 3000/ 15000 ...
INFO : Training sample: 	 4500/ 15000 ...
INFO : Training sample: 	 6000/ 15000 ...
INFO : Training sample: 	 7500/ 15000 ...
INFO : Training sample: 	 9000/ 15000 ...
INFO : Training sample: 	 10500/ 15000 ...
INFO : Training sample: 	 12000/ 15000 ...
INFO : Training sample: 	 13500/ 15000 ...
INFO : Training sample: 	 15000/ 15000 ...
INFO : loss=0.01 ; accuracy=0.998
INFO : Average F1_score=1.0
INFO : Min F1_score=0.93# classes c | f1(c)<=min(f1_ls) + 0.1 = 150
INFO : Max F1_score=1.0# classes c | f1(c)>=max(f1_ls) - 0.1 = 150
INFO : Evaluation
INFO : Sample: 	 600/ 3000 ...
INFO : Sample: 	 1200/ 3000 ...
INFO : Sample: 	 1800/ 3000 ...
INFO : Sample: 	 2400/ 3000 ...
INFO : Sample: 	 3000/ 3000 ...
INFO : loss=0.2 ; accuracy=0.953
INFO : Average F1_score=0.73
INFO : Min F1_score=0.0# classes c | f1(c)<=min(f1_ls) + 0.1 = 25
INFO : Max F1_score=1.0# classes c | f1(c)>=max(f1_ls) - 0.1 = 68
INFO : validation_loss=0.197 ; best_validation_loss=0.198
INFO :  ****** Current epoch: 54 ****** 
INFO : Training sample: 	 1500/ 15000 ...
INFO : Training sample: 	 3000/ 15000 ...
INFO : Training sample: 	 4500/ 15000 ...
INFO : Training sample: 	 6000/ 15000 ...
INFO : Training sample: 	 7500/ 15000 ...
INFO : Training sample: 	 9000/ 15000 ...
INFO : Training sample: 	 10500/ 15000 ...
INFO : Training sample: 	 12000/ 15000 ...
INFO : Training sample: 	 13500/ 15000 ...
INFO : Training sample: 	 15000/ 15000 ...
INFO : loss=0.01 ; accuracy=0.998
INFO : Average F1_score=1.0
INFO : Min F1_score=0.94# classes c | f1(c)<=min(f1_ls) + 0.1 = 150
INFO : Max F1_score=1.0# classes c | f1(c)>=max(f1_ls) - 0.1 = 150
INFO : Evaluation
INFO : Sample: 	 600/ 3000 ...
INFO : Sample: 	 1200/ 3000 ...
INFO : Sample: 	 1800/ 3000 ...
INFO : Sample: 	 2400/ 3000 ...
INFO : Sample: 	 3000/ 3000 ...
INFO : loss=0.2 ; accuracy=0.954
INFO : Average F1_score=0.73
INFO : Min F1_score=0.0# classes c | f1(c)<=min(f1_ls) + 0.1 = 25
INFO : Max F1_score=1.0# classes c | f1(c)>=max(f1_ls) - 0.1 = 68
INFO : validation_loss=0.197 ; best_validation_loss=0.197
INFO :  ****** Current epoch: 55 ****** 
INFO : Training sample: 	 1500/ 15000 ...
INFO : Training sample: 	 3000/ 15000 ...
INFO : Training sample: 	 4500/ 15000 ...
INFO : Training sample: 	 6000/ 15000 ...
INFO : Training sample: 	 7500/ 15000 ...
INFO : Training sample: 	 9000/ 15000 ...
INFO : Training sample: 	 10500/ 15000 ...
INFO : Training sample: 	 12000/ 15000 ...
INFO : Training sample: 	 13500/ 15000 ...
INFO : Training sample: 	 15000/ 15000 ...
INFO : loss=0.01 ; accuracy=0.998
INFO : Average F1_score=1.0
INFO : Min F1_score=0.94# classes c | f1(c)<=min(f1_ls) + 0.1 = 150
INFO : Max F1_score=1.0# classes c | f1(c)>=max(f1_ls) - 0.1 = 150
INFO : Evaluation
INFO : Sample: 	 600/ 3000 ...
INFO : Sample: 	 1200/ 3000 ...
INFO : Sample: 	 1800/ 3000 ...
INFO : Sample: 	 2400/ 3000 ...
INFO : Sample: 	 3000/ 3000 ...
INFO : loss=0.2 ; accuracy=0.955
INFO : Average F1_score=0.74
INFO : Min F1_score=0.0# classes c | f1(c)<=min(f1_ls) + 0.1 = 23
INFO : Max F1_score=1.0# classes c | f1(c)>=max(f1_ls) - 0.1 = 68
INFO : validation_loss=0.196 ; best_validation_loss=0.197
INFO :  ****** Current epoch: 56 ****** 
INFO : Training sample: 	 1500/ 15000 ...
INFO : Training sample: 	 3000/ 15000 ...
INFO : Training sample: 	 4500/ 15000 ...
INFO : Training sample: 	 6000/ 15000 ...
INFO : Training sample: 	 7500/ 15000 ...
INFO : Training sample: 	 9000/ 15000 ...
INFO : Training sample: 	 10500/ 15000 ...
INFO : Training sample: 	 12000/ 15000 ...
INFO : Training sample: 	 13500/ 15000 ...
INFO : Training sample: 	 15000/ 15000 ...
INFO : loss=0.01 ; accuracy=0.998
INFO : Average F1_score=1.0
INFO : Min F1_score=0.94# classes c | f1(c)<=min(f1_ls) + 0.1 = 150
INFO : Max F1_score=1.0# classes c | f1(c)>=max(f1_ls) - 0.1 = 150
INFO : Evaluation
INFO : Sample: 	 600/ 3000 ...
INFO : Sample: 	 1200/ 3000 ...
INFO : Sample: 	 1800/ 3000 ...
INFO : Sample: 	 2400/ 3000 ...
INFO : Sample: 	 3000/ 3000 ...
INFO : loss=0.2 ; accuracy=0.955
INFO : Average F1_score=0.74
INFO : Min F1_score=0.0# classes c | f1(c)<=min(f1_ls) + 0.1 = 23
INFO : Max F1_score=1.0# classes c | f1(c)>=max(f1_ls) - 0.1 = 69
INFO : validation_loss=0.196 ; best_validation_loss=0.196
INFO :  ****** Current epoch: 57 ****** 
INFO : Training sample: 	 1500/ 15000 ...
INFO : Training sample: 	 3000/ 15000 ...
INFO : Training sample: 	 4500/ 15000 ...
INFO : Training sample: 	 6000/ 15000 ...
INFO : Training sample: 	 7500/ 15000 ...
INFO : Training sample: 	 9000/ 15000 ...
INFO : Training sample: 	 10500/ 15000 ...
INFO : Training sample: 	 12000/ 15000 ...
INFO : Training sample: 	 13500/ 15000 ...
INFO : Training sample: 	 15000/ 15000 ...
INFO : loss=0.01 ; accuracy=0.998
INFO : Average F1_score=1.0
INFO : Min F1_score=0.94# classes c | f1(c)<=min(f1_ls) + 0.1 = 150
INFO : Max F1_score=1.0# classes c | f1(c)>=max(f1_ls) - 0.1 = 150
INFO : Evaluation
INFO : Sample: 	 600/ 3000 ...
INFO : Sample: 	 1200/ 3000 ...
INFO : Sample: 	 1800/ 3000 ...
INFO : Sample: 	 2400/ 3000 ...
INFO : Sample: 	 3000/ 3000 ...
INFO : loss=0.2 ; accuracy=0.955
INFO : Average F1_score=0.74
INFO : Min F1_score=0.0# classes c | f1(c)<=min(f1_ls) + 0.1 = 23
INFO : Max F1_score=1.0# classes c | f1(c)>=max(f1_ls) - 0.1 = 69
INFO : validation_loss=0.195 ; best_validation_loss=0.196
INFO :  ****** Current epoch: 58 ****** 
INFO : Training sample: 	 1500/ 15000 ...
INFO : Training sample: 	 3000/ 15000 ...
INFO : Training sample: 	 4500/ 15000 ...
INFO : Training sample: 	 6000/ 15000 ...
INFO : Training sample: 	 7500/ 15000 ...
INFO : Training sample: 	 9000/ 15000 ...
INFO : Training sample: 	 10500/ 15000 ...
INFO : Training sample: 	 12000/ 15000 ...
INFO : Training sample: 	 13500/ 15000 ...
INFO : Training sample: 	 15000/ 15000 ...
INFO : loss=0.01 ; accuracy=0.998
INFO : Average F1_score=1.0
INFO : Min F1_score=0.94# classes c | f1(c)<=min(f1_ls) + 0.1 = 150
INFO : Max F1_score=1.0# classes c | f1(c)>=max(f1_ls) - 0.1 = 150
INFO : Evaluation
INFO : Sample: 	 600/ 3000 ...
INFO : Sample: 	 1200/ 3000 ...
INFO : Sample: 	 1800/ 3000 ...
INFO : Sample: 	 2400/ 3000 ...
INFO : Sample: 	 3000/ 3000 ...
INFO : loss=0.2 ; accuracy=0.955
INFO : Average F1_score=0.74
INFO : Min F1_score=0.0# classes c | f1(c)<=min(f1_ls) + 0.1 = 23
INFO : Max F1_score=1.0# classes c | f1(c)>=max(f1_ls) - 0.1 = 69
INFO : validation_loss=0.195 ; best_validation_loss=0.195
INFO :  ****** Current epoch: 59 ****** 
INFO : Training sample: 	 1500/ 15000 ...
INFO : Training sample: 	 3000/ 15000 ...
INFO : Training sample: 	 4500/ 15000 ...
INFO : Training sample: 	 6000/ 15000 ...
INFO : Training sample: 	 7500/ 15000 ...
INFO : Training sample: 	 9000/ 15000 ...
INFO : Training sample: 	 10500/ 15000 ...
INFO : Training sample: 	 12000/ 15000 ...
INFO : Training sample: 	 13500/ 15000 ...
INFO : Training sample: 	 15000/ 15000 ...
INFO : loss=0.01 ; accuracy=0.998
INFO : Average F1_score=1.0
INFO : Min F1_score=0.94# classes c | f1(c)<=min(f1_ls) + 0.1 = 150
INFO : Max F1_score=1.0# classes c | f1(c)>=max(f1_ls) - 0.1 = 150
INFO : Evaluation
INFO : Sample: 	 600/ 3000 ...
INFO : Sample: 	 1200/ 3000 ...
INFO : Sample: 	 1800/ 3000 ...
INFO : Sample: 	 2400/ 3000 ...
INFO : Sample: 	 3000/ 3000 ...
INFO : loss=0.19 ; accuracy=0.955
INFO : Average F1_score=0.74
INFO : Min F1_score=0.0# classes c | f1(c)<=min(f1_ls) + 0.1 = 23
INFO : Max F1_score=1.0# classes c | f1(c)>=max(f1_ls) - 0.1 = 69
INFO : validation_loss=0.195 ; best_validation_loss=0.195
INFO :  ****** Current epoch: 60 ****** 
INFO : Training sample: 	 1500/ 15000 ...
INFO : Training sample: 	 3000/ 15000 ...
INFO : Training sample: 	 4500/ 15000 ...
INFO : Training sample: 	 6000/ 15000 ...
INFO : Training sample: 	 7500/ 15000 ...
INFO : Training sample: 	 9000/ 15000 ...
INFO : Training sample: 	 10500/ 15000 ...
INFO : Training sample: 	 12000/ 15000 ...
INFO : Training sample: 	 13500/ 15000 ...
INFO : Training sample: 	 15000/ 15000 ...
INFO : loss=0.01 ; accuracy=0.998
INFO : Average F1_score=1.0
INFO : Min F1_score=0.94# classes c | f1(c)<=min(f1_ls) + 0.1 = 150
INFO : Max F1_score=1.0# classes c | f1(c)>=max(f1_ls) - 0.1 = 150
INFO : Evaluation
INFO : Sample: 	 600/ 3000 ...
INFO : Sample: 	 1200/ 3000 ...
INFO : Sample: 	 1800/ 3000 ...
INFO : Sample: 	 2400/ 3000 ...
INFO : Sample: 	 3000/ 3000 ...
INFO : loss=0.19 ; accuracy=0.956
INFO : Average F1_score=0.74
INFO : Min F1_score=0.0# classes c | f1(c)<=min(f1_ls) + 0.1 = 23
INFO : Max F1_score=1.0# classes c | f1(c)>=max(f1_ls) - 0.1 = 69
INFO : validation_loss=0.195 ; best_validation_loss=0.195
INFO :  ****** Current epoch: 61 ****** 
INFO : Training sample: 	 1500/ 15000 ...
INFO : Training sample: 	 3000/ 15000 ...
INFO : Training sample: 	 4500/ 15000 ...
INFO : Training sample: 	 6000/ 15000 ...
INFO : Training sample: 	 7500/ 15000 ...
INFO : Training sample: 	 9000/ 15000 ...
INFO : Training sample: 	 10500/ 15000 ...
INFO : Training sample: 	 12000/ 15000 ...
INFO : Training sample: 	 13500/ 15000 ...
INFO : Training sample: 	 15000/ 15000 ...
INFO : loss=0.01 ; accuracy=0.998
INFO : Average F1_score=1.0
INFO : Min F1_score=0.94# classes c | f1(c)<=min(f1_ls) + 0.1 = 150
INFO : Max F1_score=1.0# classes c | f1(c)>=max(f1_ls) - 0.1 = 150
INFO : Evaluation
INFO : Sample: 	 600/ 3000 ...
INFO : Sample: 	 1200/ 3000 ...
INFO : Sample: 	 1800/ 3000 ...
INFO : Sample: 	 2400/ 3000 ...
INFO : Sample: 	 3000/ 3000 ...
INFO : loss=0.19 ; accuracy=0.956
INFO : Average F1_score=0.74
INFO : Min F1_score=0.0# classes c | f1(c)<=min(f1_ls) + 0.1 = 23
INFO : Max F1_score=1.0# classes c | f1(c)>=max(f1_ls) - 0.1 = 69
INFO : validation_loss=0.195 ; best_validation_loss=0.195
INFO :  ****** Current epoch: 62 ****** 
INFO : Training sample: 	 1500/ 15000 ...
INFO : Training sample: 	 3000/ 15000 ...
INFO : Training sample: 	 4500/ 15000 ...
INFO : Training sample: 	 6000/ 15000 ...
INFO : Training sample: 	 7500/ 15000 ...
INFO : Training sample: 	 9000/ 15000 ...
INFO : Training sample: 	 10500/ 15000 ...
INFO : Training sample: 	 12000/ 15000 ...
INFO : Training sample: 	 13500/ 15000 ...
INFO : Training sample: 	 15000/ 15000 ...
INFO : loss=0.01 ; accuracy=0.998
INFO : Average F1_score=1.0
INFO : Min F1_score=0.94# classes c | f1(c)<=min(f1_ls) + 0.1 = 150
INFO : Max F1_score=1.0# classes c | f1(c)>=max(f1_ls) - 0.1 = 150
INFO : Evaluation
INFO : Sample: 	 600/ 3000 ...
INFO : Sample: 	 1200/ 3000 ...
INFO : Sample: 	 1800/ 3000 ...
INFO : Sample: 	 2400/ 3000 ...
INFO : Sample: 	 3000/ 3000 ...
INFO : loss=0.19 ; accuracy=0.956
INFO : Average F1_score=0.74
INFO : Min F1_score=0.0# classes c | f1(c)<=min(f1_ls) + 0.1 = 23
INFO : Max F1_score=1.0# classes c | f1(c)>=max(f1_ls) - 0.1 = 69
INFO : validation_loss=0.195 ; best_validation_loss=0.195
INFO :  ****** Current epoch: 63 ****** 
INFO : Training sample: 	 1500/ 15000 ...
INFO : Training sample: 	 3000/ 15000 ...
INFO : Training sample: 	 4500/ 15000 ...
INFO : Training sample: 	 6000/ 15000 ...
INFO : Training sample: 	 7500/ 15000 ...
INFO : Training sample: 	 9000/ 15000 ...
INFO : Training sample: 	 10500/ 15000 ...
INFO : Training sample: 	 12000/ 15000 ...
INFO : Training sample: 	 13500/ 15000 ...
INFO : Training sample: 	 15000/ 15000 ...
INFO : loss=0.01 ; accuracy=0.998
INFO : Average F1_score=1.0
INFO : Min F1_score=0.94# classes c | f1(c)<=min(f1_ls) + 0.1 = 150
INFO : Max F1_score=1.0# classes c | f1(c)>=max(f1_ls) - 0.1 = 150
INFO : Evaluation
INFO : Sample: 	 600/ 3000 ...
INFO : Sample: 	 1200/ 3000 ...
INFO : Sample: 	 1800/ 3000 ...
INFO : Sample: 	 2400/ 3000 ...
INFO : Sample: 	 3000/ 3000 ...
INFO : loss=0.19 ; accuracy=0.956
INFO : Average F1_score=0.74
INFO : Min F1_score=0.0# classes c | f1(c)<=min(f1_ls) + 0.1 = 23
INFO : Max F1_score=1.0# classes c | f1(c)>=max(f1_ls) - 0.1 = 69
INFO : validation_loss=0.195 ; best_validation_loss=0.195
INFO : Early stopping
INFO : Evaluation
INFO : Sample: 	 900/ 4500 ...
INFO : Sample: 	 1800/ 4500 ...
INFO : Sample: 	 2700/ 4500 ...
INFO : Sample: 	 3600/ 4500 ...
INFO : Sample: 	 4500/ 4500 ...
INFO : loss=0.18 ; accuracy=0.952
INFO : Average F1_score=0.7
INFO : Min F1_score=0.0# classes c | f1(c)<=min(f1_ls) + 0.1 = 28
INFO : Max F1_score=1.0# classes c | f1(c)>=max(f1_ls) - 0.1 = 69
