INFO : Starting training...
INFO : batch_size=8, learning_rate=0.0005
INFO : class_names = ['accept_reservations', 'account_blocked', 'alarm', 'application_status', 'apr', 'are_you_a_bot', 'balance', 'bill_balance', 'bill_due', 'book_flight', 'book_hotel', 'calculator', 'calendar', 'calendar_update', 'calories', 'cancel', 'cancel_reservation', 'car_rental', 'card_declined', 'carry_on', 'change_accent', 'change_ai_name', 'change_language', 'change_speed', 'change_user_name', 'change_volume', 'confirm_reservation', 'cook_time', 'credit_limit', 'credit_limit_change', 'credit_score', 'current_location', 'damaged_card', 'date', 'definition', 'direct_deposit', 'directions', 'distance', 'do_you_have_pets', 'exchange_rate', 'expiration_date', 'find_phone', 'flight_status', 'flip_coin', 'food_last', 'freeze_account', 'fun_fact', 'gas', 'gas_type', 'goodbye', 'greeting', 'how_busy', 'how_old_are_you', 'improve_credit_score', 'income', 'ingredient_substitution', 'ingredients_list', 'insurance', 'insurance_change', 'interest_rate', 'international_fees', 'international_visa', 'jump_start', 'last_maintenance', 'lost_luggage', 'make_call', 'maybe', 'meal_suggestion', 'meaning_of_life', 'measurement_conversion', 'meeting_schedule', 'min_payment', 'mpg', 'new_card', 'next_holiday', 'next_song', 'no', 'nutrition_info', 'oil_change_how', 'oil_change_when', 'order', 'order_checks', 'order_status', 'pay_bill', 'payday', 'pin_change', 'play_music', 'plug_type', 'pto_balance', 'pto_request', 'pto_request_status', 'pto_used', 'recipe', 'redeem_rewards', 'reminder', 'reminder_update', 'repeat', 'replacement_card_duration', 'report_fraud', 'report_lost_card', 'reset_settings', 'restaurant_reservation', 'restaurant_reviews', 'restaurant_suggestion', 'rewards_balance', 'roll_dice', 'rollover_401k', 'routing', 'schedule_maintenance', 'schedule_meeting', 'share_location', 'shopping_list', 'shopping_list_update', 'smart_home', 'spelling', 'spending_history', 'sync_device', 'taxes', 'tell_joke', 'text', 'thank_you', 'time', 'timer', 'timezone', 'tire_change', 'tire_pressure', 'todo_list', 'todo_list_update', 'traffic', 'transactions', 'transfer', 'translate', 'travel_alert', 'travel_notification', 'travel_suggestion', 'uber', 'update_playlist', 'user_name', 'vaccines', 'w2', 'weather', 'what_are_your_hobbies', 'what_can_i_ask_you', 'what_is_your_name', 'what_song', 'where_are_you_from', 'whisper_mode', 'who_do_you_work_for', 'who_made_you', 'yes']
INFO :  ****** Current epoch: 1 ****** 
INFO : Training sample: 	 3000/ 15000 ...
INFO : Training sample: 	 6000/ 15000 ...
INFO : Training sample: 	 9000/ 15000 ...
INFO : Training sample: 	 12000/ 15000 ...
INFO : Training sample: 	 15000/ 15000 ...
INFO : loss=4.81 ; accuracy=0.01
INFO : Average F1_score=0.0
INFO : Min F1_score=0.0# classes c | f1(c)<=min(f1_ls) + 0.1 = 148
INFO : Max F1_score=0.15# classes c | f1(c)>=max(f1_ls) - 0.1 = 6
INFO : Evaluation
INFO : Sample: 	 600/ 3000 ...
INFO : Sample: 	 1200/ 3000 ...
INFO : Sample: 	 1800/ 3000 ...
INFO : Sample: 	 2400/ 3000 ...
INFO : Sample: 	 3000/ 3000 ...
INFO : loss=4.04 ; accuracy=0.097
INFO : Average F1_score=0.09
INFO : Min F1_score=0.0# classes c | f1(c)<=min(f1_ls) + 0.1 = 79
INFO : Max F1_score=0.97# classes c | f1(c)>=max(f1_ls) - 0.1 = 1
INFO : validation_loss=4.043 ; best_validation_loss=inf
INFO :  ****** Current epoch: 2 ****** 
INFO : Training sample: 	 3000/ 15000 ...
INFO : Training sample: 	 6000/ 15000 ...
INFO : Training sample: 	 9000/ 15000 ...
INFO : Training sample: 	 12000/ 15000 ...
INFO : Training sample: 	 15000/ 15000 ...
INFO : loss=2.82 ; accuracy=0.261
INFO : Average F1_score=0.26
INFO : Min F1_score=0.0# classes c | f1(c)<=min(f1_ls) + 0.1 = 25
INFO : Max F1_score=0.67# classes c | f1(c)>=max(f1_ls) - 0.1 = 8
INFO : Evaluation
INFO : Sample: 	 600/ 3000 ...
INFO : Sample: 	 1200/ 3000 ...
INFO : Sample: 	 1800/ 3000 ...
INFO : Sample: 	 2400/ 3000 ...
INFO : Sample: 	 3000/ 3000 ...
INFO : loss=2.91 ; accuracy=0.221
INFO : Average F1_score=0.16
INFO : Min F1_score=0.0# classes c | f1(c)<=min(f1_ls) + 0.1 = 90
INFO : Max F1_score=1.0# classes c | f1(c)>=max(f1_ls) - 0.1 = 8
INFO : validation_loss=2.909 ; best_validation_loss=4.043
INFO :  ****** Current epoch: 3 ****** 
INFO : Training sample: 	 3000/ 15000 ...
INFO : Training sample: 	 6000/ 15000 ...
INFO : Training sample: 	 9000/ 15000 ...
INFO : Training sample: 	 12000/ 15000 ...
INFO : Training sample: 	 15000/ 15000 ...
INFO : loss=1.35 ; accuracy=0.657
INFO : Average F1_score=0.65
INFO : Min F1_score=0.18# classes c | f1(c)<=min(f1_ls) + 0.1 = 5
INFO : Max F1_score=1.0# classes c | f1(c)>=max(f1_ls) - 0.1 = 17
INFO : Evaluation
INFO : Sample: 	 600/ 3000 ...
INFO : Sample: 	 1200/ 3000 ...
INFO : Sample: 	 1800/ 3000 ...
INFO : Sample: 	 2400/ 3000 ...
INFO : Sample: 	 3000/ 3000 ...
INFO : loss=2.21 ; accuracy=0.336
INFO : Average F1_score=0.23
INFO : Min F1_score=0.0# classes c | f1(c)<=min(f1_ls) + 0.1 = 85
INFO : Max F1_score=1.0# classes c | f1(c)>=max(f1_ls) - 0.1 = 11
INFO : validation_loss=2.215 ; best_validation_loss=2.909
INFO :  ****** Current epoch: 4 ****** 
INFO : Training sample: 	 3000/ 15000 ...
INFO : Training sample: 	 6000/ 15000 ...
INFO : Training sample: 	 9000/ 15000 ...
INFO : Training sample: 	 12000/ 15000 ...
INFO : Training sample: 	 15000/ 15000 ...
INFO : loss=0.74 ; accuracy=0.809
INFO : Average F1_score=0.81
INFO : Min F1_score=0.39# classes c | f1(c)<=min(f1_ls) + 0.1 = 7
INFO : Max F1_score=1.0# classes c | f1(c)>=max(f1_ls) - 0.1 = 52
INFO : Evaluation
INFO : Sample: 	 600/ 3000 ...
INFO : Sample: 	 1200/ 3000 ...
INFO : Sample: 	 1800/ 3000 ...
INFO : Sample: 	 2400/ 3000 ...
INFO : Sample: 	 3000/ 3000 ...
INFO : loss=1.66 ; accuracy=0.486
INFO : Average F1_score=0.32
INFO : Min F1_score=0.0# classes c | f1(c)<=min(f1_ls) + 0.1 = 72
INFO : Max F1_score=1.0# classes c | f1(c)>=max(f1_ls) - 0.1 = 17
INFO : validation_loss=1.662 ; best_validation_loss=2.215
INFO :  ****** Current epoch: 5 ****** 
INFO : Training sample: 	 3000/ 15000 ...
INFO : Training sample: 	 6000/ 15000 ...
INFO : Training sample: 	 9000/ 15000 ...
INFO : Training sample: 	 12000/ 15000 ...
INFO : Training sample: 	 15000/ 15000 ...
INFO : loss=0.48 ; accuracy=0.877
INFO : Average F1_score=0.88
INFO : Min F1_score=0.47# classes c | f1(c)<=min(f1_ls) + 0.1 = 3
INFO : Max F1_score=1.0# classes c | f1(c)>=max(f1_ls) - 0.1 = 80
INFO : Evaluation
INFO : Sample: 	 600/ 3000 ...
INFO : Sample: 	 1200/ 3000 ...
INFO : Sample: 	 1800/ 3000 ...
INFO : Sample: 	 2400/ 3000 ...
INFO : Sample: 	 3000/ 3000 ...
INFO : loss=1.28 ; accuracy=0.6
INFO : Average F1_score=0.39
INFO : Min F1_score=0.0# classes c | f1(c)<=min(f1_ls) + 0.1 = 65
INFO : Max F1_score=1.0# classes c | f1(c)>=max(f1_ls) - 0.1 = 25
INFO : validation_loss=1.281 ; best_validation_loss=1.662
INFO :  ****** Current epoch: 6 ****** 
INFO : Training sample: 	 3000/ 15000 ...
INFO : Training sample: 	 6000/ 15000 ...
INFO : Training sample: 	 9000/ 15000 ...
INFO : Training sample: 	 12000/ 15000 ...
INFO : Training sample: 	 15000/ 15000 ...
INFO : loss=0.34 ; accuracy=0.909
INFO : Average F1_score=0.91
INFO : Min F1_score=0.54# classes c | f1(c)<=min(f1_ls) + 0.1 = 5
INFO : Max F1_score=1.0# classes c | f1(c)>=max(f1_ls) - 0.1 = 102
INFO : Evaluation
INFO : Sample: 	 600/ 3000 ...
INFO : Sample: 	 1200/ 3000 ...
INFO : Sample: 	 1800/ 3000 ...
INFO : Sample: 	 2400/ 3000 ...
INFO : Sample: 	 3000/ 3000 ...
INFO : loss=1.04 ; accuracy=0.704
INFO : Average F1_score=0.46
INFO : Min F1_score=0.0# classes c | f1(c)<=min(f1_ls) + 0.1 = 54
INFO : Max F1_score=1.0# classes c | f1(c)>=max(f1_ls) - 0.1 = 36
INFO : validation_loss=1.039 ; best_validation_loss=1.281
INFO :  ****** Current epoch: 7 ****** 
INFO : Training sample: 	 3000/ 15000 ...
INFO : Training sample: 	 6000/ 15000 ...
INFO : Training sample: 	 9000/ 15000 ...
INFO : Training sample: 	 12000/ 15000 ...
INFO : Training sample: 	 15000/ 15000 ...
INFO : loss=0.27 ; accuracy=0.928
INFO : Average F1_score=0.93
INFO : Min F1_score=0.57# classes c | f1(c)<=min(f1_ls) + 0.1 = 6
INFO : Max F1_score=1.0# classes c | f1(c)>=max(f1_ls) - 0.1 = 118
INFO : Evaluation
INFO : Sample: 	 600/ 3000 ...
INFO : Sample: 	 1200/ 3000 ...
INFO : Sample: 	 1800/ 3000 ...
INFO : Sample: 	 2400/ 3000 ...
INFO : Sample: 	 3000/ 3000 ...
INFO : loss=0.86 ; accuracy=0.76
INFO : Average F1_score=0.51
INFO : Min F1_score=0.0# classes c | f1(c)<=min(f1_ls) + 0.1 = 47
INFO : Max F1_score=1.0# classes c | f1(c)>=max(f1_ls) - 0.1 = 41
INFO : validation_loss=0.859 ; best_validation_loss=1.039
INFO :  ****** Current epoch: 8 ****** 
INFO : Training sample: 	 3000/ 15000 ...
INFO : Training sample: 	 6000/ 15000 ...
INFO : Training sample: 	 9000/ 15000 ...
INFO : Training sample: 	 12000/ 15000 ...
INFO : Training sample: 	 15000/ 15000 ...
INFO : loss=0.23 ; accuracy=0.94
INFO : Average F1_score=0.94
INFO : Min F1_score=0.49# classes c | f1(c)<=min(f1_ls) + 0.1 = 3
INFO : Max F1_score=1.0# classes c | f1(c)>=max(f1_ls) - 0.1 = 132
INFO : Evaluation
INFO : Sample: 	 600/ 3000 ...
INFO : Sample: 	 1200/ 3000 ...
INFO : Sample: 	 1800/ 3000 ...
INFO : Sample: 	 2400/ 3000 ...
INFO : Sample: 	 3000/ 3000 ...
INFO : loss=0.72 ; accuracy=0.801
INFO : Average F1_score=0.55
INFO : Min F1_score=0.0# classes c | f1(c)<=min(f1_ls) + 0.1 = 42
INFO : Max F1_score=1.0# classes c | f1(c)>=max(f1_ls) - 0.1 = 46
INFO : validation_loss=0.72 ; best_validation_loss=0.859
INFO :  ****** Current epoch: 9 ****** 
INFO : Training sample: 	 3000/ 15000 ...
INFO : Training sample: 	 6000/ 15000 ...
INFO : Training sample: 	 9000/ 15000 ...
INFO : Training sample: 	 12000/ 15000 ...
INFO : Training sample: 	 15000/ 15000 ...
INFO : loss=0.19 ; accuracy=0.95
INFO : Average F1_score=0.95
INFO : Min F1_score=0.47# classes c | f1(c)<=min(f1_ls) + 0.1 = 2
INFO : Max F1_score=1.0# classes c | f1(c)>=max(f1_ls) - 0.1 = 135
INFO : Evaluation
INFO : Sample: 	 600/ 3000 ...
INFO : Sample: 	 1200/ 3000 ...
INFO : Sample: 	 1800/ 3000 ...
INFO : Sample: 	 2400/ 3000 ...
INFO : Sample: 	 3000/ 3000 ...
INFO : loss=0.61 ; accuracy=0.837
INFO : Average F1_score=0.58
INFO : Min F1_score=0.0# classes c | f1(c)<=min(f1_ls) + 0.1 = 41
INFO : Max F1_score=1.0# classes c | f1(c)>=max(f1_ls) - 0.1 = 48
INFO : validation_loss=0.609 ; best_validation_loss=0.72
INFO :  ****** Current epoch: 10 ****** 
INFO : Training sample: 	 3000/ 15000 ...
INFO : Training sample: 	 6000/ 15000 ...
INFO : Training sample: 	 9000/ 15000 ...
INFO : Training sample: 	 12000/ 15000 ...
INFO : Training sample: 	 15000/ 15000 ...
INFO : loss=0.16 ; accuracy=0.958
INFO : Average F1_score=0.96
INFO : Min F1_score=0.5# classes c | f1(c)<=min(f1_ls) + 0.1 = 2
INFO : Max F1_score=1.0# classes c | f1(c)>=max(f1_ls) - 0.1 = 141
INFO : Evaluation
INFO : Sample: 	 600/ 3000 ...
INFO : Sample: 	 1200/ 3000 ...
INFO : Sample: 	 1800/ 3000 ...
INFO : Sample: 	 2400/ 3000 ...
INFO : Sample: 	 3000/ 3000 ...
INFO : loss=0.53 ; accuracy=0.855
INFO : Average F1_score=0.59
INFO : Min F1_score=0.0# classes c | f1(c)<=min(f1_ls) + 0.1 = 40
INFO : Max F1_score=1.0# classes c | f1(c)>=max(f1_ls) - 0.1 = 50
INFO : validation_loss=0.535 ; best_validation_loss=0.609
INFO :  ****** Current epoch: 11 ****** 
INFO : Training sample: 	 3000/ 15000 ...
INFO : Training sample: 	 6000/ 15000 ...
INFO : Training sample: 	 9000/ 15000 ...
INFO : Training sample: 	 12000/ 15000 ...
INFO : Training sample: 	 15000/ 15000 ...
INFO : loss=0.13 ; accuracy=0.964
INFO : Average F1_score=0.96
INFO : Min F1_score=0.54# classes c | f1(c)<=min(f1_ls) + 0.1 = 2
INFO : Max F1_score=1.0# classes c | f1(c)>=max(f1_ls) - 0.1 = 142
INFO : Evaluation
INFO : Sample: 	 600/ 3000 ...
INFO : Sample: 	 1200/ 3000 ...
INFO : Sample: 	 1800/ 3000 ...
INFO : Sample: 	 2400/ 3000 ...
INFO : Sample: 	 3000/ 3000 ...
INFO : loss=0.48 ; accuracy=0.873
INFO : Average F1_score=0.61
INFO : Min F1_score=0.0# classes c | f1(c)<=min(f1_ls) + 0.1 = 36
INFO : Max F1_score=1.0# classes c | f1(c)>=max(f1_ls) - 0.1 = 54
INFO : validation_loss=0.48 ; best_validation_loss=0.535
INFO :  ****** Current epoch: 12 ****** 
INFO : Training sample: 	 3000/ 15000 ...
INFO : Training sample: 	 6000/ 15000 ...
INFO : Training sample: 	 9000/ 15000 ...
INFO : Training sample: 	 12000/ 15000 ...
INFO : Training sample: 	 15000/ 15000 ...
INFO : loss=0.12 ; accuracy=0.971
INFO : Average F1_score=0.97
INFO : Min F1_score=0.59# classes c | f1(c)<=min(f1_ls) + 0.1 = 3
INFO : Max F1_score=1.0# classes c | f1(c)>=max(f1_ls) - 0.1 = 142
INFO : Evaluation
INFO : Sample: 	 600/ 3000 ...
INFO : Sample: 	 1200/ 3000 ...
INFO : Sample: 	 1800/ 3000 ...
INFO : Sample: 	 2400/ 3000 ...
INFO : Sample: 	 3000/ 3000 ...
INFO : loss=0.43 ; accuracy=0.886
INFO : Average F1_score=0.62
INFO : Min F1_score=0.0# classes c | f1(c)<=min(f1_ls) + 0.1 = 36
INFO : Max F1_score=1.0# classes c | f1(c)>=max(f1_ls) - 0.1 = 53
INFO : validation_loss=0.433 ; best_validation_loss=0.48
INFO :  ****** Current epoch: 13 ****** 
INFO : Training sample: 	 3000/ 15000 ...
INFO : Training sample: 	 6000/ 15000 ...
INFO : Training sample: 	 9000/ 15000 ...
INFO : Training sample: 	 12000/ 15000 ...
INFO : Training sample: 	 15000/ 15000 ...
INFO : loss=0.1 ; accuracy=0.976
INFO : Average F1_score=0.98
INFO : Min F1_score=0.64# classes c | f1(c)<=min(f1_ls) + 0.1 = 3
INFO : Max F1_score=1.0# classes c | f1(c)>=max(f1_ls) - 0.1 = 142
INFO : Evaluation
INFO : Sample: 	 600/ 3000 ...
INFO : Sample: 	 1200/ 3000 ...
INFO : Sample: 	 1800/ 3000 ...
INFO : Sample: 	 2400/ 3000 ...
INFO : Sample: 	 3000/ 3000 ...
INFO : loss=0.39 ; accuracy=0.896
INFO : Average F1_score=0.64
INFO : Min F1_score=0.0# classes c | f1(c)<=min(f1_ls) + 0.1 = 34
INFO : Max F1_score=1.0# classes c | f1(c)>=max(f1_ls) - 0.1 = 55
INFO : validation_loss=0.393 ; best_validation_loss=0.433
INFO :  ****** Current epoch: 14 ****** 
INFO : Training sample: 	 3000/ 15000 ...
INFO : Training sample: 	 6000/ 15000 ...
INFO : Training sample: 	 9000/ 15000 ...
INFO : Training sample: 	 12000/ 15000 ...
INFO : Training sample: 	 15000/ 15000 ...
INFO : loss=0.09 ; accuracy=0.98
INFO : Average F1_score=0.98
INFO : Min F1_score=0.66# classes c | f1(c)<=min(f1_ls) + 0.1 = 3
INFO : Max F1_score=1.0# classes c | f1(c)>=max(f1_ls) - 0.1 = 143
INFO : Evaluation
INFO : Sample: 	 600/ 3000 ...
INFO : Sample: 	 1200/ 3000 ...
INFO : Sample: 	 1800/ 3000 ...
INFO : Sample: 	 2400/ 3000 ...
INFO : Sample: 	 3000/ 3000 ...
INFO : loss=0.37 ; accuracy=0.905
INFO : Average F1_score=0.65
INFO : Min F1_score=0.0# classes c | f1(c)<=min(f1_ls) + 0.1 = 33
INFO : Max F1_score=1.0# classes c | f1(c)>=max(f1_ls) - 0.1 = 59
INFO : validation_loss=0.366 ; best_validation_loss=0.393
INFO :  ****** Current epoch: 15 ****** 
INFO : Training sample: 	 3000/ 15000 ...
INFO : Training sample: 	 6000/ 15000 ...
INFO : Training sample: 	 9000/ 15000 ...
INFO : Training sample: 	 12000/ 15000 ...
INFO : Training sample: 	 15000/ 15000 ...
INFO : loss=0.07 ; accuracy=0.983
INFO : Average F1_score=0.98
INFO : Min F1_score=0.7# classes c | f1(c)<=min(f1_ls) + 0.1 = 3
INFO : Max F1_score=1.0# classes c | f1(c)>=max(f1_ls) - 0.1 = 144
INFO : Evaluation
INFO : Sample: 	 600/ 3000 ...
INFO : Sample: 	 1200/ 3000 ...
INFO : Sample: 	 1800/ 3000 ...
INFO : Sample: 	 2400/ 3000 ...
INFO : Sample: 	 3000/ 3000 ...
INFO : loss=0.35 ; accuracy=0.912
INFO : Average F1_score=0.66
INFO : Min F1_score=0.0# classes c | f1(c)<=min(f1_ls) + 0.1 = 31
INFO : Max F1_score=1.0# classes c | f1(c)>=max(f1_ls) - 0.1 = 61
INFO : validation_loss=0.346 ; best_validation_loss=0.366
INFO :  ****** Current epoch: 16 ****** 
INFO : Training sample: 	 3000/ 15000 ...
INFO : Training sample: 	 6000/ 15000 ...
INFO : Training sample: 	 9000/ 15000 ...
INFO : Training sample: 	 12000/ 15000 ...
INFO : Training sample: 	 15000/ 15000 ...
INFO : loss=0.06 ; accuracy=0.986
INFO : Average F1_score=0.99
INFO : Min F1_score=0.74# classes c | f1(c)<=min(f1_ls) + 0.1 = 4
INFO : Max F1_score=1.0# classes c | f1(c)>=max(f1_ls) - 0.1 = 144
INFO : Evaluation
INFO : Sample: 	 600/ 3000 ...
INFO : Sample: 	 1200/ 3000 ...
INFO : Sample: 	 1800/ 3000 ...
INFO : Sample: 	 2400/ 3000 ...
INFO : Sample: 	 3000/ 3000 ...
INFO : loss=0.33 ; accuracy=0.917
INFO : Average F1_score=0.67
INFO : Min F1_score=0.0# classes c | f1(c)<=min(f1_ls) + 0.1 = 31
INFO : Max F1_score=1.0# classes c | f1(c)>=max(f1_ls) - 0.1 = 59
INFO : validation_loss=0.332 ; best_validation_loss=0.346
INFO :  ****** Current epoch: 17 ****** 
INFO : Training sample: 	 3000/ 15000 ...
INFO : Training sample: 	 6000/ 15000 ...
INFO : Training sample: 	 9000/ 15000 ...
INFO : Training sample: 	 12000/ 15000 ...
INFO : Training sample: 	 15000/ 15000 ...
INFO : loss=0.05 ; accuracy=0.988
INFO : Average F1_score=0.99
INFO : Min F1_score=0.77# classes c | f1(c)<=min(f1_ls) + 0.1 = 4
INFO : Max F1_score=1.0# classes c | f1(c)>=max(f1_ls) - 0.1 = 144
INFO : Evaluation
INFO : Sample: 	 600/ 3000 ...
INFO : Sample: 	 1200/ 3000 ...
INFO : Sample: 	 1800/ 3000 ...
INFO : Sample: 	 2400/ 3000 ...
INFO : Sample: 	 3000/ 3000 ...
INFO : loss=0.32 ; accuracy=0.92
INFO : Average F1_score=0.68
INFO : Min F1_score=0.0# classes c | f1(c)<=min(f1_ls) + 0.1 = 29
INFO : Max F1_score=1.0# classes c | f1(c)>=max(f1_ls) - 0.1 = 59
INFO : validation_loss=0.32 ; best_validation_loss=0.332
INFO :  ****** Current epoch: 18 ****** 
INFO : Training sample: 	 3000/ 15000 ...
INFO : Training sample: 	 6000/ 15000 ...
INFO : Training sample: 	 9000/ 15000 ...
INFO : Training sample: 	 12000/ 15000 ...
INFO : Training sample: 	 15000/ 15000 ...
INFO : loss=0.05 ; accuracy=0.99
INFO : Average F1_score=0.99
INFO : Min F1_score=0.79# classes c | f1(c)<=min(f1_ls) + 0.1 = 4
INFO : Max F1_score=1.0# classes c | f1(c)>=max(f1_ls) - 0.1 = 146
INFO : Evaluation
INFO : Sample: 	 600/ 3000 ...
INFO : Sample: 	 1200/ 3000 ...
INFO : Sample: 	 1800/ 3000 ...
INFO : Sample: 	 2400/ 3000 ...
INFO : Sample: 	 3000/ 3000 ...
INFO : loss=0.31 ; accuracy=0.922
INFO : Average F1_score=0.68
INFO : Min F1_score=0.0# classes c | f1(c)<=min(f1_ls) + 0.1 = 29
INFO : Max F1_score=1.0# classes c | f1(c)>=max(f1_ls) - 0.1 = 59
INFO : validation_loss=0.31 ; best_validation_loss=0.32
INFO :  ****** Current epoch: 19 ****** 
INFO : Training sample: 	 3000/ 15000 ...
INFO : Training sample: 	 6000/ 15000 ...
INFO : Training sample: 	 9000/ 15000 ...
INFO : Training sample: 	 12000/ 15000 ...
INFO : Training sample: 	 15000/ 15000 ...
INFO : loss=0.04 ; accuracy=0.992
INFO : Average F1_score=0.99
INFO : Min F1_score=0.82# classes c | f1(c)<=min(f1_ls) + 0.1 = 4
INFO : Max F1_score=1.0# classes c | f1(c)>=max(f1_ls) - 0.1 = 146
INFO : Evaluation
INFO : Sample: 	 600/ 3000 ...
INFO : Sample: 	 1200/ 3000 ...
INFO : Sample: 	 1800/ 3000 ...
INFO : Sample: 	 2400/ 3000 ...
INFO : Sample: 	 3000/ 3000 ...
INFO : loss=0.3 ; accuracy=0.93
INFO : Average F1_score=0.69
INFO : Min F1_score=0.0# classes c | f1(c)<=min(f1_ls) + 0.1 = 28
INFO : Max F1_score=1.0# classes c | f1(c)>=max(f1_ls) - 0.1 = 60
INFO : validation_loss=0.302 ; best_validation_loss=0.31
INFO :  ****** Current epoch: 20 ****** 
INFO : Training sample: 	 3000/ 15000 ...
INFO : Training sample: 	 6000/ 15000 ...
INFO : Training sample: 	 9000/ 15000 ...
INFO : Training sample: 	 12000/ 15000 ...
INFO : Training sample: 	 15000/ 15000 ...
INFO : loss=0.04 ; accuracy=0.993
INFO : Average F1_score=0.99
INFO : Min F1_score=0.82# classes c | f1(c)<=min(f1_ls) + 0.1 = 4
INFO : Max F1_score=1.0# classes c | f1(c)>=max(f1_ls) - 0.1 = 146
INFO : Evaluation
INFO : Sample: 	 600/ 3000 ...
INFO : Sample: 	 1200/ 3000 ...
INFO : Sample: 	 1800/ 3000 ...
INFO : Sample: 	 2400/ 3000 ...
INFO : Sample: 	 3000/ 3000 ...
INFO : loss=0.3 ; accuracy=0.931
INFO : Average F1_score=0.7
INFO : Min F1_score=0.0# classes c | f1(c)<=min(f1_ls) + 0.1 = 27
INFO : Max F1_score=1.0# classes c | f1(c)>=max(f1_ls) - 0.1 = 60
INFO : validation_loss=0.295 ; best_validation_loss=0.302
INFO :  ****** Current epoch: 21 ****** 
INFO : Training sample: 	 3000/ 15000 ...
INFO : Training sample: 	 6000/ 15000 ...
INFO : Training sample: 	 9000/ 15000 ...
INFO : Training sample: 	 12000/ 15000 ...
INFO : Training sample: 	 15000/ 15000 ...
INFO : loss=0.03 ; accuracy=0.994
INFO : Average F1_score=0.99
INFO : Min F1_score=0.83# classes c | f1(c)<=min(f1_ls) + 0.1 = 4
INFO : Max F1_score=1.0# classes c | f1(c)>=max(f1_ls) - 0.1 = 147
INFO : Evaluation
INFO : Sample: 	 600/ 3000 ...
INFO : Sample: 	 1200/ 3000 ...
INFO : Sample: 	 1800/ 3000 ...
INFO : Sample: 	 2400/ 3000 ...
INFO : Sample: 	 3000/ 3000 ...
INFO : loss=0.29 ; accuracy=0.933
INFO : Average F1_score=0.71
INFO : Min F1_score=0.0# classes c | f1(c)<=min(f1_ls) + 0.1 = 26
INFO : Max F1_score=1.0# classes c | f1(c)>=max(f1_ls) - 0.1 = 61
INFO : validation_loss=0.289 ; best_validation_loss=0.295
INFO :  ****** Current epoch: 22 ****** 
INFO : Training sample: 	 3000/ 15000 ...
INFO : Training sample: 	 6000/ 15000 ...
INFO : Training sample: 	 9000/ 15000 ...
INFO : Training sample: 	 12000/ 15000 ...
INFO : Training sample: 	 15000/ 15000 ...
INFO : loss=0.03 ; accuracy=0.995
INFO : Average F1_score=0.99
INFO : Min F1_score=0.85# classes c | f1(c)<=min(f1_ls) + 0.1 = 4
INFO : Max F1_score=1.0# classes c | f1(c)>=max(f1_ls) - 0.1 = 148
INFO : Evaluation
INFO : Sample: 	 600/ 3000 ...
INFO : Sample: 	 1200/ 3000 ...
INFO : Sample: 	 1800/ 3000 ...
INFO : Sample: 	 2400/ 3000 ...
INFO : Sample: 	 3000/ 3000 ...
INFO : loss=0.28 ; accuracy=0.932
INFO : Average F1_score=0.71
INFO : Min F1_score=0.0# classes c | f1(c)<=min(f1_ls) + 0.1 = 26
INFO : Max F1_score=1.0# classes c | f1(c)>=max(f1_ls) - 0.1 = 61
INFO : validation_loss=0.283 ; best_validation_loss=0.289
INFO :  ****** Current epoch: 23 ****** 
INFO : Training sample: 	 3000/ 15000 ...
INFO : Training sample: 	 6000/ 15000 ...
INFO : Training sample: 	 9000/ 15000 ...
INFO : Training sample: 	 12000/ 15000 ...
INFO : Training sample: 	 15000/ 15000 ...
INFO : loss=0.02 ; accuracy=0.995
INFO : Average F1_score=1.0
INFO : Min F1_score=0.86# classes c | f1(c)<=min(f1_ls) + 0.1 = 4
INFO : Max F1_score=1.0# classes c | f1(c)>=max(f1_ls) - 0.1 = 148
INFO : Evaluation
INFO : Sample: 	 600/ 3000 ...
INFO : Sample: 	 1200/ 3000 ...
INFO : Sample: 	 1800/ 3000 ...
INFO : Sample: 	 2400/ 3000 ...
INFO : Sample: 	 3000/ 3000 ...
INFO : loss=0.28 ; accuracy=0.933
INFO : Average F1_score=0.7
INFO : Min F1_score=0.0# classes c | f1(c)<=min(f1_ls) + 0.1 = 27
INFO : Max F1_score=1.0# classes c | f1(c)>=max(f1_ls) - 0.1 = 60
INFO : validation_loss=0.279 ; best_validation_loss=0.283
INFO :  ****** Current epoch: 24 ****** 
INFO : Training sample: 	 3000/ 15000 ...
INFO : Training sample: 	 6000/ 15000 ...
INFO : Training sample: 	 9000/ 15000 ...
INFO : Training sample: 	 12000/ 15000 ...
INFO : Training sample: 	 15000/ 15000 ...
INFO : loss=0.02 ; accuracy=0.995
INFO : Average F1_score=1.0
INFO : Min F1_score=0.88# classes c | f1(c)<=min(f1_ls) + 0.1 = 6
INFO : Max F1_score=1.0# classes c | f1(c)>=max(f1_ls) - 0.1 = 148
INFO : Evaluation
INFO : Sample: 	 600/ 3000 ...
INFO : Sample: 	 1200/ 3000 ...
INFO : Sample: 	 1800/ 3000 ...
INFO : Sample: 	 2400/ 3000 ...
INFO : Sample: 	 3000/ 3000 ...
INFO : loss=0.28 ; accuracy=0.935
INFO : Average F1_score=0.69
INFO : Min F1_score=0.0# classes c | f1(c)<=min(f1_ls) + 0.1 = 28
INFO : Max F1_score=1.0# classes c | f1(c)>=max(f1_ls) - 0.1 = 59
INFO : validation_loss=0.276 ; best_validation_loss=0.279
INFO :  ****** Current epoch: 25 ****** 
INFO : Training sample: 	 3000/ 15000 ...
INFO : Training sample: 	 6000/ 15000 ...
INFO : Training sample: 	 9000/ 15000 ...
INFO : Training sample: 	 12000/ 15000 ...
INFO : Training sample: 	 15000/ 15000 ...
INFO : loss=0.02 ; accuracy=0.996
INFO : Average F1_score=1.0
INFO : Min F1_score=0.88# classes c | f1(c)<=min(f1_ls) + 0.1 = 7
INFO : Max F1_score=1.0# classes c | f1(c)>=max(f1_ls) - 0.1 = 148
INFO : Evaluation
INFO : Sample: 	 600/ 3000 ...
INFO : Sample: 	 1200/ 3000 ...
INFO : Sample: 	 1800/ 3000 ...
INFO : Sample: 	 2400/ 3000 ...
INFO : Sample: 	 3000/ 3000 ...
INFO : loss=0.27 ; accuracy=0.935
INFO : Average F1_score=0.69
INFO : Min F1_score=0.0# classes c | f1(c)<=min(f1_ls) + 0.1 = 28
INFO : Max F1_score=1.0# classes c | f1(c)>=max(f1_ls) - 0.1 = 59
INFO : validation_loss=0.274 ; best_validation_loss=0.276
INFO :  ****** Current epoch: 26 ****** 
INFO : Training sample: 	 3000/ 15000 ...
INFO : Training sample: 	 6000/ 15000 ...
INFO : Training sample: 	 9000/ 15000 ...
INFO : Training sample: 	 12000/ 15000 ...
INFO : Training sample: 	 15000/ 15000 ...
INFO : loss=0.02 ; accuracy=0.996
INFO : Average F1_score=1.0
INFO : Min F1_score=0.89# classes c | f1(c)<=min(f1_ls) + 0.1 = 9
INFO : Max F1_score=1.0# classes c | f1(c)>=max(f1_ls) - 0.1 = 149
INFO : Evaluation
INFO : Sample: 	 600/ 3000 ...
INFO : Sample: 	 1200/ 3000 ...
INFO : Sample: 	 1800/ 3000 ...
INFO : Sample: 	 2400/ 3000 ...
INFO : Sample: 	 3000/ 3000 ...
INFO : loss=0.27 ; accuracy=0.937
INFO : Average F1_score=0.7
INFO : Min F1_score=0.0# classes c | f1(c)<=min(f1_ls) + 0.1 = 28
INFO : Max F1_score=1.0# classes c | f1(c)>=max(f1_ls) - 0.1 = 59
INFO : validation_loss=0.271 ; best_validation_loss=0.274
INFO :  ****** Current epoch: 27 ****** 
INFO : Training sample: 	 3000/ 15000 ...
INFO : Training sample: 	 6000/ 15000 ...
INFO : Training sample: 	 9000/ 15000 ...
INFO : Training sample: 	 12000/ 15000 ...
INFO : Training sample: 	 15000/ 15000 ...
INFO : loss=0.02 ; accuracy=0.997
INFO : Average F1_score=1.0
INFO : Min F1_score=0.89# classes c | f1(c)<=min(f1_ls) + 0.1 = 15
INFO : Max F1_score=1.0# classes c | f1(c)>=max(f1_ls) - 0.1 = 149
INFO : Evaluation
INFO : Sample: 	 600/ 3000 ...
INFO : Sample: 	 1200/ 3000 ...
INFO : Sample: 	 1800/ 3000 ...
INFO : Sample: 	 2400/ 3000 ...
INFO : Sample: 	 3000/ 3000 ...
INFO : loss=0.27 ; accuracy=0.938
INFO : Average F1_score=0.7
INFO : Min F1_score=0.0# classes c | f1(c)<=min(f1_ls) + 0.1 = 28
INFO : Max F1_score=1.0# classes c | f1(c)>=max(f1_ls) - 0.1 = 60
INFO : validation_loss=0.269 ; best_validation_loss=0.271
INFO :  ****** Current epoch: 28 ****** 
INFO : Training sample: 	 3000/ 15000 ...
INFO : Training sample: 	 6000/ 15000 ...
INFO : Training sample: 	 9000/ 15000 ...
INFO : Training sample: 	 12000/ 15000 ...
INFO : Training sample: 	 15000/ 15000 ...
INFO : loss=0.02 ; accuracy=0.997
INFO : Average F1_score=1.0
INFO : Min F1_score=0.9# classes c | f1(c)<=min(f1_ls) + 0.1 = 26
INFO : Max F1_score=1.0# classes c | f1(c)>=max(f1_ls) - 0.1 = 149
INFO : Evaluation
INFO : Sample: 	 600/ 3000 ...
INFO : Sample: 	 1200/ 3000 ...
INFO : Sample: 	 1800/ 3000 ...
INFO : Sample: 	 2400/ 3000 ...
INFO : Sample: 	 3000/ 3000 ...
INFO : loss=0.27 ; accuracy=0.939
INFO : Average F1_score=0.7
INFO : Min F1_score=0.0# classes c | f1(c)<=min(f1_ls) + 0.1 = 28
INFO : Max F1_score=1.0# classes c | f1(c)>=max(f1_ls) - 0.1 = 60
INFO : validation_loss=0.267 ; best_validation_loss=0.269
INFO :  ****** Current epoch: 29 ****** 
INFO : Training sample: 	 3000/ 15000 ...
INFO : Training sample: 	 6000/ 15000 ...
INFO : Training sample: 	 9000/ 15000 ...
INFO : Training sample: 	 12000/ 15000 ...
INFO : Training sample: 	 15000/ 15000 ...
INFO : loss=0.01 ; accuracy=0.997
INFO : Average F1_score=1.0
INFO : Min F1_score=0.91# classes c | f1(c)<=min(f1_ls) + 0.1 = 150
INFO : Max F1_score=1.0# classes c | f1(c)>=max(f1_ls) - 0.1 = 150
INFO : Evaluation
INFO : Sample: 	 600/ 3000 ...
INFO : Sample: 	 1200/ 3000 ...
INFO : Sample: 	 1800/ 3000 ...
INFO : Sample: 	 2400/ 3000 ...
INFO : Sample: 	 3000/ 3000 ...
INFO : loss=0.27 ; accuracy=0.941
INFO : Average F1_score=0.7
INFO : Min F1_score=0.0# classes c | f1(c)<=min(f1_ls) + 0.1 = 28
INFO : Max F1_score=1.0# classes c | f1(c)>=max(f1_ls) - 0.1 = 60
INFO : validation_loss=0.266 ; best_validation_loss=0.267
INFO :  ****** Current epoch: 30 ****** 
INFO : Training sample: 	 3000/ 15000 ...
INFO : Training sample: 	 6000/ 15000 ...
INFO : Training sample: 	 9000/ 15000 ...
INFO : Training sample: 	 12000/ 15000 ...
INFO : Training sample: 	 15000/ 15000 ...
INFO : loss=0.01 ; accuracy=0.997
INFO : Average F1_score=1.0
INFO : Min F1_score=0.91# classes c | f1(c)<=min(f1_ls) + 0.1 = 150
INFO : Max F1_score=1.0# classes c | f1(c)>=max(f1_ls) - 0.1 = 150
INFO : Evaluation
INFO : Sample: 	 600/ 3000 ...
INFO : Sample: 	 1200/ 3000 ...
INFO : Sample: 	 1800/ 3000 ...
INFO : Sample: 	 2400/ 3000 ...
INFO : Sample: 	 3000/ 3000 ...
INFO : loss=0.27 ; accuracy=0.943
INFO : Average F1_score=0.71
INFO : Min F1_score=0.0# classes c | f1(c)<=min(f1_ls) + 0.1 = 26
INFO : Max F1_score=1.0# classes c | f1(c)>=max(f1_ls) - 0.1 = 63
INFO : validation_loss=0.265 ; best_validation_loss=0.266
INFO :  ****** Current epoch: 31 ****** 
INFO : Training sample: 	 3000/ 15000 ...
INFO : Training sample: 	 6000/ 15000 ...
INFO : Training sample: 	 9000/ 15000 ...
INFO : Training sample: 	 12000/ 15000 ...
INFO : Training sample: 	 15000/ 15000 ...
INFO : loss=0.01 ; accuracy=0.998
INFO : Average F1_score=1.0
INFO : Min F1_score=0.91# classes c | f1(c)<=min(f1_ls) + 0.1 = 150
INFO : Max F1_score=1.0# classes c | f1(c)>=max(f1_ls) - 0.1 = 150
INFO : Evaluation
INFO : Sample: 	 600/ 3000 ...
INFO : Sample: 	 1200/ 3000 ...
INFO : Sample: 	 1800/ 3000 ...
INFO : Sample: 	 2400/ 3000 ...
INFO : Sample: 	 3000/ 3000 ...
INFO : loss=0.26 ; accuracy=0.945
INFO : Average F1_score=0.73
INFO : Min F1_score=0.0# classes c | f1(c)<=min(f1_ls) + 0.1 = 24
INFO : Max F1_score=1.0# classes c | f1(c)>=max(f1_ls) - 0.1 = 64
INFO : validation_loss=0.264 ; best_validation_loss=0.265
INFO :  ****** Current epoch: 32 ****** 
INFO : Training sample: 	 3000/ 15000 ...
INFO : Training sample: 	 6000/ 15000 ...
INFO : Training sample: 	 9000/ 15000 ...
INFO : Training sample: 	 12000/ 15000 ...
INFO : Training sample: 	 15000/ 15000 ...
INFO : loss=0.01 ; accuracy=0.998
INFO : Average F1_score=1.0
INFO : Min F1_score=0.92# classes c | f1(c)<=min(f1_ls) + 0.1 = 150
INFO : Max F1_score=1.0# classes c | f1(c)>=max(f1_ls) - 0.1 = 150
INFO : Evaluation
INFO : Sample: 	 600/ 3000 ...
INFO : Sample: 	 1200/ 3000 ...
INFO : Sample: 	 1800/ 3000 ...
INFO : Sample: 	 2400/ 3000 ...
INFO : Sample: 	 3000/ 3000 ...
INFO : loss=0.26 ; accuracy=0.947
INFO : Average F1_score=0.73
INFO : Min F1_score=0.0# classes c | f1(c)<=min(f1_ls) + 0.1 = 24
INFO : Max F1_score=1.0# classes c | f1(c)>=max(f1_ls) - 0.1 = 65
INFO : validation_loss=0.263 ; best_validation_loss=0.264
INFO :  ****** Current epoch: 33 ****** 
INFO : Training sample: 	 3000/ 15000 ...
INFO : Training sample: 	 6000/ 15000 ...
INFO : Training sample: 	 9000/ 15000 ...
INFO : Training sample: 	 12000/ 15000 ...
INFO : Training sample: 	 15000/ 15000 ...
INFO : loss=0.01 ; accuracy=0.998
INFO : Average F1_score=1.0
INFO : Min F1_score=0.92# classes c | f1(c)<=min(f1_ls) + 0.1 = 150
INFO : Max F1_score=1.0# classes c | f1(c)>=max(f1_ls) - 0.1 = 150
INFO : Evaluation
INFO : Sample: 	 600/ 3000 ...
INFO : Sample: 	 1200/ 3000 ...
INFO : Sample: 	 1800/ 3000 ...
INFO : Sample: 	 2400/ 3000 ...
INFO : Sample: 	 3000/ 3000 ...
INFO : loss=0.26 ; accuracy=0.949
INFO : Average F1_score=0.74
INFO : Min F1_score=0.0# classes c | f1(c)<=min(f1_ls) + 0.1 = 23
INFO : Max F1_score=1.0# classes c | f1(c)>=max(f1_ls) - 0.1 = 65
INFO : validation_loss=0.262 ; best_validation_loss=0.263
INFO :  ****** Current epoch: 34 ****** 
INFO : Training sample: 	 3000/ 15000 ...
INFO : Training sample: 	 6000/ 15000 ...
INFO : Training sample: 	 9000/ 15000 ...
INFO : Training sample: 	 12000/ 15000 ...
INFO : Training sample: 	 15000/ 15000 ...
INFO : loss=0.01 ; accuracy=0.998
INFO : Average F1_score=1.0
INFO : Min F1_score=0.92# classes c | f1(c)<=min(f1_ls) + 0.1 = 150
INFO : Max F1_score=1.0# classes c | f1(c)>=max(f1_ls) - 0.1 = 150
INFO : Evaluation
INFO : Sample: 	 600/ 3000 ...
INFO : Sample: 	 1200/ 3000 ...
INFO : Sample: 	 1800/ 3000 ...
INFO : Sample: 	 2400/ 3000 ...
INFO : Sample: 	 3000/ 3000 ...
INFO : loss=0.26 ; accuracy=0.949
INFO : Average F1_score=0.74
INFO : Min F1_score=0.0# classes c | f1(c)<=min(f1_ls) + 0.1 = 23
INFO : Max F1_score=1.0# classes c | f1(c)>=max(f1_ls) - 0.1 = 65
INFO : validation_loss=0.264 ; best_validation_loss=0.262
INFO : Early stopping
INFO : Evaluation
INFO : Sample: 	 900/ 4500 ...
INFO : Sample: 	 1800/ 4500 ...
INFO : Sample: 	 2700/ 4500 ...
INFO : Sample: 	 3600/ 4500 ...
INFO : Sample: 	 4500/ 4500 ...
INFO : loss=0.26 ; accuracy=0.953
INFO : Average F1_score=0.7
INFO : Min F1_score=0.0# classes c | f1(c)<=min(f1_ls) + 0.1 = 29
INFO : Max F1_score=1.0# classes c | f1(c)>=max(f1_ls) - 0.1 = 66
