INFO : class_names = ['accept_reservations', 'account_blocked', 'alarm', 'application_status', 'apr', 'are_you_a_bot', 'balance', 'bill_balance', 'bill_due', 'book_flight', 'book_hotel', 'calculator', 'calendar', 'calendar_update', 'calories', 'cancel', 'cancel_reservation', 'car_rental', 'card_declined', 'carry_on', 'change_accent', 'change_ai_name', 'change_language', 'change_speed', 'change_user_name', 'change_volume', 'confirm_reservation', 'cook_time', 'credit_limit', 'credit_limit_change', 'credit_score', 'current_location', 'damaged_card', 'date', 'definition', 'direct_deposit', 'directions', 'distance', 'do_you_have_pets', 'exchange_rate', 'expiration_date', 'find_phone', 'flight_status', 'flip_coin', 'food_last', 'freeze_account', 'fun_fact', 'gas', 'gas_type', 'goodbye', 'greeting', 'how_busy', 'how_old_are_you', 'improve_credit_score', 'income', 'ingredient_substitution', 'ingredients_list', 'insurance', 'insurance_change', 'interest_rate', 'international_fees', 'international_visa', 'jump_start', 'last_maintenance', 'lost_luggage', 'make_call', 'maybe', 'meal_suggestion', 'meaning_of_life', 'measurement_conversion', 'meeting_schedule', 'min_payment', 'mpg', 'new_card', 'next_holiday', 'next_song', 'no', 'nutrition_info', 'oil_change_how', 'oil_change_when', 'order', 'order_checks', 'order_status', 'pay_bill', 'payday', 'pin_change', 'play_music', 'plug_type', 'pto_balance', 'pto_request', 'pto_request_status', 'pto_used', 'recipe', 'redeem_rewards', 'reminder', 'reminder_update', 'repeat', 'replacement_card_duration', 'report_fraud', 'report_lost_card', 'reset_settings', 'restaurant_reservation', 'restaurant_reviews', 'restaurant_suggestion', 'rewards_balance', 'roll_dice', 'rollover_401k', 'routing', 'schedule_maintenance', 'schedule_meeting', 'share_location', 'shopping_list', 'shopping_list_update', 'smart_home', 'spelling', 'spending_history', 'sync_device', 'taxes', 'tell_joke', 'text', 'thank_you', 'time', 'timer', 'timezone', 'tire_change', 'tire_pressure', 'todo_list', 'todo_list_update', 'traffic', 'transactions', 'transfer', 'translate', 'travel_alert', 'travel_notification', 'travel_suggestion', 'uber', 'update_playlist', 'user_name', 'vaccines', 'w2', 'weather', 'what_are_your_hobbies', 'what_can_i_ask_you', 'what_is_your_name', 'what_song', 'where_are_you_from', 'whisper_mode', 'who_do_you_work_for', 'who_made_you', 'yes']
INFO :  ****** Current epoch: 1 ****** 
INFO : Training sample: 	 60/ 300 ...
INFO : Training sample: 	 120/ 300 ...
INFO : Training sample: 	 180/ 300 ...
INFO : Training sample: 	 240/ 300 ...
INFO : Training sample: 	 300/ 300 ...
INFO : loss=5.01 ; accuracy=0.003
INFO : precision=[0.0, 0.0, 0.0, 0.0, 0.0, 0.0, 0.0, 0.0, 0.0, 0.0, 0.0, 0.0, 0.0, 0.0, 0.0, 0.0, 0.0, 0.0, 0.0, 0.0, 0.0, 0.0, 0.0, 0.0, 0.0, 0.0, 0.0, 0.0, 0.0, 0.0, 0.0, 0.0, 0.0, 0.0, 0.0, 0.0, 0.0, 0.0, 0.0, 0.0, 0.0, 0.0, 0.0, 0.0, 0.0, 0.0, 0.0, 0.0, 0.0, 0.0, 0.0, 0.0, 0.0, 0.0, 0.0, 0.0, 0.0, 0.0, 0.0, 0.0, 0.0, 0.0, 0.0, 0.0, 0.0, 0.0, 0.0, 0.0, 0.0, 0.0, 0.0, 0.0, 0.0, 0.0, 0.0, 0.0, 0.0, 0.0, 0.0, 0.0, 0.0, 0.0, 0.0, 0.0, 0.0, 0.0, 0.0, 0.0, 0.0, 0.0, 0.0, 0.0, 0.0, 0.0, 0.0, 0.0, 0.0, 0.0, 0.0, 0.0, 0.0, 0.0, 0.0, 0.0, 0.0, 0.0, 0.0, 0.0, 0.0, 0.0, 0.01, 0.0, 0.0, 0.0, 0.0, 0.0, 0.0, 0.0, 0.0, 0.0, 0.0, 0.0, 0.0, 0.0, 0.0, 0.0, 0.0, 0.0, 0.0, 0.0, 0.0, 0.0, 0.0, 0.0, 0.0, 0.0, 0.0, 0.0, 0.0, 0.0, 0.0, 0.0, 0.0, 0.0, 0.0, 0.0, 0.0, 0.0, 0.0, 0.0]
Recall=[0.0, 0.0, 0.0, 0.0, 0.0, 0.0, 0.0, 0.0, 0.0, 0.0, 0.0, 0.0, 0.0, 0.0, 0.0, 0.0, 0.0, 0.0, 0.0, 0.0, 0.0, 0.0, 0.0, 0.0, 0.0, 0.0, 0.0, 0.0, 0.0, 0.0, 0.0, 0.0, 0.0, 0.0, 0.0, 0.0, 0.0, 0.0, 0.0, 0.0, 0.0, 0.0, 0.0, 0.0, 0.0, 0.0, 0.0, 0.0, 0.0, 0.0, 0.0, 0.0, 0.0, 0.0, 0.0, 0.0, 0.0, 0.0, 0.0, 0.0, 0.0, 0.0, 0.0, 0.0, 0.0, 0.0, 0.0, 0.0, 0.0, 0.0, 0.0, 0.0, 0.0, 0.0, 0.0, 0.0, 0.0, 0.0, 0.0, 0.0, 0.0, 0.0, 0.0, 0.0, 0.0, 0.0, 0.0, 0.0, 0.0, 0.0, 0.0, 0.0, 0.0, 0.0, 0.0, 0.0, 0.0, 0.0, 0.0, 0.0, 0.0, 0.0, 0.0, 0.0, 0.0, 0.0, 0.0, 0.0, 0.0, 0.0, 0.5, 0.0, 0.0, 0.0, 0.0, 0.0, 0.0, 0.0, 0.0, 0.0, 0.0, 0.0, 0.0, 0.0, 0.0, 0.0, 0.0, 0.0, 0.0, 0.0, 0.0, 0.0, 0.0, 0.0, 0.0, 0.0, 0.0, 0.0, 0.0, 0.0, 0.0, 0.0, 0.0, 0.0, 0.0, 0.0, 0.0, 0.0, 0.0, 0.0]
INFO : F1_score=[0.0, 0.0, 0.0, 0.0, 0.0, 0.0, 0.0, 0.0, 0.0, 0.0, 0.0, 0.0, 0.0, 0.0, 0.0, 0.0, 0.0, 0.0, 0.0, 0.0, 0.0, 0.0, 0.0, 0.0, 0.0, 0.0, 0.0, 0.0, 0.0, 0.0, 0.0, 0.0, 0.0, 0.0, 0.0, 0.0, 0.0, 0.0, 0.0, 0.0, 0.0, 0.0, 0.0, 0.0, 0.0, 0.0, 0.0, 0.0, 0.0, 0.0, 0.0, 0.0, 0.0, 0.0, 0.0, 0.0, 0.0, 0.0, 0.0, 0.0, 0.0, 0.0, 0.0, 0.0, 0.0, 0.0, 0.0, 0.0, 0.0, 0.0, 0.0, 0.0, 0.0, 0.0, 0.0, 0.0, 0.0, 0.0, 0.0, 0.0, 0.0, 0.0, 0.0, 0.0, 0.0, 0.0, 0.0, 0.0, 0.0, 0.0, 0.0, 0.0, 0.0, 0.0, 0.0, 0.0, 0.0, 0.0, 0.0, 0.0, 0.0, 0.0, 0.0, 0.0, 0.0, 0.0, 0.0, 0.0, 0.0, 0.0, 0.03, 0.0, 0.0, 0.0, 0.0, 0.0, 0.0, 0.0, 0.0, 0.0, 0.0, 0.0, 0.0, 0.0, 0.0, 0.0, 0.0, 0.0, 0.0, 0.0, 0.0, 0.0, 0.0, 0.0, 0.0, 0.0, 0.0, 0.0, 0.0, 0.0, 0.0, 0.0, 0.0, 0.0, 0.0, 0.0, 0.0, 0.0, 0.0, 0.0]
INFO : Sample: 	 30/ 150 ...
INFO : Sample: 	 60/ 150 ...
INFO : Sample: 	 90/ 150 ...
INFO : Sample: 	 120/ 150 ...
INFO : Sample: 	 150/ 150 ...
INFO : loss=5.0 ; accuracy=0.0
INFO : precision=[0.0, 0.0, 0.0, 0.0, 0.0, 0.0, 0.0, 0.0, 0.0, 0.0, 0.0, 0.0, 0.0, 0.0, 0.0, 0.0, 0.0, 0.0, 0.0, 0.0, 0.0, 0.0, 0.0, 0.0, 0.0, 0.0, 0.0, 0.0, 0.0, 0.0, 0.0, 0.0, 0.0, 0.0, 0.0, 0.0, 0.0, 0.0, 0.0, 0.0, 0.0, 0.0, 0.0, 0.0, 0.0, 0.0, 0.0, 0.0, 0.0, 0.0, 0.0, 0.0, 0.0, 0.0, 0.0, 0.0, 0.0, 0.0, 0.0, 0.0, 0.0, 0.0, 0.0, 0.0, 0.0, 0.0, 0.0, 0.0, 0.0, 0.0, 0.0, 0.0, 0.0, 0.0, 0.0, 0.0, 0.0, 0.0, 0.0, 0.0, 0.0]
Recall=[0.0, 0.0, 0.0, 0.0, 0.0, 0.0, 0.0, 0.0, 0.0, 0.0, 0.0, 0.0, 0.0, 0.0, 0.0, 0.0, 0.0, 0.0, 0.0, 0.0, 0.0, 0.0, 0.0, 0.0, 0.0, 0.0, 0.0, 0.0, 0.0, 0.0, 0.0, 0.0, 0.0, 0.0, 0.0, 0.0, 0.0, 0.0, 0.0, 0.0, 0.0, 0.0, 0.0, 0.0, 0.0, 0.0, 0.0, 0.0, 0.0, 0.0, 0.0, 0.0, 0.0, 0.0, 0.0, 0.0, 0.0, 0.0, 0.0, 0.0, 0.0, 0.0, 0.0, 0.0, 0.0, 0.0, 0.0, 0.0, 0.0, 0.0, 0.0, 0.0, 0.0, 0.0, 0.0, 0.0, 0.0, 0.0, 0.0, 0.0, 0.0]
INFO : F1_score=[0.0, 0.0, 0.0, 0.0, 0.0, 0.0, 0.0, 0.0, 0.0, 0.0, 0.0, 0.0, 0.0, 0.0, 0.0, 0.0, 0.0, 0.0, 0.0, 0.0, 0.0, 0.0, 0.0, 0.0, 0.0, 0.0, 0.0, 0.0, 0.0, 0.0, 0.0, 0.0, 0.0, 0.0, 0.0, 0.0, 0.0, 0.0, 0.0, 0.0, 0.0, 0.0, 0.0, 0.0, 0.0, 0.0, 0.0, 0.0, 0.0, 0.0, 0.0, 0.0, 0.0, 0.0, 0.0, 0.0, 0.0, 0.0, 0.0, 0.0, 0.0, 0.0, 0.0, 0.0, 0.0, 0.0, 0.0, 0.0, 0.0, 0.0, 0.0, 0.0, 0.0, 0.0, 0.0, 0.0, 0.0, 0.0, 0.0, 0.0, 0.0]
INFO : validation_loss=5.001 ; best_validation_loss=inf
INFO :  ****** Current epoch: 2 ****** 
INFO : Training sample: 	 60/ 300 ...
INFO : Training sample: 	 120/ 300 ...
INFO : Training sample: 	 180/ 300 ...
INFO : Training sample: 	 240/ 300 ...
INFO : Training sample: 	 300/ 300 ...
INFO : loss=5.0 ; accuracy=0.023
INFO : precision=[0.0, 0.0, 0.0, 0.0, 0.0, 0.0, 0.0, 0.0, 0.0, 0.0, 0.0, 0.0, 0.0, 0.0, 0.0, 0.0, 0.0, 0.0, 0.0, 0.0, 0.0, 0.0, 0.0, 0.0, 0.0, 0.0, 0.0, 0.0, 0.0, 0.0, 0.0, 0.0, 0.0, 0.0, 0.0, 0.0, 0.0, 0.0, 0.0, 0.0, 0.0, 0.0, 0.0, 0.0, 0.0, 0.0, 0.0, 0.0, 0.0, 0.0, 0.0, 0.0, 0.0, 0.0, 0.0, 0.0, 0.0, 0.0, 0.17, 0.0, 0.0, 0.0, 0.0, 0.0, 0.0, 0.0, 0.0, 0.0, 0.0, 0.02, 0.0, 0.0, 0.0, 0.0, 0.0, 0.0, 0.0, 0.0, 0.0, 0.0, 0.0, 0.0, 0.05, 0.0, 0.0, 0.0, 0.0, 0.0, 0.0, 0.0, 0.0, 0.0, 0.0, 0.0, 0.0, 0.0, 0.0, 0.0, 0.0, 0.0, 0.0, 0.0, 0.0, 0.02, 0.0, 0.0, 0.0, 0.0, 0.0, 0.0, 0.02, 0.0, 0.0, 0.0, 0.0, 0.0, 0.0, 0.0, 0.0, 0.0, 0.0, 0.17, 0.0, 0.0, 0.0, 0.0, 0.0, 0.0, 0.0, 0.0, 0.0, 0.0, 0.0, 0.0, 0.0, 0.02, 0.0, 0.0, 0.0, 0.0, 0.0, 0.0, 0.0, 0.0, 0.0, 0.0, 0.0, 0.0, 0.0, 0.0]
Recall=[0.0, 0.0, 0.0, 0.0, 0.0, 0.0, 0.0, 0.0, 0.0, 0.0, 0.0, 0.0, 0.0, 0.0, 0.0, 0.0, 0.0, 0.0, 0.0, 0.0, 0.0, 0.0, 0.0, 0.0, 0.0, 0.0, 0.0, 0.0, 0.0, 0.0, 0.0, 0.0, 0.0, 0.0, 0.0, 0.0, 0.0, 0.0, 0.0, 0.0, 0.0, 0.0, 0.0, 0.0, 0.0, 0.0, 0.0, 0.0, 0.0, 0.0, 0.0, 0.0, 0.0, 0.0, 0.0, 0.0, 0.0, 0.0, 0.5, 0.0, 0.0, 0.0, 0.0, 0.0, 0.0, 0.0, 0.0, 0.0, 0.0, 0.5, 0.0, 0.0, 0.0, 0.0, 0.0, 0.0, 0.0, 0.0, 0.0, 0.0, 0.0, 0.0, 0.5, 0.0, 0.0, 0.0, 0.0, 0.0, 0.0, 0.0, 0.0, 0.0, 0.0, 0.0, 0.0, 0.0, 0.0, 0.0, 0.0, 0.0, 0.0, 0.0, 0.0, 0.5, 0.0, 0.0, 0.0, 0.0, 0.0, 0.0, 0.5, 0.0, 0.0, 0.0, 0.0, 0.0, 0.0, 0.0, 0.0, 0.0, 0.0, 0.5, 0.0, 0.0, 0.0, 0.0, 0.0, 0.0, 0.0, 0.0, 0.0, 0.0, 0.0, 0.0, 0.0, 0.5, 0.0, 0.0, 0.0, 0.0, 0.0, 0.0, 0.0, 0.0, 0.0, 0.0, 0.0, 0.0, 0.0, 0.0]
INFO : F1_score=[0.0, 0.0, 0.0, 0.0, 0.0, 0.0, 0.0, 0.0, 0.0, 0.0, 0.0, 0.0, 0.0, 0.0, 0.0, 0.0, 0.0, 0.0, 0.0, 0.0, 0.0, 0.0, 0.0, 0.0, 0.0, 0.0, 0.0, 0.0, 0.0, 0.0, 0.0, 0.0, 0.0, 0.0, 0.0, 0.0, 0.0, 0.0, 0.0, 0.0, 0.0, 0.0, 0.0, 0.0, 0.0, 0.0, 0.0, 0.0, 0.0, 0.0, 0.0, 0.0, 0.0, 0.0, 0.0, 0.0, 0.0, 0.0, 0.25, 0.0, 0.0, 0.0, 0.0, 0.0, 0.0, 0.0, 0.0, 0.0, 0.0, 0.05, 0.0, 0.0, 0.0, 0.0, 0.0, 0.0, 0.0, 0.0, 0.0, 0.0, 0.0, 0.0, 0.1, 0.0, 0.0, 0.0, 0.0, 0.0, 0.0, 0.0, 0.0, 0.0, 0.0, 0.0, 0.0, 0.0, 0.0, 0.0, 0.0, 0.0, 0.0, 0.0, 0.0, 0.03, 0.0, 0.0, 0.0, 0.0, 0.0, 0.0, 0.04, 0.0, 0.0, 0.0, 0.0, 0.0, 0.0, 0.0, 0.0, 0.0, 0.0, 0.25, 0.0, 0.0, 0.0, 0.0, 0.0, 0.0, 0.0, 0.0, 0.0, 0.0, 0.0, 0.0, 0.0, 0.04, 0.0, 0.0, 0.0, 0.0, 0.0, 0.0, 0.0, 0.0, 0.0, 0.0, 0.0, 0.0, 0.0, 0.0]
INFO : Sample: 	 30/ 150 ...
INFO : Sample: 	 60/ 150 ...
INFO : Sample: 	 90/ 150 ...
INFO : Sample: 	 120/ 150 ...
INFO : Sample: 	 150/ 150 ...
INFO : loss=5.0 ; accuracy=0.027
INFO : precision=[0.0, 0.0, 0.0, 0.0, 0.0, 0.0, 0.0, 0.0, 0.0, 0.0, 0.0, 0.0, 0.0, 0.0, 0.0, 0.0, 0.0, 0.0, 0.0, 0.0, 0.0, 0.0, 0.0, 0.0, 0.0, 0.0, 0.0, 1.0, 0.0, 0.0, 0.0, 0.0, 0.0, 0.0, 0.0, 0.0, 0.0, 0.0, 0.0, 0.0, 0.0, 0.0, 0.0, 0.0, 0.0, 0.0, 0.0, 0.0, 0.0, 0.0, 0.0, 0.0, 0.0, 0.0, 0.0, 0.0, 0.0, 0.0, 0.0, 0.0, 0.0, 0.0, 0.0, 0.0, 0.0, 0.0, 0.0, 0.0, 0.0, 0.0, 0.0, 0.0, 0.0, 0.2, 0.0, 0.0, 0.0, 0.0, 0.0, 0.0, 0.0]
Recall=[0.0, 0.0, 0.0, 0.0, 0.0, 0.0, 0.0, 0.0, 0.0, 0.0, 0.0, 0.0, 0.0, 0.0, 0.0, 0.0, 0.0, 0.0, 0.0, 0.0, 0.0, 0.0, 0.0, 0.0, 0.0, 0.0, 0.0, 1.0, 0.0, 0.0, 0.0, 0.0, 0.0, 0.0, 0.0, 0.0, 0.0, 0.0, 0.0, 0.0, 0.0, 0.0, 0.0, 0.0, 0.0, 0.0, 0.0, 0.0, 0.0, 0.0, 0.0, 0.0, 0.0, 0.0, 0.0, 0.0, 0.0, 0.0, 0.0, 0.0, 0.0, 0.0, 0.0, 0.0, 0.0, 0.0, 0.0, 0.0, 0.0, 0.0, 0.0, 0.0, 0.0, 1.0, 0.0, 0.0, 0.0, 0.0, 0.0, 0.0, 0.0]
INFO : F1_score=[0.0, 0.0, 0.0, 0.0, 0.0, 0.0, 0.0, 0.0, 0.0, 0.0, 0.0, 0.0, 0.0, 0.0, 0.0, 0.0, 0.0, 0.0, 0.0, 0.0, 0.0, 0.0, 0.0, 0.0, 0.0, 0.0, 0.0, 1.0, 0.0, 0.0, 0.0, 0.0, 0.0, 0.0, 0.0, 0.0, 0.0, 0.0, 0.0, 0.0, 0.0, 0.0, 0.0, 0.0, 0.0, 0.0, 0.0, 0.0, 0.0, 0.0, 0.0, 0.0, 0.0, 0.0, 0.0, 0.0, 0.0, 0.0, 0.0, 0.0, 0.0, 0.0, 0.0, 0.0, 0.0, 0.0, 0.0, 0.0, 0.0, 0.0, 0.0, 0.0, 0.0, 0.33, 0.0, 0.0, 0.0, 0.0, 0.0, 0.0, 0.0]
INFO : validation_loss=4.996 ; best_validation_loss=5.001
INFO :  ****** Current epoch: 3 ****** 
INFO : Training sample: 	 60/ 300 ...
INFO : Training sample: 	 120/ 300 ...
INFO : Training sample: 	 180/ 300 ...
INFO : Training sample: 	 240/ 300 ...
INFO : Training sample: 	 300/ 300 ...
INFO : loss=4.99 ; accuracy=0.05
INFO : precision=[0.0, 0.0, 0.0, 0.0, 0.0, 0.0, 0.0, 0.0, 0.0, 0.0, 0.0, 0.0, 0.0, 0.0, 0.0, 0.0, 0.0, 0.0, 0.0, 0.0, 0.0, 0.0, 0.0, 0.0, 0.0, 0.0, 0.0, 0.0, 0.0, 0.0, 0.0, 0.0, 0.0, 0.0, 0.0, 0.0, 0.0, 0.0, 0.0, 0.0, 0.0, 0.0, 0.0, 0.0, 0.0, 0.0, 0.0, 0.0, 0.0, 0.0, 0.0, 0.0, 0.0, 0.0, 0.0, 0.0, 0.0, 0.0, 0.2, 0.0, 0.0, 0.0, 0.0, 0.0, 0.0, 0.0, 0.0, 0.0, 0.0, 0.05, 0.0, 0.0, 0.0, 0.0, 0.0, 0.0, 0.0, 0.0, 0.0, 0.0, 0.0, 0.0, 0.05, 0.25, 0.0, 0.0, 0.0, 0.0, 0.0, 0.0, 0.0, 0.0, 0.0, 0.33, 0.0, 0.0, 0.0, 0.0, 0.0, 0.0, 0.0, 0.0, 0.0, 0.03, 0.0, 0.0, 0.0, 0.0, 0.0, 0.0, 0.04, 0.0, 0.0, 0.0, 0.0, 0.0, 0.0, 0.0, 0.0, 0.0, 0.0, 0.2, 0.0, 0.0, 0.0, 0.0, 0.0, 0.2, 0.0, 0.0, 0.0, 0.0, 0.0, 0.0, 0.0, 0.02, 0.0, 0.0, 0.0, 0.0, 0.0, 0.0, 0.0, 0.0, 1.0, 0.0, 0.0, 0.0, 0.0, 0.0]
Recall=[0.0, 0.0, 0.0, 0.0, 0.0, 0.0, 0.0, 0.0, 0.0, 0.0, 0.0, 0.0, 0.0, 0.0, 0.0, 0.0, 0.0, 0.0, 0.0, 0.0, 0.0, 0.0, 0.0, 0.0, 0.0, 0.0, 0.0, 0.0, 0.0, 0.0, 0.0, 0.0, 0.0, 0.0, 0.0, 0.0, 0.0, 0.0, 0.0, 0.0, 0.0, 0.0, 0.0, 0.0, 0.0, 0.0, 0.0, 0.0, 0.0, 0.0, 0.0, 0.0, 0.0, 0.0, 0.0, 0.0, 0.0, 0.0, 0.5, 0.0, 0.0, 0.0, 0.0, 0.0, 0.0, 0.0, 0.0, 0.0, 0.0, 1.0, 0.0, 0.0, 0.0, 0.0, 0.0, 0.0, 0.0, 0.0, 0.0, 0.0, 0.0, 0.0, 0.5, 1.0, 0.0, 0.0, 0.0, 0.0, 0.0, 0.0, 0.0, 0.0, 0.0, 0.5, 0.0, 0.0, 0.0, 0.0, 0.0, 0.0, 0.0, 0.0, 0.0, 1.0, 0.0, 0.0, 0.0, 0.0, 0.0, 0.0, 1.0, 0.0, 0.0, 0.0, 0.0, 0.0, 0.0, 0.0, 0.0, 0.0, 0.0, 0.5, 0.0, 0.0, 0.0, 0.0, 0.0, 0.5, 0.0, 0.0, 0.0, 0.0, 0.0, 0.0, 0.0, 0.5, 0.0, 0.0, 0.0, 0.0, 0.0, 0.0, 0.0, 0.0, 0.5, 0.0, 0.0, 0.0, 0.0, 0.0]
INFO : F1_score=[0.0, 0.0, 0.0, 0.0, 0.0, 0.0, 0.0, 0.0, 0.0, 0.0, 0.0, 0.0, 0.0, 0.0, 0.0, 0.0, 0.0, 0.0, 0.0, 0.0, 0.0, 0.0, 0.0, 0.0, 0.0, 0.0, 0.0, 0.0, 0.0, 0.0, 0.0, 0.0, 0.0, 0.0, 0.0, 0.0, 0.0, 0.0, 0.0, 0.0, 0.0, 0.0, 0.0, 0.0, 0.0, 0.0, 0.0, 0.0, 0.0, 0.0, 0.0, 0.0, 0.0, 0.0, 0.0, 0.0, 0.0, 0.0, 0.29, 0.0, 0.0, 0.0, 0.0, 0.0, 0.0, 0.0, 0.0, 0.0, 0.0, 0.1, 0.0, 0.0, 0.0, 0.0, 0.0, 0.0, 0.0, 0.0, 0.0, 0.0, 0.0, 0.0, 0.09, 0.4, 0.0, 0.0, 0.0, 0.0, 0.0, 0.0, 0.0, 0.0, 0.0, 0.4, 0.0, 0.0, 0.0, 0.0, 0.0, 0.0, 0.0, 0.0, 0.0, 0.06, 0.0, 0.0, 0.0, 0.0, 0.0, 0.0, 0.08, 0.0, 0.0, 0.0, 0.0, 0.0, 0.0, 0.0, 0.0, 0.0, 0.0, 0.29, 0.0, 0.0, 0.0, 0.0, 0.0, 0.29, 0.0, 0.0, 0.0, 0.0, 0.0, 0.0, 0.0, 0.04, 0.0, 0.0, 0.0, 0.0, 0.0, 0.0, 0.0, 0.0, 0.67, 0.0, 0.0, 0.0, 0.0, 0.0]
INFO : Sample: 	 30/ 150 ...
INFO : Sample: 	 60/ 150 ...
INFO : Sample: 	 90/ 150 ...
INFO : Sample: 	 120/ 150 ...
INFO : Sample: 	 150/ 150 ...
INFO : loss=4.99 ; accuracy=0.067
INFO : precision=[0.0, 0.0, 0.0, 0.0, 0.0, 0.0, 0.0, 0.0, 0.0, 0.0, 0.0, 0.0, 0.0, 0.0, 0.0, 0.0, 0.0, 0.0, 0.0, 0.0, 0.0, 0.0, 0.0, 0.0, 0.0, 0.0, 0.0, 1.0, 0.0, 0.0, 0.0, 0.0, 0.0, 0.0, 0.0, 0.0, 0.0, 0.0, 0.0, 0.0, 0.0, 0.0, 0.0, 0.0, 0.0, 0.0, 0.0, 0.0, 0.0, 0.0, 0.0, 0.0, 0.06, 0.0, 0.0, 0.0, 0.0, 0.0, 0.0, 0.0, 0.0, 0.0, 0.0, 0.0, 0.0, 0.0, 0.0, 0.0, 0.5, 0.0, 0.0, 0.0, 0.0, 0.17, 0.0, 0.1, 0.0, 0.0, 0.0, 0.0, 0.0]
Recall=[0.0, 0.0, 0.0, 0.0, 0.0, 0.0, 0.0, 0.0, 0.0, 0.0, 0.0, 0.0, 0.0, 0.0, 0.0, 0.0, 0.0, 0.0, 0.0, 0.0, 0.0, 0.0, 0.0, 0.0, 0.0, 0.0, 0.0, 1.0, 0.0, 0.0, 0.0, 0.0, 0.0, 0.0, 0.0, 0.0, 0.0, 0.0, 0.0, 0.0, 0.0, 0.0, 0.0, 0.0, 0.0, 0.0, 0.0, 0.0, 0.0, 0.0, 0.0, 0.0, 1.0, 0.0, 0.0, 0.0, 0.0, 0.0, 0.0, 0.0, 0.0, 0.0, 0.0, 0.0, 0.0, 0.0, 0.0, 0.0, 1.0, 0.0, 0.0, 0.0, 0.0, 1.0, 0.0, 1.0, 0.0, 0.0, 0.0, 0.0, 0.0]
INFO : F1_score=[0.0, 0.0, 0.0, 0.0, 0.0, 0.0, 0.0, 0.0, 0.0, 0.0, 0.0, 0.0, 0.0, 0.0, 0.0, 0.0, 0.0, 0.0, 0.0, 0.0, 0.0, 0.0, 0.0, 0.0, 0.0, 0.0, 0.0, 1.0, 0.0, 0.0, 0.0, 0.0, 0.0, 0.0, 0.0, 0.0, 0.0, 0.0, 0.0, 0.0, 0.0, 0.0, 0.0, 0.0, 0.0, 0.0, 0.0, 0.0, 0.0, 0.0, 0.0, 0.0, 0.11, 0.0, 0.0, 0.0, 0.0, 0.0, 0.0, 0.0, 0.0, 0.0, 0.0, 0.0, 0.0, 0.0, 0.0, 0.0, 0.67, 0.0, 0.0, 0.0, 0.0, 0.29, 0.0, 0.18, 0.0, 0.0, 0.0, 0.0, 0.0]
INFO : validation_loss=4.99 ; best_validation_loss=4.996
INFO :  ****** Current epoch: 4 ****** 
INFO : Training sample: 	 60/ 300 ...
INFO : Training sample: 	 120/ 300 ...
INFO : Training sample: 	 180/ 300 ...
INFO : Training sample: 	 240/ 300 ...
INFO : Training sample: 	 300/ 300 ...
INFO : loss=4.99 ; accuracy=0.07
INFO : precision=[0.0, 0.0, 0.0, 0.0, 0.0, 0.0, 0.0, 0.0, 0.0, 0.0, 0.0, 0.0, 0.0, 0.0, 0.0, 0.0, 0.0, 0.0, 0.0, 0.0, 0.0, 0.0, 0.0, 0.0, 0.0, 0.0, 0.0, 0.0, 0.0, 0.0, 0.0, 0.0, 0.0, 0.0, 0.0, 0.0, 0.0, 0.0, 0.0, 0.0, 0.0, 0.0, 0.0, 0.0, 0.0, 0.0, 0.0, 0.0, 0.0, 0.0, 0.0, 0.0, 0.0, 0.0, 0.0, 0.0, 0.0, 0.0, 0.29, 0.0, 0.17, 0.0, 0.0, 0.0, 0.0, 0.0, 0.0, 0.0, 0.0, 0.05, 0.0, 0.0, 0.0, 0.0, 0.0, 0.0, 0.0, 0.0, 0.0, 0.0, 0.0, 0.0, 0.05, 0.25, 0.0, 0.0, 0.0, 0.0, 0.0, 0.0, 0.0, 0.0, 0.0, 0.25, 0.0, 0.0, 0.0, 0.0, 0.0, 0.0, 0.0, 0.0, 0.0, 0.04, 0.0, 0.0, 0.0, 0.0, 0.0, 0.0, 0.04, 0.0, 0.0, 0.0, 0.0, 0.0, 0.0, 0.0, 0.0, 0.0, 0.0, 0.14, 0.5, 0.0, 0.0, 0.0, 1.0, 0.17, 0.0, 0.0, 0.0, 0.0, 0.0, 0.05, 0.0, 0.04, 0.0, 0.0, 0.0, 0.0, 0.0, 0.0, 0.0, 0.0, 1.0, 0.0, 0.0, 0.0, 0.0, 0.0]
Recall=[0.0, 0.0, 0.0, 0.0, 0.0, 0.0, 0.0, 0.0, 0.0, 0.0, 0.0, 0.0, 0.0, 0.0, 0.0, 0.0, 0.0, 0.0, 0.0, 0.0, 0.0, 0.0, 0.0, 0.0, 0.0, 0.0, 0.0, 0.0, 0.0, 0.0, 0.0, 0.0, 0.0, 0.0, 0.0, 0.0, 0.0, 0.0, 0.0, 0.0, 0.0, 0.0, 0.0, 0.0, 0.0, 0.0, 0.0, 0.0, 0.0, 0.0, 0.0, 0.0, 0.0, 0.0, 0.0, 0.0, 0.0, 0.0, 1.0, 0.0, 0.5, 0.0, 0.0, 0.0, 0.0, 0.0, 0.0, 0.0, 0.0, 1.0, 0.0, 0.0, 0.0, 0.0, 0.0, 0.0, 0.0, 0.0, 0.0, 0.0, 0.0, 0.0, 0.5, 1.0, 0.0, 0.0, 0.0, 0.0, 0.0, 0.0, 0.0, 0.0, 0.0, 0.5, 0.0, 0.0, 0.0, 0.0, 0.0, 0.0, 0.0, 0.0, 0.0, 1.0, 0.0, 0.0, 0.0, 0.0, 0.0, 0.0, 1.0, 0.0, 0.0, 0.0, 0.0, 0.0, 0.0, 0.0, 0.0, 0.0, 0.0, 0.5, 0.5, 0.0, 0.0, 0.0, 0.5, 0.5, 0.0, 0.0, 0.0, 0.0, 0.0, 0.5, 0.0, 1.0, 0.0, 0.0, 0.0, 0.0, 0.0, 0.0, 0.0, 0.0, 0.5, 0.0, 0.0, 0.0, 0.0, 0.0]
INFO : F1_score=[0.0, 0.0, 0.0, 0.0, 0.0, 0.0, 0.0, 0.0, 0.0, 0.0, 0.0, 0.0, 0.0, 0.0, 0.0, 0.0, 0.0, 0.0, 0.0, 0.0, 0.0, 0.0, 0.0, 0.0, 0.0, 0.0, 0.0, 0.0, 0.0, 0.0, 0.0, 0.0, 0.0, 0.0, 0.0, 0.0, 0.0, 0.0, 0.0, 0.0, 0.0, 0.0, 0.0, 0.0, 0.0, 0.0, 0.0, 0.0, 0.0, 0.0, 0.0, 0.0, 0.0, 0.0, 0.0, 0.0, 0.0, 0.0, 0.44, 0.0, 0.25, 0.0, 0.0, 0.0, 0.0, 0.0, 0.0, 0.0, 0.0, 0.1, 0.0, 0.0, 0.0, 0.0, 0.0, 0.0, 0.0, 0.0, 0.0, 0.0, 0.0, 0.0, 0.09, 0.4, 0.0, 0.0, 0.0, 0.0, 0.0, 0.0, 0.0, 0.0, 0.0, 0.33, 0.0, 0.0, 0.0, 0.0, 0.0, 0.0, 0.0, 0.0, 0.0, 0.07, 0.0, 0.0, 0.0, 0.0, 0.0, 0.0, 0.08, 0.0, 0.0, 0.0, 0.0, 0.0, 0.0, 0.0, 0.0, 0.0, 0.0, 0.22, 0.5, 0.0, 0.0, 0.0, 0.67, 0.25, 0.0, 0.0, 0.0, 0.0, 0.0, 0.08, 0.0, 0.09, 0.0, 0.0, 0.0, 0.0, 0.0, 0.0, 0.0, 0.0, 0.67, 0.0, 0.0, 0.0, 0.0, 0.0]
INFO : Sample: 	 30/ 150 ...
INFO : Sample: 	 60/ 150 ...
INFO : Sample: 	 90/ 150 ...
INFO : Sample: 	 120/ 150 ...
INFO : Sample: 	 150/ 150 ...
INFO : loss=4.99 ; accuracy=0.107
INFO : precision=[0.0, 0.0, 0.0, 0.0, 0.0, 0.0, 0.0, 0.0, 0.0, 0.0, 0.0, 0.0, 0.0, 1.0, 0.0, 0.0, 0.0, 0.0, 0.0, 0.0, 0.0, 0.0, 0.0, 0.0, 0.0, 0.0, 0.0, 0.5, 0.0, 0.0, 0.0, 0.0, 0.0, 0.0, 0.0, 0.0, 0.0, 0.0, 0.0, 0.0, 0.0, 0.25, 0.0, 0.0, 0.0, 0.0, 0.0, 0.0, 0.0, 0.0, 0.0, 0.0, 0.06, 0.0, 0.0, 0.0, 0.0, 0.0, 0.0, 0.0, 0.0, 0.0, 0.0, 1.0, 0.0, 0.0, 0.0, 0.0, 0.5, 0.0, 0.0, 0.0, 0.0, 0.17, 0.0, 0.12, 0.0, 0.0, 0.0, 0.0, 0.0]
Recall=[0.0, 0.0, 0.0, 0.0, 0.0, 0.0, 0.0, 0.0, 0.0, 0.0, 0.0, 0.0, 0.0, 1.0, 0.0, 0.0, 0.0, 0.0, 0.0, 0.0, 0.0, 0.0, 0.0, 0.0, 0.0, 0.0, 0.0, 1.0, 0.0, 0.0, 0.0, 0.0, 0.0, 0.0, 0.0, 0.0, 0.0, 0.0, 0.0, 0.0, 0.0, 1.0, 0.0, 0.0, 0.0, 0.0, 0.0, 0.0, 0.0, 0.0, 0.0, 0.0, 1.0, 0.0, 0.0, 0.0, 0.0, 0.0, 0.0, 0.0, 0.0, 0.0, 0.0, 1.0, 0.0, 0.0, 0.0, 0.0, 1.0, 0.0, 0.0, 0.0, 0.0, 1.0, 0.0, 1.0, 0.0, 0.0, 0.0, 0.0, 0.0]
INFO : F1_score=[0.0, 0.0, 0.0, 0.0, 0.0, 0.0, 0.0, 0.0, 0.0, 0.0, 0.0, 0.0, 0.0, 1.0, 0.0, 0.0, 0.0, 0.0, 0.0, 0.0, 0.0, 0.0, 0.0, 0.0, 0.0, 0.0, 0.0, 0.67, 0.0, 0.0, 0.0, 0.0, 0.0, 0.0, 0.0, 0.0, 0.0, 0.0, 0.0, 0.0, 0.0, 0.4, 0.0, 0.0, 0.0, 0.0, 0.0, 0.0, 0.0, 0.0, 0.0, 0.0, 0.12, 0.0, 0.0, 0.0, 0.0, 0.0, 0.0, 0.0, 0.0, 0.0, 0.0, 1.0, 0.0, 0.0, 0.0, 0.0, 0.67, 0.0, 0.0, 0.0, 0.0, 0.29, 0.0, 0.22, 0.0, 0.0, 0.0, 0.0, 0.0]
INFO : validation_loss=4.985 ; best_validation_loss=4.99
INFO :  ****** Current epoch: 5 ****** 
INFO : Training sample: 	 60/ 300 ...
INFO : Training sample: 	 120/ 300 ...
INFO : Training sample: 	 180/ 300 ...
INFO : Training sample: 	 240/ 300 ...
INFO : Training sample: 	 300/ 300 ...
INFO : loss=4.98 ; accuracy=0.09
INFO : precision=[0.0, 0.0, 0.0, 0.0, 0.0, 0.0, 0.0, 0.0, 0.0, 0.0, 0.0, 0.0, 0.0, 0.0, 0.0, 0.0, 0.0, 0.0, 0.0, 0.0, 0.0, 0.0, 0.0, 0.0, 0.0, 0.0, 0.0, 0.0, 0.0, 0.0, 1.0, 0.0, 0.0, 0.0, 0.0, 0.0, 0.0, 0.0, 0.0, 0.0, 0.0, 0.0, 0.0, 0.0, 0.0, 0.0, 0.0, 0.0, 0.0, 0.0, 0.0, 0.0, 0.0, 0.0, 0.0, 0.0, 0.0, 0.0, 0.25, 0.0, 0.14, 0.0, 0.0, 0.0, 0.0, 0.0, 0.0, 0.0, 0.0, 0.07, 0.0, 0.0, 0.0, 0.0, 0.0, 0.0, 0.0, 0.0, 0.0, 0.0, 0.0, 0.0, 0.05, 0.2, 0.0, 0.0, 0.0, 0.0, 0.0, 0.0, 0.0, 1.0, 0.0, 0.33, 0.0, 0.0, 0.0, 0.0, 0.0, 0.0, 0.0, 0.0, 0.0, 0.03, 0.0, 0.0, 0.0, 0.0, 0.0, 0.0, 0.04, 0.0, 0.0, 0.0, 0.0, 0.0, 0.0, 0.29, 0.0, 0.0, 0.0, 0.17, 0.5, 0.0, 0.0, 0.5, 1.0, 0.2, 0.0, 0.0, 0.0, 0.0, 0.0, 0.05, 0.0, 0.05, 0.0, 0.0, 0.0, 0.0, 0.0, 0.0, 0.0, 0.0, 1.0, 0.0, 0.0, 0.0, 0.0, 0.0]
Recall=[0.0, 0.0, 0.0, 0.0, 0.0, 0.0, 0.0, 0.0, 0.0, 0.0, 0.0, 0.0, 0.0, 0.0, 0.0, 0.0, 0.0, 0.0, 0.0, 0.0, 0.0, 0.0, 0.0, 0.0, 0.0, 0.0, 0.0, 0.0, 0.0, 0.0, 0.5, 0.0, 0.0, 0.0, 0.0, 0.0, 0.0, 0.0, 0.0, 0.0, 0.0, 0.0, 0.0, 0.0, 0.0, 0.0, 0.0, 0.0, 0.0, 0.0, 0.0, 0.0, 0.0, 0.0, 0.0, 0.0, 0.0, 0.0, 1.0, 0.0, 0.5, 0.0, 0.0, 0.0, 0.0, 0.0, 0.0, 0.0, 0.0, 1.0, 0.0, 0.0, 0.0, 0.0, 0.0, 0.0, 0.0, 0.0, 0.0, 0.0, 0.0, 0.0, 0.5, 1.0, 0.0, 0.0, 0.0, 0.0, 0.0, 0.0, 0.0, 0.5, 0.0, 1.0, 0.0, 0.0, 0.0, 0.0, 0.0, 0.0, 0.0, 0.0, 0.0, 1.0, 0.0, 0.0, 0.0, 0.0, 0.0, 0.0, 1.0, 0.0, 0.0, 0.0, 0.0, 0.0, 0.0, 1.0, 0.0, 0.0, 0.0, 0.5, 0.5, 0.0, 0.0, 0.5, 0.5, 0.5, 0.0, 0.0, 0.0, 0.0, 0.0, 0.5, 0.0, 1.0, 0.0, 0.0, 0.0, 0.0, 0.0, 0.0, 0.0, 0.0, 0.5, 0.0, 0.0, 0.0, 0.0, 0.0]
INFO : F1_score=[0.0, 0.0, 0.0, 0.0, 0.0, 0.0, 0.0, 0.0, 0.0, 0.0, 0.0, 0.0, 0.0, 0.0, 0.0, 0.0, 0.0, 0.0, 0.0, 0.0, 0.0, 0.0, 0.0, 0.0, 0.0, 0.0, 0.0, 0.0, 0.0, 0.0, 0.67, 0.0, 0.0, 0.0, 0.0, 0.0, 0.0, 0.0, 0.0, 0.0, 0.0, 0.0, 0.0, 0.0, 0.0, 0.0, 0.0, 0.0, 0.0, 0.0, 0.0, 0.0, 0.0, 0.0, 0.0, 0.0, 0.0, 0.0, 0.4, 0.0, 0.22, 0.0, 0.0, 0.0, 0.0, 0.0, 0.0, 0.0, 0.0, 0.12, 0.0, 0.0, 0.0, 0.0, 0.0, 0.0, 0.0, 0.0, 0.0, 0.0, 0.0, 0.0, 0.08, 0.33, 0.0, 0.0, 0.0, 0.0, 0.0, 0.0, 0.0, 0.67, 0.0, 0.5, 0.0, 0.0, 0.0, 0.0, 0.0, 0.0, 0.0, 0.0, 0.0, 0.07, 0.0, 0.0, 0.0, 0.0, 0.0, 0.0, 0.08, 0.0, 0.0, 0.0, 0.0, 0.0, 0.0, 0.44, 0.0, 0.0, 0.0, 0.25, 0.5, 0.0, 0.0, 0.5, 0.67, 0.29, 0.0, 0.0, 0.0, 0.0, 0.0, 0.09, 0.0, 0.09, 0.0, 0.0, 0.0, 0.0, 0.0, 0.0, 0.0, 0.0, 0.67, 0.0, 0.0, 0.0, 0.0, 0.0]
INFO : Sample: 	 30/ 150 ...
INFO : Sample: 	 60/ 150 ...
INFO : Sample: 	 90/ 150 ...
INFO : Sample: 	 120/ 150 ...
INFO : Sample: 	 150/ 150 ...
INFO : loss=4.98 ; accuracy=0.147
INFO : precision=[0.0, 0.0, 0.0, 0.0, 0.0, 0.0, 0.0, 0.0, 0.0, 0.0, 0.0, 0.0, 0.0, 1.0, 0.0, 0.0, 0.0, 0.0, 0.0, 0.0, 0.0, 0.0, 0.0, 0.0, 1.0, 0.0, 0.0, 0.5, 0.0, 0.0, 0.0, 0.0, 0.0, 0.0, 0.0, 0.0, 0.0, 0.0, 0.0, 0.0, 0.0, 0.0, 0.25, 0.0, 0.0, 0.0, 1.0, 0.0, 0.0, 0.0, 0.0, 0.0, 0.0, 0.0, 0.0, 0.07, 0.0, 0.0, 0.0, 0.0, 0.0, 0.0, 0.0, 0.0, 0.0, 0.5, 0.5, 0.0, 0.0, 0.0, 0.5, 0.0, 0.0, 0.0, 0.0, 0.17, 0.0, 0.17, 0.0, 0.0, 0.0, 0.0, 0.0]
Recall=[0.0, 0.0, 0.0, 0.0, 0.0, 0.0, 0.0, 0.0, 0.0, 0.0, 0.0, 0.0, 0.0, 1.0, 0.0, 0.0, 0.0, 0.0, 0.0, 0.0, 0.0, 0.0, 0.0, 0.0, 1.0, 0.0, 0.0, 1.0, 0.0, 0.0, 0.0, 0.0, 0.0, 0.0, 0.0, 0.0, 0.0, 0.0, 0.0, 0.0, 0.0, 0.0, 1.0, 0.0, 0.0, 0.0, 1.0, 0.0, 0.0, 0.0, 0.0, 0.0, 0.0, 0.0, 0.0, 1.0, 0.0, 0.0, 0.0, 0.0, 0.0, 0.0, 0.0, 0.0, 0.0, 1.0, 1.0, 0.0, 0.0, 0.0, 1.0, 0.0, 0.0, 0.0, 0.0, 1.0, 0.0, 1.0, 0.0, 0.0, 0.0, 0.0, 0.0]
INFO : F1_score=[0.0, 0.0, 0.0, 0.0, 0.0, 0.0, 0.0, 0.0, 0.0, 0.0, 0.0, 0.0, 0.0, 1.0, 0.0, 0.0, 0.0, 0.0, 0.0, 0.0, 0.0, 0.0, 0.0, 0.0, 1.0, 0.0, 0.0, 0.67, 0.0, 0.0, 0.0, 0.0, 0.0, 0.0, 0.0, 0.0, 0.0, 0.0, 0.0, 0.0, 0.0, 0.0, 0.4, 0.0, 0.0, 0.0, 1.0, 0.0, 0.0, 0.0, 0.0, 0.0, 0.0, 0.0, 0.0, 0.13, 0.0, 0.0, 0.0, 0.0, 0.0, 0.0, 0.0, 0.0, 0.0, 0.67, 0.67, 0.0, 0.0, 0.0, 0.67, 0.0, 0.0, 0.0, 0.0, 0.29, 0.0, 0.29, 0.0, 0.0, 0.0, 0.0, 0.0]
INFO : validation_loss=4.98 ; best_validation_loss=4.985
INFO :  ****** Current epoch: 6 ****** 
INFO : Training sample: 	 60/ 300 ...
INFO : Training sample: 	 120/ 300 ...
INFO : Training sample: 	 180/ 300 ...
INFO : Training sample: 	 240/ 300 ...
INFO : Training sample: 	 300/ 300 ...
INFO : loss=4.97 ; accuracy=0.13
INFO : precision=[0.0, 0.0, 0.0, 0.0, 0.0, 0.0, 0.4, 0.0, 0.2, 0.0, 0.0, 0.0, 0.0, 0.0, 0.0, 0.0, 0.0, 0.0, 0.0, 0.0, 0.0, 0.0, 0.2, 0.5, 0.0, 0.0, 0.0, 0.0, 0.0, 0.0, 1.0, 0.0, 0.0, 0.0, 0.0, 0.0, 0.0, 0.0, 0.0, 0.0, 0.0, 0.0, 0.0, 0.0, 1.0, 0.0, 0.0, 0.0, 0.0, 0.0, 0.33, 0.0, 0.0, 0.0, 0.0, 0.0, 0.0, 0.0, 0.22, 0.0, 0.25, 0.0, 0.0, 0.0, 0.0, 0.0, 0.0, 0.0, 0.0, 0.07, 0.0, 0.0, 0.0, 0.0, 0.0, 0.0, 0.0, 0.0, 0.0, 0.0, 0.0, 0.0, 0.04, 0.2, 0.0, 0.0, 0.0, 0.0, 0.0, 0.0, 0.0, 1.0, 0.0, 0.33, 0.0, 0.0, 0.0, 0.0, 0.0, 0.0, 0.0, 0.0, 0.0, 0.04, 0.0, 0.0, 0.0, 0.0, 0.0, 0.0, 0.04, 1.0, 0.0, 0.0, 0.0, 0.0, 0.0, 0.29, 0.0, 0.0, 0.0, 0.25, 1.0, 0.0, 0.0, 0.33, 1.0, 0.2, 0.0, 0.0, 0.0, 0.0, 0.0, 0.05, 0.0, 0.06, 0.0, 0.0, 0.0, 0.0, 0.0, 0.0, 0.0, 0.0, 1.0, 0.0, 0.0, 0.0, 0.0, 0.0]
Recall=[0.0, 0.0, 0.0, 0.0, 0.0, 0.0, 1.0, 0.0, 0.5, 0.0, 0.0, 0.0, 0.0, 0.0, 0.0, 0.0, 0.0, 0.0, 0.0, 0.0, 0.0, 0.0, 0.5, 0.5, 0.0, 0.0, 0.0, 0.0, 0.0, 0.0, 1.0, 0.0, 0.0, 0.0, 0.0, 0.0, 0.0, 0.0, 0.0, 0.0, 0.0, 0.0, 0.0, 0.0, 0.5, 0.0, 0.0, 0.0, 0.0, 0.0, 0.5, 0.0, 0.0, 0.0, 0.0, 0.0, 0.0, 0.0, 1.0, 0.0, 1.0, 0.0, 0.0, 0.0, 0.0, 0.0, 0.0, 0.0, 0.0, 1.0, 0.0, 0.0, 0.0, 0.0, 0.0, 0.0, 0.0, 0.0, 0.0, 0.0, 0.0, 0.0, 0.5, 1.0, 0.0, 0.0, 0.0, 0.0, 0.0, 0.0, 0.0, 0.5, 0.0, 1.0, 0.0, 0.0, 0.0, 0.0, 0.0, 0.0, 0.0, 0.0, 0.0, 1.0, 0.0, 0.0, 0.0, 0.0, 0.0, 0.0, 1.0, 0.5, 0.0, 0.0, 0.0, 0.0, 0.0, 1.0, 0.0, 0.0, 0.0, 1.0, 1.0, 0.0, 0.0, 0.5, 0.5, 0.5, 0.0, 0.0, 0.0, 0.0, 0.0, 0.5, 0.0, 1.0, 0.0, 0.0, 0.0, 0.0, 0.0, 0.0, 0.0, 0.0, 0.5, 0.0, 0.0, 0.0, 0.0, 0.0]
INFO : F1_score=[0.0, 0.0, 0.0, 0.0, 0.0, 0.0, 0.57, 0.0, 0.29, 0.0, 0.0, 0.0, 0.0, 0.0, 0.0, 0.0, 0.0, 0.0, 0.0, 0.0, 0.0, 0.0, 0.29, 0.5, 0.0, 0.0, 0.0, 0.0, 0.0, 0.0, 1.0, 0.0, 0.0, 0.0, 0.0, 0.0, 0.0, 0.0, 0.0, 0.0, 0.0, 0.0, 0.0, 0.0, 0.67, 0.0, 0.0, 0.0, 0.0, 0.0, 0.4, 0.0, 0.0, 0.0, 0.0, 0.0, 0.0, 0.0, 0.36, 0.0, 0.4, 0.0, 0.0, 0.0, 0.0, 0.0, 0.0, 0.0, 0.0, 0.13, 0.0, 0.0, 0.0, 0.0, 0.0, 0.0, 0.0, 0.0, 0.0, 0.0, 0.0, 0.0, 0.08, 0.33, 0.0, 0.0, 0.0, 0.0, 0.0, 0.0, 0.0, 0.67, 0.0, 0.5, 0.0, 0.0, 0.0, 0.0, 0.0, 0.0, 0.0, 0.0, 0.0, 0.07, 0.0, 0.0, 0.0, 0.0, 0.0, 0.0, 0.08, 0.67, 0.0, 0.0, 0.0, 0.0, 0.0, 0.44, 0.0, 0.0, 0.0, 0.4, 1.0, 0.0, 0.0, 0.4, 0.67, 0.29, 0.0, 0.0, 0.0, 0.0, 0.0, 0.1, 0.0, 0.11, 0.0, 0.0, 0.0, 0.0, 0.0, 0.0, 0.0, 0.0, 0.67, 0.0, 0.0, 0.0, 0.0, 0.0]
INFO : Sample: 	 30/ 150 ...
INFO : Sample: 	 60/ 150 ...
INFO : Sample: 	 90/ 150 ...
INFO : Sample: 	 120/ 150 ...
INFO : Sample: 	 150/ 150 ...
INFO : loss=4.97 ; accuracy=0.16
INFO : precision=[0.0, 0.0, 0.0, 0.0, 0.0, 0.0, 0.0, 0.0, 0.0, 0.0, 0.0, 0.0, 0.0, 1.0, 0.0, 0.0, 0.0, 0.0, 0.0, 0.0, 0.0, 0.0, 0.0, 1.0, 0.0, 0.0, 0.33, 0.0, 0.0, 0.0, 0.0, 0.0, 0.0, 0.0, 0.0, 0.0, 0.0, 0.0, 0.0, 0.0, 0.0, 0.25, 0.0, 0.0, 0.0, 1.0, 0.0, 0.0, 0.0, 0.0, 0.0, 0.0, 0.0, 0.0, 0.07, 0.0, 0.0, 0.0, 0.0, 0.0, 0.0, 0.0, 0.0, 0.0, 0.5, 0.5, 0.0, 1.0, 0.0, 0.5, 0.0, 0.0, 0.0, 0.0, 0.17, 0.0, 0.17, 0.0, 0.0, 0.0, 0.0, 0.0]
Recall=[0.0, 0.0, 0.0, 0.0, 0.0, 0.0, 0.0, 0.0, 0.0, 0.0, 0.0, 0.0, 0.0, 1.0, 0.0, 0.0, 0.0, 0.0, 0.0, 0.0, 0.0, 0.0, 0.0, 1.0, 0.0, 0.0, 1.0, 0.0, 0.0, 0.0, 0.0, 0.0, 0.0, 0.0, 0.0, 0.0, 0.0, 0.0, 0.0, 0.0, 0.0, 1.0, 0.0, 0.0, 0.0, 1.0, 0.0, 0.0, 0.0, 0.0, 0.0, 0.0, 0.0, 0.0, 1.0, 0.0, 0.0, 0.0, 0.0, 0.0, 0.0, 0.0, 0.0, 0.0, 1.0, 1.0, 0.0, 1.0, 0.0, 1.0, 0.0, 0.0, 0.0, 0.0, 1.0, 0.0, 1.0, 0.0, 0.0, 0.0, 0.0, 0.0]
INFO : F1_score=[0.0, 0.0, 0.0, 0.0, 0.0, 0.0, 0.0, 0.0, 0.0, 0.0, 0.0, 0.0, 0.0, 1.0, 0.0, 0.0, 0.0, 0.0, 0.0, 0.0, 0.0, 0.0, 0.0, 1.0, 0.0, 0.0, 0.5, 0.0, 0.0, 0.0, 0.0, 0.0, 0.0, 0.0, 0.0, 0.0, 0.0, 0.0, 0.0, 0.0, 0.0, 0.4, 0.0, 0.0, 0.0, 1.0, 0.0, 0.0, 0.0, 0.0, 0.0, 0.0, 0.0, 0.0, 0.13, 0.0, 0.0, 0.0, 0.0, 0.0, 0.0, 0.0, 0.0, 0.0, 0.67, 0.67, 0.0, 1.0, 0.0, 0.67, 0.0, 0.0, 0.0, 0.0, 0.29, 0.0, 0.29, 0.0, 0.0, 0.0, 0.0, 0.0]
INFO : validation_loss=4.974 ; best_validation_loss=4.98
INFO :  ****** Current epoch: 7 ****** 
INFO : Training sample: 	 60/ 300 ...
INFO : Training sample: 	 120/ 300 ...
INFO : Training sample: 	 180/ 300 ...
INFO : Training sample: 	 240/ 300 ...
INFO : Training sample: 	 300/ 300 ...
INFO : loss=4.96 ; accuracy=0.173
INFO : precision=[0.0, 0.0, 0.0, 0.0, 0.0, 0.0, 0.5, 0.0, 0.25, 0.0, 0.0, 0.0, 0.0, 0.0, 0.0, 0.0, 0.0, 0.0, 0.0, 0.0, 0.0, 0.0, 0.5, 0.4, 0.0, 0.0, 0.0, 0.0, 0.0, 0.0, 0.5, 0.0, 0.0, 0.0, 0.0, 0.0, 0.0, 0.0, 0.0, 0.0, 0.0, 0.0, 0.0, 0.0, 1.0, 0.0, 0.0, 0.0, 0.0, 0.0, 0.33, 0.0, 0.0, 1.0, 0.0, 0.0, 0.0, 0.0, 0.25, 0.0, 0.25, 0.0, 0.0, 0.0, 0.0, 0.0, 0.0, 0.0, 0.0, 0.08, 0.0, 0.0, 0.0, 0.0, 0.0, 0.0, 0.0, 0.0, 0.0, 0.0, 0.0, 0.0, 0.08, 0.18, 0.0, 0.0, 0.0, 0.0, 0.0, 0.0, 0.0, 1.0, 0.22, 0.29, 0.0, 1.0, 0.0, 0.0, 0.0, 0.0, 0.0, 0.0, 0.0, 0.04, 0.0, 0.0, 0.0, 1.0, 0.0, 0.0, 0.04, 1.0, 0.0, 0.0, 0.0, 0.0, 0.0, 0.29, 0.0, 0.0, 0.0, 0.22, 1.0, 0.0, 0.0, 0.5, 1.0, 0.4, 0.0, 0.0, 0.0, 0.0, 0.0, 0.06, 0.0, 0.06, 0.0, 0.0, 0.0, 0.0, 0.0, 0.0, 0.0, 0.0, 1.0, 0.0, 0.0, 0.0, 0.0, 0.0]
Recall=[0.0, 0.0, 0.0, 0.0, 0.0, 0.0, 1.0, 0.0, 0.5, 0.0, 0.0, 0.0, 0.0, 0.0, 0.0, 0.0, 0.0, 0.0, 0.0, 0.0, 0.0, 0.0, 1.0, 1.0, 0.0, 0.0, 0.0, 0.0, 0.0, 0.0, 1.0, 0.0, 0.0, 0.0, 0.0, 0.0, 0.0, 0.0, 0.0, 0.0, 0.0, 0.0, 0.0, 0.0, 1.0, 0.0, 0.0, 0.0, 0.0, 0.0, 0.5, 0.0, 0.0, 0.5, 0.0, 0.0, 0.0, 0.0, 1.0, 0.0, 1.0, 0.0, 0.0, 0.0, 0.0, 0.0, 0.0, 0.0, 0.0, 1.0, 0.0, 0.0, 0.0, 0.0, 0.0, 0.0, 0.0, 0.0, 0.0, 0.0, 0.0, 0.0, 1.0, 1.0, 0.0, 0.0, 0.0, 0.0, 0.0, 0.0, 0.0, 1.0, 1.0, 1.0, 0.0, 0.5, 0.0, 0.0, 0.0, 0.0, 0.0, 0.0, 0.0, 1.0, 0.0, 0.0, 0.0, 0.5, 0.0, 0.0, 1.0, 0.5, 0.0, 0.0, 0.0, 0.0, 0.0, 1.0, 0.0, 0.0, 0.0, 1.0, 1.0, 0.0, 0.0, 1.0, 0.5, 1.0, 0.0, 0.0, 0.0, 0.0, 0.0, 0.5, 0.0, 1.0, 0.0, 0.0, 0.0, 0.0, 0.0, 0.0, 0.0, 0.0, 1.0, 0.0, 0.0, 0.0, 0.0, 0.0]
INFO : F1_score=[0.0, 0.0, 0.0, 0.0, 0.0, 0.0, 0.67, 0.0, 0.33, 0.0, 0.0, 0.0, 0.0, 0.0, 0.0, 0.0, 0.0, 0.0, 0.0, 0.0, 0.0, 0.0, 0.67, 0.57, 0.0, 0.0, 0.0, 0.0, 0.0, 0.0, 0.67, 0.0, 0.0, 0.0, 0.0, 0.0, 0.0, 0.0, 0.0, 0.0, 0.0, 0.0, 0.0, 0.0, 1.0, 0.0, 0.0, 0.0, 0.0, 0.0, 0.4, 0.0, 0.0, 0.67, 0.0, 0.0, 0.0, 0.0, 0.4, 0.0, 0.4, 0.0, 0.0, 0.0, 0.0, 0.0, 0.0, 0.0, 0.0, 0.15, 0.0, 0.0, 0.0, 0.0, 0.0, 0.0, 0.0, 0.0, 0.0, 0.0, 0.0, 0.0, 0.15, 0.31, 0.0, 0.0, 0.0, 0.0, 0.0, 0.0, 0.0, 1.0, 0.36, 0.44, 0.0, 0.67, 0.0, 0.0, 0.0, 0.0, 0.0, 0.0, 0.0, 0.08, 0.0, 0.0, 0.0, 0.67, 0.0, 0.0, 0.08, 0.67, 0.0, 0.0, 0.0, 0.0, 0.0, 0.44, 0.0, 0.0, 0.0, 0.36, 1.0, 0.0, 0.0, 0.67, 0.67, 0.57, 0.0, 0.0, 0.0, 0.0, 0.0, 0.11, 0.0, 0.12, 0.0, 0.0, 0.0, 0.0, 0.0, 0.0, 0.0, 0.0, 1.0, 0.0, 0.0, 0.0, 0.0, 0.0]
INFO : Sample: 	 30/ 150 ...
INFO : Sample: 	 60/ 150 ...
INFO : Sample: 	 90/ 150 ...
INFO : Sample: 	 120/ 150 ...
INFO : Sample: 	 150/ 150 ...
INFO : loss=4.97 ; accuracy=0.173
INFO : precision=[0.0, 0.0, 0.0, 0.0, 0.0, 0.0, 0.0, 0.0, 0.0, 0.5, 0.0, 0.0, 0.0, 0.33, 0.0, 0.0, 0.0, 0.0, 0.0, 0.0, 0.0, 0.0, 0.0, 1.0, 0.0, 0.0, 0.33, 0.0, 0.0, 0.0, 0.0, 0.0, 0.0, 0.0, 0.0, 0.0, 0.0, 0.0, 0.0, 0.0, 0.0, 0.25, 0.0, 0.0, 0.0, 1.0, 0.0, 0.0, 0.0, 0.0, 0.0, 0.0, 0.0, 0.0, 0.1, 0.0, 0.0, 0.0, 0.0, 0.0, 0.0, 0.0, 0.0, 0.0, 0.5, 0.5, 0.0, 1.0, 0.0, 0.33, 0.0, 0.0, 0.0, 0.0, 0.2, 0.0, 0.2, 0.0, 0.0, 0.0, 0.0, 0.0]
Recall=[0.0, 0.0, 0.0, 0.0, 0.0, 0.0, 0.0, 0.0, 0.0, 1.0, 0.0, 0.0, 0.0, 1.0, 0.0, 0.0, 0.0, 0.0, 0.0, 0.0, 0.0, 0.0, 0.0, 1.0, 0.0, 0.0, 1.0, 0.0, 0.0, 0.0, 0.0, 0.0, 0.0, 0.0, 0.0, 0.0, 0.0, 0.0, 0.0, 0.0, 0.0, 1.0, 0.0, 0.0, 0.0, 1.0, 0.0, 0.0, 0.0, 0.0, 0.0, 0.0, 0.0, 0.0, 1.0, 0.0, 0.0, 0.0, 0.0, 0.0, 0.0, 0.0, 0.0, 0.0, 1.0, 1.0, 0.0, 1.0, 0.0, 1.0, 0.0, 0.0, 0.0, 0.0, 1.0, 0.0, 1.0, 0.0, 0.0, 0.0, 0.0, 0.0]
INFO : F1_score=[0.0, 0.0, 0.0, 0.0, 0.0, 0.0, 0.0, 0.0, 0.0, 0.67, 0.0, 0.0, 0.0, 0.5, 0.0, 0.0, 0.0, 0.0, 0.0, 0.0, 0.0, 0.0, 0.0, 1.0, 0.0, 0.0, 0.5, 0.0, 0.0, 0.0, 0.0, 0.0, 0.0, 0.0, 0.0, 0.0, 0.0, 0.0, 0.0, 0.0, 0.0, 0.4, 0.0, 0.0, 0.0, 1.0, 0.0, 0.0, 0.0, 0.0, 0.0, 0.0, 0.0, 0.0, 0.18, 0.0, 0.0, 0.0, 0.0, 0.0, 0.0, 0.0, 0.0, 0.0, 0.67, 0.67, 0.0, 1.0, 0.0, 0.5, 0.0, 0.0, 0.0, 0.0, 0.33, 0.0, 0.33, 0.0, 0.0, 0.0, 0.0, 0.0]
INFO : validation_loss=4.968 ; best_validation_loss=4.974
INFO :  ****** Current epoch: 8 ****** 
INFO : Training sample: 	 60/ 300 ...
INFO : Training sample: 	 120/ 300 ...
INFO : Training sample: 	 180/ 300 ...
INFO : Training sample: 	 240/ 300 ...
INFO : Training sample: 	 300/ 300 ...
INFO : loss=4.95 ; accuracy=0.213
INFO : precision=[1.0, 0.0, 0.0, 1.0, 0.0, 0.0, 0.5, 0.0, 0.25, 0.0, 0.0, 0.0, 0.0, 0.0, 0.5, 0.0, 0.0, 0.0, 1.0, 0.0, 0.0, 0.0, 0.5, 0.5, 0.0, 0.0, 0.0, 0.0, 0.0, 0.0, 0.4, 0.0, 0.0, 0.0, 0.0, 0.0, 0.0, 0.0, 0.0, 0.0, 0.0, 0.0, 0.0, 0.0, 0.67, 0.0, 0.0, 0.0, 0.0, 0.0, 0.5, 0.0, 0.0, 1.0, 0.0, 0.0, 0.0, 0.0, 0.22, 0.0, 0.2, 0.0, 0.0, 0.0, 0.0, 0.0, 0.0, 0.0, 0.0, 0.1, 0.0, 0.0, 1.0, 1.0, 0.0, 0.0, 0.0, 0.0, 0.0, 0.0, 0.0, 0.0, 0.08, 0.18, 0.0, 0.0, 0.0, 1.0, 0.0, 0.0, 0.0, 0.67, 0.25, 0.2, 0.0, 1.0, 0.0, 0.0, 0.0, 0.0, 0.0, 0.0, 0.0, 0.05, 0.0, 0.0, 0.0, 1.0, 0.0, 0.0, 0.04, 1.0, 0.0, 0.0, 0.0, 0.0, 0.0, 0.29, 0.0, 0.0, 1.0, 0.22, 0.67, 0.0, 0.0, 0.4, 1.0, 0.5, 0.0, 1.0, 0.0, 0.0, 0.0, 0.07, 0.0, 0.08, 0.0, 0.0, 1.0, 0.0, 0.0, 0.0, 0.0, 0.0, 1.0, 0.0, 0.0, 0.0, 0.0, 0.0]
Recall=[0.5, 0.0, 0.0, 0.5, 0.0, 0.0, 1.0, 0.0, 0.5, 0.0, 0.0, 0.0, 0.0, 0.0, 0.5, 0.0, 0.0, 0.0, 0.5, 0.0, 0.0, 0.0, 1.0, 1.0, 0.0, 0.0, 0.0, 0.0, 0.0, 0.0, 1.0, 0.0, 0.0, 0.0, 0.0, 0.0, 0.0, 0.0, 0.0, 0.0, 0.0, 0.0, 0.0, 0.0, 1.0, 0.0, 0.0, 0.0, 0.0, 0.0, 0.5, 0.0, 0.0, 0.5, 0.0, 0.0, 0.0, 0.0, 1.0, 0.0, 1.0, 0.0, 0.0, 0.0, 0.0, 0.0, 0.0, 0.0, 0.0, 1.0, 0.0, 0.0, 0.5, 0.5, 0.0, 0.0, 0.0, 0.0, 0.0, 0.0, 0.0, 0.0, 1.0, 1.0, 0.0, 0.0, 0.0, 0.5, 0.0, 0.0, 0.0, 1.0, 1.0, 1.0, 0.0, 0.5, 0.0, 0.0, 0.0, 0.0, 0.0, 0.0, 0.0, 1.0, 0.0, 0.0, 0.0, 1.0, 0.0, 0.0, 1.0, 1.0, 0.0, 0.0, 0.0, 0.0, 0.0, 1.0, 0.0, 0.0, 0.5, 1.0, 1.0, 0.0, 0.0, 1.0, 0.5, 1.0, 0.0, 0.5, 0.0, 0.0, 0.0, 0.5, 0.0, 1.0, 0.0, 0.0, 0.5, 0.0, 0.0, 0.0, 0.0, 0.0, 1.0, 0.0, 0.0, 0.0, 0.0, 0.0]
INFO : F1_score=[0.67, 0.0, 0.0, 0.67, 0.0, 0.0, 0.67, 0.0, 0.33, 0.0, 0.0, 0.0, 0.0, 0.0, 0.5, 0.0, 0.0, 0.0, 0.67, 0.0, 0.0, 0.0, 0.67, 0.67, 0.0, 0.0, 0.0, 0.0, 0.0, 0.0, 0.57, 0.0, 0.0, 0.0, 0.0, 0.0, 0.0, 0.0, 0.0, 0.0, 0.0, 0.0, 0.0, 0.0, 0.8, 0.0, 0.0, 0.0, 0.0, 0.0, 0.5, 0.0, 0.0, 0.67, 0.0, 0.0, 0.0, 0.0, 0.36, 0.0, 0.33, 0.0, 0.0, 0.0, 0.0, 0.0, 0.0, 0.0, 0.0, 0.17, 0.0, 0.0, 0.67, 0.67, 0.0, 0.0, 0.0, 0.0, 0.0, 0.0, 0.0, 0.0, 0.15, 0.31, 0.0, 0.0, 0.0, 0.67, 0.0, 0.0, 0.0, 0.8, 0.4, 0.33, 0.0, 0.67, 0.0, 0.0, 0.0, 0.0, 0.0, 0.0, 0.0, 0.09, 0.0, 0.0, 0.0, 1.0, 0.0, 0.0, 0.08, 1.0, 0.0, 0.0, 0.0, 0.0, 0.0, 0.44, 0.0, 0.0, 0.67, 0.36, 0.8, 0.0, 0.0, 0.57, 0.67, 0.67, 0.0, 0.67, 0.0, 0.0, 0.0, 0.12, 0.0, 0.14, 0.0, 0.0, 0.67, 0.0, 0.0, 0.0, 0.0, 0.0, 1.0, 0.0, 0.0, 0.0, 0.0, 0.0]
INFO : Sample: 	 30/ 150 ...
INFO : Sample: 	 60/ 150 ...
INFO : Sample: 	 90/ 150 ...
INFO : Sample: 	 120/ 150 ...
INFO : Sample: 	 150/ 150 ...
INFO : loss=4.96 ; accuracy=0.187
INFO : precision=[0.0, 0.0, 0.0, 0.0, 0.0, 0.0, 0.0, 0.0, 0.0, 0.0, 0.5, 0.0, 0.0, 0.0, 0.33, 0.0, 0.0, 0.0, 0.0, 0.0, 0.0, 0.0, 0.0, 0.0, 1.0, 0.0, 0.0, 0.33, 0.0, 0.0, 0.0, 0.0, 0.0, 0.0, 0.0, 0.0, 0.0, 0.0, 0.0, 0.0, 0.0, 0.0, 0.25, 0.0, 0.0, 0.0, 1.0, 0.0, 0.0, 0.0, 0.0, 0.0, 0.0, 1.0, 0.0, 0.12, 0.0, 0.0, 0.0, 0.0, 0.0, 0.0, 0.0, 0.0, 0.0, 0.5, 0.5, 0.0, 1.0, 0.0, 0.33, 0.0, 0.0, 0.0, 0.0, 0.25, 0.0, 0.25, 0.0, 0.0, 0.0, 0.0, 0.0]
Recall=[0.0, 0.0, 0.0, 0.0, 0.0, 0.0, 0.0, 0.0, 0.0, 0.0, 1.0, 0.0, 0.0, 0.0, 1.0, 0.0, 0.0, 0.0, 0.0, 0.0, 0.0, 0.0, 0.0, 0.0, 1.0, 0.0, 0.0, 1.0, 0.0, 0.0, 0.0, 0.0, 0.0, 0.0, 0.0, 0.0, 0.0, 0.0, 0.0, 0.0, 0.0, 0.0, 1.0, 0.0, 0.0, 0.0, 1.0, 0.0, 0.0, 0.0, 0.0, 0.0, 0.0, 1.0, 0.0, 1.0, 0.0, 0.0, 0.0, 0.0, 0.0, 0.0, 0.0, 0.0, 0.0, 1.0, 1.0, 0.0, 1.0, 0.0, 1.0, 0.0, 0.0, 0.0, 0.0, 1.0, 0.0, 1.0, 0.0, 0.0, 0.0, 0.0, 0.0]
INFO : F1_score=[0.0, 0.0, 0.0, 0.0, 0.0, 0.0, 0.0, 0.0, 0.0, 0.0, 0.67, 0.0, 0.0, 0.0, 0.5, 0.0, 0.0, 0.0, 0.0, 0.0, 0.0, 0.0, 0.0, 0.0, 1.0, 0.0, 0.0, 0.5, 0.0, 0.0, 0.0, 0.0, 0.0, 0.0, 0.0, 0.0, 0.0, 0.0, 0.0, 0.0, 0.0, 0.0, 0.4, 0.0, 0.0, 0.0, 1.0, 0.0, 0.0, 0.0, 0.0, 0.0, 0.0, 1.0, 0.0, 0.22, 0.0, 0.0, 0.0, 0.0, 0.0, 0.0, 0.0, 0.0, 0.0, 0.67, 0.67, 0.0, 1.0, 0.0, 0.5, 0.0, 0.0, 0.0, 0.0, 0.4, 0.0, 0.4, 0.0, 0.0, 0.0, 0.0, 0.0]
INFO : validation_loss=4.962 ; best_validation_loss=4.968
INFO :  ****** Current epoch: 9 ****** 
INFO : Training sample: 	 60/ 300 ...
INFO : Training sample: 	 120/ 300 ...
INFO : Training sample: 	 180/ 300 ...
INFO : Training sample: 	 240/ 300 ...
INFO : Training sample: 	 300/ 300 ...
INFO : loss=4.94 ; accuracy=0.283
INFO : precision=[1.0, 0.0, 0.0, 1.0, 0.0, 0.0, 0.5, 0.0, 0.33, 1.0, 0.0, 0.0, 0.0, 0.0, 0.67, 0.0, 0.0, 0.0, 1.0, 1.0, 0.0, 0.0, 0.5, 0.4, 0.0, 0.0, 0.0, 0.0, 0.0, 0.0, 0.33, 0.0, 1.0, 0.0, 1.0, 0.0, 0.0, 0.0, 0.0, 0.0, 0.0, 0.0, 0.0, 0.0, 0.67, 1.0, 0.0, 0.0, 0.0, 0.0, 1.0, 0.0, 0.0, 1.0, 0.0, 0.0, 0.0, 0.0, 0.25, 0.0, 0.2, 0.0, 0.0, 0.0, 0.0, 0.0, 0.0, 1.0, 0.0, 0.1, 0.0, 0.0, 0.5, 1.0, 0.0, 0.0, 0.0, 0.0, 1.0, 0.0, 0.0, 0.0, 0.11, 0.17, 0.0, 0.0, 0.0, 1.0, 0.0, 0.0, 0.0, 0.67, 0.29, 0.2, 0.0, 0.5, 1.0, 0.0, 0.0, 1.0, 0.0, 0.0, 0.0, 0.06, 0.0, 0.0, 0.0, 1.0, 0.0, 1.0, 0.05, 1.0, 0.0, 0.0, 0.0, 0.0, 0.0, 0.29, 0.0, 0.0, 1.0, 0.2, 0.67, 1.0, 0.0, 0.4, 1.0, 0.5, 0.0, 1.0, 0.0, 0.5, 0.0, 0.09, 0.0, 0.1, 1.0, 0.0, 1.0, 0.0, 0.0, 0.0, 0.0, 0.0, 1.0, 0.0, 0.0, 0.0, 0.0, 0.0]
Recall=[0.5, 0.0, 0.0, 1.0, 0.0, 0.0, 1.0, 0.0, 0.5, 0.5, 0.0, 0.0, 0.0, 0.0, 1.0, 0.0, 0.0, 0.0, 1.0, 0.5, 0.0, 0.0, 1.0, 1.0, 0.0, 0.0, 0.0, 0.0, 0.0, 0.0, 1.0, 0.0, 0.5, 0.0, 0.5, 0.0, 0.0, 0.0, 0.0, 0.0, 0.0, 0.0, 0.0, 0.0, 1.0, 0.5, 0.0, 0.0, 0.0, 0.0, 1.0, 0.0, 0.0, 0.5, 0.0, 0.0, 0.0, 0.0, 1.0, 0.0, 1.0, 0.0, 0.0, 0.0, 0.0, 0.0, 0.0, 0.5, 0.0, 1.0, 0.0, 0.0, 0.5, 1.0, 0.0, 0.0, 0.0, 0.0, 0.5, 0.0, 0.0, 0.0, 1.0, 1.0, 0.0, 0.0, 0.0, 0.5, 0.0, 0.0, 0.0, 1.0, 1.0, 1.0, 0.0, 0.5, 1.0, 0.0, 0.0, 0.5, 0.0, 0.0, 0.0, 1.0, 0.0, 0.0, 0.0, 1.0, 0.0, 0.5, 1.0, 1.0, 0.0, 0.0, 0.0, 0.0, 0.0, 1.0, 0.0, 0.0, 1.0, 1.0, 1.0, 0.5, 0.0, 1.0, 0.5, 1.0, 0.0, 1.0, 0.0, 0.5, 0.0, 0.5, 0.0, 1.0, 0.5, 0.0, 0.5, 0.0, 0.0, 0.0, 0.0, 0.0, 1.0, 0.0, 0.0, 0.0, 0.0, 0.0]
INFO : F1_score=[0.67, 0.0, 0.0, 1.0, 0.0, 0.0, 0.67, 0.0, 0.4, 0.67, 0.0, 0.0, 0.0, 0.0, 0.8, 0.0, 0.0, 0.0, 1.0, 0.67, 0.0, 0.0, 0.67, 0.57, 0.0, 0.0, 0.0, 0.0, 0.0, 0.0, 0.5, 0.0, 0.67, 0.0, 0.67, 0.0, 0.0, 0.0, 0.0, 0.0, 0.0, 0.0, 0.0, 0.0, 0.8, 0.67, 0.0, 0.0, 0.0, 0.0, 1.0, 0.0, 0.0, 0.67, 0.0, 0.0, 0.0, 0.0, 0.4, 0.0, 0.33, 0.0, 0.0, 0.0, 0.0, 0.0, 0.0, 0.67, 0.0, 0.18, 0.0, 0.0, 0.5, 1.0, 0.0, 0.0, 0.0, 0.0, 0.67, 0.0, 0.0, 0.0, 0.19, 0.29, 0.0, 0.0, 0.0, 0.67, 0.0, 0.0, 0.0, 0.8, 0.44, 0.33, 0.0, 0.5, 1.0, 0.0, 0.0, 0.67, 0.0, 0.0, 0.0, 0.11, 0.0, 0.0, 0.0, 1.0, 0.0, 0.67, 0.09, 1.0, 0.0, 0.0, 0.0, 0.0, 0.0, 0.44, 0.0, 0.0, 1.0, 0.33, 0.8, 0.67, 0.0, 0.57, 0.67, 0.67, 0.0, 1.0, 0.0, 0.5, 0.0, 0.15, 0.0, 0.17, 0.67, 0.0, 0.67, 0.0, 0.0, 0.0, 0.0, 0.0, 1.0, 0.0, 0.0, 0.0, 0.0, 0.0]
INFO : Sample: 	 30/ 150 ...
INFO : Sample: 	 60/ 150 ...
INFO : Sample: 	 90/ 150 ...
INFO : Sample: 	 120/ 150 ...
INFO : Sample: 	 150/ 150 ...
INFO : loss=4.96 ; accuracy=0.2
INFO : precision=[0.0, 0.0, 0.0, 0.0, 0.0, 0.0, 0.0, 0.0, 0.0, 0.0, 0.5, 0.0, 0.0, 0.0, 0.33, 0.0, 0.0, 0.0, 0.0, 0.0, 0.0, 0.0, 0.0, 0.0, 1.0, 0.0, 0.0, 0.33, 0.0, 0.0, 0.0, 0.0, 0.0, 0.0, 0.0, 0.0, 0.0, 0.0, 0.0, 1.0, 0.0, 0.0, 0.25, 0.0, 0.0, 0.0, 1.0, 0.0, 0.0, 0.0, 0.0, 0.0, 0.0, 1.0, 0.0, 0.12, 0.0, 0.0, 0.0, 0.0, 0.0, 0.0, 0.0, 0.0, 0.0, 0.33, 1.0, 0.0, 0.5, 0.0, 0.33, 0.0, 0.0, 0.0, 0.0, 0.25, 0.0, 0.25, 0.0, 0.0, 0.0, 0.0, 0.0]
Recall=[0.0, 0.0, 0.0, 0.0, 0.0, 0.0, 0.0, 0.0, 0.0, 0.0, 1.0, 0.0, 0.0, 0.0, 1.0, 0.0, 0.0, 0.0, 0.0, 0.0, 0.0, 0.0, 0.0, 0.0, 1.0, 0.0, 0.0, 1.0, 0.0, 0.0, 0.0, 0.0, 0.0, 0.0, 0.0, 0.0, 0.0, 0.0, 0.0, 1.0, 0.0, 0.0, 1.0, 0.0, 0.0, 0.0, 1.0, 0.0, 0.0, 0.0, 0.0, 0.0, 0.0, 1.0, 0.0, 1.0, 0.0, 0.0, 0.0, 0.0, 0.0, 0.0, 0.0, 0.0, 0.0, 1.0, 1.0, 0.0, 1.0, 0.0, 1.0, 0.0, 0.0, 0.0, 0.0, 1.0, 0.0, 1.0, 0.0, 0.0, 0.0, 0.0, 0.0]
INFO : F1_score=[0.0, 0.0, 0.0, 0.0, 0.0, 0.0, 0.0, 0.0, 0.0, 0.0, 0.67, 0.0, 0.0, 0.0, 0.5, 0.0, 0.0, 0.0, 0.0, 0.0, 0.0, 0.0, 0.0, 0.0, 1.0, 0.0, 0.0, 0.5, 0.0, 0.0, 0.0, 0.0, 0.0, 0.0, 0.0, 0.0, 0.0, 0.0, 0.0, 1.0, 0.0, 0.0, 0.4, 0.0, 0.0, 0.0, 1.0, 0.0, 0.0, 0.0, 0.0, 0.0, 0.0, 1.0, 0.0, 0.22, 0.0, 0.0, 0.0, 0.0, 0.0, 0.0, 0.0, 0.0, 0.0, 0.5, 1.0, 0.0, 0.67, 0.0, 0.5, 0.0, 0.0, 0.0, 0.0, 0.4, 0.0, 0.4, 0.0, 0.0, 0.0, 0.0, 0.0]
INFO : validation_loss=4.956 ; best_validation_loss=4.962
INFO :  ****** Current epoch: 10 ****** 
INFO : Training sample: 	 60/ 300 ...
INFO : Training sample: 	 120/ 300 ...
INFO : Training sample: 	 180/ 300 ...
INFO : Training sample: 	 240/ 300 ...
INFO : Training sample: 	 300/ 300 ...
INFO : loss=4.93 ; accuracy=0.327
INFO : precision=[1.0, 0.0, 0.0, 1.0, 0.0, 0.0, 0.5, 0.0, 0.25, 1.0, 0.0, 0.0, 0.0, 0.0, 0.67, 0.0, 0.0, 0.0, 1.0, 1.0, 0.0, 0.0, 0.67, 0.4, 0.0, 0.0, 1.0, 0.0, 0.0, 0.0, 0.33, 0.0, 1.0, 0.0, 1.0, 0.0, 0.0, 0.0, 0.0, 0.0, 0.0, 0.0, 0.0, 0.0, 0.67, 1.0, 0.0, 0.0, 0.0, 0.0, 1.0, 0.0, 0.0, 1.0, 0.0, 0.0, 0.0, 0.0, 0.22, 0.0, 0.2, 0.0, 0.0, 0.0, 0.0, 0.0, 0.0, 1.0, 0.0, 0.12, 0.0, 0.0, 0.67, 1.0, 0.0, 0.0, 0.0, 0.0, 1.0, 0.0, 0.0, 0.0, 0.12, 0.15, 0.0, 0.0, 0.0, 1.0, 0.0, 0.0, 1.0, 0.67, 0.29, 0.22, 0.0, 0.5, 1.0, 0.0, 0.0, 1.0, 0.0, 1.0, 1.0, 0.06, 0.0, 1.0, 0.0, 1.0, 0.0, 1.0, 0.05, 1.0, 0.0, 0.0, 0.0, 0.0, 0.0, 0.29, 0.0, 0.0, 1.0, 0.18, 0.4, 1.0, 0.0, 0.4, 1.0, 0.33, 0.0, 1.0, 0.0, 1.0, 0.0, 0.1, 0.0, 0.11, 1.0, 0.0, 1.0, 0.0, 0.0, 0.0, 0.0, 0.0, 0.67, 0.0, 0.0, 0.0, 0.0, 0.0]
Recall=[0.5, 0.0, 0.0, 1.0, 0.0, 0.0, 1.0, 0.0, 0.5, 0.5, 0.0, 0.0, 0.0, 0.0, 1.0, 0.0, 0.0, 0.0, 1.0, 1.0, 0.0, 0.0, 1.0, 1.0, 0.0, 0.0, 0.5, 0.0, 0.0, 0.0, 1.0, 0.0, 1.0, 0.0, 0.5, 0.0, 0.0, 0.0, 0.0, 0.0, 0.0, 0.0, 0.0, 0.0, 1.0, 0.5, 0.0, 0.0, 0.0, 0.0, 1.0, 0.0, 0.0, 1.0, 0.0, 0.0, 0.0, 0.0, 1.0, 0.0, 1.0, 0.0, 0.0, 0.0, 0.0, 0.0, 0.0, 0.5, 0.0, 1.0, 0.0, 0.0, 1.0, 1.0, 0.0, 0.0, 0.0, 0.0, 0.5, 0.0, 0.0, 0.0, 1.0, 1.0, 0.0, 0.0, 0.0, 0.5, 0.0, 0.0, 0.5, 1.0, 1.0, 1.0, 0.0, 0.5, 1.0, 0.0, 0.0, 1.0, 0.0, 0.5, 0.5, 1.0, 0.0, 0.5, 0.0, 1.0, 0.0, 1.0, 1.0, 1.0, 0.0, 0.0, 0.0, 0.0, 0.0, 1.0, 0.0, 0.0, 1.0, 1.0, 1.0, 1.0, 0.0, 1.0, 0.5, 1.0, 0.0, 1.0, 0.0, 0.5, 0.0, 0.5, 0.0, 1.0, 1.0, 0.0, 0.5, 0.0, 0.0, 0.0, 0.0, 0.0, 1.0, 0.0, 0.0, 0.0, 0.0, 0.0]
INFO : F1_score=[0.67, 0.0, 0.0, 1.0, 0.0, 0.0, 0.67, 0.0, 0.33, 0.67, 0.0, 0.0, 0.0, 0.0, 0.8, 0.0, 0.0, 0.0, 1.0, 1.0, 0.0, 0.0, 0.8, 0.57, 0.0, 0.0, 0.67, 0.0, 0.0, 0.0, 0.5, 0.0, 1.0, 0.0, 0.67, 0.0, 0.0, 0.0, 0.0, 0.0, 0.0, 0.0, 0.0, 0.0, 0.8, 0.67, 0.0, 0.0, 0.0, 0.0, 1.0, 0.0, 0.0, 1.0, 0.0, 0.0, 0.0, 0.0, 0.36, 0.0, 0.33, 0.0, 0.0, 0.0, 0.0, 0.0, 0.0, 0.67, 0.0, 0.21, 0.0, 0.0, 0.8, 1.0, 0.0, 0.0, 0.0, 0.0, 0.67, 0.0, 0.0, 0.0, 0.21, 0.27, 0.0, 0.0, 0.0, 0.67, 0.0, 0.0, 0.67, 0.8, 0.44, 0.36, 0.0, 0.5, 1.0, 0.0, 0.0, 1.0, 0.0, 0.67, 0.67, 0.12, 0.0, 0.67, 0.0, 1.0, 0.0, 1.0, 0.1, 1.0, 0.0, 0.0, 0.0, 0.0, 0.0, 0.44, 0.0, 0.0, 1.0, 0.31, 0.57, 1.0, 0.0, 0.57, 0.67, 0.5, 0.0, 1.0, 0.0, 0.67, 0.0, 0.17, 0.0, 0.2, 1.0, 0.0, 0.67, 0.0, 0.0, 0.0, 0.0, 0.0, 0.8, 0.0, 0.0, 0.0, 0.0, 0.0]
INFO : Sample: 	 30/ 150 ...
INFO : Sample: 	 60/ 150 ...
INFO : Sample: 	 90/ 150 ...
INFO : Sample: 	 120/ 150 ...
INFO : Sample: 	 150/ 150 ...
INFO : loss=4.95 ; accuracy=0.24
INFO : precision=[0.0, 0.0, 0.0, 0.0, 0.0, 0.0, 0.0, 0.0, 0.0, 0.0, 0.5, 0.0, 0.0, 0.0, 0.25, 0.0, 0.0, 0.0, 0.0, 0.0, 0.0, 1.0, 0.0, 0.0, 1.0, 0.0, 0.0, 0.33, 0.0, 0.0, 0.0, 0.0, 0.0, 0.0, 1.0, 0.0, 0.0, 0.0, 0.0, 1.0, 0.0, 0.0, 0.2, 0.0, 0.0, 0.0, 1.0, 0.0, 0.0, 0.0, 0.0, 0.0, 0.0, 1.0, 0.0, 0.12, 0.0, 0.0, 0.0, 0.0, 0.0, 0.0, 0.0, 0.0, 0.0, 0.33, 1.0, 1.0, 1.0, 0.0, 0.33, 0.0, 0.0, 0.0, 0.0, 0.5, 0.0, 0.25, 0.0, 0.0, 0.0, 0.0, 0.0]
Recall=[0.0, 0.0, 0.0, 0.0, 0.0, 0.0, 0.0, 0.0, 0.0, 0.0, 1.0, 0.0, 0.0, 0.0, 1.0, 0.0, 0.0, 0.0, 0.0, 0.0, 0.0, 1.0, 0.0, 0.0, 1.0, 0.0, 0.0, 1.0, 0.0, 0.0, 0.0, 0.0, 0.0, 0.0, 1.0, 0.0, 0.0, 0.0, 0.0, 1.0, 0.0, 0.0, 1.0, 0.0, 0.0, 0.0, 1.0, 0.0, 0.0, 0.0, 0.0, 0.0, 0.0, 1.0, 0.0, 1.0, 0.0, 0.0, 0.0, 0.0, 0.0, 0.0, 0.0, 0.0, 0.0, 1.0, 1.0, 1.0, 1.0, 0.0, 1.0, 0.0, 0.0, 0.0, 0.0, 1.0, 0.0, 1.0, 0.0, 0.0, 0.0, 0.0, 0.0]
INFO : F1_score=[0.0, 0.0, 0.0, 0.0, 0.0, 0.0, 0.0, 0.0, 0.0, 0.0, 0.67, 0.0, 0.0, 0.0, 0.4, 0.0, 0.0, 0.0, 0.0, 0.0, 0.0, 1.0, 0.0, 0.0, 1.0, 0.0, 0.0, 0.5, 0.0, 0.0, 0.0, 0.0, 0.0, 0.0, 1.0, 0.0, 0.0, 0.0, 0.0, 1.0, 0.0, 0.0, 0.33, 0.0, 0.0, 0.0, 1.0, 0.0, 0.0, 0.0, 0.0, 0.0, 0.0, 1.0, 0.0, 0.22, 0.0, 0.0, 0.0, 0.0, 0.0, 0.0, 0.0, 0.0, 0.0, 0.5, 1.0, 1.0, 1.0, 0.0, 0.5, 0.0, 0.0, 0.0, 0.0, 0.67, 0.0, 0.4, 0.0, 0.0, 0.0, 0.0, 0.0]
INFO : validation_loss=4.95 ; best_validation_loss=4.956
INFO :  ****** Current epoch: 11 ****** 
INFO : Training sample: 	 60/ 300 ...
INFO : Training sample: 	 120/ 300 ...
INFO : Training sample: 	 180/ 300 ...
INFO : Training sample: 	 240/ 300 ...
INFO : Training sample: 	 300/ 300 ...
INFO : loss=4.92 ; accuracy=0.417
INFO : precision=[1.0, 0.0, 1.0, 1.0, 0.0, 0.0, 0.4, 0.0, 0.25, 1.0, 0.0, 0.0, 0.0, 0.0, 0.67, 0.0, 0.0, 0.0, 1.0, 1.0, 0.0, 0.0, 0.5, 0.33, 1.0, 0.0, 1.0, 0.0, 0.0, 1.0, 0.4, 0.0, 1.0, 1.0, 1.0, 0.0, 0.0, 0.0, 1.0, 1.0, 0.0, 0.0, 0.0, 0.0, 0.67, 1.0, 0.0, 0.0, 0.0, 0.0, 0.67, 0.0, 0.0, 1.0, 0.0, 0.0, 0.0, 0.0, 0.22, 1.0, 0.22, 0.0, 1.0, 0.0, 0.0, 0.0, 0.0, 1.0, 0.0, 0.13, 0.0, 1.0, 0.67, 1.0, 0.0, 0.0, 0.0, 0.0, 1.0, 0.0, 0.0, 0.0, 0.14, 0.18, 1.0, 0.0, 0.0, 1.0, 0.0, 0.0, 1.0, 0.5, 0.29, 0.25, 0.0, 0.67, 1.0, 1.0, 1.0, 1.0, 0.0, 1.0, 1.0, 0.09, 0.0, 1.0, 0.0, 1.0, 0.0, 1.0, 0.06, 1.0, 0.0, 1.0, 0.0, 0.0, 0.0, 0.25, 0.0, 0.0, 1.0, 0.2, 0.5, 1.0, 0.0, 0.4, 1.0, 0.4, 0.0, 1.0, 0.0, 1.0, 0.0, 0.1, 0.0, 0.15, 0.67, 0.0, 1.0, 1.0, 0.0, 0.0, 0.0, 0.0, 1.0, 0.0, 0.0, 0.0, 1.0, 0.0]
Recall=[1.0, 0.0, 1.0, 1.0, 0.0, 0.0, 1.0, 0.0, 0.5, 0.5, 0.0, 0.0, 0.0, 0.0, 1.0, 0.0, 0.0, 0.0, 1.0, 1.0, 0.0, 0.0, 1.0, 1.0, 0.5, 0.0, 0.5, 0.0, 0.0, 1.0, 1.0, 0.0, 1.0, 0.5, 0.5, 0.0, 0.0, 0.0, 0.5, 0.5, 0.0, 0.0, 0.0, 0.0, 1.0, 1.0, 0.0, 0.0, 0.0, 0.0, 1.0, 0.0, 0.0, 1.0, 0.0, 0.0, 0.0, 0.0, 1.0, 0.5, 1.0, 0.0, 0.5, 0.0, 0.0, 0.0, 0.0, 1.0, 0.0, 1.0, 0.0, 0.5, 1.0, 1.0, 0.0, 0.0, 0.0, 0.0, 1.0, 0.0, 0.0, 0.0, 1.0, 1.0, 0.5, 0.0, 0.0, 0.5, 0.0, 0.0, 1.0, 1.0, 1.0, 1.0, 0.0, 1.0, 1.0, 0.5, 0.5, 1.0, 0.0, 0.5, 1.0, 1.0, 0.0, 1.0, 0.0, 1.0, 0.0, 1.0, 1.0, 1.0, 0.0, 0.5, 0.0, 0.0, 0.0, 1.0, 0.0, 0.0, 1.0, 1.0, 1.0, 1.0, 0.0, 1.0, 1.0, 1.0, 0.0, 1.0, 0.0, 0.5, 0.0, 0.5, 0.0, 1.0, 1.0, 0.0, 1.0, 0.5, 0.0, 0.0, 0.0, 0.0, 1.0, 0.0, 0.0, 0.0, 0.5, 0.0]
INFO : F1_score=[1.0, 0.0, 1.0, 1.0, 0.0, 0.0, 0.57, 0.0, 0.33, 0.67, 0.0, 0.0, 0.0, 0.0, 0.8, 0.0, 0.0, 0.0, 1.0, 1.0, 0.0, 0.0, 0.67, 0.5, 0.67, 0.0, 0.67, 0.0, 0.0, 1.0, 0.57, 0.0, 1.0, 0.67, 0.67, 0.0, 0.0, 0.0, 0.67, 0.67, 0.0, 0.0, 0.0, 0.0, 0.8, 1.0, 0.0, 0.0, 0.0, 0.0, 0.8, 0.0, 0.0, 1.0, 0.0, 0.0, 0.0, 0.0, 0.36, 0.67, 0.36, 0.0, 0.67, 0.0, 0.0, 0.0, 0.0, 1.0, 0.0, 0.24, 0.0, 0.67, 0.8, 1.0, 0.0, 0.0, 0.0, 0.0, 1.0, 0.0, 0.0, 0.0, 0.25, 0.31, 0.67, 0.0, 0.0, 0.67, 0.0, 0.0, 1.0, 0.67, 0.44, 0.4, 0.0, 0.8, 1.0, 0.67, 0.67, 1.0, 0.0, 0.67, 1.0, 0.17, 0.0, 1.0, 0.0, 1.0, 0.0, 1.0, 0.11, 1.0, 0.0, 0.67, 0.0, 0.0, 0.0, 0.4, 0.0, 0.0, 1.0, 0.33, 0.67, 1.0, 0.0, 0.57, 1.0, 0.57, 0.0, 1.0, 0.0, 0.67, 0.0, 0.17, 0.0, 0.27, 0.8, 0.0, 1.0, 0.67, 0.0, 0.0, 0.0, 0.0, 1.0, 0.0, 0.0, 0.0, 0.67, 0.0]
INFO : Sample: 	 30/ 150 ...
INFO : Sample: 	 60/ 150 ...
INFO : Sample: 	 90/ 150 ...
INFO : Sample: 	 120/ 150 ...
INFO : Sample: 	 150/ 150 ...
INFO : loss=4.94 ; accuracy=0.253
INFO : precision=[0.0, 0.0, 0.0, 0.0, 0.0, 0.0, 0.0, 0.0, 0.0, 0.0, 0.33, 0.0, 0.0, 0.0, 0.25, 0.0, 0.0, 0.0, 0.0, 0.0, 1.0, 1.0, 0.0, 0.0, 1.0, 0.0, 0.0, 0.33, 0.0, 0.0, 0.0, 0.0, 0.0, 0.0, 1.0, 0.0, 0.0, 0.0, 0.0, 1.0, 0.0, 0.0, 0.33, 0.0, 0.0, 0.0, 1.0, 0.0, 0.0, 0.0, 0.0, 0.0, 0.0, 1.0, 0.0, 0.14, 0.0, 0.0, 0.0, 0.0, 0.0, 0.0, 0.0, 0.0, 0.0, 0.25, 1.0, 1.0, 1.0, 0.0, 0.25, 0.0, 0.0, 0.0, 0.0, 0.5, 0.0, 0.25, 0.0, 0.0, 0.0, 0.0, 0.0]
Recall=[0.0, 0.0, 0.0, 0.0, 0.0, 0.0, 0.0, 0.0, 0.0, 0.0, 1.0, 0.0, 0.0, 0.0, 1.0, 0.0, 0.0, 0.0, 0.0, 0.0, 1.0, 1.0, 0.0, 0.0, 1.0, 0.0, 0.0, 1.0, 0.0, 0.0, 0.0, 0.0, 0.0, 0.0, 1.0, 0.0, 0.0, 0.0, 0.0, 1.0, 0.0, 0.0, 1.0, 0.0, 0.0, 0.0, 1.0, 0.0, 0.0, 0.0, 0.0, 0.0, 0.0, 1.0, 0.0, 1.0, 0.0, 0.0, 0.0, 0.0, 0.0, 0.0, 0.0, 0.0, 0.0, 1.0, 1.0, 1.0, 1.0, 0.0, 1.0, 0.0, 0.0, 0.0, 0.0, 1.0, 0.0, 1.0, 0.0, 0.0, 0.0, 0.0, 0.0]
INFO : F1_score=[0.0, 0.0, 0.0, 0.0, 0.0, 0.0, 0.0, 0.0, 0.0, 0.0, 0.5, 0.0, 0.0, 0.0, 0.4, 0.0, 0.0, 0.0, 0.0, 0.0, 1.0, 1.0, 0.0, 0.0, 1.0, 0.0, 0.0, 0.5, 0.0, 0.0, 0.0, 0.0, 0.0, 0.0, 1.0, 0.0, 0.0, 0.0, 0.0, 1.0, 0.0, 0.0, 0.5, 0.0, 0.0, 0.0, 1.0, 0.0, 0.0, 0.0, 0.0, 0.0, 0.0, 1.0, 0.0, 0.25, 0.0, 0.0, 0.0, 0.0, 0.0, 0.0, 0.0, 0.0, 0.0, 0.4, 1.0, 1.0, 1.0, 0.0, 0.4, 0.0, 0.0, 0.0, 0.0, 0.67, 0.0, 0.4, 0.0, 0.0, 0.0, 0.0, 0.0]
INFO : validation_loss=4.944 ; best_validation_loss=4.95
INFO :  ****** Current epoch: 12 ****** 
INFO : Training sample: 	 60/ 300 ...
INFO : Training sample: 	 120/ 300 ...
INFO : Training sample: 	 180/ 300 ...
INFO : Training sample: 	 240/ 300 ...
INFO : Training sample: 	 300/ 300 ...
INFO : loss=4.92 ; accuracy=0.473
INFO : precision=[0.67, 0.0, 1.0, 0.67, 0.0, 1.0, 0.4, 0.0, 0.33, 1.0, 0.0, 0.0, 0.0, 0.0, 0.67, 0.0, 0.0, 0.0, 1.0, 1.0, 0.0, 0.0, 0.67, 0.33, 1.0, 0.0, 1.0, 0.0, 0.0, 1.0, 0.4, 1.0, 1.0, 1.0, 1.0, 0.0, 1.0, 0.0, 1.0, 1.0, 0.0, 0.0, 1.0, 1.0, 0.67, 1.0, 0.0, 0.0, 0.0, 0.0, 0.67, 0.0, 0.0, 1.0, 0.0, 1.0, 0.0, 0.0, 0.22, 1.0, 0.29, 0.0, 1.0, 0.0, 0.0, 0.0, 0.0, 1.0, 0.0, 0.15, 1.0, 1.0, 0.67, 0.67, 0.0, 0.0, 0.0, 0.0, 0.5, 0.0, 0.0, 0.0, 0.17, 0.25, 1.0, 0.0, 0.0, 1.0, 0.0, 0.0, 1.0, 0.4, 0.33, 0.29, 0.0, 0.5, 1.0, 1.0, 1.0, 1.0, 0.0, 1.0, 1.0, 0.12, 0.0, 1.0, 0.0, 1.0, 0.0, 1.0, 0.06, 1.0, 0.0, 1.0, 0.0, 0.0, 0.0, 0.25, 0.0, 0.0, 1.0, 0.25, 0.5, 1.0, 0.0, 0.5, 0.67, 0.5, 1.0, 1.0, 0.0, 1.0, 0.0, 0.11, 0.0, 0.15, 0.67, 0.0, 1.0, 1.0, 0.0, 0.0, 0.0, 0.0, 1.0, 0.0, 0.0, 0.0, 1.0, 1.0]
Recall=[1.0, 0.0, 1.0, 1.0, 0.0, 0.5, 1.0, 0.0, 0.5, 1.0, 0.0, 0.0, 0.0, 0.0, 1.0, 0.0, 0.0, 0.0, 1.0, 1.0, 0.0, 0.0, 1.0, 1.0, 0.5, 0.0, 0.5, 0.0, 0.0, 1.0, 1.0, 0.5, 1.0, 1.0, 1.0, 0.0, 0.5, 0.0, 0.5, 0.5, 0.0, 0.0, 0.5, 0.5, 1.0, 1.0, 0.0, 0.0, 0.0, 0.0, 1.0, 0.0, 0.0, 1.0, 0.0, 0.5, 0.0, 0.0, 1.0, 0.5, 1.0, 0.0, 0.5, 0.0, 0.0, 0.0, 0.0, 1.0, 0.0, 1.0, 1.0, 0.5, 1.0, 1.0, 0.0, 0.0, 0.0, 0.0, 1.0, 0.0, 0.0, 0.0, 1.0, 1.0, 1.0, 0.0, 0.0, 1.0, 0.0, 0.0, 1.0, 1.0, 1.0, 1.0, 0.0, 1.0, 1.0, 0.5, 1.0, 1.0, 0.0, 0.5, 1.0, 1.0, 0.0, 1.0, 0.0, 1.0, 0.0, 1.0, 1.0, 1.0, 0.0, 0.5, 0.0, 0.0, 0.0, 1.0, 0.0, 0.0, 1.0, 1.0, 1.0, 1.0, 0.0, 1.0, 1.0, 1.0, 0.5, 1.0, 0.0, 0.5, 0.0, 0.5, 0.0, 1.0, 1.0, 0.0, 1.0, 1.0, 0.0, 0.0, 0.0, 0.0, 1.0, 0.0, 0.0, 0.0, 0.5, 0.5]
INFO : F1_score=[0.8, 0.0, 1.0, 0.8, 0.0, 0.67, 0.57, 0.0, 0.4, 1.0, 0.0, 0.0, 0.0, 0.0, 0.8, 0.0, 0.0, 0.0, 1.0, 1.0, 0.0, 0.0, 0.8, 0.5, 0.67, 0.0, 0.67, 0.0, 0.0, 1.0, 0.57, 0.67, 1.0, 1.0, 1.0, 0.0, 0.67, 0.0, 0.67, 0.67, 0.0, 0.0, 0.67, 0.67, 0.8, 1.0, 0.0, 0.0, 0.0, 0.0, 0.8, 0.0, 0.0, 1.0, 0.0, 0.67, 0.0, 0.0, 0.36, 0.67, 0.44, 0.0, 0.67, 0.0, 0.0, 0.0, 0.0, 1.0, 0.0, 0.27, 1.0, 0.67, 0.8, 0.8, 0.0, 0.0, 0.0, 0.0, 0.67, 0.0, 0.0, 0.0, 0.29, 0.4, 1.0, 0.0, 0.0, 1.0, 0.0, 0.0, 1.0, 0.57, 0.5, 0.44, 0.0, 0.67, 1.0, 0.67, 1.0, 1.0, 0.0, 0.67, 1.0, 0.21, 0.0, 1.0, 0.0, 1.0, 0.0, 1.0, 0.12, 1.0, 0.0, 0.67, 0.0, 0.0, 0.0, 0.4, 0.0, 0.0, 1.0, 0.4, 0.67, 1.0, 0.0, 0.67, 0.8, 0.67, 0.67, 1.0, 0.0, 0.67, 0.0, 0.18, 0.0, 0.27, 0.8, 0.0, 1.0, 1.0, 0.0, 0.0, 0.0, 0.0, 1.0, 0.0, 0.0, 0.0, 0.67, 0.67]
INFO : Sample: 	 30/ 150 ...
INFO : Sample: 	 60/ 150 ...
INFO : Sample: 	 90/ 150 ...
INFO : Sample: 	 120/ 150 ...
INFO : Sample: 	 150/ 150 ...
INFO : loss=4.94 ; accuracy=0.307
INFO : precision=[0.0, 0.0, 0.5, 0.0, 0.0, 0.0, 0.0, 0.0, 0.0, 0.0, 0.33, 0.0, 0.0, 0.0, 0.33, 0.0, 0.0, 0.0, 0.0, 0.0, 1.0, 1.0, 0.0, 0.0, 1.0, 0.0, 0.0, 0.5, 0.0, 0.0, 0.0, 0.0, 0.0, 0.0, 1.0, 0.0, 0.0, 0.0, 0.0, 0.5, 0.0, 0.0, 0.33, 1.0, 0.0, 0.0, 1.0, 0.0, 0.0, 0.0, 0.0, 0.0, 0.0, 1.0, 0.0, 0.2, 0.0, 1.0, 1.0, 0.0, 0.0, 0.0, 0.0, 0.0, 0.0, 0.25, 1.0, 1.0, 1.0, 0.0, 0.2, 0.0, 0.0, 0.0, 0.0, 0.5, 0.0, 0.25, 0.0, 0.0, 0.0, 0.0, 0.0]
Recall=[0.0, 0.0, 1.0, 0.0, 0.0, 0.0, 0.0, 0.0, 0.0, 0.0, 1.0, 0.0, 0.0, 0.0, 1.0, 0.0, 0.0, 0.0, 0.0, 0.0, 1.0, 1.0, 0.0, 0.0, 1.0, 0.0, 0.0, 1.0, 0.0, 0.0, 0.0, 0.0, 0.0, 0.0, 1.0, 0.0, 0.0, 0.0, 0.0, 1.0, 0.0, 0.0, 1.0, 1.0, 0.0, 0.0, 1.0, 0.0, 0.0, 0.0, 0.0, 0.0, 0.0, 1.0, 0.0, 1.0, 0.0, 1.0, 1.0, 0.0, 0.0, 0.0, 0.0, 0.0, 0.0, 1.0, 1.0, 1.0, 1.0, 0.0, 1.0, 0.0, 0.0, 0.0, 0.0, 1.0, 0.0, 1.0, 0.0, 0.0, 0.0, 0.0, 0.0]
INFO : F1_score=[0.0, 0.0, 0.67, 0.0, 0.0, 0.0, 0.0, 0.0, 0.0, 0.0, 0.5, 0.0, 0.0, 0.0, 0.5, 0.0, 0.0, 0.0, 0.0, 0.0, 1.0, 1.0, 0.0, 0.0, 1.0, 0.0, 0.0, 0.67, 0.0, 0.0, 0.0, 0.0, 0.0, 0.0, 1.0, 0.0, 0.0, 0.0, 0.0, 0.67, 0.0, 0.0, 0.5, 1.0, 0.0, 0.0, 1.0, 0.0, 0.0, 0.0, 0.0, 0.0, 0.0, 1.0, 0.0, 0.33, 0.0, 1.0, 1.0, 0.0, 0.0, 0.0, 0.0, 0.0, 0.0, 0.4, 1.0, 1.0, 1.0, 0.0, 0.33, 0.0, 0.0, 0.0, 0.0, 0.67, 0.0, 0.4, 0.0, 0.0, 0.0, 0.0, 0.0]
INFO : validation_loss=4.937 ; best_validation_loss=4.944
INFO :  ****** Current epoch: 13 ****** 
INFO : Training sample: 	 60/ 300 ...
INFO : Training sample: 	 120/ 300 ...
INFO : Training sample: 	 180/ 300 ...
INFO : Training sample: 	 240/ 300 ...
INFO : Training sample: 	 300/ 300 ...
INFO : loss=4.91 ; accuracy=0.543
INFO : precision=[0.67, 1.0, 1.0, 0.67, 0.0, 1.0, 0.4, 0.0, 0.5, 1.0, 0.0, 0.0, 0.0, 0.0, 0.67, 0.0, 0.0, 0.0, 1.0, 1.0, 0.0, 0.0, 0.67, 0.33, 1.0, 0.0, 1.0, 0.0, 0.0, 1.0, 0.4, 1.0, 1.0, 1.0, 1.0, 0.0, 1.0, 0.0, 1.0, 1.0, 0.0, 0.0, 1.0, 1.0, 0.67, 1.0, 0.0, 1.0, 0.0, 0.0, 0.5, 0.0, 0.67, 1.0, 0.0, 1.0, 0.0, 0.0, 0.22, 1.0, 0.4, 1.0, 1.0, 0.0, 0.0, 0.0, 0.0, 1.0, 1.0, 0.2, 1.0, 1.0, 0.4, 0.67, 0.0, 0.0, 0.0, 0.0, 0.5, 0.0, 0.0, 0.0, 0.18, 0.25, 1.0, 0.0, 0.0, 1.0, 0.0, 1.0, 1.0, 0.29, 0.33, 0.29, 0.0, 0.5, 1.0, 1.0, 1.0, 1.0, 0.0, 1.0, 1.0, 0.17, 0.0, 1.0, 0.0, 1.0, 0.0, 1.0, 0.08, 1.0, 0.0, 1.0, 0.0, 0.0, 0.0, 0.29, 1.0, 0.0, 1.0, 0.4, 0.5, 1.0, 0.0, 0.5, 0.67, 0.4, 1.0, 1.0, 0.0, 1.0, 0.0, 0.25, 0.0, 0.18, 0.67, 0.0, 1.0, 1.0, 0.0, 0.0, 0.0, 1.0, 0.67, 1.0, 0.0, 0.0, 1.0, 1.0]
Recall=[1.0, 0.5, 1.0, 1.0, 0.0, 0.5, 1.0, 0.0, 0.5, 1.0, 0.0, 0.0, 0.0, 0.0, 1.0, 0.0, 0.0, 0.0, 1.0, 1.0, 0.0, 0.0, 1.0, 1.0, 1.0, 0.0, 1.0, 0.0, 0.0, 1.0, 1.0, 0.5, 1.0, 1.0, 1.0, 0.0, 1.0, 0.0, 1.0, 1.0, 0.0, 0.0, 1.0, 1.0, 1.0, 1.0, 0.0, 0.5, 0.0, 0.0, 1.0, 0.0, 1.0, 1.0, 0.0, 0.5, 0.0, 0.0, 1.0, 0.5, 1.0, 0.5, 0.5, 0.0, 0.0, 0.0, 0.0, 1.0, 0.5, 1.0, 1.0, 0.5, 1.0, 1.0, 0.0, 0.0, 0.0, 0.0, 1.0, 0.0, 0.0, 0.0, 1.0, 1.0, 1.0, 0.0, 0.0, 1.0, 0.0, 0.5, 1.0, 1.0, 1.0, 1.0, 0.0, 1.0, 1.0, 0.5, 1.0, 1.0, 0.0, 0.5, 1.0, 1.0, 0.0, 1.0, 0.0, 1.0, 0.0, 1.0, 1.0, 1.0, 0.0, 0.5, 0.0, 0.0, 0.0, 1.0, 1.0, 0.0, 1.0, 1.0, 1.0, 1.0, 0.0, 1.0, 1.0, 1.0, 1.0, 1.0, 0.0, 1.0, 0.0, 0.5, 0.0, 1.0, 1.0, 0.0, 1.0, 1.0, 0.0, 0.0, 0.0, 0.5, 1.0, 0.5, 0.0, 0.0, 1.0, 0.5]
INFO : F1_score=[0.8, 0.67, 1.0, 0.8, 0.0, 0.67, 0.57, 0.0, 0.5, 1.0, 0.0, 0.0, 0.0, 0.0, 0.8, 0.0, 0.0, 0.0, 1.0, 1.0, 0.0, 0.0, 0.8, 0.5, 1.0, 0.0, 1.0, 0.0, 0.0, 1.0, 0.57, 0.67, 1.0, 1.0, 1.0, 0.0, 1.0, 0.0, 1.0, 1.0, 0.0, 0.0, 1.0, 1.0, 0.8, 1.0, 0.0, 0.67, 0.0, 0.0, 0.67, 0.0, 0.8, 1.0, 0.0, 0.67, 0.0, 0.0, 0.36, 0.67, 0.57, 0.67, 0.67, 0.0, 0.0, 0.0, 0.0, 1.0, 0.67, 0.33, 1.0, 0.67, 0.57, 0.8, 0.0, 0.0, 0.0, 0.0, 0.67, 0.0, 0.0, 0.0, 0.31, 0.4, 1.0, 0.0, 0.0, 1.0, 0.0, 0.67, 1.0, 0.44, 0.5, 0.44, 0.0, 0.67, 1.0, 0.67, 1.0, 1.0, 0.0, 0.67, 1.0, 0.29, 0.0, 1.0, 0.0, 1.0, 0.0, 1.0, 0.15, 1.0, 0.0, 0.67, 0.0, 0.0, 0.0, 0.44, 1.0, 0.0, 1.0, 0.57, 0.67, 1.0, 0.0, 0.67, 0.8, 0.57, 1.0, 1.0, 0.0, 1.0, 0.0, 0.33, 0.0, 0.31, 0.8, 0.0, 1.0, 1.0, 0.0, 0.0, 0.0, 0.67, 0.8, 0.67, 0.0, 0.0, 1.0, 0.67]
INFO : Sample: 	 30/ 150 ...
INFO : Sample: 	 60/ 150 ...
INFO : Sample: 	 90/ 150 ...
INFO : Sample: 	 120/ 150 ...
INFO : Sample: 	 150/ 150 ...
INFO : loss=4.93 ; accuracy=0.307
INFO : precision=[0.0, 0.0, 0.5, 0.0, 0.0, 0.0, 0.0, 0.0, 0.0, 0.0, 0.33, 0.0, 0.0, 0.0, 0.33, 0.0, 0.0, 0.0, 0.0, 0.0, 1.0, 1.0, 0.0, 0.0, 1.0, 0.0, 0.0, 0.5, 0.0, 0.0, 0.0, 0.0, 0.0, 0.0, 1.0, 0.0, 0.0, 0.0, 0.0, 0.5, 0.0, 0.0, 0.5, 1.0, 0.0, 0.0, 1.0, 0.0, 0.0, 0.0, 0.0, 0.0, 0.0, 1.0, 0.0, 0.2, 0.0, 1.0, 1.0, 0.0, 0.0, 0.0, 0.0, 0.0, 0.0, 0.0, 0.0, 0.25, 1.0, 1.0, 1.0, 0.0, 0.25, 0.0, 0.0, 0.0, 0.0, 0.5, 0.0, 0.25, 0.0, 0.0, 0.0, 0.0, 0.0]
Recall=[0.0, 0.0, 1.0, 0.0, 0.0, 0.0, 0.0, 0.0, 0.0, 0.0, 1.0, 0.0, 0.0, 0.0, 1.0, 0.0, 0.0, 0.0, 0.0, 0.0, 1.0, 1.0, 0.0, 0.0, 1.0, 0.0, 0.0, 1.0, 0.0, 0.0, 0.0, 0.0, 0.0, 0.0, 1.0, 0.0, 0.0, 0.0, 0.0, 1.0, 0.0, 0.0, 1.0, 1.0, 0.0, 0.0, 1.0, 0.0, 0.0, 0.0, 0.0, 0.0, 0.0, 1.0, 0.0, 1.0, 0.0, 1.0, 1.0, 0.0, 0.0, 0.0, 0.0, 0.0, 0.0, 0.0, 0.0, 1.0, 1.0, 1.0, 1.0, 0.0, 1.0, 0.0, 0.0, 0.0, 0.0, 1.0, 0.0, 1.0, 0.0, 0.0, 0.0, 0.0, 0.0]
INFO : F1_score=[0.0, 0.0, 0.67, 0.0, 0.0, 0.0, 0.0, 0.0, 0.0, 0.0, 0.5, 0.0, 0.0, 0.0, 0.5, 0.0, 0.0, 0.0, 0.0, 0.0, 1.0, 1.0, 0.0, 0.0, 1.0, 0.0, 0.0, 0.67, 0.0, 0.0, 0.0, 0.0, 0.0, 0.0, 1.0, 0.0, 0.0, 0.0, 0.0, 0.67, 0.0, 0.0, 0.67, 1.0, 0.0, 0.0, 1.0, 0.0, 0.0, 0.0, 0.0, 0.0, 0.0, 1.0, 0.0, 0.33, 0.0, 1.0, 1.0, 0.0, 0.0, 0.0, 0.0, 0.0, 0.0, 0.0, 0.0, 0.4, 1.0, 1.0, 1.0, 0.0, 0.4, 0.0, 0.0, 0.0, 0.0, 0.67, 0.0, 0.4, 0.0, 0.0, 0.0, 0.0, 0.0]
INFO : validation_loss=4.93 ; best_validation_loss=4.937
INFO :  ****** Current epoch: 14 ****** 
INFO : Training sample: 	 60/ 300 ...
INFO : Training sample: 	 120/ 300 ...
INFO : Training sample: 	 180/ 300 ...
INFO : Training sample: 	 240/ 300 ...
INFO : Training sample: 	 300/ 300 ...
INFO : loss=4.89 ; accuracy=0.58
INFO : precision=[1.0, 1.0, 1.0, 0.67, 0.0, 1.0, 0.4, 0.0, 0.5, 1.0, 0.0, 1.0, 0.0, 0.0, 0.67, 0.0, 1.0, 0.0, 1.0, 1.0, 0.0, 0.0, 0.67, 0.33, 1.0, 0.0, 1.0, 0.0, 0.0, 1.0, 0.67, 1.0, 1.0, 1.0, 1.0, 0.0, 1.0, 0.0, 1.0, 1.0, 0.0, 0.0, 1.0, 1.0, 0.67, 1.0, 0.0, 1.0, 0.0, 0.0, 0.5, 0.0, 0.67, 1.0, 0.0, 1.0, 0.0, 0.0, 0.25, 1.0, 0.4, 1.0, 1.0, 0.0, 0.0, 0.0, 0.0, 1.0, 1.0, 0.33, 1.0, 1.0, 0.5, 0.67, 0.0, 0.0, 1.0, 0.0, 0.5, 0.0, 0.0, 0.0, 0.17, 0.25, 1.0, 0.0, 0.0, 1.0, 0.0, 1.0, 1.0, 0.29, 0.33, 0.25, 0.0, 0.5, 1.0, 1.0, 1.0, 1.0, 0.0, 1.0, 1.0, 0.18, 0.0, 1.0, 0.0, 1.0, 0.0, 1.0, 0.08, 1.0, 0.0, 1.0, 0.0, 0.0, 0.0, 0.29, 1.0, 0.0, 1.0, 0.4, 0.5, 1.0, 0.0, 0.5, 0.67, 0.4, 1.0, 0.67, 0.0, 1.0, 1.0, 0.5, 0.0, 0.22, 0.67, 0.0, 1.0, 1.0, 0.0, 0.0, 0.0, 1.0, 0.67, 1.0, 0.0, 0.0, 1.0, 1.0]
Recall=[1.0, 0.5, 1.0, 1.0, 0.0, 0.5, 1.0, 0.0, 0.5, 1.0, 0.0, 1.0, 0.0, 0.0, 1.0, 0.0, 1.0, 0.0, 1.0, 1.0, 0.0, 0.0, 1.0, 1.0, 1.0, 0.0, 1.0, 0.0, 0.0, 1.0, 1.0, 0.5, 1.0, 1.0, 1.0, 0.0, 1.0, 0.0, 1.0, 1.0, 0.0, 0.0, 1.0, 1.0, 1.0, 1.0, 0.0, 1.0, 0.0, 0.0, 1.0, 0.0, 1.0, 1.0, 0.0, 0.5, 0.0, 0.0, 1.0, 0.5, 1.0, 0.5, 1.0, 0.0, 0.0, 0.0, 0.0, 1.0, 1.0, 1.0, 1.0, 0.5, 1.0, 1.0, 0.0, 0.0, 0.5, 0.0, 1.0, 0.0, 0.0, 0.0, 1.0, 1.0, 1.0, 0.0, 0.0, 1.0, 0.0, 0.5, 1.0, 1.0, 1.0, 1.0, 0.0, 1.0, 1.0, 0.5, 1.0, 1.0, 0.0, 0.5, 1.0, 1.0, 0.0, 1.0, 0.0, 1.0, 0.0, 1.0, 1.0, 1.0, 0.0, 1.0, 0.0, 0.0, 0.0, 1.0, 1.0, 0.0, 1.0, 1.0, 1.0, 1.0, 0.0, 1.0, 1.0, 1.0, 1.0, 1.0, 0.0, 1.0, 0.5, 1.0, 0.0, 1.0, 1.0, 0.0, 1.0, 1.0, 0.0, 0.0, 0.0, 0.5, 1.0, 0.5, 0.0, 0.0, 1.0, 0.5]
INFO : F1_score=[1.0, 0.67, 1.0, 0.8, 0.0, 0.67, 0.57, 0.0, 0.5, 1.0, 0.0, 1.0, 0.0, 0.0, 0.8, 0.0, 1.0, 0.0, 1.0, 1.0, 0.0, 0.0, 0.8, 0.5, 1.0, 0.0, 1.0, 0.0, 0.0, 1.0, 0.8, 0.67, 1.0, 1.0, 1.0, 0.0, 1.0, 0.0, 1.0, 1.0, 0.0, 0.0, 1.0, 1.0, 0.8, 1.0, 0.0, 1.0, 0.0, 0.0, 0.67, 0.0, 0.8, 1.0, 0.0, 0.67, 0.0, 0.0, 0.4, 0.67, 0.57, 0.67, 1.0, 0.0, 0.0, 0.0, 0.0, 1.0, 1.0, 0.5, 1.0, 0.67, 0.67, 0.8, 0.0, 0.0, 0.67, 0.0, 0.67, 0.0, 0.0, 0.0, 0.29, 0.4, 1.0, 0.0, 0.0, 1.0, 0.0, 0.67, 1.0, 0.44, 0.5, 0.4, 0.0, 0.67, 1.0, 0.67, 1.0, 1.0, 0.0, 0.67, 1.0, 0.31, 0.0, 1.0, 0.0, 1.0, 0.0, 1.0, 0.15, 1.0, 0.0, 1.0, 0.0, 0.0, 0.0, 0.44, 1.0, 0.0, 1.0, 0.57, 0.67, 1.0, 0.0, 0.67, 0.8, 0.57, 1.0, 0.8, 0.0, 1.0, 0.67, 0.67, 0.0, 0.36, 0.8, 0.0, 1.0, 1.0, 0.0, 0.0, 0.0, 0.67, 0.8, 0.67, 0.0, 0.0, 1.0, 0.67]
INFO : Sample: 	 30/ 150 ...
INFO : Sample: 	 60/ 150 ...
INFO : Sample: 	 90/ 150 ...
INFO : Sample: 	 120/ 150 ...
INFO : Sample: 	 150/ 150 ...
INFO : loss=4.92 ; accuracy=0.36
INFO : precision=[0.0, 0.0, 0.5, 0.0, 0.0, 0.0, 0.0, 0.0, 0.0, 0.0, 0.33, 0.0, 0.0, 0.0, 0.33, 0.0, 0.0, 0.0, 0.0, 0.0, 1.0, 1.0, 0.0, 0.0, 1.0, 0.0, 0.0, 0.5, 0.0, 0.0, 0.0, 1.0, 1.0, 0.0, 0.0, 0.0, 0.0, 0.5, 0.0, 0.0, 0.5, 1.0, 0.0, 0.0, 0.5, 0.0, 0.0, 0.0, 0.33, 1.0, 0.0, 1.0, 0.0, 0.2, 0.0, 1.0, 1.0, 0.0, 0.0, 0.0, 0.0, 0.0, 0.0, 0.0, 0.0, 0.5, 1.0, 1.0, 1.0, 0.0, 0.25, 0.0, 0.0, 0.0, 0.0, 0.5, 0.0, 0.25, 0.0, 0.0, 0.0, 1.0, 0.0]
Recall=[0.0, 0.0, 1.0, 0.0, 0.0, 0.0, 0.0, 0.0, 0.0, 0.0, 1.0, 0.0, 0.0, 0.0, 1.0, 0.0, 0.0, 0.0, 0.0, 0.0, 1.0, 1.0, 0.0, 0.0, 1.0, 0.0, 0.0, 1.0, 0.0, 0.0, 0.0, 1.0, 1.0, 0.0, 0.0, 0.0, 0.0, 1.0, 0.0, 0.0, 1.0, 1.0, 0.0, 0.0, 1.0, 0.0, 0.0, 0.0, 1.0, 1.0, 0.0, 1.0, 0.0, 1.0, 0.0, 1.0, 1.0, 0.0, 0.0, 0.0, 0.0, 0.0, 0.0, 0.0, 0.0, 1.0, 1.0, 1.0, 1.0, 0.0, 1.0, 0.0, 0.0, 0.0, 0.0, 1.0, 0.0, 1.0, 0.0, 0.0, 0.0, 1.0, 0.0]
INFO : F1_score=[0.0, 0.0, 0.67, 0.0, 0.0, 0.0, 0.0, 0.0, 0.0, 0.0, 0.5, 0.0, 0.0, 0.0, 0.5, 0.0, 0.0, 0.0, 0.0, 0.0, 1.0, 1.0, 0.0, 0.0, 1.0, 0.0, 0.0, 0.67, 0.0, 0.0, 0.0, 1.0, 1.0, 0.0, 0.0, 0.0, 0.0, 0.67, 0.0, 0.0, 0.67, 1.0, 0.0, 0.0, 0.67, 0.0, 0.0, 0.0, 0.5, 1.0, 0.0, 1.0, 0.0, 0.33, 0.0, 1.0, 1.0, 0.0, 0.0, 0.0, 0.0, 0.0, 0.0, 0.0, 0.0, 0.67, 1.0, 1.0, 1.0, 0.0, 0.4, 0.0, 0.0, 0.0, 0.0, 0.67, 0.0, 0.4, 0.0, 0.0, 0.0, 1.0, 0.0]
INFO : validation_loss=4.923 ; best_validation_loss=4.93
INFO :  ****** Current epoch: 15 ****** 
INFO : Training sample: 	 60/ 300 ...
INFO : Training sample: 	 120/ 300 ...
INFO : Training sample: 	 180/ 300 ...
INFO : Training sample: 	 240/ 300 ...
INFO : Training sample: 	 300/ 300 ...
INFO : loss=4.88 ; accuracy=0.637
INFO : precision=[1.0, 1.0, 1.0, 0.5, 1.0, 1.0, 0.33, 0.0, 0.5, 1.0, 0.0, 1.0, 1.0, 0.0, 0.67, 0.0, 1.0, 1.0, 1.0, 1.0, 1.0, 0.0, 0.67, 0.33, 1.0, 0.0, 1.0, 0.0, 0.0, 1.0, 0.67, 1.0, 1.0, 1.0, 1.0, 0.0, 1.0, 1.0, 1.0, 1.0, 0.0, 0.0, 1.0, 1.0, 0.67, 1.0, 0.0, 1.0, 0.0, 0.0, 0.67, 0.0, 0.67, 1.0, 0.0, 1.0, 0.0, 0.0, 0.25, 1.0, 0.4, 1.0, 1.0, 1.0, 1.0, 0.0, 0.0, 1.0, 1.0, 0.4, 1.0, 1.0, 0.5, 1.0, 0.0, 0.0, 1.0, 0.0, 0.5, 0.0, 0.0, 0.0, 0.22, 0.29, 1.0, 0.0, 0.0, 1.0, 0.0, 1.0, 1.0, 0.29, 0.33, 0.33, 0.0, 0.5, 1.0, 1.0, 1.0, 1.0, 0.0, 1.0, 1.0, 0.25, 0.0, 1.0, 1.0, 1.0, 0.0, 1.0, 0.09, 1.0, 0.0, 1.0, 0.0, 0.0, 1.0, 0.29, 1.0, 0.0, 1.0, 0.67, 0.5, 1.0, 0.0, 0.5, 1.0, 0.4, 1.0, 0.67, 0.0, 1.0, 1.0, 0.5, 0.0, 0.29, 0.67, 0.0, 1.0, 1.0, 1.0, 1.0, 0.0, 1.0, 0.67, 1.0, 0.0, 0.0, 1.0, 1.0]
Recall=[1.0, 0.5, 1.0, 1.0, 1.0, 0.5, 1.0, 0.0, 0.5, 1.0, 0.0, 1.0, 1.0, 0.0, 1.0, 0.0, 1.0, 0.5, 1.0, 1.0, 0.5, 0.0, 1.0, 1.0, 1.0, 0.0, 1.0, 0.0, 0.0, 1.0, 1.0, 0.5, 1.0, 1.0, 1.0, 0.0, 1.0, 0.5, 1.0, 1.0, 0.0, 0.0, 1.0, 1.0, 1.0, 1.0, 0.0, 1.0, 0.0, 0.0, 1.0, 0.0, 1.0, 1.0, 0.0, 1.0, 0.0, 0.0, 1.0, 0.5, 1.0, 0.5, 1.0, 0.5, 0.5, 0.0, 0.0, 1.0, 1.0, 1.0, 1.0, 0.5, 1.0, 1.0, 0.0, 0.0, 0.5, 0.0, 1.0, 0.0, 0.0, 0.0, 1.0, 1.0, 1.0, 0.0, 0.0, 1.0, 0.0, 0.5, 1.0, 1.0, 1.0, 1.0, 0.0, 1.0, 1.0, 0.5, 1.0, 1.0, 0.0, 0.5, 1.0, 1.0, 0.0, 1.0, 1.0, 1.0, 0.0, 1.0, 1.0, 1.0, 0.0, 1.0, 0.0, 0.0, 0.5, 1.0, 1.0, 0.0, 1.0, 1.0, 1.0, 1.0, 0.0, 1.0, 1.0, 1.0, 1.0, 1.0, 0.0, 1.0, 0.5, 1.0, 0.0, 1.0, 1.0, 0.0, 1.0, 1.0, 1.0, 0.5, 0.0, 0.5, 1.0, 0.5, 0.0, 0.0, 1.0, 1.0]
INFO : F1_score=[1.0, 0.67, 1.0, 0.67, 1.0, 0.67, 0.5, 0.0, 0.5, 1.0, 0.0, 1.0, 1.0, 0.0, 0.8, 0.0, 1.0, 0.67, 1.0, 1.0, 0.67, 0.0, 0.8, 0.5, 1.0, 0.0, 1.0, 0.0, 0.0, 1.0, 0.8, 0.67, 1.0, 1.0, 1.0, 0.0, 1.0, 0.67, 1.0, 1.0, 0.0, 0.0, 1.0, 1.0, 0.8, 1.0, 0.0, 1.0, 0.0, 0.0, 0.8, 0.0, 0.8, 1.0, 0.0, 1.0, 0.0, 0.0, 0.4, 0.67, 0.57, 0.67, 1.0, 0.67, 0.67, 0.0, 0.0, 1.0, 1.0, 0.57, 1.0, 0.67, 0.67, 1.0, 0.0, 0.0, 0.67, 0.0, 0.67, 0.0, 0.0, 0.0, 0.36, 0.44, 1.0, 0.0, 0.0, 1.0, 0.0, 0.67, 1.0, 0.44, 0.5, 0.5, 0.0, 0.67, 1.0, 0.67, 1.0, 1.0, 0.0, 0.67, 1.0, 0.4, 0.0, 1.0, 1.0, 1.0, 0.0, 1.0, 0.17, 1.0, 0.0, 1.0, 0.0, 0.0, 0.67, 0.44, 1.0, 0.0, 1.0, 0.8, 0.67, 1.0, 0.0, 0.67, 1.0, 0.57, 1.0, 0.8, 0.0, 1.0, 0.67, 0.67, 0.0, 0.44, 0.8, 0.0, 1.0, 1.0, 1.0, 0.67, 0.0, 0.67, 0.8, 0.67, 0.0, 0.0, 1.0, 1.0]
INFO : Sample: 	 30/ 150 ...
INFO : Sample: 	 60/ 150 ...
INFO : Sample: 	 90/ 150 ...
INFO : Sample: 	 120/ 150 ...
INFO : Sample: 	 150/ 150 ...
INFO : loss=4.92 ; accuracy=0.36
INFO : precision=[0.0, 0.0, 0.5, 0.0, 0.0, 0.0, 0.0, 0.0, 0.0, 0.0, 0.33, 0.0, 0.0, 0.0, 0.25, 0.0, 0.0, 0.0, 0.0, 0.0, 1.0, 1.0, 0.0, 0.0, 0.0, 0.0, 0.0, 0.5, 0.0, 0.0, 0.0, 1.0, 1.0, 0.0, 0.0, 0.0, 0.0, 0.5, 0.0, 0.0, 0.5, 1.0, 0.0, 0.0, 0.5, 0.0, 0.0, 0.0, 0.33, 1.0, 0.0, 1.0, 0.0, 0.2, 0.0, 1.0, 1.0, 0.0, 0.0, 0.0, 0.0, 0.0, 0.0, 0.0, 0.0, 0.33, 1.0, 1.0, 1.0, 0.0, 0.25, 0.0, 0.0, 1.0, 0.0, 0.5, 0.0, 0.25, 0.0, 0.0, 0.0, 1.0, 0.0]
Recall=[0.0, 0.0, 1.0, 0.0, 0.0, 0.0, 0.0, 0.0, 0.0, 0.0, 1.0, 0.0, 0.0, 0.0, 1.0, 0.0, 0.0, 0.0, 0.0, 0.0, 1.0, 1.0, 0.0, 0.0, 0.0, 0.0, 0.0, 1.0, 0.0, 0.0, 0.0, 1.0, 1.0, 0.0, 0.0, 0.0, 0.0, 1.0, 0.0, 0.0, 1.0, 1.0, 0.0, 0.0, 1.0, 0.0, 0.0, 0.0, 1.0, 1.0, 0.0, 1.0, 0.0, 1.0, 0.0, 1.0, 1.0, 0.0, 0.0, 0.0, 0.0, 0.0, 0.0, 0.0, 0.0, 1.0, 1.0, 1.0, 1.0, 0.0, 1.0, 0.0, 0.0, 1.0, 0.0, 1.0, 0.0, 1.0, 0.0, 0.0, 0.0, 1.0, 0.0]
INFO : F1_score=[0.0, 0.0, 0.67, 0.0, 0.0, 0.0, 0.0, 0.0, 0.0, 0.0, 0.5, 0.0, 0.0, 0.0, 0.4, 0.0, 0.0, 0.0, 0.0, 0.0, 1.0, 1.0, 0.0, 0.0, 0.0, 0.0, 0.0, 0.67, 0.0, 0.0, 0.0, 1.0, 1.0, 0.0, 0.0, 0.0, 0.0, 0.67, 0.0, 0.0, 0.67, 1.0, 0.0, 0.0, 0.67, 0.0, 0.0, 0.0, 0.5, 1.0, 0.0, 1.0, 0.0, 0.33, 0.0, 1.0, 1.0, 0.0, 0.0, 0.0, 0.0, 0.0, 0.0, 0.0, 0.0, 0.5, 1.0, 1.0, 1.0, 0.0, 0.4, 0.0, 0.0, 1.0, 0.0, 0.67, 0.0, 0.4, 0.0, 0.0, 0.0, 1.0, 0.0]
INFO : validation_loss=4.916 ; best_validation_loss=4.923
INFO :  ****** Current epoch: 16 ****** 
INFO : Training sample: 	 60/ 300 ...
INFO : Training sample: 	 120/ 300 ...
INFO : Training sample: 	 180/ 300 ...
INFO : Training sample: 	 240/ 300 ...
INFO : Training sample: 	 300/ 300 ...
INFO : loss=4.87 ; accuracy=0.683
INFO : precision=[1.0, 1.0, 1.0, 0.5, 1.0, 1.0, 0.33, 1.0, 1.0, 1.0, 1.0, 1.0, 1.0, 0.0, 0.67, 0.0, 1.0, 1.0, 1.0, 1.0, 1.0, 0.0, 1.0, 0.4, 1.0, 1.0, 1.0, 0.0, 0.0, 1.0, 0.67, 1.0, 1.0, 1.0, 1.0, 0.0, 1.0, 1.0, 1.0, 1.0, 0.0, 0.0, 0.67, 1.0, 0.67, 1.0, 1.0, 1.0, 0.0, 0.0, 1.0, 0.0, 0.67, 1.0, 0.0, 1.0, 0.0, 1.0, 0.33, 1.0, 0.5, 1.0, 1.0, 1.0, 1.0, 0.0, 0.0, 1.0, 1.0, 0.67, 1.0, 1.0, 0.5, 1.0, 0.0, 0.0, 1.0, 0.0, 0.5, 0.0, 0.0, 0.0, 0.2, 0.29, 1.0, 0.0, 0.0, 1.0, 0.0, 1.0, 1.0, 0.29, 0.33, 0.33, 0.0, 0.5, 1.0, 1.0, 1.0, 1.0, 0.0, 1.0, 1.0, 0.33, 0.0, 1.0, 1.0, 1.0, 1.0, 1.0, 0.1, 0.67, 0.0, 1.0, 0.0, 0.0, 1.0, 0.33, 1.0, 0.0, 1.0, 0.67, 0.5, 1.0, 0.0, 0.5, 1.0, 0.5, 1.0, 0.67, 0.0, 0.67, 1.0, 0.67, 1.0, 0.5, 0.67, 1.0, 1.0, 1.0, 1.0, 1.0, 0.0, 1.0, 0.67, 1.0, 1.0, 0.0, 1.0, 1.0]
Recall=[1.0, 0.5, 1.0, 1.0, 1.0, 1.0, 1.0, 0.5, 0.5, 1.0, 0.5, 1.0, 1.0, 0.0, 1.0, 0.0, 1.0, 1.0, 1.0, 1.0, 0.5, 0.0, 1.0, 1.0, 1.0, 0.5, 1.0, 0.0, 0.0, 1.0, 1.0, 0.5, 1.0, 1.0, 1.0, 0.0, 1.0, 0.5, 1.0, 1.0, 0.0, 0.0, 1.0, 1.0, 1.0, 1.0, 0.5, 1.0, 0.0, 0.0, 1.0, 0.0, 1.0, 1.0, 0.0, 1.0, 0.0, 1.0, 1.0, 0.5, 1.0, 1.0, 1.0, 0.5, 0.5, 0.0, 0.0, 1.0, 1.0, 1.0, 1.0, 0.5, 1.0, 1.0, 0.0, 0.0, 1.0, 0.0, 1.0, 0.0, 0.0, 0.0, 1.0, 1.0, 1.0, 0.0, 0.0, 1.0, 0.0, 0.5, 1.0, 1.0, 1.0, 1.0, 0.0, 1.0, 1.0, 0.5, 1.0, 1.0, 0.0, 0.5, 1.0, 1.0, 0.0, 1.0, 1.0, 1.0, 0.5, 1.0, 1.0, 1.0, 0.0, 1.0, 0.0, 0.0, 0.5, 1.0, 1.0, 0.0, 1.0, 1.0, 1.0, 1.0, 0.0, 1.0, 1.0, 1.0, 1.0, 1.0, 0.0, 1.0, 0.5, 1.0, 0.5, 1.0, 1.0, 0.5, 1.0, 1.0, 1.0, 0.5, 0.0, 0.5, 1.0, 0.5, 0.5, 0.0, 1.0, 1.0]
INFO : F1_score=[1.0, 0.67, 1.0, 0.67, 1.0, 1.0, 0.5, 0.67, 0.67, 1.0, 0.67, 1.0, 1.0, 0.0, 0.8, 0.0, 1.0, 1.0, 1.0, 1.0, 0.67, 0.0, 1.0, 0.57, 1.0, 0.67, 1.0, 0.0, 0.0, 1.0, 0.8, 0.67, 1.0, 1.0, 1.0, 0.0, 1.0, 0.67, 1.0, 1.0, 0.0, 0.0, 0.8, 1.0, 0.8, 1.0, 0.67, 1.0, 0.0, 0.0, 1.0, 0.0, 0.8, 1.0, 0.0, 1.0, 0.0, 1.0, 0.5, 0.67, 0.67, 1.0, 1.0, 0.67, 0.67, 0.0, 0.0, 1.0, 1.0, 0.8, 1.0, 0.67, 0.67, 1.0, 0.0, 0.0, 1.0, 0.0, 0.67, 0.0, 0.0, 0.0, 0.33, 0.44, 1.0, 0.0, 0.0, 1.0, 0.0, 0.67, 1.0, 0.44, 0.5, 0.5, 0.0, 0.67, 1.0, 0.67, 1.0, 1.0, 0.0, 0.67, 1.0, 0.5, 0.0, 1.0, 1.0, 1.0, 0.67, 1.0, 0.17, 0.8, 0.0, 1.0, 0.0, 0.0, 0.67, 0.5, 1.0, 0.0, 1.0, 0.8, 0.67, 1.0, 0.0, 0.67, 1.0, 0.67, 1.0, 0.8, 0.0, 0.8, 0.67, 0.8, 0.67, 0.67, 0.8, 0.67, 1.0, 1.0, 1.0, 0.67, 0.0, 0.67, 0.8, 0.67, 0.67, 0.0, 1.0, 1.0]
INFO : Sample: 	 30/ 150 ...
INFO : Sample: 	 60/ 150 ...
INFO : Sample: 	 90/ 150 ...
INFO : Sample: 	 120/ 150 ...
INFO : Sample: 	 150/ 150 ...
INFO : loss=4.91 ; accuracy=0.413
INFO : precision=[0.0, 0.0, 0.5, 0.0, 0.5, 0.0, 0.0, 0.0, 0.0, 0.33, 0.0, 0.0, 0.0, 0.25, 0.0, 0.0, 0.0, 0.0, 1.0, 1.0, 1.0, 0.0, 0.0, 0.0, 0.0, 0.0, 0.5, 0.0, 0.0, 0.0, 1.0, 1.0, 0.0, 0.0, 0.0, 0.0, 0.5, 0.0, 0.0, 1.0, 1.0, 0.0, 1.0, 1.0, 0.0, 0.0, 0.0, 0.25, 1.0, 0.0, 1.0, 0.0, 0.2, 0.0, 1.0, 1.0, 0.0, 0.0, 0.0, 0.0, 0.0, 0.0, 0.0, 1.0, 0.25, 1.0, 1.0, 1.0, 0.0, 0.25, 0.0, 0.0, 1.0, 0.0, 0.5, 0.0, 0.25, 0.0, 0.0, 0.0, 1.0, 0.0]
Recall=[0.0, 0.0, 1.0, 0.0, 1.0, 0.0, 0.0, 0.0, 0.0, 1.0, 0.0, 0.0, 0.0, 1.0, 0.0, 0.0, 0.0, 0.0, 1.0, 1.0, 1.0, 0.0, 0.0, 0.0, 0.0, 0.0, 1.0, 0.0, 0.0, 0.0, 1.0, 1.0, 0.0, 0.0, 0.0, 0.0, 1.0, 0.0, 0.0, 1.0, 1.0, 0.0, 1.0, 1.0, 0.0, 0.0, 0.0, 1.0, 1.0, 0.0, 1.0, 0.0, 1.0, 0.0, 1.0, 1.0, 0.0, 0.0, 0.0, 0.0, 0.0, 0.0, 0.0, 1.0, 1.0, 1.0, 1.0, 1.0, 0.0, 1.0, 0.0, 0.0, 1.0, 0.0, 1.0, 0.0, 1.0, 0.0, 0.0, 0.0, 1.0, 0.0]
INFO : F1_score=[0.0, 0.0, 0.67, 0.0, 0.67, 0.0, 0.0, 0.0, 0.0, 0.5, 0.0, 0.0, 0.0, 0.4, 0.0, 0.0, 0.0, 0.0, 1.0, 1.0, 1.0, 0.0, 0.0, 0.0, 0.0, 0.0, 0.67, 0.0, 0.0, 0.0, 1.0, 1.0, 0.0, 0.0, 0.0, 0.0, 0.67, 0.0, 0.0, 1.0, 1.0, 0.0, 1.0, 1.0, 0.0, 0.0, 0.0, 0.4, 1.0, 0.0, 1.0, 0.0, 0.33, 0.0, 1.0, 1.0, 0.0, 0.0, 0.0, 0.0, 0.0, 0.0, 0.0, 1.0, 0.4, 1.0, 1.0, 1.0, 0.0, 0.4, 0.0, 0.0, 1.0, 0.0, 0.67, 0.0, 0.4, 0.0, 0.0, 0.0, 1.0, 0.0]
INFO : validation_loss=4.908 ; best_validation_loss=4.916
INFO :  ****** Current epoch: 17 ****** 
INFO : Training sample: 	 60/ 300 ...
INFO : Training sample: 	 120/ 300 ...
INFO : Training sample: 	 180/ 300 ...
INFO : Training sample: 	 240/ 300 ...
INFO : Training sample: 	 300/ 300 ...
INFO : loss=4.86 ; accuracy=0.743
INFO : precision=[1.0, 1.0, 1.0, 0.5, 1.0, 1.0, 0.33, 1.0, 0.67, 1.0, 1.0, 1.0, 1.0, 0.0, 1.0, 0.0, 1.0, 1.0, 1.0, 1.0, 1.0, 0.0, 1.0, 0.67, 1.0, 1.0, 1.0, 0.0, 1.0, 1.0, 0.67, 1.0, 1.0, 1.0, 1.0, 1.0, 1.0, 1.0, 1.0, 1.0, 0.0, 0.0, 0.67, 1.0, 0.67, 1.0, 1.0, 1.0, 0.0, 0.0, 1.0, 0.0, 0.67, 1.0, 0.0, 1.0, 0.0, 1.0, 0.5, 1.0, 0.67, 1.0, 1.0, 1.0, 1.0, 0.0, 0.0, 1.0, 1.0, 1.0, 1.0, 1.0, 0.5, 1.0, 0.0, 0.0, 1.0, 1.0, 0.5, 0.0, 0.0, 0.0, 0.22, 0.5, 1.0, 0.0, 0.0, 1.0, 0.0, 1.0, 1.0, 0.29, 0.4, 0.4, 0.0, 0.5, 1.0, 1.0, 1.0, 1.0, 0.0, 1.0, 1.0, 0.33, 1.0, 1.0, 1.0, 1.0, 1.0, 0.67, 0.12, 1.0, 1.0, 1.0, 0.0, 1.0, 1.0, 0.4, 1.0, 1.0, 1.0, 0.67, 0.5, 1.0, 1.0, 0.67, 1.0, 0.5, 1.0, 0.67, 0.0, 0.67, 1.0, 0.67, 1.0, 0.5, 0.67, 1.0, 1.0, 1.0, 1.0, 1.0, 0.0, 1.0, 0.67, 1.0, 1.0, 0.0, 1.0, 1.0]
Recall=[1.0, 0.5, 1.0, 1.0, 1.0, 1.0, 1.0, 1.0, 1.0, 1.0, 0.5, 1.0, 1.0, 0.0, 1.0, 0.0, 1.0, 1.0, 1.0, 1.0, 1.0, 0.0, 1.0, 1.0, 1.0, 0.5, 1.0, 0.0, 0.5, 1.0, 1.0, 0.5, 1.0, 1.0, 1.0, 1.0, 1.0, 0.5, 1.0, 1.0, 0.0, 0.0, 1.0, 1.0, 1.0, 1.0, 1.0, 1.0, 0.0, 0.0, 1.0, 0.0, 1.0, 1.0, 0.0, 1.0, 0.0, 1.0, 1.0, 0.5, 1.0, 1.0, 1.0, 1.0, 0.5, 0.0, 0.0, 1.0, 1.0, 1.0, 1.0, 0.5, 1.0, 1.0, 0.0, 0.0, 1.0, 1.0, 1.0, 0.0, 0.0, 0.0, 1.0, 1.0, 1.0, 0.0, 0.0, 1.0, 0.0, 0.5, 1.0, 1.0, 1.0, 1.0, 0.0, 1.0, 1.0, 0.5, 1.0, 1.0, 0.0, 0.5, 1.0, 1.0, 0.5, 1.0, 1.0, 1.0, 0.5, 1.0, 1.0, 1.0, 0.5, 1.0, 0.0, 1.0, 0.5, 1.0, 1.0, 0.5, 1.0, 1.0, 1.0, 1.0, 0.5, 1.0, 1.0, 1.0, 1.0, 1.0, 0.0, 1.0, 0.5, 1.0, 0.5, 1.0, 1.0, 1.0, 1.0, 1.0, 1.0, 0.5, 0.0, 0.5, 1.0, 0.5, 1.0, 0.0, 1.0, 1.0]
INFO : F1_score=[1.0, 0.67, 1.0, 0.67, 1.0, 1.0, 0.5, 1.0, 0.8, 1.0, 0.67, 1.0, 1.0, 0.0, 1.0, 0.0, 1.0, 1.0, 1.0, 1.0, 1.0, 0.0, 1.0, 0.8, 1.0, 0.67, 1.0, 0.0, 0.67, 1.0, 0.8, 0.67, 1.0, 1.0, 1.0, 1.0, 1.0, 0.67, 1.0, 1.0, 0.0, 0.0, 0.8, 1.0, 0.8, 1.0, 1.0, 1.0, 0.0, 0.0, 1.0, 0.0, 0.8, 1.0, 0.0, 1.0, 0.0, 1.0, 0.67, 0.67, 0.8, 1.0, 1.0, 1.0, 0.67, 0.0, 0.0, 1.0, 1.0, 1.0, 1.0, 0.67, 0.67, 1.0, 0.0, 0.0, 1.0, 1.0, 0.67, 0.0, 0.0, 0.0, 0.36, 0.67, 1.0, 0.0, 0.0, 1.0, 0.0, 0.67, 1.0, 0.44, 0.57, 0.57, 0.0, 0.67, 1.0, 0.67, 1.0, 1.0, 0.0, 0.67, 1.0, 0.5, 0.67, 1.0, 1.0, 1.0, 0.67, 0.8, 0.21, 1.0, 0.67, 1.0, 0.0, 1.0, 0.67, 0.57, 1.0, 0.67, 1.0, 0.8, 0.67, 1.0, 0.67, 0.8, 1.0, 0.67, 1.0, 0.8, 0.0, 0.8, 0.67, 0.8, 0.67, 0.67, 0.8, 1.0, 1.0, 1.0, 1.0, 0.67, 0.0, 0.67, 0.8, 0.67, 1.0, 0.0, 1.0, 1.0]
INFO : Sample: 	 30/ 150 ...
INFO : Sample: 	 60/ 150 ...
INFO : Sample: 	 90/ 150 ...
INFO : Sample: 	 120/ 150 ...
INFO : Sample: 	 150/ 150 ...
INFO : loss=4.9 ; accuracy=0.427
INFO : precision=[0.0, 0.0, 0.5, 0.0, 0.5, 0.0, 0.0, 0.0, 0.0, 0.33, 0.0, 0.0, 0.0, 0.25, 0.0, 1.0, 0.0, 0.0, 1.0, 1.0, 1.0, 0.0, 0.0, 0.0, 0.0, 0.0, 0.5, 0.0, 0.0, 0.0, 0.0, 1.0, 1.0, 0.0, 0.0, 0.0, 0.0, 0.5, 0.0, 0.0, 1.0, 1.0, 0.0, 1.0, 0.5, 0.0, 0.0, 0.0, 0.25, 1.0, 0.0, 1.0, 0.0, 0.2, 0.0, 1.0, 1.0, 0.0, 0.0, 0.0, 0.0, 0.0, 0.0, 0.0, 1.0, 0.25, 1.0, 1.0, 1.0, 0.0, 0.5, 0.0, 0.0, 1.0, 0.0, 1.0, 0.0, 0.25, 0.0, 0.0, 0.0, 1.0, 0.0]
Recall=[0.0, 0.0, 1.0, 0.0, 1.0, 0.0, 0.0, 0.0, 0.0, 1.0, 0.0, 0.0, 0.0, 1.0, 0.0, 1.0, 0.0, 0.0, 1.0, 1.0, 1.0, 0.0, 0.0, 0.0, 0.0, 0.0, 1.0, 0.0, 0.0, 0.0, 0.0, 1.0, 1.0, 0.0, 0.0, 0.0, 0.0, 1.0, 0.0, 0.0, 1.0, 1.0, 0.0, 1.0, 1.0, 0.0, 0.0, 0.0, 1.0, 1.0, 0.0, 1.0, 0.0, 1.0, 0.0, 1.0, 1.0, 0.0, 0.0, 0.0, 0.0, 0.0, 0.0, 0.0, 1.0, 1.0, 1.0, 1.0, 1.0, 0.0, 1.0, 0.0, 0.0, 1.0, 0.0, 1.0, 0.0, 1.0, 0.0, 0.0, 0.0, 1.0, 0.0]
INFO : F1_score=[0.0, 0.0, 0.67, 0.0, 0.67, 0.0, 0.0, 0.0, 0.0, 0.5, 0.0, 0.0, 0.0, 0.4, 0.0, 1.0, 0.0, 0.0, 1.0, 1.0, 1.0, 0.0, 0.0, 0.0, 0.0, 0.0, 0.67, 0.0, 0.0, 0.0, 0.0, 1.0, 1.0, 0.0, 0.0, 0.0, 0.0, 0.67, 0.0, 0.0, 1.0, 1.0, 0.0, 1.0, 0.67, 0.0, 0.0, 0.0, 0.4, 1.0, 0.0, 1.0, 0.0, 0.33, 0.0, 1.0, 1.0, 0.0, 0.0, 0.0, 0.0, 0.0, 0.0, 0.0, 1.0, 0.4, 1.0, 1.0, 1.0, 0.0, 0.67, 0.0, 0.0, 1.0, 0.0, 1.0, 0.0, 0.4, 0.0, 0.0, 0.0, 1.0, 0.0]
INFO : validation_loss=4.901 ; best_validation_loss=4.908
INFO :  ****** Current epoch: 18 ****** 
INFO : Training sample: 	 60/ 300 ...
INFO : Training sample: 	 120/ 300 ...
INFO : Training sample: 	 180/ 300 ...
INFO : Training sample: 	 240/ 300 ...
INFO : Training sample: 	 300/ 300 ...
INFO : loss=4.85 ; accuracy=0.77
INFO : precision=[1.0, 1.0, 1.0, 0.5, 1.0, 1.0, 0.4, 1.0, 1.0, 1.0, 1.0, 1.0, 1.0, 0.0, 1.0, 1.0, 1.0, 1.0, 1.0, 1.0, 1.0, 0.0, 1.0, 0.5, 0.67, 1.0, 1.0, 0.0, 1.0, 1.0, 0.67, 1.0, 1.0, 1.0, 1.0, 1.0, 1.0, 1.0, 1.0, 1.0, 0.0, 1.0, 0.67, 1.0, 0.67, 1.0, 1.0, 1.0, 0.0, 0.0, 1.0, 1.0, 0.67, 1.0, 0.0, 1.0, 0.0, 1.0, 0.5, 1.0, 0.67, 1.0, 1.0, 1.0, 1.0, 0.0, 0.0, 1.0, 1.0, 1.0, 1.0, 1.0, 0.5, 1.0, 0.0, 0.0, 1.0, 1.0, 0.5, 0.0, 0.0, 1.0, 0.25, 0.5, 1.0, 0.0, 0.0, 1.0, 0.0, 1.0, 1.0, 0.29, 0.4, 0.5, 1.0, 0.5, 1.0, 1.0, 1.0, 1.0, 0.0, 1.0, 1.0, 0.33, 1.0, 1.0, 1.0, 1.0, 1.0, 1.0, 0.13, 1.0, 1.0, 1.0, 0.0, 1.0, 1.0, 0.4, 1.0, 1.0, 1.0, 0.67, 0.67, 1.0, 1.0, 0.67, 1.0, 0.67, 1.0, 0.67, 0.0, 0.67, 1.0, 1.0, 1.0, 0.5, 0.67, 1.0, 1.0, 1.0, 1.0, 1.0, 0.0, 1.0, 0.67, 1.0, 1.0, 0.0, 1.0, 1.0]
Recall=[1.0, 1.0, 1.0, 1.0, 1.0, 1.0, 1.0, 1.0, 1.0, 1.0, 1.0, 1.0, 1.0, 0.0, 1.0, 0.5, 1.0, 1.0, 1.0, 1.0, 1.0, 0.0, 1.0, 1.0, 1.0, 0.5, 1.0, 0.0, 0.5, 1.0, 1.0, 0.5, 1.0, 1.0, 1.0, 1.0, 1.0, 0.5, 1.0, 1.0, 0.0, 0.5, 1.0, 1.0, 1.0, 1.0, 1.0, 1.0, 0.0, 0.0, 1.0, 0.5, 1.0, 1.0, 0.0, 1.0, 0.0, 1.0, 1.0, 0.5, 1.0, 1.0, 1.0, 1.0, 0.5, 0.0, 0.0, 1.0, 1.0, 1.0, 1.0, 0.5, 1.0, 1.0, 0.0, 0.0, 1.0, 1.0, 1.0, 0.0, 0.0, 0.5, 1.0, 1.0, 1.0, 0.0, 0.0, 1.0, 0.0, 0.5, 1.0, 1.0, 1.0, 1.0, 0.5, 1.0, 1.0, 0.5, 1.0, 1.0, 0.0, 0.5, 1.0, 1.0, 0.5, 1.0, 1.0, 1.0, 0.5, 1.0, 1.0, 1.0, 0.5, 1.0, 0.0, 1.0, 0.5, 1.0, 1.0, 0.5, 1.0, 1.0, 1.0, 1.0, 0.5, 1.0, 1.0, 1.0, 1.0, 1.0, 0.0, 1.0, 0.5, 1.0, 0.5, 1.0, 1.0, 1.0, 1.0, 1.0, 1.0, 0.5, 0.0, 1.0, 1.0, 0.5, 1.0, 0.0, 1.0, 1.0]
INFO : F1_score=[1.0, 1.0, 1.0, 0.67, 1.0, 1.0, 0.57, 1.0, 1.0, 1.0, 1.0, 1.0, 1.0, 0.0, 1.0, 0.67, 1.0, 1.0, 1.0, 1.0, 1.0, 0.0, 1.0, 0.67, 0.8, 0.67, 1.0, 0.0, 0.67, 1.0, 0.8, 0.67, 1.0, 1.0, 1.0, 1.0, 1.0, 0.67, 1.0, 1.0, 0.0, 0.67, 0.8, 1.0, 0.8, 1.0, 1.0, 1.0, 0.0, 0.0, 1.0, 0.67, 0.8, 1.0, 0.0, 1.0, 0.0, 1.0, 0.67, 0.67, 0.8, 1.0, 1.0, 1.0, 0.67, 0.0, 0.0, 1.0, 1.0, 1.0, 1.0, 0.67, 0.67, 1.0, 0.0, 0.0, 1.0, 1.0, 0.67, 0.0, 0.0, 0.67, 0.4, 0.67, 1.0, 0.0, 0.0, 1.0, 0.0, 0.67, 1.0, 0.44, 0.57, 0.67, 0.67, 0.67, 1.0, 0.67, 1.0, 1.0, 0.0, 0.67, 1.0, 0.5, 0.67, 1.0, 1.0, 1.0, 0.67, 1.0, 0.24, 1.0, 0.67, 1.0, 0.0, 1.0, 0.67, 0.57, 1.0, 0.67, 1.0, 0.8, 0.8, 1.0, 0.67, 0.8, 1.0, 0.8, 1.0, 0.8, 0.0, 0.8, 0.67, 1.0, 0.67, 0.67, 0.8, 1.0, 1.0, 1.0, 1.0, 0.67, 0.0, 1.0, 0.8, 0.67, 1.0, 0.0, 1.0, 1.0]
INFO : Sample: 	 30/ 150 ...
INFO : Sample: 	 60/ 150 ...
INFO : Sample: 	 90/ 150 ...
INFO : Sample: 	 120/ 150 ...
INFO : Sample: 	 150/ 150 ...
INFO : loss=4.89 ; accuracy=0.467
INFO : precision=[0.0, 0.0, 0.5, 0.0, 0.5, 0.0, 0.0, 0.0, 0.0, 0.5, 1.0, 0.0, 0.0, 0.25, 0.0, 1.0, 0.0, 0.0, 1.0, 1.0, 1.0, 0.0, 0.0, 0.0, 0.0, 0.0, 0.5, 0.0, 0.0, 0.0, 0.0, 1.0, 1.0, 0.0, 0.0, 0.0, 0.0, 1.0, 1.0, 0.0, 1.0, 1.0, 0.0, 1.0, 0.5, 0.0, 0.0, 0.0, 0.25, 1.0, 0.0, 1.0, 0.0, 0.25, 0.0, 1.0, 1.0, 0.0, 0.0, 0.0, 0.0, 0.0, 0.0, 0.0, 1.0, 0.25, 1.0, 1.0, 1.0, 0.0, 0.5, 0.0, 0.0, 1.0, 0.0, 1.0, 0.0, 0.25, 1.0, 0.0, 0.0, 1.0, 0.0]
Recall=[0.0, 0.0, 1.0, 0.0, 1.0, 0.0, 0.0, 0.0, 0.0, 1.0, 1.0, 0.0, 0.0, 1.0, 0.0, 1.0, 0.0, 0.0, 1.0, 1.0, 1.0, 0.0, 0.0, 0.0, 0.0, 0.0, 1.0, 0.0, 0.0, 0.0, 0.0, 1.0, 1.0, 0.0, 0.0, 0.0, 0.0, 1.0, 1.0, 0.0, 1.0, 1.0, 0.0, 1.0, 1.0, 0.0, 0.0, 0.0, 1.0, 1.0, 0.0, 1.0, 0.0, 1.0, 0.0, 1.0, 1.0, 0.0, 0.0, 0.0, 0.0, 0.0, 0.0, 0.0, 1.0, 1.0, 1.0, 1.0, 1.0, 0.0, 1.0, 0.0, 0.0, 1.0, 0.0, 1.0, 0.0, 1.0, 1.0, 0.0, 0.0, 1.0, 0.0]
INFO : F1_score=[0.0, 0.0, 0.67, 0.0, 0.67, 0.0, 0.0, 0.0, 0.0, 0.67, 1.0, 0.0, 0.0, 0.4, 0.0, 1.0, 0.0, 0.0, 1.0, 1.0, 1.0, 0.0, 0.0, 0.0, 0.0, 0.0, 0.67, 0.0, 0.0, 0.0, 0.0, 1.0, 1.0, 0.0, 0.0, 0.0, 0.0, 1.0, 1.0, 0.0, 1.0, 1.0, 0.0, 1.0, 0.67, 0.0, 0.0, 0.0, 0.4, 1.0, 0.0, 1.0, 0.0, 0.4, 0.0, 1.0, 1.0, 0.0, 0.0, 0.0, 0.0, 0.0, 0.0, 0.0, 1.0, 0.4, 1.0, 1.0, 1.0, 0.0, 0.67, 0.0, 0.0, 1.0, 0.0, 1.0, 0.0, 0.4, 1.0, 0.0, 0.0, 1.0, 0.0]
INFO : validation_loss=4.893 ; best_validation_loss=4.901
INFO :  ****** Current epoch: 19 ****** 
INFO : Training sample: 	 60/ 300 ...
INFO : Training sample: 	 120/ 300 ...
INFO : Training sample: 	 180/ 300 ...
INFO : Training sample: 	 240/ 300 ...
INFO : Training sample: 	 300/ 300 ...
INFO : loss=4.84 ; accuracy=0.81
INFO : precision=[1.0, 1.0, 1.0, 0.67, 1.0, 1.0, 0.4, 1.0, 1.0, 1.0, 1.0, 1.0, 1.0, 1.0, 1.0, 1.0, 1.0, 1.0, 1.0, 1.0, 1.0, 0.0, 1.0, 0.5, 0.67, 1.0, 1.0, 0.0, 1.0, 1.0, 0.5, 1.0, 1.0, 1.0, 1.0, 1.0, 1.0, 1.0, 1.0, 1.0, 1.0, 1.0, 0.67, 1.0, 0.67, 1.0, 1.0, 1.0, 1.0, 1.0, 1.0, 1.0, 1.0, 1.0, 0.0, 1.0, 0.0, 1.0, 0.67, 1.0, 0.67, 1.0, 1.0, 1.0, 1.0, 0.0, 0.0, 1.0, 1.0, 1.0, 1.0, 1.0, 0.67, 1.0, 0.0, 1.0, 1.0, 1.0, 0.67, 1.0, 0.0, 1.0, 0.29, 0.67, 1.0, 0.0, 1.0, 1.0, 0.0, 1.0, 1.0, 0.29, 0.4, 0.5, 1.0, 0.5, 1.0, 1.0, 1.0, 1.0, 1.0, 1.0, 1.0, 0.33, 1.0, 1.0, 1.0, 0.67, 1.0, 1.0, 0.17, 1.0, 1.0, 1.0, 0.0, 1.0, 1.0, 0.4, 1.0, 1.0, 1.0, 0.67, 1.0, 1.0, 1.0, 0.67, 1.0, 1.0, 1.0, 0.67, 0.0, 0.67, 1.0, 1.0, 1.0, 0.67, 0.67, 1.0, 1.0, 1.0, 1.0, 1.0, 1.0, 1.0, 1.0, 1.0, 1.0, 0.0, 1.0, 1.0]
Recall=[1.0, 1.0, 1.0, 1.0, 1.0, 1.0, 1.0, 1.0, 1.0, 1.0, 1.0, 1.0, 1.0, 0.5, 1.0, 0.5, 1.0, 1.0, 1.0, 1.0, 1.0, 0.0, 1.0, 1.0, 1.0, 0.5, 1.0, 0.0, 0.5, 1.0, 1.0, 0.5, 1.0, 1.0, 1.0, 1.0, 1.0, 0.5, 1.0, 1.0, 0.5, 0.5, 1.0, 1.0, 1.0, 1.0, 1.0, 1.0, 0.5, 0.5, 1.0, 0.5, 1.0, 0.5, 0.0, 1.0, 0.0, 1.0, 1.0, 0.5, 1.0, 1.0, 1.0, 1.0, 1.0, 0.0, 0.0, 1.0, 1.0, 1.0, 1.0, 1.0, 1.0, 1.0, 0.0, 0.5, 1.0, 1.0, 1.0, 0.5, 0.0, 1.0, 1.0, 1.0, 1.0, 0.0, 0.5, 1.0, 0.0, 0.5, 1.0, 1.0, 1.0, 1.0, 0.5, 1.0, 1.0, 0.5, 1.0, 1.0, 0.5, 0.5, 1.0, 1.0, 0.5, 1.0, 1.0, 1.0, 0.5, 1.0, 1.0, 1.0, 0.5, 1.0, 0.0, 1.0, 0.5, 1.0, 1.0, 0.5, 1.0, 1.0, 1.0, 1.0, 0.5, 1.0, 1.0, 1.0, 1.0, 1.0, 0.0, 1.0, 0.5, 1.0, 0.5, 1.0, 1.0, 1.0, 1.0, 1.0, 1.0, 1.0, 0.5, 1.0, 1.0, 0.5, 1.0, 0.0, 1.0, 1.0]
INFO : F1_score=[1.0, 1.0, 1.0, 0.8, 1.0, 1.0, 0.57, 1.0, 1.0, 1.0, 1.0, 1.0, 1.0, 0.67, 1.0, 0.67, 1.0, 1.0, 1.0, 1.0, 1.0, 0.0, 1.0, 0.67, 0.8, 0.67, 1.0, 0.0, 0.67, 1.0, 0.67, 0.67, 1.0, 1.0, 1.0, 1.0, 1.0, 0.67, 1.0, 1.0, 0.67, 0.67, 0.8, 1.0, 0.8, 1.0, 1.0, 1.0, 0.67, 0.67, 1.0, 0.67, 1.0, 0.67, 0.0, 1.0, 0.0, 1.0, 0.8, 0.67, 0.8, 1.0, 1.0, 1.0, 1.0, 0.0, 0.0, 1.0, 1.0, 1.0, 1.0, 1.0, 0.8, 1.0, 0.0, 0.67, 1.0, 1.0, 0.8, 0.67, 0.0, 1.0, 0.44, 0.8, 1.0, 0.0, 0.67, 1.0, 0.0, 0.67, 1.0, 0.44, 0.57, 0.67, 0.67, 0.67, 1.0, 0.67, 1.0, 1.0, 0.67, 0.67, 1.0, 0.5, 0.67, 1.0, 1.0, 0.8, 0.67, 1.0, 0.29, 1.0, 0.67, 1.0, 0.0, 1.0, 0.67, 0.57, 1.0, 0.67, 1.0, 0.8, 1.0, 1.0, 0.67, 0.8, 1.0, 1.0, 1.0, 0.8, 0.0, 0.8, 0.67, 1.0, 0.67, 0.8, 0.8, 1.0, 1.0, 1.0, 1.0, 1.0, 0.67, 1.0, 1.0, 0.67, 1.0, 0.0, 1.0, 1.0]
INFO : Sample: 	 30/ 150 ...
INFO : Sample: 	 60/ 150 ...
INFO : Sample: 	 90/ 150 ...
INFO : Sample: 	 120/ 150 ...
INFO : Sample: 	 150/ 150 ...
INFO : loss=4.88 ; accuracy=0.493
INFO : precision=[0.0, 0.0, 0.5, 0.0, 0.5, 0.0, 0.0, 0.0, 0.0, 0.5, 1.0, 0.0, 0.0, 0.25, 0.0, 1.0, 0.0, 1.0, 1.0, 1.0, 1.0, 0.0, 0.0, 0.0, 0.0, 0.0, 0.5, 0.0, 0.0, 0.0, 0.0, 1.0, 1.0, 0.0, 0.0, 0.0, 0.0, 1.0, 1.0, 0.0, 1.0, 1.0, 0.0, 1.0, 0.5, 0.0, 0.0, 0.0, 0.25, 1.0, 0.0, 1.0, 1.0, 0.25, 0.0, 1.0, 1.0, 0.0, 0.0, 0.0, 0.0, 0.0, 0.0, 0.0, 1.0, 0.25, 1.0, 1.0, 1.0, 0.0, 0.5, 0.0, 0.0, 1.0, 0.0, 1.0, 0.0, 0.33, 1.0, 0.0, 0.0, 1.0, 0.0]
Recall=[0.0, 0.0, 1.0, 0.0, 1.0, 0.0, 0.0, 0.0, 0.0, 1.0, 1.0, 0.0, 0.0, 1.0, 0.0, 1.0, 0.0, 1.0, 1.0, 1.0, 1.0, 0.0, 0.0, 0.0, 0.0, 0.0, 1.0, 0.0, 0.0, 0.0, 0.0, 1.0, 1.0, 0.0, 0.0, 0.0, 0.0, 1.0, 1.0, 0.0, 1.0, 1.0, 0.0, 1.0, 1.0, 0.0, 0.0, 0.0, 1.0, 1.0, 0.0, 1.0, 1.0, 1.0, 0.0, 1.0, 1.0, 0.0, 0.0, 0.0, 0.0, 0.0, 0.0, 0.0, 1.0, 1.0, 1.0, 1.0, 1.0, 0.0, 1.0, 0.0, 0.0, 1.0, 0.0, 1.0, 0.0, 1.0, 1.0, 0.0, 0.0, 1.0, 0.0]
INFO : F1_score=[0.0, 0.0, 0.67, 0.0, 0.67, 0.0, 0.0, 0.0, 0.0, 0.67, 1.0, 0.0, 0.0, 0.4, 0.0, 1.0, 0.0, 1.0, 1.0, 1.0, 1.0, 0.0, 0.0, 0.0, 0.0, 0.0, 0.67, 0.0, 0.0, 0.0, 0.0, 1.0, 1.0, 0.0, 0.0, 0.0, 0.0, 1.0, 1.0, 0.0, 1.0, 1.0, 0.0, 1.0, 0.67, 0.0, 0.0, 0.0, 0.4, 1.0, 0.0, 1.0, 1.0, 0.4, 0.0, 1.0, 1.0, 0.0, 0.0, 0.0, 0.0, 0.0, 0.0, 0.0, 1.0, 0.4, 1.0, 1.0, 1.0, 0.0, 0.67, 0.0, 0.0, 1.0, 0.0, 1.0, 0.0, 0.5, 1.0, 0.0, 0.0, 1.0, 0.0]
INFO : validation_loss=4.884 ; best_validation_loss=4.893
INFO :  ****** Current epoch: 20 ****** 
INFO : Training sample: 	 60/ 300 ...
INFO : Training sample: 	 120/ 300 ...
INFO : Training sample: 	 180/ 300 ...
INFO : Training sample: 	 240/ 300 ...
INFO : Training sample: 	 300/ 300 ...
INFO : loss=4.83 ; accuracy=0.827
INFO : precision=[1.0, 1.0, 1.0, 0.67, 1.0, 1.0, 0.4, 1.0, 1.0, 1.0, 1.0, 1.0, 1.0, 1.0, 1.0, 1.0, 1.0, 1.0, 1.0, 1.0, 1.0, 0.0, 1.0, 0.67, 0.67, 1.0, 1.0, 0.0, 1.0, 1.0, 0.5, 1.0, 1.0, 1.0, 1.0, 1.0, 1.0, 1.0, 1.0, 1.0, 1.0, 1.0, 1.0, 1.0, 0.67, 1.0, 1.0, 1.0, 1.0, 1.0, 1.0, 1.0, 1.0, 1.0, 0.0, 1.0, 0.0, 1.0, 0.67, 1.0, 0.67, 1.0, 1.0, 1.0, 1.0, 0.0, 0.0, 1.0, 1.0, 1.0, 1.0, 1.0, 0.67, 1.0, 0.0, 1.0, 1.0, 1.0, 0.67, 1.0, 0.0, 1.0, 0.29, 0.67, 1.0, 0.0, 1.0, 1.0, 0.0, 1.0, 1.0, 0.29, 0.4, 0.67, 1.0, 0.5, 1.0, 1.0, 1.0, 1.0, 1.0, 1.0, 1.0, 0.4, 1.0, 1.0, 1.0, 0.67, 1.0, 1.0, 0.18, 1.0, 1.0, 1.0, 0.0, 1.0, 1.0, 0.4, 1.0, 1.0, 1.0, 0.67, 1.0, 1.0, 1.0, 0.67, 1.0, 1.0, 1.0, 0.67, 0.0, 0.67, 1.0, 1.0, 1.0, 0.67, 0.67, 1.0, 1.0, 1.0, 1.0, 1.0, 1.0, 1.0, 1.0, 1.0, 1.0, 0.0, 1.0, 1.0]
Recall=[1.0, 1.0, 1.0, 1.0, 1.0, 1.0, 1.0, 1.0, 1.0, 1.0, 1.0, 1.0, 1.0, 0.5, 1.0, 0.5, 1.0, 1.0, 1.0, 1.0, 1.0, 0.0, 1.0, 1.0, 1.0, 0.5, 1.0, 0.0, 0.5, 1.0, 1.0, 0.5, 1.0, 1.0, 1.0, 1.0, 1.0, 1.0, 1.0, 1.0, 0.5, 0.5, 1.0, 1.0, 1.0, 1.0, 1.0, 1.0, 0.5, 1.0, 1.0, 0.5, 1.0, 0.5, 0.0, 1.0, 0.0, 1.0, 1.0, 0.5, 1.0, 1.0, 1.0, 1.0, 1.0, 0.0, 0.0, 1.0, 1.0, 1.0, 1.0, 1.0, 1.0, 1.0, 0.0, 0.5, 1.0, 1.0, 1.0, 0.5, 0.0, 1.0, 1.0, 1.0, 1.0, 0.0, 0.5, 1.0, 0.0, 0.5, 1.0, 1.0, 1.0, 1.0, 0.5, 1.0, 1.0, 0.5, 1.0, 1.0, 0.5, 1.0, 1.0, 1.0, 1.0, 1.0, 1.0, 1.0, 0.5, 1.0, 1.0, 1.0, 0.5, 1.0, 0.0, 1.0, 0.5, 1.0, 1.0, 0.5, 1.0, 1.0, 1.0, 1.0, 0.5, 1.0, 1.0, 1.0, 1.0, 1.0, 0.0, 1.0, 1.0, 1.0, 0.5, 1.0, 1.0, 1.0, 1.0, 1.0, 1.0, 1.0, 0.5, 1.0, 1.0, 0.5, 1.0, 0.0, 1.0, 1.0]
INFO : F1_score=[1.0, 1.0, 1.0, 0.8, 1.0, 1.0, 0.57, 1.0, 1.0, 1.0, 1.0, 1.0, 1.0, 0.67, 1.0, 0.67, 1.0, 1.0, 1.0, 1.0, 1.0, 0.0, 1.0, 0.8, 0.8, 0.67, 1.0, 0.0, 0.67, 1.0, 0.67, 0.67, 1.0, 1.0, 1.0, 1.0, 1.0, 1.0, 1.0, 1.0, 0.67, 0.67, 1.0, 1.0, 0.8, 1.0, 1.0, 1.0, 0.67, 1.0, 1.0, 0.67, 1.0, 0.67, 0.0, 1.0, 0.0, 1.0, 0.8, 0.67, 0.8, 1.0, 1.0, 1.0, 1.0, 0.0, 0.0, 1.0, 1.0, 1.0, 1.0, 1.0, 0.8, 1.0, 0.0, 0.67, 1.0, 1.0, 0.8, 0.67, 0.0, 1.0, 0.44, 0.8, 1.0, 0.0, 0.67, 1.0, 0.0, 0.67, 1.0, 0.44, 0.57, 0.8, 0.67, 0.67, 1.0, 0.67, 1.0, 1.0, 0.67, 1.0, 1.0, 0.57, 1.0, 1.0, 1.0, 0.8, 0.67, 1.0, 0.31, 1.0, 0.67, 1.0, 0.0, 1.0, 0.67, 0.57, 1.0, 0.67, 1.0, 0.8, 1.0, 1.0, 0.67, 0.8, 1.0, 1.0, 1.0, 0.8, 0.0, 0.8, 1.0, 1.0, 0.67, 0.8, 0.8, 1.0, 1.0, 1.0, 1.0, 1.0, 0.67, 1.0, 1.0, 0.67, 1.0, 0.0, 1.0, 1.0]
INFO : Sample: 	 30/ 150 ...
INFO : Sample: 	 60/ 150 ...
INFO : Sample: 	 90/ 150 ...
INFO : Sample: 	 120/ 150 ...
INFO : Sample: 	 150/ 150 ...
INFO : loss=4.88 ; accuracy=0.533
INFO : precision=[0.0, 0.0, 0.5, 1.0, 0.5, 0.0, 0.0, 0.0, 0.0, 1.0, 1.0, 0.0, 0.0, 0.25, 0.0, 1.0, 0.0, 1.0, 0.5, 1.0, 1.0, 1.0, 0.0, 0.0, 0.0, 0.0, 0.0, 0.5, 0.0, 1.0, 0.0, 0.0, 1.0, 1.0, 0.0, 0.0, 0.0, 0.0, 1.0, 1.0, 0.0, 1.0, 1.0, 0.0, 1.0, 0.5, 0.0, 0.0, 0.0, 0.25, 1.0, 0.0, 1.0, 1.0, 0.25, 0.0, 1.0, 1.0, 0.0, 0.0, 0.0, 0.0, 0.0, 0.0, 0.0, 1.0, 0.33, 1.0, 1.0, 1.0, 0.0, 0.5, 0.0, 0.0, 1.0, 0.0, 1.0, 0.0, 0.5, 1.0, 0.0, 0.0, 1.0, 0.0]
Recall=[0.0, 0.0, 1.0, 1.0, 1.0, 0.0, 0.0, 0.0, 0.0, 1.0, 1.0, 0.0, 0.0, 1.0, 0.0, 1.0, 0.0, 1.0, 1.0, 1.0, 1.0, 1.0, 0.0, 0.0, 0.0, 0.0, 0.0, 1.0, 0.0, 1.0, 0.0, 0.0, 1.0, 1.0, 0.0, 0.0, 0.0, 0.0, 1.0, 1.0, 0.0, 1.0, 1.0, 0.0, 1.0, 1.0, 0.0, 0.0, 0.0, 1.0, 1.0, 0.0, 1.0, 1.0, 1.0, 0.0, 1.0, 1.0, 0.0, 0.0, 0.0, 0.0, 0.0, 0.0, 0.0, 1.0, 1.0, 1.0, 1.0, 1.0, 0.0, 1.0, 0.0, 0.0, 1.0, 0.0, 1.0, 0.0, 1.0, 1.0, 0.0, 0.0, 1.0, 0.0]
INFO : F1_score=[0.0, 0.0, 0.67, 1.0, 0.67, 0.0, 0.0, 0.0, 0.0, 1.0, 1.0, 0.0, 0.0, 0.4, 0.0, 1.0, 0.0, 1.0, 0.67, 1.0, 1.0, 1.0, 0.0, 0.0, 0.0, 0.0, 0.0, 0.67, 0.0, 1.0, 0.0, 0.0, 1.0, 1.0, 0.0, 0.0, 0.0, 0.0, 1.0, 1.0, 0.0, 1.0, 1.0, 0.0, 1.0, 0.67, 0.0, 0.0, 0.0, 0.4, 1.0, 0.0, 1.0, 1.0, 0.4, 0.0, 1.0, 1.0, 0.0, 0.0, 0.0, 0.0, 0.0, 0.0, 0.0, 1.0, 0.5, 1.0, 1.0, 1.0, 0.0, 0.67, 0.0, 0.0, 1.0, 0.0, 1.0, 0.0, 0.67, 1.0, 0.0, 0.0, 1.0, 0.0]
INFO : validation_loss=4.875 ; best_validation_loss=4.884
